----------------------------
Doing the following analysis: 
FuelScen_carbontaxbase_demand_scaled_0%_risk_rate_8.0
----------------------------
Reading data...
Reading and constructing data
Function construct_sets Took 0.0045 seconds
Function construct_network Took 0.0095 seconds
Transport demand in the base year 2018 (in MTonnes):
             product  tot_weight
0           Dry bulk       94.86
1   Container (fast)        4.07
2   Container (slow)        9.23
3  Break bulk (fast)       11.61
4  Break bulk (slow)       15.37
5           Neo bulk       19.28
Function construct_ODD Took 1.2878 seconds
Function construct_vehicles Took 0.9730 seconds
Function construct_emission_transfer Took 0.6040 seconds
Function construct_costs Took 7.8785 seconds
Function construct_time_value Took 0.0030 seconds
Function construct_investments Took 0.0312 seconds
Function construct_charging_edges Took 0.5691 seconds
Function construct_tech_readiness Took 0.0186 seconds
Function construct_path_generation Took 0.4757 seconds
Function construct_param2 Took 0.1836 seconds
Function combined_sets Took 1.2522 seconds
Function combined_sets Took 0.6419 seconds
Done reading data.
Time used reading the base data: 50.83789801597595
Solving the first time period for initialization purposes...
Function combined_sets Took 0.3181 seconds
Set parameter Username
Academic license - for non-commercial use only - expires 2025-03-01
Read LP format model from file C:\Users\Sander\Documents\Code\Github\Sander\STraM_ntnu_development\temp\pyomo\tmpmt4yy9ks.pyomo.lp
Reading time = 7.47 seconds
x1: 2206927 rows, 540793 columns, 7780366 nonzeros
Set parameter FeasibilityTol to value 0.0001
Set parameter MIPGap to value 0.002
Gurobi Optimizer version 11.0.0 build v11.0.0rc2 (win64 - Windows 11+.0 (22631.2))

CPU model: Intel(R) Core(TM) i7-10510U CPU @ 1.80GHz, instruction set [SSE2|AVX|AVX2]
Thread count: 4 physical cores, 8 logical processors, using up to 8 threads

Optimize a model with 2206927 rows, 540793 columns and 7780366 nonzeros
Model fingerprint: 0xc5701bb4
Coefficient statistics:
  Matrix range     [6e-06, 1e+03]
  Objective range  [8e-02, 3e-01]
  Bounds range     [0e+00, 0e+00]
  RHS range        [1e-03, 9e+01]
Presolve removed 548246 rows and 470000 columns (presolve time = 5s) ...
Presolve removed 2204267 rows and 518514 columns
Presolve time: 8.66s
Presolved: 2660 rows, 23242 columns, 201160 nonzeros

Concurrent LP optimizer: dual simplex and barrier
Showing barrier log only...

Ordering time: 0.03s

Barrier statistics:
 AA' NZ     : 8.445e+04
 Factor NZ  : 1.919e+05 (roughly 12 MB of memory)
 Factor Ops : 2.716e+07 (less than 1 second per iteration)
 Threads    : 3

                  Objective                Residual
Iter       Primal          Dual         Primal    Dual     Compl     Time
   0   4.26655616e+00 -5.65025000e-01  2.86e+05 0.00e+00  1.23e+00     9s
   1   1.61943000e+00 -6.13164134e-01  6.92e+04 2.27e-02  3.11e-01     9s
   2   8.18323846e-01  6.09366626e-01  1.41e+04 1.53e-02  6.79e-02     9s
   3   1.02479073e+00  6.99445398e+00  5.21e+03 3.57e-03  2.49e-02     9s
   4   5.20892943e+00  2.25468285e+01  2.91e+03 1.32e-03  1.38e-02     9s
   5   7.70821342e+00  3.54695661e+01  2.43e+03 1.13e-03  1.15e-02     9s
   6   1.62232558e+01  4.25754512e+01  1.90e+03 1.00e-03  9.04e-03     9s
   7   1.94520314e+01  5.49661973e+01  1.55e+03 7.23e-04  7.49e-03     9s
   8   2.39026455e+01  7.46299997e+01  1.17e+03 5.48e-04  5.64e-03     9s
   9   2.91761100e+01  8.10273957e+01  9.63e+02 5.08e-04  4.57e-03     9s
  10   3.49511595e+01  8.54491879e+01  8.13e+02 4.46e-04  3.78e-03     9s
  11   3.84687044e+01  9.39589225e+01  7.33e+02 4.02e-04  3.39e-03     9s
  12   3.95751967e+01  9.48088410e+01  7.12e+02 3.99e-04  3.28e-03     9s
  13   4.12636390e+01  1.00083758e+02  6.82e+02 3.85e-04  3.14e-03     9s
  14   4.34651197e+01  1.06608506e+02  6.49e+02 3.66e-04  2.97e-03     9s
  15   4.68655160e+01  1.09857725e+02  6.03e+02 3.49e-04  2.75e-03     9s
  16   5.11703714e+01  1.17028493e+02  5.55e+02 3.25e-04  2.60e-03     9s
  17   5.47022350e+01  1.23666971e+02  5.11e+02 3.11e-04  2.37e-03     9s
  18   5.91927397e+01  1.26252839e+02  4.67e+02 3.06e-04  2.13e-03     9s
  19   6.13466665e+01  1.38958891e+02  4.49e+02 2.77e-04  2.06e-03     9s
  20   6.71315058e+01  1.45413717e+02  4.04e+02 2.63e-04  1.82e-03     9s
  21   7.23587304e+01  1.55597065e+02  3.71e+02 2.38e-04  1.65e-03     9s
  22   7.54848844e+01  1.64590796e+02  3.53e+02 2.22e-04  1.57e-03     9s
  23   7.69534140e+01  1.66963088e+02  3.44e+02 2.18e-04  1.53e-03     9s
  24   8.09419041e+01  1.70110950e+02  3.25e+02 2.12e-04  1.44e-03     9s
  25   8.54657015e+01  1.77661469e+02  3.02e+02 1.97e-04  1.32e-03     9s
  26   9.12079318e+01  1.82011769e+02  2.76e+02 1.90e-04  1.17e-03     9s
  27   9.51642896e+01  1.87517076e+02  2.62e+02 1.81e-04  1.12e-03     9s
  28   9.70975260e+01  1.92739779e+02  2.56e+02 1.74e-04  1.12e-03     9s
  29   1.02970434e+02  2.02180637e+02  2.34e+02 1.60e-04  9.99e-04     9s
  30   1.04111583e+02  2.04748261e+02  2.30e+02 1.58e-04  9.58e-04     9s
  31   1.07559778e+02  2.11795785e+02  2.20e+02 1.53e-04  9.06e-04     9s
  32   1.13218662e+02  2.23291633e+02  2.03e+02 1.44e-04  8.09e-04     9s
  33   1.16374210e+02  2.28511709e+02  1.95e+02 1.41e-04  7.67e-04     9s
  34   1.19537104e+02  2.36558590e+02  1.88e+02 1.35e-04  7.45e-04     9s
  35   1.23458244e+02  2.44950392e+02  1.80e+02 1.29e-04  7.10e-04     9s
  36   1.26916281e+02  2.53234412e+02  1.73e+02 1.24e-04  6.78e-04     9s
  37   1.29801591e+02  2.61479905e+02  1.68e+02 1.21e-04  6.57e-04     9s
  38   1.32681730e+02  2.67420240e+02  1.63e+02 1.19e-04  6.26e-04     9s
  39   1.36590521e+02  2.77895628e+02  1.57e+02 1.16e-04  5.97e-04     9s
  40   1.38758157e+02  2.89432310e+02  1.54e+02 1.13e-04  5.90e-04    10s
  41   1.40783293e+02  2.92085845e+02  1.52e+02 1.12e-04  5.92e-04    10s
  42   1.43656822e+02  2.95730086e+02  1.49e+02 1.10e-04  5.77e-04    10s
  43   1.47128829e+02  2.99543267e+02  1.45e+02 1.08e-04  5.67e-04    10s
  44   1.50120156e+02  3.06077962e+02  1.42e+02 1.04e-04  5.60e-04    10s
  45   1.53882748e+02  3.10322980e+02  1.39e+02 1.02e-04  5.43e-04    10s
  46   1.56591263e+02  3.17027699e+02  1.36e+02 9.69e-05  5.42e-04    10s
  47   1.58523871e+02  3.21365188e+02  1.34e+02 9.53e-05  5.41e-04    10s
  48   1.60792237e+02  3.24651812e+02  1.32e+02 9.37e-05  5.36e-04    10s
  49   1.24997379e+02 -5.65025000e+03  8.36e+06 0.00e+00  3.60e+05    10s
  50   4.07618440e+02 -2.12938959e+04  1.31e+06 1.44e+02  3.92e+04    10s
  51   4.51801052e+03 -4.53570286e+04  3.45e+05 6.88e+01  7.73e+03    10s
  52   5.75760945e+03 -5.57105421e+04  1.33e+05 4.90e+01  3.12e+03    10s
  53   6.10986155e+03 -7.68751420e+04  3.77e+04 2.14e+01  9.45e+02    10s
  54   5.97698796e+03 -6.74784144e+04  1.29e+04 1.24e+01  3.60e+02    10s
  55   9.07689760e+03 -9.87253906e+04  8.24e+03 7.81e+00  2.24e+02    10s
  56   1.00794194e+04 -9.54125566e+04  2.57e+03 3.41e+00  7.83e+01    10s
  57   9.67768854e+03 -7.52459973e+04  9.15e+02 1.64e+00  3.22e+01    10s
  58   9.15638300e+03 -6.33675138e+04  3.20e+02 1.07e+00  1.63e+01    10s
  59   8.81979195e+03 -4.34697146e+04  1.52e+02 5.64e-01  8.39e+00    10s
  60   8.44246155e+03 -3.51568618e+04  7.80e+01 4.05e-01  5.54e+00    10s
  61   8.01896226e+03 -1.79407800e+04  3.76e+01 1.53e-01  2.34e+00    10s
  62   7.39376055e+03 -1.25092384e+04  1.69e+01 8.89e-02  1.34e+00    10s
  63   6.20140424e+03 -5.78098423e+03  6.75e+00 3.86e-02  6.10e-01    10s
  64   5.00101022e+03 -4.20449471e+03  3.47e+00 2.81e-02  4.08e-01    10s
  65   4.15704404e+03 -3.66633263e+03  1.78e+00 2.40e-02  3.18e-01    10s
  66   3.30994951e+03 -2.27874338e+03  9.23e-01 1.58e-02  2.03e-01    10s
  67   3.14161183e+03 -1.02900432e+03  8.26e-01 7.59e-03  1.34e-01    10s
  68   1.96396590e+03 -5.59520078e+02  2.94e-01 4.71e-03  7.37e-02    10s
  69   1.50581753e+03 -2.04651665e+02  1.89e-01 2.63e-03  4.68e-02    10s
  70   1.27424369e+03  1.26740106e+01  1.34e-01 1.65e-03  3.33e-02    10s
  71   1.15993992e+03  7.35561741e+01  1.11e-01 1.36e-03  2.83e-02    10s
  72   8.40333087e+02  1.78575582e+02  5.05e-02 9.43e-04  1.70e-02    10s

Barrier performed 72 iterations in 10.02 seconds (5.58 work units)
Barrier solve interrupted - model solved by another algorithm


Solved with dual simplex
Extra simplex iterations after uncrush: 3
Iteration    Objective       Primal Inf.    Dual Inf.      Time
    6561    4.9840387e+02   0.000000e+00   0.000000e+00     14s

Solved in 6561 iterations and 13.62 seconds (10.41 work units)
Optimal objective  4.984038733e+02
the solution is feasible and optimal
Solution time: 26.28900146484375
Function combined_sets Took 0.7271 seconds
-----
Constructing full SP model...
Done constructing model.
Time used constructing the model: 263.5595440864563
----------
Solving model...
Set parameter Username
Academic license - for non-commercial use only - expires 2025-03-01
Read LP format model from file C:\Users\Sander\Documents\Code\Github\Sander\STraM_ntnu_development\temp\pyomo\tmpcdi9oy4v.pyomo.lp
Reading time = 26.55 seconds
x1: 4554352 rows, 1834336 columns, 25949476 nonzeros
Set parameter FeasibilityTol to value 0.01
Set parameter MIPGap to value 0.002
Gurobi Optimizer version 11.0.0 build v11.0.0rc2 (win64 - Windows 11+.0 (22631.2))

CPU model: Intel(R) Core(TM) i7-10510U CPU @ 1.80GHz, instruction set [SSE2|AVX|AVX2]
Thread count: 4 physical cores, 8 logical processors, using up to 8 threads

Optimize a model with 4554352 rows, 1834336 columns and 25949476 nonzeros
Model fingerprint: 0xde04be8b
Variable types: 1834030 continuous, 306 integer (306 binary)
Coefficient statistics:
  Matrix range     [6e-06, 1e+03]
  Objective range  [8e-02, 3e-01]
  Bounds range     [1e+00, 6e+04]
  RHS range        [1e-03, 9e+01]
Presolve removed 19530 rows and 72 columns (presolve time = 6s) ...
Presolve removed 4275901 rows and 1030994 columns (presolve time = 10s) ...
Presolve removed 4353661 rows and 1037449 columns (presolve time = 15s) ...
Presolve removed 4353661 rows and 1037449 columns
Presolve time: 15.10s
Presolved: 200691 rows, 796887 columns, 16339455 nonzeros
Variable types: 796853 continuous, 34 integer (34 binary)
Deterministic concurrent LP optimizer: primal simplex, dual simplex, and barrier
Showing barrier log only...

Root barrier log...

Ordering time: 3.15s

Barrier statistics:
 AA' NZ     : 4.448e+06
 Factor NZ  : 1.154e+07 (roughly 400 MB of memory)
 Factor Ops : 2.840e+09 (roughly 1 second per iteration)
 Threads    : 1

                  Objective                Residual
Iter       Primal          Dual         Primal    Dual     Compl     Time
   0   6.36087471e+12 -9.58356430e+12  6.45e+10 7.08e+01  1.50e+09    99s
   1   3.37825534e+12 -8.10758320e+12  3.40e+10 1.43e+02  7.99e+08   101s
   2   1.48297003e+12 -7.69417257e+12  1.41e+10 1.33e+02  3.52e+08   103s
   3   3.89268140e+11 -2.47113583e+12  2.98e+09 8.63e+00  7.77e+07   105s
   4   9.77924440e+10 -4.46844489e+11  1.98e+08 4.76e-01  5.45e+06   107s
   5   3.29913128e+10 -1.03922479e+11  3.94e+07 4.66e-02  1.18e+06   110s
   6   1.75896178e+10 -3.66299542e+10  1.81e+07 4.66e-03  5.52e+05   112s
   7   1.10501309e+10 -2.54178377e+10  1.07e+07 2.44e-03  3.30e+05   114s
   8   9.82379264e+09 -2.14066525e+10  9.47e+06 2.03e-03  2.92e+05   116s
   9   9.31533225e+09 -2.03473950e+10  8.94e+06 1.87e-03  2.76e+05   118s
  10   8.27384244e+09 -1.96337793e+10  7.86e+06 1.74e-03  2.44e+05   119s
  11   6.02121981e+09 -1.53228217e+10  5.57e+06 1.01e-03  1.75e+05   121s
  12   4.65626296e+09 -8.59930839e+09  4.26e+06 1.45e-04  1.33e+05   123s
  13   2.24404093e+09 -6.97090418e+09  1.96e+06 9.90e-05  6.37e+04   126s
  14   1.72030987e+09 -4.05008217e+09  1.46e+06 2.28e-05  4.71e+04   128s
  15   5.10655680e+08 -1.43029640e+09  4.09e+05 1.96e-09  1.35e+04   130s
  16   4.31506021e+08 -1.24470664e+09  3.43e+05 2.02e-09  1.13e+04   132s
  17   2.17007893e+08 -1.02985933e+09  1.64e+05 1.74e-09  5.64e+03   133s
  18   1.46424149e+08 -8.92928799e+08  1.09e+05 1.32e-09  3.86e+03   136s
  19   4.51949141e+07 -4.61178022e+08  3.15e+04 8.64e-12  1.22e+03   138s
  20   1.55550477e+07 -1.97512245e+08  9.48e+03 1.09e-11  3.87e+02   141s
  21   4.89874532e+06 -6.04940376e+07  2.80e+03 5.78e-10  1.06e+02   143s
  22   2.00192081e+06 -2.64265305e+07  1.07e+03 7.28e-12  4.09e+01   145s
  23   1.24000584e+06 -2.22352963e+07  6.47e+02 4.55e-12  2.86e+01   146s
  24   8.96478367e+05 -1.47340483e+07  4.61e+02 3.91e-11  1.93e+01   148s
  25   4.37334769e+05 -1.00293346e+07  2.18e+02 3.73e-11  1.11e+01   151s
  26   2.14203688e+05 -6.99925693e+06  1.01e+02 2.18e-11  6.71e+00   153s
  27   1.33673429e+05 -5.08840236e+06  6.04e+01 1.59e-11  4.59e+00   156s
  28   1.10171275e+05 -4.31645783e+06  4.93e+01 1.41e-11  3.83e+00   158s
  29   1.01067441e+05 -3.80736355e+06  4.48e+01 1.23e-11  3.39e+00   160s
  30   8.59911328e+04 -3.10980979e+06  3.74e+01 1.00e-11  2.77e+00   161s
  31   7.87614396e+04 -2.88968497e+06  3.40e+01 1.00e-11  2.55e+00   162s
  32   7.60576334e+04 -2.81174516e+06  3.28e+01 9.55e-12  2.47e+00   164s

Barrier performed 32 iterations in 163.99 seconds (75.39 work units)
Barrier solve interrupted - model solved by another algorithm

Concurrent spin time: 4.63s

Solved with dual simplex

Root simplex log...

Iteration    Objective       Primal Inf.    Dual Inf.      Time
   88655    1.4455614e+03   1.499201e+00   2.382633e+12    165s
Warning: Markowitz tolerance tightened to 0.125
  102931    1.4446308e+03   0.000000e+00   4.594307e-01    170s
  104981    1.4455306e+03   0.000000e+00   0.000000e+00    173s
Extra simplex iterations after uncrush: 16326

Root relaxation: objective 1.445531e+03, 104981 iterations, 93.64 seconds (38.31 work units)

    Nodes    |    Current Node    |     Objective Bounds      |     Work
 Expl Unexpl |  Obj  Depth IntInf | Incumbent    BestBd   Gap | It/Node Time

     0     0 1445.53057    0    4          - 1445.53057      -     -  173s
H    0     0                    1445.5552349 1445.53057  0.00%     -  177s

Explored 1 nodes (104981 simplex iterations) in 179.12 seconds (84.15 work units)
Thread count was 8 (of 8 available processors)

Solution count 2: 1445.56 1445.56 

Optimal solution found (tolerance 2.00e-03)
Warning: max constraint violation (7.9740e-02) exceeds tolerance
Warning: max bound violation (7.9009e-02) exceeds tolerance
Best objective 1.445555234947e+03, best bound 1.445555234947e+03, gap 0.0000%
the solution is feasible and optimal
Solution time: 221.20581555366516
Done solving model.
Time used solving the model: 391.23687267303467
----------Dumping data in pickle file...done.
Dumping results in pickle file.....done.
objective function value:  1445.5552349466159
objective function value normalized (Billion EURO):  144.56
                         2023                                            \
                           OO     OB     OP     BO     BB     BP     PO   
LCOT                    4.269  4.269  4.269  4.269  4.269  4.269  4.269   
LCOT (Empty Trips)      1.219  1.219  1.219  1.219  1.219  1.219  1.219   
Emission                0.394  0.394  0.394  0.394  0.394  0.394  0.394   
Emission (Empty Trips)  0.176  0.176  0.176  0.176  0.176  0.176  0.176   
CO2_Penalty             0.000  0.000  0.000  0.000  0.000  0.000  0.000   
Time value              1.346  1.346  1.346  1.346  1.346  1.346  1.346   
Transfer                2.084  2.084  2.084  2.084  2.084  2.084  2.084   
RailTrack               0.070  0.070  0.070  0.070  0.070  0.070  0.070   
Terminal                0.004  0.004  0.004  0.004  0.004  0.004  0.004   
RailElectr.             0.000  0.000  0.000  0.000  0.000  0.000  0.000   
Charging                0.000  0.000  0.000  0.000  0.000  0.000  0.000   
H2_Filling              0.000  0.000  0.000  0.000  0.000  0.000  0.000   

                                       2028                              \
                           PB     PP     OO     OB     OP     BO     BB   
LCOT                    4.269  4.269  4.763  4.763  4.763  4.763  4.763   
LCOT (Empty Trips)      1.219  1.219  1.064  1.064  1.064  1.064  1.064   
Emission                0.394  0.394  0.903  0.903  0.903  0.903  0.903   
Emission (Empty Trips)  0.176  0.176  0.248  0.248  0.248  0.248  0.248   
CO2_Penalty             0.000  0.000  0.000  0.000  0.000  0.000  0.000   
Time value              1.346  1.346  1.635  1.635  1.635  1.635  1.635   
Transfer                2.084  2.084  2.649  2.649  2.649  2.649  2.649   
RailTrack               0.070  0.070  0.000  0.000  0.000  0.000  0.000   
Terminal                0.004  0.004  0.022  0.022  0.022  0.022  0.022   
RailElectr.             0.000  0.000  0.000  0.000  0.000  0.000  0.000   
Charging                0.000  0.000  0.005  0.005  0.005  0.005  0.005   
H2_Filling              0.000  0.000  0.000  0.000  0.000  0.000  0.000   

                                                     2034                \
                           BP     PO     PB     PP     OO     OB     OP   
LCOT                    4.763  4.763  4.763  4.763  5.020  4.878  4.886   
LCOT (Empty Trips)      1.064  1.064  1.064  1.064  1.064  1.042  1.043   
Emission                0.903  0.903  0.903  0.903  0.938  1.096  1.096   
Emission (Empty Trips)  0.248  0.248  0.248  0.248  0.271  0.297  0.297   
CO2_Penalty             0.000  0.000  0.000  0.000  0.000  0.000  0.000   
Time value              1.635  1.635  1.635  1.635  1.928  1.929  1.930   
Transfer                2.649  2.649  2.649  2.649  3.095  3.092  3.094   
RailTrack               0.000  0.000  0.000  0.000  0.000  0.000  0.000   
Terminal                0.022  0.022  0.022  0.022  0.000 -0.000  0.000   
RailElectr.             0.000  0.000  0.000  0.000  0.000  0.000  0.000   
Charging                0.005  0.005  0.005  0.005  0.022  0.006  0.006   
H2_Filling              0.000  0.000  0.000  0.000  0.000  0.000  0.000   

                                                                   2040  \
                           BO     BB     BP     PO     PB     PP     OO   
LCOT                    5.622  5.649  5.491  5.738  5.802  5.648  5.276   
LCOT (Empty Trips)      1.291  1.204  1.214  1.328  1.342  1.255  1.115   
Emission                0.672  0.701  0.867  0.670  0.672  0.865  0.736   
Emission (Empty Trips)  0.133  0.233  0.233  0.115  0.133  0.233  0.222   
CO2_Penalty             0.000  0.000  0.000  0.000  0.000  0.000  0.000   
Time value              1.930  1.928  1.928  1.929  1.928  1.929  2.030   
Transfer                3.091  3.095  3.095  3.096  3.096  3.097  2.971   
RailTrack               0.000  0.000  0.000  0.000  0.000  0.000  0.000   
Terminal                0.000  0.000  0.004  0.000  0.000  0.004  0.002   
RailElectr.             0.000  0.000  0.000  0.000  0.000  0.000  0.000   
Charging                0.031  0.031  0.031  0.031  0.031  0.031  0.037   
H2_Filling              0.000  0.000  0.000  0.000  0.000  0.000  0.000   

                                                                         \
                           OB     OP     BO     BB     BP     PO     PB   
LCOT                    5.220  5.257  5.932  6.030  5.737  6.023  6.153   
LCOT (Empty Trips)      1.119  1.126  1.391  1.238  1.237  1.394  1.452   
Emission                0.820  0.821  0.355  0.389  0.734  0.355  0.355   
Emission (Empty Trips)  0.222  0.222  0.004  0.217  0.223  0.004  0.004   
CO2_Penalty             0.000  0.000  0.000  0.000  0.000  0.000  0.000   
Time value              2.030  2.032  2.029  2.028  2.029  2.032  2.029   
Transfer                2.976  2.972  2.976  2.973  2.970  2.968  2.974   
RailTrack               0.000  0.000  0.000  0.000  0.000  0.000  0.000   
Terminal                0.002  0.002  0.002  0.002  0.002  0.002  0.002   
RailElectr.             0.000  0.000  0.000  0.000  0.000  0.000  0.000   
Charging                0.037  0.037  0.037  0.037  0.037  0.037  0.037   
H2_Filling              0.000  0.000  0.000  0.000  0.000  0.000  0.000   

                                2050                                     \
                           PP     OO     OB     OP     BO     BB     BP   
LCOT                    6.091  6.214  6.118  6.139  6.586  6.814  6.754   
LCOT (Empty Trips)      1.294  1.413  1.262  1.254  1.437  1.482  1.512   
Emission                0.562  0.434  0.745  0.776  0.054  0.084  0.433   
Emission (Empty Trips)  0.222  0.029  0.219  0.234  0.000  0.000  0.031   
CO2_Penalty             0.000  0.000  0.000  0.000  0.000  0.000  0.000   
Time value              2.030  2.389  2.382  2.383  2.386  2.381  2.382   
Transfer                2.976  3.210  3.154  3.153  3.155  3.153  3.155   
RailTrack               0.000  0.000  0.000  0.000  0.000  0.000  0.000   
Terminal                0.001  0.000  0.000  0.000  0.000  0.000  0.000   
RailElectr.             0.000  0.000  0.000  0.000  0.000  0.000  0.000   
Charging                0.037  0.018  0.018  0.018  0.018  0.018  0.018   
H2_Filling              0.000  0.000  0.000  0.000  0.000  0.000  0.000   

                                              2023        2028                \
                           PO     PB     PP   mean  std   mean           std   
LCOT                    6.602  6.848  6.973  4.269  0.0  4.763  0.000000e+00   
LCOT (Empty Trips)      1.438  1.480  1.540  1.219  0.0  1.064  0.000000e+00   
Emission                0.054  0.054  0.257  0.394  0.0  0.903  0.000000e+00   
Emission (Empty Trips)  0.000  0.000  0.000  0.176  0.0  0.248  2.943923e-17   
CO2_Penalty             0.000  0.000  0.000  0.000  0.0  0.000  0.000000e+00   
Time value              2.386  2.382  2.378  1.346  0.0  1.635  0.000000e+00   
Transfer                3.156  3.154  3.139  2.084  0.0  2.649  0.000000e+00   
RailTrack               0.000  0.000  0.000  0.070  0.0  0.000  0.000000e+00   
Terminal                0.000  0.000  0.000  0.004  0.0  0.022  0.000000e+00   
RailElectr.             0.000  0.000  0.000  0.000  0.0  0.000  0.000000e+00   
Charging                0.018  0.018  0.018  0.000  0.0  0.005  0.000000e+00   
H2_Filling              0.000  0.000  0.000  0.000  0.0  0.000  0.000000e+00   

                            2034                2040                2050  \
                            mean       std      mean       std      mean   
LCOT                    5.414889  0.376829  5.746556  0.389460  6.560889   
LCOT (Empty Trips)      1.198111  0.120490  1.262889  0.128907  1.424222   
Emission                0.841889  0.175594  0.569667  0.209598  0.321222   
Emission (Empty Trips)  0.216111  0.071583  0.148889  0.108680  0.057000   
CO2_Penalty             0.000000  0.000000  0.000000  0.000000  0.000000   
Time value              1.928778  0.000833  2.029889  0.001364  2.383222   
Transfer                3.094556  0.001944  2.972889  0.002892  3.158778   
RailTrack               0.000000  0.000000  0.000000  0.000000  0.000000   
Terminal                0.000889  0.001764  0.001889  0.000333  0.000000   
RailElectr.             0.000000  0.000000  0.000000  0.000000  0.000000   
Charging                0.024444  0.010864  0.037000  0.000000  0.018000   
H2_Filling              0.000000  0.000000  0.000000  0.000000  0.000000   

                                  
                             std  
LCOT                    0.326040  
LCOT (Empty Trips)      0.102060  
Emission                0.292883  
Emission (Empty Trips)  0.097004  
CO2_Penalty             0.000000  
Time value              0.003270  
Transfer                0.019886  
RailTrack               0.000000  
Terminal                0.000000  
RailElectr.             0.000000  
Charging                0.000000  
H2_Filling              0.000000  
                       2023     2028      2034      2040      2050     
                       mean std mean  std mean  std mean  std mean  std
LCOT                    4.3   0  4.8    0  5.4 0.38  5.8 0.39  6.6 0.33
LCOT (Empty Trips)      1.2   0  1.1    0  1.2 0.12  1.3 0.13  1.4  0.1
Emission               0.39   0  0.9    0 0.84 0.18 0.57 0.21 0.32 0.29
Emission (Empty Trips) 0.18   0 0.25    0 0.22 0.07 0.15 0.11 0.06  0.1
CO2_Penalty               0   0    0    0    0    0    0    0    0    0
Time value              1.4   0  1.6    0  1.9    0    2    0  2.4    0
Transfer                2.1   0  2.6    0  3.1    0    3    0  3.2 0.02
RailTrack              0.07   0    0    0    0    0    0    0    0    0
Terminal                  0   0 0.02    0    0    0    0    0    0    0
RailElectr.               0   0    0    0    0    0    0    0    0    0
Charging                  0   0    0    0 0.02 0.01 0.04    0 0.02    0
H2_Filling                0   0    0    0    0    0    0    0    0    0
discount_factor           1   1 0.68 0.68 0.43 0.43 0.27 0.27 0.12 0.12
emissions (MTonnes CO2 eq.):
             AvgEmission  Std  AvgEmission_perc  Std_perc
time_period                                              
2023                 7.2    0             1e+02         0
2028                 6.6    0                91         0
2034                   5  1.2                69        17
2040                 3.4  1.5                47        21
2050                 1.7  1.8                24        26
----------------
Average transport work in GTONNES*km:
    mode            product time_period  TransportArbeid
0   Rail           Dry bulk        2023              9.6
1   Rail           Neo bulk        2023          -0.0002
2   Road  Break bulk (fast)        2023              5.5
3   Road  Break bulk (slow)        2023              5.6
4   Road   Container (fast)        2023                2
5   Road   Container (slow)        2023              2.7
6   Road           Dry bulk        2023             0.56
7   Road           Neo bulk        2023               12
8    Sea  Break bulk (fast)        2023            0.091
9    Sea  Break bulk (slow)        2023              1.2
10   Sea   Container (fast)        2023              0.1
11   Sea   Container (slow)        2023              1.1
12   Sea           Dry bulk        2023               97
13   Sea           Neo bulk        2023             0.26

