----------------------------
Doing the following analysis: 
FuelScen_carbontaxbase_demand_scaled_0%_risk_rate_2.0
----------------------------
Reading data...
Reading and constructing data
Function construct_sets Took 0.0015 seconds
Function construct_network Took 0.0048 seconds
Transport demand in the base year 2018 (in MTonnes):
             product  tot_weight
0           Dry bulk       94.86
1   Container (fast)        4.07
2   Container (slow)        9.23
3  Break bulk (fast)       11.61
4  Break bulk (slow)       15.37
5           Neo bulk       19.28
Function construct_ODD Took 0.5293 seconds
Function construct_vehicles Took 0.8815 seconds
Function construct_emission_transfer Took 0.2899 seconds
Function construct_costs Took 3.2346 seconds
Function construct_time_value Took 0.0014 seconds
Function construct_investments Took 0.0111 seconds
Function construct_charging_edges Took 0.2943 seconds
Function construct_tech_readiness Took 0.0062 seconds
Function construct_path_generation Took 0.2328 seconds
Function construct_param2 Took 0.0940 seconds
Function combined_sets Took 0.5738 seconds
Function combined_sets Took 0.6508 seconds
Done reading data.
Time used reading the base data: 24.561031579971313
Solving the first time period for initialization purposes...
Function combined_sets Took 0.2468 seconds
Set parameter Username
Academic license - for non-commercial use only - expires 2025-03-01
Read LP format model from file C:\Users\Sander\Documents\Code\Github\Sander\STraM_ntnu_development\temp\pyomo\tmpnxswea_9.pyomo.lp
Reading time = 6.89 seconds
x1: 2206927 rows, 540793 columns, 7780366 nonzeros
Set parameter FeasibilityTol to value 0.0001
Set parameter MIPGap to value 0.002
Gurobi Optimizer version 11.0.0 build v11.0.0rc2 (win64 - Windows 11+.0 (22631.2))

CPU model: Intel(R) Core(TM) i7-10510U CPU @ 1.80GHz, instruction set [SSE2|AVX|AVX2]
Thread count: 4 physical cores, 8 logical processors, using up to 8 threads

Optimize a model with 2206927 rows, 540793 columns and 7780366 nonzeros
Model fingerprint: 0x1159505f
Coefficient statistics:
  Matrix range     [6e-06, 1e+03]
  Objective range  [8e-02, 3e-01]
  Bounds range     [0e+00, 0e+00]
  RHS range        [1e-03, 9e+01]
Presolve removed 561815 rows and 483568 columns (presolve time = 5s) ...
Presolve removed 2204267 rows and 518514 columns
Presolve time: 6.01s
Presolved: 2660 rows, 23242 columns, 201160 nonzeros

Concurrent LP optimizer: dual simplex and barrier
Showing barrier log only...

Ordering time: 0.03s

Barrier statistics:
 AA' NZ     : 8.445e+04
 Factor NZ  : 1.892e+05 (roughly 12 MB of memory)
 Factor Ops : 2.641e+07 (less than 1 second per iteration)
 Threads    : 3

                  Objective                Residual
Iter       Primal          Dual         Primal    Dual     Compl     Time
   0   4.26683147e+00 -5.65025000e-01  2.86e+05 0.00e+00  1.23e+00     6s
   1   1.54838781e+00 -6.13281919e-01  6.92e+04 2.27e-02  3.11e-01     6s
   2   7.21500250e-01  6.11246575e-01  1.42e+04 1.52e-02  6.80e-02     6s
   3   7.68779382e-01  7.19745980e+00  5.24e+03 3.39e-03  2.50e-02     6s
   4   3.05064948e+00  2.90869358e+01  2.87e+03 1.29e-03  1.38e-02     6s
   5   9.78525543e+00  3.65878804e+01  2.31e+03 1.03e-03  1.10e-02     6s
   6   1.35365452e+01  4.88575859e+01  1.88e+03 9.16e-04  8.84e-03     6s
   7   1.50980340e+01  5.41390987e+01  1.78e+03 6.71e-04  8.52e-03     6s
   8   2.21734338e+01  6.09448447e+01  1.39e+03 5.27e-04  6.80e-03     6s
   9   2.53079606e+01  7.75481576e+01  1.18e+03 4.26e-04  5.69e-03     6s
  10   2.89871904e+01  8.69699298e+01  1.02e+03 3.91e-04  4.89e-03     6s
  11   3.26652908e+01  8.56474518e+01  9.35e+02 3.83e-04  4.45e-03     6s
  12   3.99915940e+01  1.02216768e+02  7.69e+02 3.03e-04  3.58e-03     6s
  13   4.37775538e+01  1.07732190e+02  7.02e+02 2.90e-04  3.23e-03     6s
  14   4.56808387e+01  1.13918691e+02  6.76e+02 2.78e-04  3.11e-03     6s
  15   4.80803110e+01  1.18180059e+02  6.45e+02 2.69e-04  2.96e-03     6s
  16   5.54439215e+01  1.23658622e+02  5.59e+02 2.50e-04  2.53e-03     6s
  17   5.93756267e+01  1.35667536e+02  5.14e+02 2.27e-04  2.30e-03     6s
  18   6.16464593e+01  1.38091355e+02  4.91e+02 2.24e-04  2.18e-03     6s
  19   6.40301055e+01  1.41823462e+02  4.71e+02 2.19e-04  2.08e-03     6s
  20   6.71508433e+01  1.50484409e+02  4.47e+02 2.05e-04  1.97e-03     6s
  21   7.09695116e+01  1.57710332e+02  4.19e+02 1.95e-04  1.83e-03     6s
  22   7.41399254e+01  1.63220882e+02  4.00e+02 1.88e-04  1.74e-03     6s
  23   7.79496365e+01  1.67899852e+02  3.78e+02 1.80e-04  1.63e-03     6s
  24   8.09020012e+01  1.69596079e+02  3.62e+02 1.78e-04  1.55e-03     6s
  25   8.44770632e+01  1.77227557e+02  3.44e+02 1.69e-04  1.46e-03     6s
  26   8.72218547e+01  1.80706107e+02  3.30e+02 1.66e-04  1.39e-03     6s
  27   8.90433067e+01  1.84690836e+02  3.21e+02 1.61e-04  1.36e-03     6s
  28   9.16594408e+01  1.90905970e+02  3.10e+02 1.51e-04  1.32e-03     6s
  29   9.38529331e+01  1.95085808e+02  3.01e+02 1.46e-04  1.28e-03     6s
  30   9.55471566e+01  1.98790058e+02  2.94e+02 1.41e-04  1.25e-03     6s
  31   9.77735522e+01  2.02531469e+02  2.85e+02 1.36e-04  1.22e-03     6s
  32   1.00761724e+02  2.09044155e+02  2.74e+02 1.28e-04  1.18e-03     6s
  33   1.03950267e+02  2.15126663e+02  2.63e+02 1.21e-04  1.14e-03     7s
  34   1.06840817e+02  2.21566388e+02  2.54e+02 1.16e-04  1.09e-03     7s
  35   1.12529583e+02  2.27047243e+02  2.37e+02 1.11e-04  1.00e-03     7s
  36   1.15990352e+02  2.31420931e+02  2.27e+02 1.08e-04  9.43e-04     7s
  37   1.20105322e+02  2.41456849e+02  2.15e+02 1.03e-04  8.92e-04     7s
  38   1.23188990e+02  2.46742197e+02  2.08e+02 1.00e-04  8.51e-04     7s
  39   1.26385044e+02  2.55003275e+02  2.00e+02 9.68e-05  8.23e-04     7s
  40   1.29447585e+02  2.58390948e+02  1.94e+02 9.36e-05  7.91e-04     7s
  41   1.32193474e+02  2.62432057e+02  1.89e+02 9.17e-05  7.60e-04     7s
  42   1.33582309e+02  2.70919631e+02  1.86e+02 8.76e-05  7.67e-04     7s
  43   1.40009871e+02  2.75482442e+02  1.75e+02 8.56e-05  6.85e-04     7s
  44   1.42747212e+02  2.82337111e+02  1.70e+02 8.35e-05  6.57e-04     7s
  45   1.44692723e+02  2.85408920e+02  1.67e+02 8.27e-05  6.39e-04     7s
  46   1.45288728e+02  2.94460940e+02  1.66e+02 8.07e-05  6.51e-04     7s
  47   1.47058309e+02  2.98393914e+02  1.64e+02 7.93e-05  6.40e-04     7s
  48   1.47479634e+02  3.05529364e+02  1.63e+02 7.81e-05  6.50e-04     7s
  49   1.24997647e+02 -5.65025000e+03  8.36e+06 0.00e+00  3.60e+05     7s
  50   3.69773130e+02 -2.20975178e+04  1.31e+06 1.39e+02  3.96e+04     7s
  51   5.05722788e+03 -4.44066757e+04  3.24e+05 6.42e+01  7.36e+03     7s
  52   6.12371284e+03 -6.95726869e+04  1.28e+05 3.36e+01  2.96e+03     7s
  53   6.42225462e+03 -8.23579137e+04  4.82e+04 1.17e+01  1.12e+03     7s
  54   1.00080009e+04 -1.09030548e+05  2.84e+04 1.33e+01  6.87e+02     7s
  55   1.29261953e+04 -1.20202406e+05  7.85e+03 5.87e+00  2.07e+02     7s
  56   1.27172040e+04 -1.15873824e+05  2.60e+03 3.21e+00  8.03e+01     7s
  57   1.17462006e+04 -9.43650557e+04  9.05e+02 1.81e+00  3.49e+01     7s
  58   1.11485328e+04 -7.89990187e+04  4.22e+02 1.24e+00  2.03e+01     7s
  59   1.06572790e+04 -6.38420599e+04  2.06e+02 8.43e-01  1.24e+01     7s
  60   1.00717143e+04 -4.25181722e+04  9.40e+01 4.50e-01  6.39e+00     7s
  61   9.61793236e+03 -2.51455600e+04  5.34e+01 2.07e-01  3.21e+00     7s
  62   8.09545354e+03 -1.74544182e+04  1.53e+01 1.32e-01  1.72e+00     7s
  63   7.72356342e+03 -8.64877267e+03  1.09e+01 6.26e-02  9.26e-01     7s
  64   5.73436034e+03 -5.63522911e+03  2.64e+00 4.10e-02  5.08e-01     7s
  65   4.38387171e+03 -2.99616823e+03  1.35e+00 2.33e-02  2.80e-01     7s
  66   3.93338356e+03 -2.40667575e+03  9.89e-01 1.88e-02  2.25e-01     7s
  67   2.88493579e+03 -1.61896170e+03  3.86e-01 1.39e-02  1.46e-01     7s
  68   1.89817705e+03 -4.81028585e+02  9.33e-02 6.10e-03  6.68e-02     7s
  69   1.45223165e+03 -1.91883427e+02  5.15e-02 4.27e-03  4.42e-02     7s
  70   1.29972687e+03  3.80632663e+01  4.01e-02 2.93e-03  3.29e-02     7s
  71   1.15186669e+03  1.36109374e+02  3.05e-02 2.30e-03  2.61e-02     7s
  72   9.82814431e+02  2.61241122e+02  2.17e-02 1.64e-03  1.82e-02     7s
  73   7.67716117e+02  3.20749360e+02  9.99e-03 1.29e-03  1.13e-02     7s
  74   6.65950359e+02  4.19312968e+02  4.40e-03 7.71e-04  6.21e-03     7s
  75   6.00618511e+02  4.81825440e+02  1.17e-03 4.30e-04  3.01e-03     7s
  76   5.90927004e+02  5.01763453e+02  8.42e-04 3.23e-04  2.26e-03     7s
  77   5.77888902e+02  5.15715169e+02  4.46e-04 2.46e-04  1.59e-03     7s

Barrier performed 77 iterations in 6.98 seconds (5.62 work units)
Barrier solve interrupted - model solved by another algorithm


Solved with dual simplex
Extra simplex iterations after uncrush: 3
Iteration    Objective       Primal Inf.    Dual Inf.      Time
    6617    5.5568005e+02   0.000000e+00   0.000000e+00      9s

Solved in 6617 iterations and 9.47 seconds (10.56 work units)
Optimal objective  5.556800512e+02
the solution is feasible and optimal
Solution time: 20.0421040058136
Function combined_sets Took 0.4898 seconds
-----
Constructing full SP model...
Done constructing model.
Time used constructing the model: 176.8420934677124
----------
Solving model...
Set parameter Username
Academic license - for non-commercial use only - expires 2025-03-01
Read LP format model from file C:\Users\Sander\Documents\Code\Github\Sander\STraM_ntnu_development\temp\pyomo\tmpeyodtckm.pyomo.lp
Reading time = 18.00 seconds
x1: 4554352 rows, 1834336 columns, 25949476 nonzeros
Set parameter FeasibilityTol to value 0.01
Set parameter MIPGap to value 0.002
Gurobi Optimizer version 11.0.0 build v11.0.0rc2 (win64 - Windows 11+.0 (22631.2))

CPU model: Intel(R) Core(TM) i7-10510U CPU @ 1.80GHz, instruction set [SSE2|AVX|AVX2]
Thread count: 4 physical cores, 8 logical processors, using up to 8 threads

Optimize a model with 4554352 rows, 1834336 columns and 25949476 nonzeros
Model fingerprint: 0xa6c5815c
Variable types: 1834030 continuous, 306 integer (306 binary)
Coefficient statistics:
  Matrix range     [6e-06, 1e+03]
  Objective range  [8e-02, 3e-01]
  Bounds range     [1e+00, 6e+04]
  RHS range        [1e-03, 9e+01]
Presolve removed 4275901 rows and 946038 columns (presolve time = 5s) ...
Presolve removed 4353661 rows and 1037449 columns
Presolve time: 9.50s
Presolved: 200691 rows, 796887 columns, 16339455 nonzeros
Variable types: 796853 continuous, 34 integer (34 binary)
Deterministic concurrent LP optimizer: primal simplex, dual simplex, and barrier
Showing barrier log only...

Root barrier log...

Ordering time: 2.36s

Barrier statistics:
 AA' NZ     : 4.448e+06
 Factor NZ  : 1.152e+07 (roughly 400 MB of memory)
 Factor Ops : 2.818e+09 (less than 1 second per iteration)
 Threads    : 1

                  Objective                Residual
Iter       Primal          Dual         Primal    Dual     Compl     Time
   0   1.55773609e+13 -1.40908865e+13  1.10e+11 7.90e+01  2.86e+09    65s
   1   8.62817107e+12 -1.27660086e+13  6.00e+10 1.83e+02  1.57e+09    67s
   2   3.62559945e+12 -8.11327614e+12  2.43e+10 7.64e+01  6.53e+08    68s
   3   5.70143874e+11 -2.97391503e+12  2.41e+09 1.93e+00  6.93e+07    70s
   4   1.39383858e+11 -4.94998188e+11  1.81e+08 3.58e-02  5.50e+06    73s
   5   4.36040390e+10 -9.39058742e+10  4.37e+07 2.48e-03  1.40e+06    76s
   6   1.96650652e+10 -3.43704093e+10  1.81e+07 7.28e-11  5.99e+05    78s
   7   1.25545812e+10 -2.49154378e+10  1.13e+07 4.37e-11  3.77e+05    80s
   8   1.14948157e+10 -2.06554465e+10  1.03e+07 8.37e-11  3.45e+05    82s
   9   1.09097702e+10 -1.98292413e+10  9.76e+06 2.91e-11  3.27e+05    83s
  10   9.00002763e+09 -1.86842444e+10  7.95e+06 5.82e-11  2.68e+05    85s
  11   6.11867491e+09 -1.28142906e+10  5.32e+06 6.91e-11  1.79e+05    86s
  12   3.44139116e+09 -5.40334068e+09  2.89e+06 4.15e-10  9.64e+04    88s
  13   1.65157437e+09 -3.44993736e+09  1.34e+06 1.76e-09  4.54e+04    90s
  14   1.45044718e+09 -1.93364098e+09  1.18e+06 1.09e-11  4.01e+04    92s
  15   3.37180561e+08 -1.53177357e+09  2.54e+05 7.86e-10  9.35e+03    93s
  16   1.25283633e+08 -9.62905558e+08  9.12e+04 5.63e-12  3.57e+03    95s
  17   2.87562222e+07 -3.29294319e+08  1.88e+04 8.96e-12  7.85e+02    97s
  18   5.27311263e+06 -8.68875186e+07  2.64e+03 3.46e-09  1.29e+02   100s
  19   1.87502791e+06 -3.44786909e+07  8.51e+02 1.25e-09  4.41e+01   102s
  20   1.22411181e+06 -2.76880350e+07  5.50e+02 1.04e-09  3.19e+01   104s
  21   1.01358448e+06 -2.36148650e+07  4.52e+02 8.66e-10  2.67e+01   105s
  22   7.55725756e+05 -2.05655147e+07  3.30e+02 7.33e-10  2.16e+01   107s
  23   4.07625297e+05 -1.28285532e+07  1.68e+02 4.75e-10  1.25e+01   109s
  24   2.34714143e+05 -9.03411012e+06  9.19e+01 3.22e-10  8.12e+00   111s
  25   1.53562121e+05 -6.47812656e+06  5.71e+01 2.23e-10  5.58e+00   113s
  26   1.29246546e+05 -5.85042228e+06  4.73e+01 1.99e-10  4.93e+00   114s
  27   1.12362853e+05 -5.08644921e+06  4.00e+01 1.72e-10  4.25e+00   116s

Barrier performed 27 iterations in 115.81 seconds (71.58 work units)
Barrier solve interrupted - model solved by another algorithm

Concurrent spin time: 1.29s

Solved with dual simplex
Warning: Markowitz tolerance tightened to 0.125

Root simplex log...

Iteration    Objective       Primal Inf.    Dual Inf.      Time
   94686    3.2410515e+03   0.000000e+00   0.000000e+00    120s
Extra simplex iterations after uncrush: 5637

Root relaxation: objective 3.241051e+03, 94686 iterations, 70.39 seconds (31.94 work units)

    Nodes    |    Current Node    |     Objective Bounds      |     Work
 Expl Unexpl |  Obj  Depth IntInf | Incumbent    BestBd   Gap | It/Node Time

     0     0 3241.05145    0    3          - 3241.05145      -     -  121s
H    0     0                    3241.0686763 3241.05145  0.00%     -  123s

Explored 1 nodes (94686 simplex iterations) in 125.59 seconds (77.46 work units)
Thread count was 8 (of 8 available processors)

Solution count 2: 3241.07 3241.07 

Optimal solution found (tolerance 2.00e-03)
Warning: max constraint violation (7.9740e-02) exceeds tolerance
Warning: max bound violation (7.9009e-02) exceeds tolerance
Best objective 3.241068676300e+03, best bound 3.241068676300e+03, gap 0.0000%
the solution is feasible and optimal
Solution time: 152.70756721496582
Done solving model.
Time used solving the model: 254.46439695358276
----------Dumping data in pickle file...done.
Dumping results in pickle file.....done.
objective function value:  3241.068676299555
objective function value normalized (Billion EURO):  324.11
                         2023                                            \
                           OO     OB     OP     BO     BB     BP     PO   
LCOT                    4.295  4.295  4.295  4.295  4.295  4.295  4.295   
LCOT (Empty Trips)      1.229  1.229  1.229  1.229  1.229  1.229  1.229   
Emission                0.395  0.395  0.395  0.395  0.395  0.395  0.395   
Emission (Empty Trips)  0.175  0.175  0.175  0.175  0.175  0.175  0.175   
CO2_Penalty             0.000  0.000  0.000  0.000  0.000  0.000  0.000   
Time value              1.343  1.343  1.343  1.343  1.343  1.343  1.343   
Transfer                2.060  2.060  2.060  2.060  2.060  2.060  2.060   
RailTrack               0.116  0.116  0.116  0.116  0.116  0.116  0.116   
Terminal                0.052  0.052  0.052  0.052  0.052  0.052  0.052   
RailElectr.             0.000  0.000  0.000  0.000  0.000  0.000  0.000   
Charging                0.000  0.000  0.000  0.000  0.000  0.000  0.000   
H2_Filling              0.000  0.000  0.000  0.000  0.000  0.000  0.000   

                                       2028                              \
                           PB     PP     OO     OB     OP     BO     BB   
LCOT                    4.295  4.295  4.796  4.796  4.796  4.796  4.796   
LCOT (Empty Trips)      1.229  1.229  1.072  1.072  1.072  1.072  1.072   
Emission                0.395  0.395  0.897  0.897  0.897  0.897  0.897   
Emission (Empty Trips)  0.175  0.175  0.249  0.249  0.249  0.249  0.249   
CO2_Penalty             0.000  0.000  0.000  0.000  0.000  0.000  0.000   
Time value              1.343  1.343  1.628  1.628  1.628  1.628  1.628   
Transfer                2.060  2.060  2.613  2.613  2.613  2.613  2.613   
RailTrack               0.116  0.116  0.000  0.000  0.000  0.000  0.000   
Terminal                0.052  0.052  0.021  0.021  0.021  0.021  0.021   
RailElectr.             0.000  0.000  0.000  0.000  0.000  0.000  0.000   
Charging                0.000  0.000  0.007  0.007  0.007  0.007  0.007   
H2_Filling              0.000  0.000  0.000  0.000  0.000  0.000  0.000   

                                                     2034                \
                           BP     PO     PB     PP     OO     OB     OP   
LCOT                    4.796  4.796  4.796  4.796  5.062  4.921  4.933   
LCOT (Empty Trips)      1.072  1.072  1.072  1.072  1.076  1.052  1.053   
Emission                0.897  0.897  0.897  0.897  0.927  1.086  1.085   
Emission (Empty Trips)  0.249  0.249  0.249  0.249  0.271  0.298  0.297   
CO2_Penalty             0.000  0.000  0.000  0.000  0.000  0.000  0.000   
Time value              1.628  1.628  1.628  1.628  1.929  1.929  1.929   
Transfer                2.613  2.613  2.613  2.613  3.096  3.096  3.096   
RailTrack               0.000  0.000  0.000  0.000  0.000  0.000  0.000   
Terminal                0.021  0.021  0.021  0.021  0.000  0.000  0.000   
RailElectr.             0.000  0.000  0.000  0.000  0.000  0.000  0.000   
Charging                0.007  0.007  0.007  0.007  0.047  0.013  0.013   
H2_Filling              0.000  0.000  0.000  0.000  0.000  0.000  0.000   

                                                                   2040  \
                           BO     BB     BP     PO     PB     PP     OO   
LCOT                    5.653  5.719  5.532  5.769  5.833  5.939  5.403   
LCOT (Empty Trips)      1.321  1.216  1.226  1.341  1.372  1.268  1.128   
Emission                0.664  0.664  0.855  0.661  0.664  0.663  0.679   
Emission (Empty Trips)  0.113  0.233  0.233  0.112  0.112  0.233  0.221   
CO2_Penalty             0.000  0.000  0.000  0.000  0.000  0.000  0.000   
Time value              1.929  1.929  1.928  1.929  1.930  1.929  2.049   
Transfer                3.098  3.096  3.098  3.097  3.098  3.099  3.016   
RailTrack               0.000  0.000  0.000  0.000  0.000  0.000  0.000   
Terminal                0.000  0.000  0.000  0.000  0.000  0.000  0.001   
RailElectr.             0.000  0.000  0.000  0.000  0.000  0.000  0.000   
Charging                0.068  0.068  0.068  0.068  0.068  0.068  0.125   
H2_Filling              0.000  0.000  0.000  0.000  0.000  0.000  0.001   

                                                                         \
                           OB     OP     BO     BB     BP     PO     PB   
LCOT                    5.289  5.324  5.988  6.124  5.880  6.070  6.211   
LCOT (Empty Trips)      1.116  1.124  1.406  1.268  1.237  1.405  1.463   
Emission                0.820  0.822  0.346  0.351  0.670  0.346  0.346   
Emission (Empty Trips)  0.222  0.222  0.004  0.198  0.222  0.004  0.004   
CO2_Penalty             0.000  0.000  0.000  0.000  0.000  0.000  0.000   
Time value              2.050  2.052  2.048  2.050  2.050  2.050  2.049   
Transfer                3.016  3.019  3.018  3.015  3.017  3.022  3.019   
RailTrack               0.000  0.000  0.000  0.000  0.000  0.000  0.000   
Terminal                0.001  0.001  0.001  0.001  0.001  0.001  0.001   
RailElectr.             0.000  0.000  0.000  0.000  0.000  0.000  0.000   
Charging                0.125  0.125  0.125  0.125  0.125  0.125  0.125   
H2_Filling              0.000  0.000  0.001  0.001  0.001  0.001  0.001   

                                2050                                     \
                           PP     OO     OB     OP     BO     BB     BP   
LCOT                    6.373  6.322  6.433  6.140  6.601  6.837  6.810   
LCOT (Empty Trips)      1.317  1.435  1.445  1.253  1.435  1.480  1.534   
Emission                0.353  0.377  0.437  0.779  0.046  0.046  0.366   
Emission (Empty Trips)  0.199  0.000  0.034  0.235  0.000  0.000  0.000   
CO2_Penalty             0.000  0.000  0.000  0.000  0.000  0.000  0.000   
Time value              2.051  2.428  2.420  2.422  2.425  2.419  2.419   
Transfer                3.015  3.288  3.284  3.287  3.285  3.286  3.287   
RailTrack               0.000  0.000  0.000  0.000  0.000  0.000  0.000   
Terminal                0.001  0.000  0.000  0.000  0.000  0.000  0.000   
RailElectr.             0.000  0.000  0.000  0.000  0.000  0.000  0.000   
Charging                0.125  0.105  0.105  0.104  0.105  0.104  0.104   
H2_Filling              0.001  0.001  0.001  0.001  0.001  0.001  0.001   

                                              2023        2028           2034  \
                           PO     PB     PP   mean  std   mean  std      mean   
LCOT                    6.609  6.851  7.047  4.295  0.0  4.796  0.0  5.484556   
LCOT (Empty Trips)      1.435  1.478  1.533  1.229  0.0  1.072  0.0  1.213889   
Emission                0.046  0.046  0.047  0.395  0.0  0.897  0.0  0.807667   
Emission (Empty Trips)  0.000  0.000  0.000  0.175  0.0  0.249  0.0  0.211333   
CO2_Penalty             0.000  0.000  0.000  0.000  0.0  0.000  0.0  0.000000   
Time value              2.425  2.421  2.420  1.343  0.0  1.628  0.0  1.929000   
Transfer                3.288  3.291  3.287  2.060  0.0  2.613  0.0  3.097111   
RailTrack               0.000  0.000  0.000  0.116  0.0  0.000  0.0  0.000000   
Terminal                0.000  0.000  0.000  0.052  0.0  0.021  0.0  0.000000   
RailElectr.             0.000  0.000  0.000  0.000  0.0  0.000  0.0  0.000000   
Charging                0.104  0.104  0.104  0.000  0.0  0.007  0.0  0.053444   
H2_Filling              0.001  0.001  0.001  0.000  0.0  0.000  0.0  0.000000   

                                      2040                2050            
                             std      mean       std      mean       std  
LCOT                    0.402305  5.851333  0.409032  6.627778  0.290041  
LCOT (Empty Trips)      0.125904  1.273778  0.133388  1.447556  0.082979  
Emission                0.185480  0.525889  0.216781  0.243333  0.262600  
Emission (Empty Trips)  0.078439  0.144000  0.105429  0.029889  0.077734  
CO2_Penalty             0.000000  0.000000  0.000000  0.000000  0.000000  
Time value              0.000500  2.049889  0.001167  2.422111  0.003180  
Transfer                0.001167  3.017444  0.002297  3.287000  0.002000  
RailTrack               0.000000  0.000000  0.000000  0.000000  0.000000  
Terminal                0.000000  0.001000  0.000000  0.000000  0.000000  
RailElectr.             0.000000  0.000000  0.000000  0.000000  0.000000  
Charging                0.023938  0.125000  0.000000  0.104333  0.000500  
H2_Filling              0.000000  0.000778  0.000441  0.001000  0.000000  
                       2023     2028      2034      2040      2050     
                       mean std mean  std mean  std mean  std mean  std
LCOT                    4.3   0  4.8    0  5.5  0.4  5.8 0.41  6.6 0.29
LCOT (Empty Trips)      1.2   0  1.1    0  1.2 0.13  1.3 0.13  1.4 0.08
Emission                0.4   0  0.9    0 0.81 0.19 0.53 0.22 0.24 0.26
Emission (Empty Trips) 0.18   0 0.25    0 0.21 0.08 0.14 0.11 0.03 0.08
CO2_Penalty               0   0    0    0    0    0    0    0    0    0
Time value              1.3   0  1.6    0  1.9    0    2    0  2.4    0
Transfer                2.1   0  2.6    0  3.1    0    3    0  3.3    0
RailTrack              0.12   0    0    0    0    0    0    0    0    0
Terminal               0.05   0 0.02    0    0    0    0    0    0    0
RailElectr.               0   0    0    0    0    0    0    0    0    0
Charging                  0   0 0.01    0 0.05 0.02 0.12    0  0.1    0
H2_Filling                0   0    0    0    0    0    0    0    0    0
discount_factor           1   1 0.91 0.91  0.8  0.8 0.71 0.71 0.59 0.59
emissions (MTonnes CO2 eq.):
             AvgEmission     Std  AvgEmission_perc  Std_perc
time_period                                                 
2023                 7.2       0             1e+02         0
2028                 6.6 2.2e-09                91     3e-08
2034                 4.8     1.2                67        17
2040                 3.2     1.5                44        21
2050                 1.2     1.6                17        22
----------------
Average transport work in GTONNES*km:
    mode            product time_period  TransportArbeid
0   Rail  Break bulk (fast)        2023         -0.00015
1   Rail           Dry bulk        2023              9.7
2   Rail           Neo bulk        2023          0.00076
3   Road  Break bulk (fast)        2023              5.5
4   Road  Break bulk (slow)        2023              5.8
5   Road   Container (fast)        2023                2
6   Road   Container (slow)        2023              2.7
7   Road           Dry bulk        2023             0.56
8   Road           Neo bulk        2023               12
9    Sea  Break bulk (fast)        2023            0.091
10   Sea  Break bulk (slow)        2023             0.94
11   Sea   Container (fast)        2023              0.1
12   Sea   Container (slow)        2023              1.1
13   Sea           Dry bulk        2023               97
14   Sea           Neo bulk        2023             0.26

