----------------------------
Doing the following analysis: 
FuelDetScen_carbontaxbase_stp2050
single time period:  2050
----------------------------
Reading data...
Reading and constructing data
Function construct_sets Took 0.0037 seconds
Function construct_network Took 0.0105 seconds
Transport demand in the base year 2018 (in MTonnes):
             product  tot_weight
0           Dry bulk       94.86
1   Container (fast)        4.07
2   Container (slow)        9.23
3  Break bulk (fast)       11.61
4  Break bulk (slow)       15.37
5           Neo bulk       19.28
Function construct_ODD Took 1.5622 seconds
Function construct_vehicles Took 1.6847 seconds
Function construct_emission_transfer Took 0.4373 seconds
Function construct_costs Took 6.2156 seconds
Function construct_time_value Took 0.0031 seconds
Function construct_investments Took 0.0322 seconds
Function construct_charging_edges Took 0.7162 seconds
Function construct_tech_readiness Took 0.0065 seconds
Function construct_path_generation Took 0.5991 seconds
Function construct_param2 Took 0.1320 seconds
Function combined_sets Took 0.2432 seconds
Function combined_sets Took 0.2789 seconds
Done reading data.
Time used reading the base data: 24.185413122177124
Function combined_sets Took 0.9126 seconds
-----
Constructing full SP model...
Done constructing model.
Time used constructing the model: 12.46957802772522
----------
Solving model...
Set parameter Username
Academic license - for non-commercial use only - expires 2025-03-01
Read LP format model from file C:\Users\Sander\Documents\Code\Github\Sander\STraM_ntnu_development\temp\pyomo\tmprpkmbg9v.pyomo.lp
Reading time = 1.05 seconds
x1: 4991 rows, 122939 columns, 506122 nonzeros
Set parameter FeasibilityTol to value 0.01
Set parameter MIPGap to value 0.002
Gurobi Optimizer version 11.0.0 build v11.0.0rc2 (win64 - Windows 11+.0 (22631.2))

CPU model: Intel(R) Core(TM) i7-10510U CPU @ 1.80GHz, instruction set [SSE2|AVX|AVX2]
Thread count: 4 physical cores, 8 logical processors, using up to 8 threads

Optimize a model with 4991 rows, 122939 columns and 506122 nonzeros
Model fingerprint: 0x4f85c800
Variable types: 122905 continuous, 34 integer (34 binary)
Coefficient statistics:
  Matrix range     [6e-06, 1e+03]
  Objective range  [3e-01, 2e+00]
  Bounds range     [1e+00, 1e+00]
  RHS range        [1e-03, 9e+01]
Presolve removed 1823 rows and 98795 columns
Presolve time: 2.56s
Presolved: 3168 rows, 24144 columns, 289920 nonzeros
Variable types: 24124 continuous, 20 integer (20 binary)
Deterministic concurrent LP optimizer: primal and dual simplex
Showing primal log only...

Concurrent spin time: 0.01s

Solved with dual simplex
Extra simplex iterations after uncrush: 2

Root relaxation: objective 4.324354e+02, 2375 iterations, 0.45 seconds (0.20 work units)

    Nodes    |    Current Node    |     Objective Bounds      |     Work
 Expl Unexpl |  Obj  Depth IntInf | Incumbent    BestBd   Gap | It/Node Time

     0     0  432.43539    0    2          -  432.43539      -     -    3s
H    0     0                     432.4628704  432.43539  0.01%     -    3s

Explored 1 nodes (2375 simplex iterations) in 3.55 seconds (1.70 work units)
Thread count was 8 (of 8 available processors)

Solution count 1: 432.463 

Optimal solution found (tolerance 2.00e-03)
Warning: max constraint violation (7.9740e-02) exceeds tolerance
Warning: max bound violation (7.9009e-02) exceeds tolerance
Best objective 4.324628704446e+02, best bound 4.324628704446e+02, gap 0.0000%
the solution is feasible and optimal
Solution time: 5.694027900695801
Done solving model.
Time used solving the model: 11.656261682510376
----------Dumping data in pickle file...done.
Dumping results in pickle file.....done.
