----------------------------
Doing the following analysis: 
FuelScen_carbontaxbase_demand_scaled_0%_risk_rate_6.0
----------------------------
Reading data...
Reading and constructing data
Function construct_sets Took 0.0026 seconds
Function construct_network Took 0.0082 seconds
Transport demand in the base year 2018 (in MTonnes):
             product  tot_weight
0           Dry bulk       94.86
1   Container (fast)        4.07
2   Container (slow)        9.23
3  Break bulk (fast)       11.61
4  Break bulk (slow)       15.37
5           Neo bulk       19.28
Function construct_ODD Took 0.9465 seconds
Function construct_vehicles Took 1.1610 seconds
Function construct_emission_transfer Took 0.3125 seconds
Function construct_costs Took 3.3445 seconds
Function construct_time_value Took 0.0031 seconds
Function construct_investments Took 0.0318 seconds
Function construct_charging_edges Took 0.3999 seconds
Function construct_tech_readiness Took 0.0250 seconds
Function construct_path_generation Took 0.2518 seconds
Function construct_param2 Took 0.1443 seconds
Function combined_sets Took 0.8882 seconds
Function combined_sets Took 0.8092 seconds
Done reading data.
Time used reading the base data: 28.68949604034424
Solving the first time period for initialization purposes...
Function combined_sets Took 0.2724 seconds
Set parameter Username
Academic license - for non-commercial use only - expires 2025-03-01
Read LP format model from file C:\Users\Sander\Documents\Code\Github\Sander\STraM_ntnu_development\temp\pyomo\tmpk7uxkq0c.pyomo.lp
Reading time = 7.70 seconds
x1: 2206927 rows, 540793 columns, 7780366 nonzeros
Set parameter FeasibilityTol to value 0.0001
Set parameter MIPGap to value 0.002
Gurobi Optimizer version 11.0.0 build v11.0.0rc2 (win64 - Windows 11+.0 (22631.2))

CPU model: Intel(R) Core(TM) i7-10510U CPU @ 1.80GHz, instruction set [SSE2|AVX|AVX2]
Thread count: 4 physical cores, 8 logical processors, using up to 8 threads

Optimize a model with 2206927 rows, 540793 columns and 7780366 nonzeros
Model fingerprint: 0x92f48562
Coefficient statistics:
  Matrix range     [6e-06, 1e+03]
  Objective range  [8e-02, 3e-01]
  Bounds range     [0e+00, 0e+00]
  RHS range        [1e-03, 9e+01]
Presolve removed 508246 rows and 430000 columns (presolve time = 5s) ...
Presolve removed 2204267 rows and 518514 columns
Presolve time: 9.45s
Presolved: 2660 rows, 23242 columns, 201160 nonzeros

Concurrent LP optimizer: dual simplex and barrier
Showing barrier log only...

Ordering time: 0.04s

Barrier statistics:
 AA' NZ     : 8.445e+04
 Factor NZ  : 1.876e+05 (roughly 12 MB of memory)
 Factor Ops : 2.571e+07 (less than 1 second per iteration)
 Threads    : 3

                  Objective                Residual
Iter       Primal          Dual         Primal    Dual     Compl     Time
   0   4.26664756e+00 -5.65025000e-01  2.86e+05 0.00e+00  1.23e+00    10s
   1   1.59551106e+00 -6.13204823e-01  6.92e+04 2.27e-02  3.11e-01    10s
   2   7.85037380e-01  6.10036615e-01  1.42e+04 1.53e-02  6.79e-02    10s
   3   9.34014959e-01  7.19327153e+00  5.23e+03 3.37e-03  2.49e-02    10s
   4   9.76451888e+00  2.61212157e+01  2.88e+03 1.05e-03  1.38e-02    10s
   5   1.30769688e+01  2.70318326e+01  2.42e+03 8.91e-04  1.15e-02    10s
   6   1.48617422e+01  3.86520858e+01  2.35e+03 7.56e-04  1.12e-02    10s
   7   1.62362017e+01  4.06945432e+01  2.01e+03 7.14e-04  9.56e-03    10s
   8   1.93422984e+01  4.43859630e+01  1.58e+03 6.24e-04  7.54e-03    10s
   9   2.31414160e+01  5.60590040e+01  1.22e+03 5.01e-04  5.86e-03    10s
  10   2.41577674e+01  6.24886888e+01  1.15e+03 4.68e-04  5.53e-03    10s
  11   2.73262902e+01  7.34665747e+01  9.95e+02 4.30e-04  4.73e-03    10s
  12   3.10443341e+01  7.80760283e+01  8.96e+02 3.68e-04  4.19e-03    10s
  13   3.75315388e+01  8.35750262e+01  8.08e+02 3.46e-04  3.87e-03    10s
  14   4.03081574e+01  9.29911987e+01  7.45e+02 3.17e-04  3.55e-03    10s
  15   4.39952440e+01  9.91175469e+01  6.78e+02 3.03e-04  3.21e-03    10s
  16   4.58207201e+01  1.01882269e+02  6.50e+02 2.96e-04  3.07e-03    10s
  17   4.85971530e+01  1.07109511e+02  6.24e+02 2.83e-04  2.97e-03    10s
  18   5.47693659e+01  1.21231105e+02  5.48e+02 2.54e-04  2.67e-03    10s
  19   5.64557618e+01  1.26873717e+02  5.27e+02 2.43e-04  2.57e-03    10s
  20   6.03771228e+01  1.36159416e+02  4.87e+02 2.25e-04  2.35e-03    10s
  21   6.61162658e+01  1.46376051e+02  4.38e+02 2.03e-04  2.09e-03    10s
  22   7.03913942e+01  1.49941623e+02  4.07e+02 1.98e-04  1.92e-03    10s
  23   7.59572265e+01  1.54433814e+02  3.72e+02 1.90e-04  1.74e-03    10s
  24   8.01710356e+01  1.61958018e+02  3.47e+02 1.79e-04  1.60e-03    10s
  25   8.47552101e+01  1.67651625e+02  3.21e+02 1.73e-04  1.46e-03    10s
  26   8.65413249e+01  1.75048016e+02  3.12e+02 1.63e-04  1.43e-03    10s
  27   9.08094476e+01  1.80757209e+02  2.92e+02 1.57e-04  1.32e-03    10s
  28   9.68183343e+01  1.89606414e+02  2.67e+02 1.44e-04  1.19e-03    10s
  29   1.03567706e+02  1.95945451e+02  2.41e+02 1.38e-04  1.03e-03    10s
  30   1.05773597e+02  2.05006845e+02  2.33e+02 1.32e-04  1.01e-03    10s
  31   1.10293751e+02  2.16287715e+02  2.19e+02 1.24e-04  9.38e-04    10s
  32   1.14715396e+02  2.26210943e+02  2.06e+02 1.18e-04  8.65e-04    10s
  33   1.18156884e+02  2.32931266e+02  1.97e+02 1.15e-04  8.11e-04    10s
  34   1.20723421e+02  2.33275203e+02  1.91e+02 1.14e-04  7.78e-04    10s
  35   1.25778802e+02  2.34376726e+02  1.81e+02 1.13e-04  7.10e-04    10s
  36   1.27870175e+02  2.45245895e+02  1.76e+02 1.08e-04  6.93e-04    10s
  37   1.29044270e+02  2.53549151e+02  1.74e+02 1.05e-04  6.96e-04    10s
  38   1.32357851e+02  2.58722088e+02  1.68e+02 1.03e-04  6.65e-04    10s
  39   1.35311127e+02  2.63908118e+02  1.64e+02 1.02e-04  6.21e-04    10s
  40   1.37060163e+02  2.70212666e+02  1.61e+02 9.99e-05  6.13e-04    10s
  41   1.38527969e+02  2.75396308e+02  1.59e+02 9.87e-05  6.03e-04    10s
  42   1.39751433e+02  2.80406814e+02  1.57e+02 9.75e-05  5.98e-04    10s
  43   1.39907235e+02  2.82296504e+02  1.57e+02 9.70e-05  5.96e-04    10s
  44   1.41762349e+02  2.84127531e+02  1.54e+02 9.65e-05  5.83e-04    10s
  45   1.44206035e+02  2.90977545e+02  1.51e+02 9.52e-05  5.67e-04    10s
  46   1.47662138e+02  2.97056625e+02  1.47e+02 9.34e-05  5.48e-04    10s
  47   1.51271472e+02  3.00858809e+02  1.43e+02 9.14e-05  5.32e-04    10s
  48   1.52960621e+02  3.05429447e+02  1.42e+02 9.03e-05  5.30e-04    10s
  49   1.55600509e+02  3.08528875e+02  1.39e+02 8.84e-05  5.21e-04    10s
  50   1.58419614e+02  3.11901716e+02  1.37e+02 8.73e-05  5.10e-04    10s
  51   1.63374169e+02  3.16575638e+02  1.32e+02 8.55e-05  4.92e-04    10s
  52   1.66833150e+02  3.22407402e+02  1.29e+02 8.39e-05  4.78e-04    10s
  53   1.68681315e+02  3.25856319e+02  1.27e+02 8.30e-05  4.72e-04    10s
  54   1.71137321e+02  3.32725858e+02  1.25e+02 8.19e-05  4.66e-04    10s
  55   1.73826533e+02  3.35667959e+02  1.23e+02 8.13e-05  4.56e-04    10s
  56   1.77212412e+02  3.38528517e+02  1.20e+02 7.99e-05  4.46e-04    10s
  57   1.80179808e+02  3.46329149e+02  1.18e+02 7.82e-05  4.39e-04    10s
  58   1.82979066e+02  3.51752945e+02  1.16e+02 7.69e-05  4.33e-04    10s
  59   1.86513388e+02  3.59733764e+02  1.13e+02 7.55e-05  4.20e-04    10s
  60   1.89650682e+02  3.64226582e+02  1.11e+02 7.46e-05  4.11e-04    11s
  61   1.93391782e+02  3.70494078e+02  1.09e+02 7.37e-05  3.99e-04    11s
  62   1.96580264e+02  3.74328330e+02  1.07e+02 7.24e-05  3.97e-04    11s
  63   1.99035333e+02  3.76292896e+02  1.05e+02 7.19e-05  3.93e-04    11s
  64   2.01184638e+02  3.81234072e+02  1.04e+02 7.09e-05  3.87e-04    11s
  65   2.03000116e+02  3.86526163e+02  1.03e+02 7.01e-05  3.86e-04    11s
  66   2.03830355e+02  3.87118527e+02  1.02e+02 6.97e-05  3.87e-04    11s
  67   1.24997468e+02 -5.65025000e+03  8.36e+06 0.00e+00  3.60e+05    11s

Barrier performed 67 iterations in 10.60 seconds (5.57 work units)
Barrier solve interrupted - model solved by another algorithm


Solved with dual simplex
Extra simplex iterations after uncrush: 3
Iteration    Objective       Primal Inf.    Dual Inf.      Time
    6530    5.1608545e+02   0.000000e+00   0.000000e+00     14s

Solved in 6530 iterations and 14.14 seconds (10.28 work units)
Optimal objective  5.160854526e+02
the solution is feasible and optimal
Solution time: 27.304996728897095
Function combined_sets Took 0.6683 seconds
-----
Constructing full SP model...
Done constructing model.
Time used constructing the model: 299.1405372619629
----------
Solving model...
Set parameter Username
Academic license - for non-commercial use only - expires 2025-03-01
Read LP format model from file C:\Users\Sander\Documents\Code\Github\Sander\STraM_ntnu_development\temp\pyomo\tmpkoz656u1.pyomo.lp
Reading time = 24.64 seconds
x1: 4554352 rows, 1834336 columns, 25949476 nonzeros
Set parameter FeasibilityTol to value 0.01
Set parameter MIPGap to value 0.002
Gurobi Optimizer version 11.0.0 build v11.0.0rc2 (win64 - Windows 11+.0 (22631.2))

CPU model: Intel(R) Core(TM) i7-10510U CPU @ 1.80GHz, instruction set [SSE2|AVX|AVX2]
Thread count: 4 physical cores, 8 logical processors, using up to 8 threads

Optimize a model with 4554352 rows, 1834336 columns and 25949476 nonzeros
Model fingerprint: 0xc325626d
Variable types: 1834030 continuous, 306 integer (306 binary)
Coefficient statistics:
  Matrix range     [6e-06, 1e+03]
  Objective range  [8e-02, 3e-01]
  Bounds range     [1e+00, 6e+04]
  RHS range        [1e-03, 9e+01]
Presolve removed 19530 rows and 72 columns (presolve time = 6s) ...
Presolve removed 4353589 rows and 1030994 columns (presolve time = 10s) ...
Presolve removed 4353661 rows and 1037449 columns
Presolve time: 13.80s
Presolved: 200691 rows, 796887 columns, 16339455 nonzeros
Variable types: 796853 continuous, 34 integer (34 binary)
Deterministic concurrent LP optimizer: primal simplex, dual simplex, and barrier
Showing barrier log only...

Root barrier log...

Ordering time: 2.82s

Barrier statistics:
 AA' NZ     : 4.448e+06
 Factor NZ  : 1.147e+07 (roughly 400 MB of memory)
 Factor Ops : 2.801e+09 (roughly 1 second per iteration)
 Threads    : 1

                  Objective                Residual
Iter       Primal          Dual         Primal    Dual     Compl     Time
   0   7.69936737e+12 -1.16980147e+13  8.95e+10 7.34e+01  1.66e+09    95s
   1   4.11215253e+12 -9.87782333e+12  4.73e+10 1.47e+02  8.85e+08    96s
   2   1.82043693e+12 -9.33493991e+12  1.97e+10 1.37e+02  3.91e+08    98s
   3   4.85435100e+11 -2.67740845e+12  4.12e+09 8.31e+00  8.66e+07   100s
   4   1.28790969e+11 -4.91209926e+11  2.81e+08 5.06e-01  6.22e+06   103s
   5   4.94432889e+10 -1.53989363e+11  5.42e+07 1.13e-01  1.33e+06   105s
   6   2.45928924e+10 -4.21454700e+10  2.29e+07 8.17e-03  5.55e+05   107s
   7   1.57223412e+10 -2.56239496e+10  1.40e+07 8.16e-04  3.37e+05   109s
   8   1.40368007e+10 -2.16007232e+10  1.24e+07 7.14e-04  3.00e+05   111s
   9   1.29484533e+10 -2.05448539e+10  1.14e+07 6.75e-04  2.75e+05   113s
  10   1.09867169e+10 -2.00766071e+10  9.55e+06 6.54e-04  2.33e+05   114s
  11   9.97893699e+09 -1.59412838e+10  8.63e+06 4.70e-04  2.09e+05   116s
  12   5.02982057e+09 -8.91656865e+09  4.17e+06 8.03e-05  1.03e+05   118s
  13   2.91857122e+09 -3.62813246e+09  2.35e+06 8.00e-10  5.81e+04   120s
  14   1.81884232e+09 -2.01983968e+09  1.44e+06 2.62e-10  3.53e+04   123s
  15   1.23649785e+09 -1.23101807e+09  9.66e+05 3.64e-10  2.38e+04   125s
  16   3.71595355e+08 -9.50336546e+08  2.57e+05 9.46e-11  6.77e+03   126s
  17   1.60516054e+08 -7.04600423e+08  1.09e+05 4.58e-12  3.02e+03   128s
  18   3.52602530e+07 -2.58837903e+08  2.07e+04 4.07e-10  6.39e+02   131s
  19   6.95742033e+06 -8.00310966e+07  3.65e+03 2.15e-10  1.27e+02   133s
  20   2.26005319e+06 -2.85194688e+07  1.11e+03 1.55e-11  3.92e+01   135s
  21   1.54368159e+06 -1.83844172e+07  7.44e+02 1.41e-11  2.53e+01   138s
  22   1.15858931e+06 -1.48266375e+07  5.51e+02 9.55e-12  1.94e+01   140s
  23   8.04839890e+05 -1.19822066e+07  3.77e+02 6.37e-12  1.45e+01   142s
  24   4.14395597e+05 -6.77879866e+06  1.88e+02 2.50e-12  7.64e+00   144s
  25   2.06248877e+05 -3.57618456e+06  8.99e+01 1.88e-12  3.83e+00   146s
  26   1.60167115e+05 -3.13524447e+06  6.93e+01 1.71e-12  3.18e+00   148s
  27   1.25226692e+05 -2.18568389e+06  5.36e+01 1.93e-12  2.27e+00   151s
  28   1.04209207e+05 -1.98182458e+06  4.44e+01 2.29e-12  1.98e+00   153s
  29   9.96768954e+04 -1.83361504e+06  4.23e+01 2.07e-12  1.84e+00   155s
  30   8.09345451e+04 -1.65334872e+06  3.39e+01 1.21e-12  1.59e+00   157s
  31   7.13660326e+04 -1.43140940e+06  2.96e+01 2.11e-12  1.37e+00   159s
  32   5.65457667e+04 -1.23378008e+06  2.28e+01 1.67e-12  1.14e+00   160s
  33   4.83811399e+04 -1.01042460e+06  1.92e+01 1.48e-12  9.27e-01   162s
  34   4.06899060e+04 -7.75847501e+05  1.58e+01 3.38e-12  7.15e-01   163s

Barrier performed 34 iterations in 163.02 seconds (77.26 work units)
Barrier solve interrupted - model solved by another algorithm

Concurrent spin time: 5.43s

Solved with dual simplex

Root simplex log...

Iteration    Objective       Primal Inf.    Dual Inf.      Time
  101403    1.8156647e+03   0.000000e+00   1.148721e+02    165s
  105638    1.8157758e+03   0.000000e+00   0.000000e+00    168s
Extra simplex iterations after uncrush: 6957

Root relaxation: objective 1.815776e+03, 105638 iterations, 92.26 seconds (37.76 work units)

    Nodes    |    Current Node    |     Objective Bounds      |     Work
 Expl Unexpl |  Obj  Depth IntInf | Incumbent    BestBd   Gap | It/Node Time

     0     0 1815.77578    0    3          - 1815.77578      -     -  169s
H    0     0                    1815.7887660 1815.77578  0.00%     -  171s

Explored 1 nodes (105638 simplex iterations) in 173.53 seconds (83.27 work units)
Thread count was 8 (of 8 available processors)

Solution count 2: 1815.79 1815.79 

Optimal solution found (tolerance 2.00e-03)
Warning: max constraint violation (7.9740e-02) exceeds tolerance
Warning: max bound violation (7.9009e-02) exceeds tolerance
Best objective 1.815788766009e+03, best bound 1.815788766009e+03, gap 0.0000%
the solution is feasible and optimal
Solution time: 210.87132501602173
Done solving model.
Time used solving the model: 358.3560059070587
----------Dumping data in pickle file...done.
Dumping results in pickle file.....done.
objective function value:  1815.7887660088118
objective function value normalized (Billion EURO):  181.58
                         2023                                            \
                           OO     OB     OP     BO     BB     BP     PO   
LCOT                    4.274  4.274  4.274  4.274  4.274  4.274  4.274   
LCOT (Empty Trips)      1.223  1.223  1.223  1.223  1.223  1.223  1.223   
Emission                0.394  0.394  0.394  0.394  0.394  0.394  0.394   
Emission (Empty Trips)  0.176  0.176  0.176  0.176  0.176  0.176  0.176   
CO2_Penalty             0.000  0.000  0.000  0.000  0.000  0.000  0.000   
Time value              1.345  1.345  1.345  1.345  1.345  1.345  1.345   
Transfer                2.077  2.077  2.077  2.077  2.077  2.077  2.077   
RailTrack               0.116  0.116  0.116  0.116  0.116  0.116  0.116   
Terminal                0.021  0.021  0.021  0.021  0.021  0.021  0.021   
RailElectr.             0.000  0.000  0.000  0.000  0.000  0.000  0.000   
Charging                0.000  0.000  0.000  0.000  0.000  0.000  0.000   
H2_Filling              0.000  0.000  0.000  0.000  0.000  0.000  0.000   

                                       2028                              \
                           PB     PP     OO     OB     OP     BO     BB   
LCOT                    4.274  4.274  4.766  4.766  4.766  4.766  4.766   
LCOT (Empty Trips)      1.223  1.223  1.066  1.066  1.066  1.066  1.066   
Emission                0.394  0.394  0.903  0.903  0.903  0.903  0.903   
Emission (Empty Trips)  0.176  0.176  0.248  0.248  0.248  0.248  0.248   
CO2_Penalty             0.000  0.000  0.000  0.000  0.000  0.000  0.000   
Time value              1.345  1.345  1.631  1.631  1.631  1.631  1.631   
Transfer                2.077  2.077  2.638  2.638  2.638  2.638  2.638   
RailTrack               0.116  0.116  0.000  0.000  0.000  0.000  0.000   
Terminal                0.021  0.021  0.021  0.021  0.021  0.021  0.021   
RailElectr.             0.000  0.000  0.000  0.000  0.000  0.000  0.000   
Charging                0.000  0.000  0.005  0.005  0.005  0.005  0.005   
H2_Filling              0.000  0.000 -0.000 -0.000 -0.000 -0.000 -0.000   

                                                     2034                \
                           BP     PO     PB     PP     OO     OB     OP   
LCOT                    4.766  4.766  4.766  4.766  5.025  4.884  4.891   
LCOT (Empty Trips)      1.066  1.066  1.066  1.066  1.068  1.043  1.047   
Emission                0.903  0.903  0.903  0.903  0.933  1.093  1.091   
Emission (Empty Trips)  0.248  0.248  0.248  0.248  0.271  0.297  0.297   
CO2_Penalty             0.000  0.000  0.000  0.000  0.000  0.000  0.000   
Time value              1.631  1.631  1.631  1.631  1.924  1.927  1.925   
Transfer                2.638  2.638  2.638  2.638  3.082  3.084  3.081   
RailTrack               0.000  0.000  0.000  0.000  0.000  0.000  0.000   
Terminal                0.021  0.021  0.021  0.021  0.000  0.000 -0.000   
RailElectr.             0.000  0.000  0.000  0.000  0.000  0.000  0.000   
Charging                0.005  0.005  0.005  0.005  0.028  0.008  0.008   
H2_Filling             -0.000 -0.000 -0.000 -0.000  0.000  0.000  0.000   

                                                                   2040  \
                           BO     BB     BP     PO     PB     PP     OO   
LCOT                    5.622  5.685  5.495  5.741  5.798  5.891  5.286   
LCOT (Empty Trips)      1.297  1.208  1.217  1.334  1.343  1.260  1.114   
Emission                0.671  0.671  0.863  0.669  0.671  0.671  0.733   
Emission (Empty Trips)  0.133  0.233  0.232  0.117  0.133  0.232  0.222   
CO2_Penalty             0.000  0.000  0.000  0.000  0.000  0.000  0.000   
Time value              1.924  1.925  1.925  1.926  1.925  1.924  2.036   
Transfer                3.079  3.085  3.082  3.078  3.090  3.085  3.006   
RailTrack               0.000  0.000  0.000  0.000  0.000  0.000  0.000   
Terminal                0.000  0.000  0.000  0.000  0.000  0.000  0.001   
RailElectr.             0.000  0.000  0.000  0.000  0.000  0.000  0.000   
Charging                0.040  0.040  0.040  0.040  0.040  0.040  0.055   
H2_Filling              0.000  0.000  0.000  0.000  0.000  0.000  0.001   

                                                                         \
                           OB     OP     BO     BB     BP     PO     PB   
LCOT                    5.234  5.277  5.942  6.069  5.815  6.029  6.161   
LCOT (Empty Trips)      1.118  1.125  1.400  1.257  1.239  1.399  1.459   
Emission                0.817  0.816  0.355  0.359  0.678  0.355  0.355   
Emission (Empty Trips)  0.222  0.221  0.004  0.204  0.222  0.004  0.004   
CO2_Penalty             0.000  0.000  0.000  0.000  0.000  0.000  0.000   
Time value              2.036  2.040  2.037  2.037  2.037  2.037  2.037   
Transfer                3.002  2.989  2.990  2.991  2.993  2.993  2.989   
RailTrack               0.000  0.000  0.000  0.000  0.000  0.000  0.000   
Terminal                0.000  0.000  0.000  0.001  0.000  0.001  0.000   
RailElectr.             0.000  0.000  0.000  0.000  0.000  0.000  0.000   
Charging                0.055  0.055  0.055  0.055  0.055  0.055  0.055   
H2_Filling              0.000  0.000  0.001  0.001  0.001  0.001  0.001   

                                2050                                     \
                           PP     OO     OB     OP     BO     BB     BP   
LCOT                    6.311  6.212  6.121  6.133  6.590  6.828  6.793   
LCOT (Empty Trips)      1.312  1.413  1.264  1.257  1.436  1.482  1.537   
Emission                0.361  0.433  0.743  0.774  0.056  0.056  0.378   
Emission (Empty Trips)  0.204  0.030  0.219  0.235  0.000  0.000  0.000   
CO2_Penalty             0.000  0.000  0.000  0.000  0.000  0.000  0.000   
Time value              2.037  2.405  2.396  2.396  2.403  2.398  2.398   
Transfer                2.993  3.265  3.204  3.206  3.206  3.205  3.204   
RailTrack               0.000  0.000  0.000  0.000  0.000  0.000  0.000   
Terminal                0.001  0.000  0.000  0.000  0.000  0.000  0.000   
RailElectr.             0.000  0.000  0.000  0.000  0.000  0.000  0.000   
Charging                0.055  0.031  0.032  0.031  0.032  0.032  0.032   
H2_Filling              0.001  0.000  0.000  0.000  0.000  0.000  0.000   

                                              2023        2028                \
                           PO     PB     PP   mean  std   mean           std   
LCOT                    6.611  6.847  7.037  4.274  0.0  4.766  0.000000e+00   
LCOT (Empty Trips)      1.440  1.482  1.536  1.223  0.0  1.066  0.000000e+00   
Emission                0.056  0.056  0.056  0.394  0.0  0.903  0.000000e+00   
Emission (Empty Trips)  0.000  0.000  0.000  0.176  0.0  0.248  2.943923e-17   
CO2_Penalty             0.000  0.000  0.000  0.000  0.0  0.000  0.000000e+00   
Time value              2.404  2.397  2.396  1.345  0.0  1.631  0.000000e+00   
Transfer                3.202  3.206  3.205  2.077  0.0  2.638  0.000000e+00   
RailTrack               0.000  0.000  0.000  0.116  0.0  0.000  0.000000e+00   
Terminal                0.000  0.000  0.000  0.021  0.0  0.021  0.000000e+00   
RailElectr.             0.000  0.000  0.000  0.000  0.0  0.000  0.000000e+00   
Charging                0.032  0.032  0.032  0.000  0.0  0.005  0.000000e+00   
H2_Filling              0.000  0.000  0.000  0.000  0.0  0.000  0.000000e+00   

                            2034                2040                2050  \
                            mean       std      mean       std      mean   
LCOT                    5.448000  0.403194  5.791556  0.417443  6.574667   
LCOT (Empty Trips)      1.201889  0.121046  1.269222  0.132578  1.427444   
Emission                0.814778  0.185050  0.536556  0.216959  0.289778   
Emission (Empty Trips)  0.216111  0.071175  0.145222  0.106165  0.053778   
CO2_Penalty             0.000000  0.000000  0.000000  0.000000  0.000000   
Time value              1.925000  0.001000  2.037111  0.001167  2.399222   
Transfer                3.082889  0.003621  2.994000  0.005979  3.211444   
RailTrack               0.000000  0.000000  0.000000  0.000000  0.000000   
Terminal                0.000000  0.000000  0.000444  0.000527  0.000000   
RailElectr.             0.000000  0.000000  0.000000  0.000000  0.000000   
Charging                0.031556  0.013920  0.055000  0.000000  0.031778   
H2_Filling              0.000000  0.000000  0.000778  0.000441  0.000000   

                                  
                             std  
LCOT                    0.341638  
LCOT (Empty Trips)      0.103649  
Emission                0.304433  
Emission (Empty Trips)  0.098779  
CO2_Penalty             0.000000  
Time value              0.003701  
Transfer                0.020125  
RailTrack               0.000000  
Terminal                0.000000  
RailElectr.             0.000000  
Charging                0.000441  
H2_Filling              0.000000  
                       2023     2028      2034      2040      2050     
                       mean std mean  std mean  std mean  std mean  std
LCOT                    4.3   0  4.8    0  5.5  0.4  5.8 0.42  6.6 0.34
LCOT (Empty Trips)      1.2   0  1.1    0  1.2 0.12  1.3 0.13  1.4  0.1
Emission               0.39   0  0.9    0 0.81 0.19 0.54 0.22 0.29  0.3
Emission (Empty Trips) 0.18   0 0.25    0 0.22 0.07 0.15 0.11 0.05  0.1
CO2_Penalty               0   0    0    0    0    0    0    0    0    0
Time value              1.4   0  1.6    0  1.9    0    2    0  2.4    0
Transfer                2.1   0  2.6    0  3.1    0    3 0.01  3.2 0.02
RailTrack              0.12   0    0    0    0    0    0    0    0    0
Terminal               0.02   0 0.02    0    0    0    0    0    0    0
RailElectr.               0   0    0    0    0    0    0    0    0    0
Charging                  0   0    0    0 0.03 0.01 0.06    0 0.03    0
H2_Filling                0   0    0    0    0    0    0    0    0    0
discount_factor           1   1 0.75 0.75 0.53 0.53 0.37 0.37 0.21 0.21
emissions (MTonnes CO2 eq.):
             AvgEmission  Std  AvgEmission_perc  Std_perc
time_period                                              
2023                 7.2    0             1e+02         0
2028                 6.6    0                91         0
2034                 4.9  1.2                68        17
2040                 3.2  1.5                45        21
2050                 1.6  1.9                22        26
----------------
Average transport work in GTONNES*km:
    mode            product time_period  TransportArbeid
0   Rail           Dry bulk        2023              9.6
1   Rail           Neo bulk        2023          -0.0006
2   Road  Break bulk (fast)        2023              5.5
3   Road  Break bulk (slow)        2023              5.7
4   Road   Container (fast)        2023                2
5   Road   Container (slow)        2023              2.7
6   Road           Dry bulk        2023             0.56
7   Road           Neo bulk        2023               12
8    Sea  Break bulk (fast)        2023            0.091
9    Sea  Break bulk (slow)        2023              1.1
10   Sea   Container (fast)        2023              0.1
11   Sea   Container (slow)        2023              1.1
12   Sea           Dry bulk        2023               97
13   Sea           Neo bulk        2023             0.26

