----------------------------
Doing the following analysis: 
FuelScen_carbontaxbase_lambda1_alpha0.8
----------------------------
Reading data...
Reading and constructing data
Function construct_sets Took 0.0013 seconds
Function construct_network Took 0.0049 seconds
Transport demand in the base year 2018 (in MTonnes):
             product  tot_weight
0           Dry bulk       94.86
1   Container (fast)        4.07
2   Container (slow)        9.23
3  Break bulk (fast)       11.61
4  Break bulk (slow)       15.37
5           Neo bulk       19.28
Function construct_ODD Took 0.5120 seconds
Function construct_vehicles Took 0.5606 seconds
Function construct_emission_transfer Took 0.1686 seconds
Function construct_costs Took 2.4031 seconds
Function construct_time_value Took 0.0011 seconds
Function construct_investments Took 0.0086 seconds
Function construct_charging_edges Took 0.1882 seconds
Function construct_tech_readiness Took 0.0049 seconds
Function construct_path_generation Took 0.1613 seconds
Function construct_param2 Took 0.0623 seconds
Function combined_sets Took 0.6228 seconds
Function combined_sets Took 0.5892 seconds
Done reading data.
Time used reading the base data: 17.50853657722473
Solving the first time period for initialization purposes...
Function combined_sets Took 0.1645 seconds
Set parameter Username
Academic license - for non-commercial use only - expires 2025-09-27
Read LP format model from file C:\Users\sandee\Documents\Github\STraM_ntnu_development\temp\pyomo\tmpgsuaw7qa.pyomo.lp
Reading time = 4.59 seconds
x1: 2206927 rows, 540793 columns, 7780366 nonzeros
Set parameter FeasibilityTol to value 0.0001
Set parameter MIPGap to value 0.002
Gurobi Optimizer version 11.0.0 build v11.0.0rc2 (win64 - Windows 10.0 (19045.2))

CPU model: Intel(R) Core(TM) i7-10700 CPU @ 2.90GHz, instruction set [SSE2|AVX|AVX2]
Thread count: 8 physical cores, 16 logical processors, using up to 16 threads

Optimize a model with 2206927 rows, 540793 columns and 7780366 nonzeros
Model fingerprint: 0xbc3f0be8
Coefficient statistics:
  Matrix range     [6e-06, 1e+03]
  Objective range  [1e-01, 1e+00]
  Bounds range     [0e+00, 0e+00]
  RHS range        [1e-03, 9e+01]
Presolve removed 2204267 rows and 518514 columns
Presolve time: 4.08s
Presolved: 2660 rows, 23242 columns, 201160 nonzeros

Concurrent LP optimizer: primal simplex, dual simplex, and barrier
Showing barrier log only...

Ordering time: 0.02s

Barrier statistics:
 AA' NZ     : 8.445e+04
 Factor NZ  : 1.880e+05 (roughly 12 MB of memory)
 Factor Ops : 2.596e+07 (less than 1 second per iteration)
 Threads    : 6

                  Objective                Residual
Iter       Primal          Dual         Primal    Dual     Compl     Time
   0   4.26674854e+00 -5.65025000e-01  2.86e+05 0.00e+00  1.23e+00     4s
   1   1.56946924e+00 -6.13247941e-01  6.92e+04 2.27e-02  3.11e-01     4s
   2   7.49592777e-01  6.10723261e-01  1.42e+04 1.52e-02  6.80e-02     4s
   3   8.39325503e-01  7.19825325e+00  5.24e+03 3.39e-03  2.50e-02     4s
   4   4.97431563e+00  3.02919298e+01  2.92e+03 1.40e-03  1.41e-02     4s
   5   8.63115495e+00  4.26087728e+01  2.26e+03 1.30e-03  1.08e-02     4s
   6   1.28086961e+01  3.93930892e+01  2.06e+03 1.23e-03  9.88e-03     4s
   7   2.00399418e+01  4.28764966e+01  1.62e+03 1.11e-03  7.87e-03     4s
   8   2.30447315e+01  6.37755672e+01  1.38e+03 6.43e-04  6.62e-03     4s
   9   2.40925851e+01  7.62454351e+01  1.31e+03 5.05e-04  6.34e-03     4s
  10   2.55667834e+01  8.15729541e+01  1.23e+03 4.87e-04  5.91e-03     4s
  11   2.65231593e+01  8.61681677e+01  1.18e+03 4.58e-04  5.67e-03     4s
  12   3.38662272e+01  8.99111907e+01  8.97e+02 4.11e-04  4.23e-03     4s
  13   3.94848755e+01  9.39287077e+01  7.67e+02 3.93e-04  3.56e-03     4s
  14   4.12391233e+01  1.01268662e+02  7.32e+02 3.70e-04  3.39e-03     4s
  15   4.34513273e+01  1.04288268e+02  6.95e+02 3.64e-04  3.21e-03     4s
  16   4.49496671e+01  1.11403668e+02  6.72e+02 3.48e-04  3.10e-03     4s
  17   4.91139100e+01  1.14265015e+02  6.17e+02 3.32e-04  2.83e-03     4s
  18   5.57584611e+01  1.21761313e+02  5.36e+02 2.94e-04  2.41e-03     4s
  19   5.92407688e+01  1.30553927e+02  4.95e+02 2.78e-04  2.21e-03     4s
  20   6.16149596e+01  1.38437342e+02  4.73e+02 2.68e-04  2.11e-03     4s
  21   6.74765732e+01  1.47734706e+02  4.28e+02 2.48e-04  1.88e-03     4s
  22   7.19208569e+01  1.57330300e+02  3.97e+02 2.35e-04  1.72e-03     4s
  23   7.51818897e+01  1.60312216e+02  3.77e+02 2.26e-04  1.63e-03     4s
  24   7.87565192e+01  1.66108044e+02  3.58e+02 2.16e-04  1.54e-03     4s
  25   8.26350397e+01  1.71847818e+02  3.38e+02 2.08e-04  1.44e-03     4s
  26   8.49121617e+01  1.77158709e+02  3.26e+02 2.03e-04  1.38e-03     4s
  27   8.55682778e+01  1.81046098e+02  3.23e+02 1.96e-04  1.38e-03     4s
  28   8.67810587e+01  1.81926064e+02  3.18e+02 1.92e-04  1.36e-03     4s
  29   9.08319072e+01  1.87303514e+02  3.00e+02 1.83e-04  1.25e-03     4s
  30   9.60330965e+01  1.93305216e+02  2.79e+02 1.73e-04  1.15e-03     4s
  31   1.01882095e+02  2.01458358e+02  2.57e+02 1.62e-04  1.04e-03     4s
  32   1.05742603e+02  2.05170260e+02  2.43e+02 1.59e-04  9.70e-04     4s
  33   1.09364108e+02  2.12151167e+02  2.31e+02 1.54e-04  9.13e-04     4s
  34   1.14273604e+02  2.24096133e+02  2.17e+02 1.44e-04  8.52e-04     4s
  35   1.16883066e+02  2.34335990e+02  2.10e+02 1.38e-04  8.32e-04     4s
  36   1.20742838e+02  2.44179015e+02  2.00e+02 1.32e-04  7.83e-04     4s
  37   1.23939277e+02  2.46432888e+02  1.93e+02 1.31e-04  7.38e-04     4s
  38   1.30074890e+02  2.53763107e+02  1.82e+02 1.26e-04  6.88e-04     4s
  39   1.33727575e+02  2.63842671e+02  1.76e+02 1.20e-04  6.68e-04     4s
  40   1.36968817e+02  2.69133388e+02  1.70e+02 1.18e-04  6.46e-04     4s
  41   1.39936284e+02  2.74625210e+02  1.66e+02 1.16e-04  6.22e-04     4s
  42   1.42184884e+02  2.84292079e+02  1.62e+02 1.13e-04  6.07e-04     4s
  43   1.44393629e+02  2.92779281e+02  1.59e+02 1.11e-04  6.04e-04     4s
  44   1.47980023e+02  3.00805157e+02  1.54e+02 1.09e-04  5.67e-04     4s
  45   1.50849828e+02  3.11507963e+02  1.51e+02 1.07e-04  5.62e-04     5s
  46   1.54832411e+02  3.17765386e+02  1.47e+02 1.05e-04  5.45e-04     5s
  47   1.59508796e+02  3.20244100e+02  1.42e+02 1.03e-04  5.25e-04     5s
  48   1.65280972e+02  3.28388993e+02  1.37e+02 9.92e-05  5.07e-04     5s
  49   1.69154083e+02  3.32654959e+02  1.34e+02 9.71e-05  4.94e-04     5s
  50   1.70998886e+02  3.37103729e+02  1.32e+02 9.51e-05  4.90e-04     5s
  51   1.74121790e+02  3.43302955e+02  1.29e+02 9.30e-05  4.78e-04     5s
  52   1.76146977e+02  3.46717027e+02  1.28e+02 9.20e-05  4.71e-04     5s
  53   1.78738493e+02  3.49280020e+02  1.26e+02 9.12e-05  4.61e-04     5s
  54   1.81704652e+02  3.55097260e+02  1.23e+02 8.94e-05  4.52e-04     5s
  55   1.84260004e+02  3.59316008e+02  1.21e+02 8.77e-05  4.47e-04     5s
  56   1.87493301e+02  3.65233557e+02  1.19e+02 8.63e-05  4.35e-04     5s
  57   1.91421675e+02  3.70003700e+02  1.16e+02 8.49e-05  4.24e-04     5s
  58   1.94212444e+02  3.76857881e+02  1.14e+02 8.37e-05  4.15e-04     5s
  59   1.97888930e+02  3.85347240e+02  1.12e+02 8.20e-05  4.03e-04     5s
  60   2.01289294e+02  3.86476672e+02  1.09e+02 8.08e-05  3.94e-04     5s
  61   2.03811886e+02  3.91803884e+02  1.08e+02 7.97e-05  3.88e-04     5s
  62   2.06166903e+02  3.98110477e+02  1.06e+02 7.82e-05  3.83e-04     5s
  63   2.09108403e+02  3.99955884e+02  1.05e+02 7.77e-05  3.77e-04     5s
  64   2.11682338e+02  4.05464266e+02  1.03e+02 7.62e-05  3.72e-04     5s
  65   2.14833990e+02  4.09206184e+02  1.01e+02 7.52e-05  3.65e-04     5s
  66   2.16966353e+02  4.13208360e+02  1.00e+02 7.42e-05  3.61e-04     5s
  67   2.18908236e+02  4.17529598e+02  9.93e+01 7.29e-05  3.59e-04     5s
  68   2.22098644e+02  4.19919836e+02  9.77e+01 7.22e-05  3.52e-04     5s
  69   2.23742192e+02  4.22485776e+02  9.68e+01 7.13e-05  3.49e-04     5s

Barrier performed 69 iterations in 4.69 seconds (5.52 work units)
Barrier solve interrupted - model solved by another algorithm


Solved with dual simplex
Iteration    Objective       Primal Inf.    Dual Inf.      Time
    6307    5.3711172e+02   6.300000e-03   1.391209e+11      6s
Extra simplex iterations after uncrush: 2
    6322    5.3711195e+02   0.000000e+00   0.000000e+00      7s

Solved in 6322 iterations and 6.93 seconds (10.22 work units)
Optimal objective  5.371119525e+02
the solution is feasible and optimal
Solution time: 14.502509593963623
Function combined_sets Took 0.4117 seconds
-----
Constructing full SP model...
Done constructing model.
Time used constructing the model: 87.58902621269226
----------
Solving model...
Set parameter Username
Academic license - for non-commercial use only - expires 2025-09-27
Read LP format model from file C:\Users\sandee\Documents\Github\STraM_ntnu_development\temp\pyomo\tmp7y4ce6p6.pyomo.lp
Reading time = 17.86 seconds
x1: 4554352 rows, 1834336 columns, 25949476 nonzeros
Set parameter FeasibilityTol to value 0.01
Set parameter MIPGap to value 0.002
Gurobi Optimizer version 11.0.0 build v11.0.0rc2 (win64 - Windows 10.0 (19045.2))

CPU model: Intel(R) Core(TM) i7-10700 CPU @ 2.90GHz, instruction set [SSE2|AVX|AVX2]
Thread count: 8 physical cores, 16 logical processors, using up to 16 threads

Optimize a model with 4554352 rows, 1834336 columns and 25949476 nonzeros
Model fingerprint: 0xa3f73d96
Variable types: 1834030 continuous, 306 integer (306 binary)
Coefficient statistics:
  Matrix range     [6e-06, 1e+03]
  Objective range  [1e-01, 1e+00]
  Bounds range     [1e+00, 6e+04]
  RHS range        [1e-03, 9e+01]
Presolve removed 4275901 rows and 946038 columns (presolve time = 5s) ...
Presolve removed 4353661 rows and 1037449 columns
Presolve time: 7.71s
Presolved: 200691 rows, 796887 columns, 16339455 nonzeros
Variable types: 796853 continuous, 34 integer (34 binary)
Deterministic concurrent LP optimizer: primal simplex, dual simplex, and barrier
Showing barrier log only...

Root barrier log...

Ordering time: 1.78s

Barrier statistics:
 AA' NZ     : 4.448e+06
 Factor NZ  : 1.156e+07 (roughly 400 MB of memory)
 Factor Ops : 2.854e+09 (less than 1 second per iteration)
 Threads    : 5

                  Objective                Residual
Iter       Primal          Dual         Primal    Dual     Compl     Time
   0   7.65293269e+12 -1.08864375e+13  3.89e+10 7.63e+01  2.10e+09    52s
   1   5.50575193e+12 -8.45428375e+12  2.80e+10 1.51e+02  1.50e+09    53s
   2   2.86174768e+12 -7.03402657e+12  1.46e+10 1.11e+02  7.91e+08    54s
   3   1.16633732e+12 -4.07086268e+12  5.87e+09 3.96e+01  3.38e+08    55s
   4   7.64100859e+11 -3.63053054e+12  3.82e+09 3.18e+01  2.22e+08    56s
   5   4.74165714e+11 -2.20101805e+12  2.33e+09 1.12e+01  1.36e+08    57s
   6   8.10143108e+10 -2.07513549e+12  3.35e+08 1.03e+01  2.13e+07    58s
   7   3.32219185e+10 -1.28639678e+12  8.44e+07 6.64e+00  6.33e+06    59s
   8   1.94097023e+10 -2.39527769e+11  2.56e+07 9.87e-01  1.77e+06    60s
   9   1.19209643e+10 -5.94634140e+10  9.46e+06 1.89e-01  6.34e+05    61s
  10   8.84707474e+09 -3.76333874e+10  5.79e+06 1.11e-01  3.92e+05    62s
  11   7.65293269e+12 -1.08864375e+13  3.89e+10 7.63e+01  2.10e+09    63s
  12   3.54080834e+12 -4.14528899e+12  1.81e+10 9.41e+01  6.13e+08    64s
  13   7.75014068e+11 -3.07587873e+12  3.66e+09 7.13e+01  1.15e+08    65s
  14   1.50111646e+11 -5.58251820e+11  6.20e+08 1.33e+01  1.13e+07    66s
  15   3.03262705e+10 -1.29760872e+11  7.53e+07 3.34e+00  1.16e+06    67s
  16   2.26006544e+10 -1.12977812e+11  4.54e+07 2.95e+00  7.57e+05    68s
  17   1.28336571e+10 -5.59768636e+10  2.09e+07 1.52e+00  3.32e+05    69s
  18   7.31996842e+09 -2.44676973e+10  9.41e+06 7.17e-01  1.41e+05    70s
  19   6.22494295e+09 -1.48156837e+10  7.53e+06 4.49e-01  1.02e+05    71s
  20   4.22864645e+09 -8.09081914e+09  4.65e+06 2.58e-01  5.85e+04    72s
  21   2.54446947e+09 -6.15387881e+09  2.48e+06 2.01e-01  3.23e+04    72s
  22   1.77820076e+09 -1.55281951e+09  1.56e+06 6.30e-02  1.64e+04    73s
  23   1.30943037e+09 -8.28832723e+08  1.13e+06 3.62e-02  1.07e+04    75s
  24   1.27889489e+09 -5.86584381e+08  1.10e+06 2.64e-02  9.80e+03    76s
  25   7.67616288e+08 -1.90227403e+08  6.52e+05 7.95e-03  4.84e+03    77s
  26   3.78617036e+08 -1.22422828e+08  3.40e+05 4.43e-03  2.35e+03    78s
  27   9.25546947e+07 -8.10363809e+07  9.93e+04 2.45e-03  6.55e+02    79s
  28   2.37891082e+07 -3.42409236e+07  3.23e+04 8.14e-04  1.64e+02    80s
  29   5.69089500e+06 -1.18063751e+07  1.00e+04 2.05e-04  3.57e+01    81s
  30   3.02853872e+06 -6.75849863e+06  5.81e+03 8.46e-05  1.76e+01    81s
  31   8.34552113e+05 -1.57024645e+06  2.01e+03 6.34e-13  3.85e+00    83s
  32   4.48709089e+05 -7.71516688e+05  1.16e+03 3.51e-13  1.86e+00    83s
  33   1.38218949e+05 -3.75446875e+05  3.73e+02 1.76e-13  6.24e-01    85s
  34   6.84467170e+04 -2.99996651e+05  1.81e+02 1.36e-13  3.77e-01    86s
  35   3.18535785e+04 -2.01316446e+05  7.88e+01 9.37e-14  2.09e-01    87s
  36   2.47496969e+04 -1.45123353e+05  5.81e+01 7.44e-14  1.51e-01    88s
  37   1.77439536e+04 -1.08950608e+05  3.79e+01 5.40e-14  1.08e-01    89s
  38   1.51928902e+04 -8.71503821e+04  3.05e+01 6.32e-14  8.65e-02    90s
  39   1.35924381e+04 -7.56074727e+04  2.59e+01 5.81e-14  7.47e-02    92s
  40   1.24189389e+04 -6.50052040e+04  2.26e+01 6.24e-14  6.46e-02    93s
  41   1.15978440e+04 -5.01798902e+04  2.02e+01 4.08e-14  5.24e-02    95s
  42   9.75276772e+03 -3.75610786e+04  1.52e+01 6.35e-14  3.95e-02    96s
  43   8.45061014e+03 -2.71255999e+04  1.17e+01 6.02e-14  2.95e-02    98s
  44   8.00062014e+03 -2.12218675e+04  1.05e+01 5.13e-14  2.44e-02   100s
  45   7.41295188e+03 -1.91382542e+04  9.06e+00 5.53e-14  2.19e-02   101s
  46   7.05774028e+03 -1.70529685e+04  8.25e+00 7.03e-14  1.98e-02   103s
  47   6.82461248e+03 -1.60488957e+04  7.74e+00 1.01e-13  1.87e-02   104s
  48   6.67744483e+03 -1.52914594e+04  7.40e+00 8.86e-14  1.80e-02   106s
  49   6.18428726e+03 -1.31053182e+04  6.31e+00 1.05e-13  1.56e-02   108s
  50   5.83805884e+03 -1.10714336e+04  5.65e+00 1.38e-13  1.37e-02   109s
  51   5.24402765e+03 -1.01058601e+04  4.45e+00 1.67e-13  1.21e-02   111s
  52   5.05475672e+03 -9.40382272e+03  4.09e+00 1.39e-13  1.13e-02   113s
  53   4.68728045e+03 -8.93441715e+03  3.35e+00 1.26e-13  1.05e-02   114s
  54   4.59131387e+03 -7.40574119e+03  3.17e+00 1.43e-13  9.27e-03   116s
  55   4.33388791e+03 -5.64585195e+03  2.70e+00 1.42e-13  7.71e-03   118s
  56   4.15626111e+03 -5.18280310e+03  2.37e+00 1.49e-13  7.15e-03   120s
  57   4.08185867e+03 -3.99792819e+03  2.24e+00 1.72e-13  6.23e-03   122s
  58   4.05155570e+03 -3.82581484e+03  2.18e+00 1.77e-13  6.08e-03   123s
  59   3.97552118e+03 -3.03786792e+03  2.05e+00 2.35e-13  5.43e-03   125s
  60   3.72769627e+03 -2.41698031e+03  1.61e+00 1.69e-13  4.68e-03   126s
  61   3.60754653e+03 -1.65233005e+03  1.40e+00 1.67e-13  4.00e-03   128s
  62   3.57708852e+03 -1.38505735e+03  1.34e+00 1.74e-13  3.78e-03   129s
  63   3.49856728e+03 -9.00782882e+02  1.20e+00 2.14e-13  3.35e-03   131s
  64   3.44022929e+03 -5.64803184e+02  1.09e+00 1.77e-13  3.04e-03   132s
  65   3.38417898e+03 -2.39107832e+02  9.92e-01 1.50e-13  2.75e-03   134s
  66   3.36534944e+03  1.18942104e+01  9.57e-01 1.73e-13  2.55e-03   135s
  67   3.34949602e+03  3.12949853e+02  9.28e-01 1.32e-13  2.32e-03   136s
  68   3.24420249e+03  5.70353477e+02  7.28e-01 1.46e-13  2.01e-03   137s
  69   3.22962896e+03  7.67200025e+02  7.01e-01 1.65e-13  1.86e-03   138s
  70   3.14586778e+03  1.04462035e+03  5.43e-01 1.25e-13  1.57e-03   140s
  71   3.11061561e+03  1.19783672e+03  4.76e-01 1.04e-13  1.42e-03   141s
  72   3.08917418e+03  1.42872491e+03  4.34e-01 9.28e-14  1.23e-03   142s
  73   3.06704621e+03  1.55992394e+03  3.93e-01 1.10e-13  1.12e-03   143s
  74   3.03926761e+03  1.68988664e+03  3.42e-01 1.30e-11  9.97e-04   145s
  75   3.01853853e+03  1.83061792e+03  3.03e-01 1.78e-11  8.77e-04   146s
  76   2.98581716e+03  1.96454106e+03  2.44e-01 3.93e-11  7.48e-04   147s
  77   2.96858117e+03  2.02734011e+03  2.13e-01 1.20e-10  6.86e-04   148s
  78   2.95699954e+03  2.10207146e+03  1.92e-01 1.74e-10  6.22e-04   149s
  79   2.93627565e+03  2.20225849e+03  1.57e-01 3.57e-10  5.31e-04   150s
  80   2.92217633e+03  2.24964101e+03  1.33e-01 5.13e-10  4.84e-04   151s
  81   2.91407030e+03  2.30659229e+03  1.20e-01 7.06e-10  4.37e-04   152s
  82   2.90694646e+03  2.36004228e+03  1.09e-01 9.38e-10  3.93e-04   153s
  83   2.90044106e+03  2.43522046e+03  9.85e-02 1.27e-09  3.36e-04   154s
  84   2.89077857e+03  2.51553312e+03  8.36e-02 1.73e-09  2.72e-04   155s
  85   2.87616375e+03  2.61344117e+03  6.20e-02 2.41e-09  1.91e-04   156s
  86   2.86565082e+03  2.65059264e+03  4.54e-02 2.55e-09  1.55e-04   157s
  87   2.85966738e+03  2.69937269e+03  3.44e-02 2.59e-09  1.15e-04   158s
  88   2.85619019e+03  2.72010120e+03  2.74e-02 2.47e-09  9.72e-05   160s
  89   2.85507817e+03  2.73084380e+03  2.35e-02 2.35e-09  8.83e-05   161s
  90   2.85473167e+03  2.73866674e+03  2.21e-02 2.24e-09  8.26e-05   162s
  91   2.85370633e+03  2.74851734e+03  1.86e-02 2.16e-09  7.45e-05   163s
  92   2.85347079e+03  2.75305934e+03  1.69e-02 2.11e-09  7.09e-05   164s
  93   2.85247093e+03  2.75766799e+03  1.55e-02 2.07e-09  6.68e-05   166s
  94   2.85133684e+03  2.76542181e+03  1.41e-02 2.22e-09  6.05e-05   167s
  95   2.85044861e+03  2.77011839e+03  1.30e-02 2.25e-09  5.65e-05   168s
  96   2.84927382e+03  2.77560715e+03  1.13e-02 2.33e-09  5.17e-05   169s
  97   2.84869279e+03  2.77983637e+03  1.03e-02 2.39e-09  4.83e-05   170s
  98   2.84822548e+03  2.78239353e+03  9.54e-03 2.40e-09  4.61e-05   171s
  99   2.84797077e+03  2.78418499e+03  9.09e-03 2.39e-09  4.46e-05   172s
 100   2.84707079e+03  2.80466644e+03  7.39e-03 2.36e-09  2.99e-05   173s
 101   2.84602332e+03  2.80744492e+03  5.21e-03 2.26e-09  2.69e-05   174s
 102   2.84546668e+03  2.81669189e+03  3.95e-03 1.90e-09  2.00e-05   176s
 103   2.84543161e+03  2.81846778e+03  3.87e-03 1.83e-09  1.88e-05   177s
 104   2.84523389e+03  2.81882385e+03  3.22e-03 1.81e-09  1.83e-05   178s
 105   2.84488266e+03  2.82764290e+03  2.12e-03 1.22e-09  1.19e-05   179s
 106   2.84463155e+03  2.83392951e+03  9.82e-04 7.48e-10  7.33e-06   180s
 107   2.84451226e+03  2.83715531e+03  3.68e-04 5.11e-10  4.97e-06   181s
 108   2.84448839e+03  2.84087761e+03  2.34e-04 8.01e-10  2.45e-06   182s
 109   2.84446342e+03  2.84228898e+03  1.33e-04 9.17e-10  1.48e-06   183s
 110   2.84444214e+03  2.84318080e+03  5.94e-05 1.08e-09  8.53e-07   184s
 111   2.84443033e+03  2.84392925e+03  2.41e-05 8.94e-10  3.40e-07   185s
 112   2.84442567e+03  2.84415676e+03  1.16e-05 5.05e-10  1.82e-07   186s
 113   2.84442326e+03  2.84424119e+03  5.24e-06 3.83e-10  1.23e-07   187s
 114   2.84442217e+03  2.84436356e+03  2.90e-06 1.45e-09  3.98e-08   188s
 115   2.84442112e+03  2.84440164e+03  1.16e-06 1.75e-09  1.33e-08   189s
 116   2.84442058e+03  2.84441227e+03  3.33e-07 8.51e-11  5.64e-09   190s
 117   2.84442040e+03  2.84441876e+03  8.19e-08 1.13e-09  1.13e-09   191s
 118   2.84442035e+03  2.84442008e+03  1.68e-08 3.42e-10  1.90e-10   192s
 119   2.84442034e+03  2.84442031e+03  4.76e-09 7.57e-10  2.40e-11   194s
 120   2.84442033e+03  2.84442033e+03  6.27e-10 1.84e-10  5.34e-13   195s

Barrier solved model in 120 iterations and 195.01 seconds (117.62 work units)
Optimal objective 2.84442033e+03


Root crossover log...

    8939 DPushes remaining with DInf 0.0000000e+00               196s
       0 DPushes remaining with DInf 0.0000000e+00               196s

   39035 PPushes remaining with PInf 2.6704988e+04               196s
    9749 PPushes remaining with PInf 1.7249688e+04               197s

  Push phase complete: Pinf 1.7249688e+04, Dinf 7.5048583e+01    197s


Root simplex log...

Iteration    Objective       Primal Inf.    Dual Inf.      Time
   34493    2.5282614e+03   5.584381e+05   0.000000e+00    198s
   37985    2.5306382e+03   6.200028e+04   0.000000e+00    200s
   46895    2.5308189e+03   3.321721e+04   0.000000e+00    205s
   51125    2.5308981e+03   1.910912e+04   0.000000e+00    211s
   52565    2.5309021e+03   5.995405e+04   0.000000e+00    216s
   55635    2.5309415e+03   2.041885e+05   0.000000e+00    221s
   57685    2.5311537e+03   4.291010e+04   0.000000e+00    225s
   60985    2.5311720e+03   4.350707e+04   0.000000e+00    231s
   62685    2.5311780e+03   2.655234e+04   0.000000e+00    235s
   64995    2.5311850e+03   7.010105e+04   0.000000e+00    241s
   67295    2.5312439e+03   2.272589e+04   0.000000e+00    245s
   69715    2.5312497e+03   5.306082e+04   0.000000e+00    251s
   71455    2.5312596e+03   1.095432e+05   0.000000e+00    257s
   72785    2.5312747e+03   4.435832e+04   0.000000e+00    261s
   73785    2.5312780e+03   1.650864e+04   0.000000e+00    265s
   76447    2.5313655e+03   1.353038e+05   0.000000e+00    271s
   77237    2.5313691e+03   5.252662e+04   0.000000e+00    275s
   78197    2.5313732e+03   5.616340e+04   0.000000e+00    281s
   79647    2.5313792e+03   8.054538e+04   0.000000e+00    286s
   80417    2.5313839e+03   2.605433e+04   0.000000e+00    291s
   82007    2.5313919e+03   3.789389e+04   0.000000e+00    296s
   84467    2.5315280e+03   4.920087e+04   0.000000e+00    301s
   85687    2.5315316e+03   2.665132e+04   0.000000e+00    306s
   86567    2.5315342e+03   5.978606e+04   0.000000e+00    311s
   87607    2.5315387e+03   5.004571e+04   0.000000e+00    316s
   89337    2.5315692e+03   8.350500e+04   0.000000e+00    321s
   90367    2.5315736e+03   2.882304e+04   0.000000e+00    326s
   91157    2.5315765e+03   3.543128e+04   0.000000e+00    330s
   92287    2.5315832e+03   1.279353e+05   0.000000e+00    336s
   94447    2.5316952e+03   3.388666e+04   0.000000e+00    341s
   95387    2.5316987e+03   5.642335e+04   0.000000e+00    345s
   96307    2.5317308e+03   1.896214e+05   0.000000e+00    350s
   98477    2.5317794e+03   2.422766e+04   0.000000e+00    357s
   99077    2.5317828e+03   3.248260e+04   0.000000e+00    360s
  100387    2.5317906e+03   9.368089e+04   0.000000e+00    365s
  102487    2.5318741e+03   5.505495e+04   0.000000e+00    370s
  103517    2.5318796e+03   2.926257e+04   0.000000e+00    376s
  105407    2.5319170e+03   2.064764e+04   0.000000e+00    381s
  107437    2.5320385e+03   6.666445e+04   0.000000e+00    386s
  108987    2.5321638e+03   4.187631e+04   0.000000e+00    391s
  110267    2.5321715e+03   1.576958e+04   0.000000e+00    397s
  110897    2.5321739e+03   1.491034e+04   0.000000e+00    401s
  111547    2.5321765e+03   1.693523e+04   0.000000e+00    407s
  112957    2.5323910e+03   2.455735e+04   0.000000e+00    410s
  113987    2.5323954e+03   3.355654e+04   0.000000e+00    416s
  114937    2.5323991e+03   8.354547e+04   0.000000e+00    422s
  115487    2.5324016e+03   3.060239e+04   0.000000e+00    425s
  116197    2.5324047e+03   4.005506e+04   0.000000e+00    430s
  117227    2.5324101e+03   3.186694e+04   0.000000e+00    436s
  117907    2.5324132e+03   3.019617e+04   0.000000e+00    441s
  118667    2.5324175e+03   4.793113e+04   0.000000e+00    446s
  119707    2.5324226e+03   3.003344e+04   0.000000e+00    451s
  120617    2.5324278e+03   1.676442e+04   0.000000e+00    456s
  121467    2.5324332e+03   4.952818e+04   0.000000e+00    461s
  122477    2.5324628e+03   4.406840e+04   0.000000e+00    465s
  123337    2.5324738e+03   2.888650e+04   0.000000e+00    470s
  124777    2.5325313e+03   1.255712e+04   0.000000e+00    476s
  125587    2.5325562e+03   1.233976e+04   0.000000e+00    481s
  126617    2.5325612e+03   1.601312e+04   0.000000e+00    486s
  127477    2.5325653e+03   2.013897e+04   0.000000e+00    491s
  128497    2.5325822e+03   4.081799e+04   0.000000e+00    495s
  129297    2.5325859e+03   1.585647e+04   0.000000e+00    500s
  130667    2.5326733e+03   1.324251e+04   0.000000e+00    506s
  131577    2.5326765e+03   8.783088e+03   0.000000e+00    510s
  132407    2.5326867e+03   1.030498e+04   0.000000e+00    515s
  133447    2.5326911e+03   3.092455e+04   0.000000e+00    521s
  134227    2.5327284e+03   1.597309e+04   0.000000e+00    526s
  135087    2.5327477e+03   1.340604e+04   0.000000e+00    531s
  135677    2.5327498e+03   5.014042e+04   0.000000e+00    536s
  136387    2.5327523e+03   7.462155e+03   0.000000e+00    541s
  137387    2.5328220e+03   5.986298e+03   0.000000e+00    547s
  138377    2.5329099e+03   8.122383e+03   0.000000e+00    551s
  139147    2.5329122e+03   1.105600e+04   0.000000e+00    555s
  140127    2.5329854e+03   1.314538e+04   0.000000e+00    561s
  140877    2.5329883e+03   7.564210e+03   0.000000e+00    566s
  141607    2.5329912e+03   8.032557e+04   0.000000e+00    570s
  142317    2.5330009e+03   1.174248e+04   0.000000e+00    575s
  143357    2.5330188e+03   8.481638e+03   0.000000e+00    581s
  144257    2.5330218e+03   3.942198e+03   0.000000e+00    586s
  145017    2.5330239e+03   5.451313e+03   0.000000e+00    590s
  146247    2.5331335e+03   2.640680e+03   0.000000e+00    596s
  147007    2.5331598e+03   5.025082e+03   0.000000e+00    601s
  147657    2.5331682e+03   2.358229e+03   0.000000e+00    605s
  148647    2.5331705e+03   1.655512e+03   0.000000e+00    611s
  149367    2.5331714e+03   3.502856e+03   0.000000e+00    616s
  150127    2.5331762e+03   1.076753e+03   0.000000e+00    620s
  151027    2.5331770e+03   5.089513e+02   0.000000e+00    626s
  151727    2.5331776e+03   6.738852e+01   0.000000e+00    630s
  152537    2.5331780e+03   8.818461e-01   0.000000e+00    635s
  152774    2.5322059e+03   0.000000e+00   0.000000e+00    637s
Concurrent spin time: 15.57s

Solved with dual simplex

Root simplex log...

Iteration    Objective       Primal Inf.    Dual Inf.      Time
  225813    2.4513928e+03   0.000000e+00   7.591205e+05    655s
  230540    2.4530930e+03   5.579509e+04   0.000000e+00    660s
  233200    2.4531588e+03   6.067908e+03   0.000000e+00    665s
  235800    2.4531717e+03   5.931996e+01   0.000000e+00    670s
  237709    2.4531576e+03   0.000000e+00   0.000000e+00    675s
Extra simplex iterations after uncrush: 14115

Root relaxation: objective 2.453158e+03, 237709 iterations, 635.96 seconds (391.79 work units)

    Nodes    |    Current Node    |     Objective Bounds      |     Work
 Expl Unexpl |  Obj  Depth IntInf | Incumbent    BestBd   Gap | It/Node Time

     0     0 2453.15764    0    4          - 2453.15764      -     -  675s
H    0     0                    2453.1911205 2453.15764  0.00%     -  677s

Explored 1 nodes (237709 simplex iterations) in 679.27 seconds (436.47 work units)
Thread count was 16 (of 16 available processors)

Solution count 2: 2453.19 2453.19 

Optimal solution found (tolerance 2.00e-03)
Warning: max constraint violation (8.6949e-02) exceeds tolerance
Warning: max bound violation (7.9800e-02) exceeds tolerance
Best objective 2.453191120527e+03, best bound 2.453191120527e+03, gap 0.0000%
the solution is feasible and optimal
Solution time: 704.5300688743591
Done solving model.
Time used solving the model: 789.6686630249023
----------Dumping data in pickle file...done.
Dumping results in pickle file.....done.
objective function value:  2453.1911205268916
objective function value normalized (Billion EURO):  245.32
                         2023                                            \
                           OO     OB     OP     BO     BB     BP     PO   
LCOT                    4.294  4.294  4.294  4.294  4.294  4.294  4.294   
LCOT (Empty Trips)      1.234  1.234  1.234  1.234  1.234  1.234  1.234   
Emission                0.394  0.394  0.394  0.394  0.394  0.394  0.394   
Emission (Empty Trips)  0.176  0.176  0.176  0.176  0.176  0.176  0.176   
CO2_Penalty             0.000  0.000  0.000  0.000  0.000  0.000  0.000   
Time value              1.341  1.341  1.341  1.341  1.341  1.341  1.341   
Transfer                2.056  2.056  2.056  2.056  2.056  2.056  2.056   
RailTrack               0.116  0.116  0.116  0.116  0.116  0.116  0.116   
Terminal                0.041  0.041  0.041  0.041  0.041  0.041  0.041   
RailElectr.             0.000  0.000  0.000  0.000  0.000  0.000  0.000   
Charging                0.000  0.000  0.000  0.000  0.000  0.000  0.000   
H2_Filling              0.000  0.000  0.000  0.000  0.000  0.000  0.000   

                                       2028                              \
                           PB     PP     OO     OB     OP     BO     BB   
LCOT                    4.294  4.294  4.788  4.788  4.788  4.788  4.788   
LCOT (Empty Trips)      1.234  1.234  1.075  1.075  1.075  1.075  1.075   
Emission                0.394  0.394  0.902  0.902  0.902  0.902  0.902   
Emission (Empty Trips)  0.176  0.176  0.249  0.249  0.249  0.249  0.249   
CO2_Penalty             0.000  0.000  0.000  0.000  0.000  0.000  0.000   
Time value              1.341  1.341  1.629  1.629  1.629  1.629  1.629   
Transfer                2.056  2.056  2.610  2.610  2.610  2.610  2.610   
RailTrack               0.116  0.116  0.000  0.000  0.000  0.000  0.000   
Terminal                0.041  0.041  0.031  0.031  0.031  0.031  0.031   
RailElectr.             0.000  0.000  0.000  0.000  0.000  0.000  0.000   
Charging                0.000  0.000  0.006  0.006  0.006  0.006  0.006   
H2_Filling              0.000  0.000  0.000  0.000  0.000  0.000  0.000   

                                                     2034                \
                           BP     PO     PB     PP     OO     OB     OP   
LCOT                    4.788  4.788  4.788  4.788  4.915  4.400  4.893   
LCOT (Empty Trips)      1.075  1.075  1.075  1.075  0.954  0.874  1.023   
Emission                0.902  0.902  0.902  0.902  0.863  1.157  1.139   
Emission (Empty Trips)  0.249  0.249  0.249  0.249  0.267  0.293  0.300   
CO2_Penalty             0.000  0.000  0.000  0.000  0.000  0.000  0.000   
Time value              1.629  1.629  1.629  1.629  1.997  2.030  1.898   
Transfer                2.610  2.610  2.610  2.610  3.422  3.710  3.214   
RailTrack               0.000  0.000  0.000  0.000  0.000  0.000  0.000   
Terminal                0.031  0.031  0.031  0.031  0.000  0.000  0.000   
RailElectr.             0.000  0.000  0.000  0.000  0.000  0.000  0.000   
Charging                0.006  0.006  0.006  0.006  0.043 -0.000  0.000   
H2_Filling              0.000  0.000  0.000  0.000  0.000  0.000  0.000   

                                                                   2040  \
                           BO     BB     BP     PO     PB     PP     OO   
LCOT                    5.464  5.498  5.516  5.619  5.746  5.905  5.039   
LCOT (Empty Trips)      1.213  1.231  1.219  1.262  1.337  1.273  0.955   
Emission                0.863  0.847  0.860  0.952  0.739  0.669  1.077   
Emission (Empty Trips)  0.230  0.228  0.232  0.173  0.160  0.231  0.270   
CO2_Penalty             0.000  0.000  0.000  0.000  0.000  0.000  0.000   
Time value              1.909  1.904  1.915  1.912  1.909  1.908  2.066   
Transfer                3.007  2.990  3.008  3.080  3.006  3.002  3.581   
RailTrack               0.000  0.000  0.000  0.000  0.000  0.000  0.000   
Terminal               -0.001  0.007  0.000  0.000  0.000  0.000  0.011   
RailElectr.             0.000  0.000  0.000  0.000  0.000  0.000  0.000   
Charging                0.054  0.053  0.054  0.009  0.054  0.054  0.008   
H2_Filling             -0.000  0.000  0.000  0.000  0.000  0.000  0.000   

                                                                         \
                           OB     OP     BO     BB     BP     PO     PB   
LCOT                    4.760  4.743  5.694  5.382  5.854  6.044  6.085   
LCOT (Empty Trips)      0.917  0.927  1.238  1.144  1.243  1.348  1.425   
Emission                1.130  1.161  0.725  0.848  0.668  0.455  0.429   
Emission (Empty Trips)  0.293  0.294  0.221  0.214  0.221  0.016  0.044   
CO2_Penalty             0.000  0.000  0.000  0.000  0.000  0.000  0.000   
Time value              2.126  2.135  2.017  2.077  2.012  2.007  2.022   
Transfer                3.771  3.584  2.864  3.300  2.889  2.989  2.943   
RailTrack               0.000  0.000  0.000  0.000  0.000  0.000  0.000   
Terminal                0.010  0.009  0.002  0.000  0.000  0.003  0.000   
RailElectr.             0.000  0.000  0.000  0.000  0.000  0.000  0.000   
Charging               -0.000 -0.000  0.087  0.072  0.086  0.085  0.086   
H2_Filling              0.000  0.000  0.001  0.000  0.001  0.000  0.001   

                                2050                                     \
                           PP     OO     OB     OP     BO     BB     BP   
LCOT                    6.336  5.508  5.621  6.024  6.650  6.460  6.801   
LCOT (Empty Trips)      1.319  1.000  1.011  1.093  1.380  1.465  1.536   
Emission                0.360  1.192  0.875  0.924  0.735  0.539  0.369   
Emission (Empty Trips)  0.205  0.281  0.247  0.251  0.217  0.028 -0.000   
CO2_Penalty             0.000  0.000  0.000  0.000  0.000  0.000  0.000   
Time value              2.011  2.493  2.541  2.446  2.381  2.407  2.384   
Transfer                2.885  4.063  4.193  3.969  3.160  3.306  3.160   
RailTrack               0.000  0.000  0.000  0.000  0.000  0.000  0.000   
Terminal                0.000  0.000  0.000  0.000  0.000  0.000  0.000   
RailElectr.             0.000  0.000  0.000  0.000  0.000  0.000  0.000   
Charging                0.086  0.004  0.004  0.000  0.022  0.058  0.061   
H2_Filling              0.001  0.000  0.003  0.002  0.003  0.000  0.001   

                                              2023        2028                \
                           PO     PB     PP   mean  std   mean           std   
LCOT                    6.737  6.837  7.036  4.294  0.0  4.788  0.000000e+00   
LCOT (Empty Trips)      1.455  1.484  1.535  1.234  0.0  1.075  0.000000e+00   
Emission                0.132  0.129  0.058  0.394  0.0  0.902  0.000000e+00   
Emission (Empty Trips)  0.000  0.000  0.000  0.176  0.0  0.249  0.000000e+00   
CO2_Penalty             0.000  0.000  0.000  0.000  0.0  0.000  0.000000e+00   
Time value              2.406  2.383  2.383  1.341  0.0  1.629  0.000000e+00   
Transfer                3.302  3.159  3.162  2.056  0.0  2.610  0.000000e+00   
RailTrack               0.000  0.000  0.000  0.116  0.0  0.000  0.000000e+00   
Terminal                0.000  0.000  0.000  0.041  0.0  0.031  3.679904e-18   
RailElectr.             0.000  0.000  0.000  0.000  0.0  0.000  0.000000e+00   
Charging                0.013  0.061  0.061  0.000  0.0  0.006  0.000000e+00   
H2_Filling              0.003  0.001  0.001  0.000  0.0  0.000  0.000000e+00   

                            2034                2040                2050  \
                            mean       std      mean       std      mean   
LCOT                    5.328444  0.486833  5.548556  0.594336  6.408222   
LCOT (Empty Trips)      1.154000  0.161443  1.168444  0.193262  1.328778   
Emission                0.898778  0.162899  0.761444  0.311887  0.550333   
Emission (Empty Trips)  0.234889  0.047672  0.197556  0.101011  0.113778   
CO2_Penalty             0.000000  0.000000  0.000000  0.000000  0.000000   
Time value              1.931333  0.047550  2.052556  0.050762  2.424889   
Transfer                3.159889  0.251136  3.200667  0.361951  3.497111   
RailTrack               0.000000  0.000000  0.000000  0.000000  0.000000   
Terminal                0.000667  0.002398  0.003889  0.004729  0.000000   
RailElectr.             0.000000  0.000000  0.000000  0.000000  0.000000   
Charging                0.035667  0.024885  0.056667  0.040820  0.031556   
H2_Filling              0.000000  0.000000  0.000444  0.000527  0.001556   

                                  
                             std  
LCOT                    0.556687  
LCOT (Empty Trips)      0.226755  
Emission                0.406017  
Emission (Empty Trips)  0.129584  
CO2_Penalty             0.000000  
Time value              0.057392  
Transfer                0.440975  
RailTrack               0.000000  
Terminal                0.000000  
RailElectr.             0.000000  
Charging                0.027951  
H2_Filling              0.001236  
                       2023     2028      2034      2040      2050     
                       mean std mean  std mean  std mean  std mean  std
LCOT                    4.3   0  4.8    0  5.3 0.49  5.5 0.59  6.4 0.56
LCOT (Empty Trips)      1.2   0  1.1    0  1.1 0.16  1.2 0.19  1.3 0.23
Emission               0.39   0  0.9    0  0.9 0.16 0.76 0.31 0.55 0.41
Emission (Empty Trips) 0.18   0 0.25    0 0.23 0.05  0.2  0.1 0.11 0.13
CO2_Penalty               0   0    0    0    0    0    0    0    0    0
Time value              1.3   0  1.6    0  1.9 0.05    2 0.05  2.4 0.06
Transfer                2.1   0  2.6    0  3.2 0.25  3.2 0.36  3.5 0.44
RailTrack              0.12   0    0    0    0    0    0    0    0    0
Terminal               0.04   0 0.03    0    0    0    0    0    0    0
RailElectr.               0   0    0    0    0    0    0    0    0    0
Charging                  0   0 0.01    0 0.04 0.02 0.06 0.04 0.03 0.03
H2_Filling                0   0    0    0    0    0    0    0    0    0
discount_factor           1   1 0.83 0.83 0.66 0.66 0.53 0.53 0.36 0.36
emissions (MTonnes CO2 eq.):
             AvgEmission     Std  AvgEmission_perc  Std_perc
time_period                                                 
2023                 7.2       0             1e+02         0
2028                 6.6 2.4e-09                91   3.3e-08
2034                 5.4    0.92                74        13
2040                 4.5     1.9                63        26
2050                 3.1     2.5                43        35
----------------
Average transport work in GTONNES*km:
    mode            product time_period TransportArbeid
0   Rail  Break bulk (fast)        2023        -0.00083
1   Rail           Dry bulk        2023             9.6
2   Rail           Neo bulk        2023          0.0056
3   Road  Break bulk (fast)        2023             5.5
4   Road  Break bulk (slow)        2023             5.9
5   Road   Container (fast)        2023               2
6   Road   Container (slow)        2023             2.7
7   Road           Dry bulk        2023            0.56
8   Road           Neo bulk        2023              12
9    Sea  Break bulk (fast)        2023           0.091
10   Sea  Break bulk (slow)        2023            0.88
11   Sea   Container (fast)        2023             0.1
12   Sea   Container (slow)        2023               1
13   Sea           Dry bulk        2023              97
14   Sea           Neo bulk        2023            0.26

