----------------------------
Doing the following analysis: 
FuelScen_carbontaxbase_lambda0.3_alpha0.8_emissioncap
----------------------------
Reading data...
Reading and constructing data
Function construct_sets Took 0.0013 seconds
Function construct_network Took 0.0047 seconds
Transport demand in the base year 2018 (in MTonnes):
             product  tot_weight
0           Dry bulk       94.86
1   Container (fast)        4.07
2   Container (slow)        9.23
3  Break bulk (fast)       11.61
4  Break bulk (slow)       15.37
5           Neo bulk       19.28
Function construct_ODD Took 0.5094 seconds
Function construct_vehicles Took 0.5345 seconds
Function construct_emission_transfer Took 0.1597 seconds
Function construct_costs Took 2.2829 seconds
Function construct_time_value Took 0.0011 seconds
Function construct_investments Took 0.0086 seconds
Function construct_charging_edges Took 0.1869 seconds
Function construct_tech_readiness Took 0.0048 seconds
Function construct_path_generation Took 0.1567 seconds
Function construct_param2 Took 0.0606 seconds
Function combined_sets Took 0.4218 seconds
Function combined_sets Took 0.4305 seconds
Done reading data.
Time used reading the base data: 17.215635776519775
Solving the first time period for initialization purposes...
Function combined_sets Took 0.1792 seconds
Set parameter Username
Academic license - for non-commercial use only - expires 2025-09-27
Read LP format model from file C:\Users\sandee\Documents\Github\STraM_ntnu_development\temp\pyomo\tmp58pk2bok.pyomo.lp
Reading time = 4.60 seconds
x1: 2206927 rows, 540793 columns, 7780366 nonzeros
Set parameter FeasibilityTol to value 0.0001
Set parameter MIPGap to value 0.002
Gurobi Optimizer version 11.0.0 build v11.0.0rc2 (win64 - Windows 10.0 (19045.2))

CPU model: Intel(R) Core(TM) i7-10700 CPU @ 2.90GHz, instruction set [SSE2|AVX|AVX2]
Thread count: 8 physical cores, 16 logical processors, using up to 16 threads

Optimize a model with 2206927 rows, 540793 columns and 7780366 nonzeros
Model fingerprint: 0xa8df961e
Coefficient statistics:
  Matrix range     [6e-06, 1e+03]
  Objective range  [8e-02, 3e-01]
  Bounds range     [0e+00, 0e+00]
  RHS range        [1e-03, 9e+01]
Presolve removed 2204267 rows and 518514 columns
Presolve time: 4.33s
Presolved: 2660 rows, 23242 columns, 201160 nonzeros

Concurrent LP optimizer: primal simplex, dual simplex, and barrier
Showing barrier log only...

Ordering time: 0.02s

Barrier statistics:
 AA' NZ     : 8.445e+04
 Factor NZ  : 1.880e+05 (roughly 12 MB of memory)
 Factor Ops : 2.596e+07 (less than 1 second per iteration)
 Threads    : 6

                  Objective                Residual
Iter       Primal          Dual         Primal    Dual     Compl     Time
   0   4.26674854e+00 -5.65025000e-01  2.86e+05 0.00e+00  1.23e+00     4s
   1   1.56946924e+00 -6.13247941e-01  6.92e+04 2.27e-02  3.11e-01     4s
   2   7.49592777e-01  6.10723261e-01  1.42e+04 1.52e-02  6.80e-02     4s
   3   8.39325503e-01  7.19825325e+00  5.24e+03 3.39e-03  2.50e-02     4s
   4   4.97431563e+00  3.02919298e+01  2.92e+03 1.40e-03  1.41e-02     4s
   5   8.63115495e+00  4.26087728e+01  2.26e+03 1.30e-03  1.08e-02     5s
   6   1.28086961e+01  3.93930892e+01  2.06e+03 1.23e-03  9.88e-03     5s
   7   2.00399418e+01  4.28764966e+01  1.62e+03 1.11e-03  7.87e-03     5s
   8   2.30447315e+01  6.37755672e+01  1.38e+03 6.43e-04  6.62e-03     5s
   9   2.40925851e+01  7.62454351e+01  1.31e+03 5.05e-04  6.34e-03     5s
  10   2.55667834e+01  8.15729541e+01  1.23e+03 4.87e-04  5.91e-03     5s
  11   2.65231593e+01  8.61681677e+01  1.18e+03 4.58e-04  5.67e-03     5s
  12   3.38662272e+01  8.99111907e+01  8.97e+02 4.11e-04  4.23e-03     5s
  13   3.94848755e+01  9.39287077e+01  7.67e+02 3.93e-04  3.56e-03     5s
  14   4.12391233e+01  1.01268662e+02  7.32e+02 3.70e-04  3.39e-03     5s
  15   4.34513273e+01  1.04288268e+02  6.95e+02 3.64e-04  3.21e-03     5s
  16   4.49496671e+01  1.11403668e+02  6.72e+02 3.48e-04  3.10e-03     5s
  17   4.91139100e+01  1.14265015e+02  6.17e+02 3.32e-04  2.83e-03     5s
  18   5.57584611e+01  1.21761313e+02  5.36e+02 2.94e-04  2.41e-03     5s
  19   5.92407688e+01  1.30553926e+02  4.95e+02 2.78e-04  2.21e-03     5s
  20   6.16149596e+01  1.38437342e+02  4.73e+02 2.68e-04  2.11e-03     5s
  21   6.74765732e+01  1.47734706e+02  4.28e+02 2.48e-04  1.88e-03     5s
  22   7.19208569e+01  1.57330300e+02  3.97e+02 2.35e-04  1.72e-03     5s
  23   7.51818898e+01  1.60312216e+02  3.77e+02 2.26e-04  1.63e-03     5s
  24   7.87565193e+01  1.66108044e+02  3.58e+02 2.16e-04  1.54e-03     5s
  25   8.26350397e+01  1.71847818e+02  3.38e+02 2.08e-04  1.44e-03     5s
  26   8.49121617e+01  1.77158709e+02  3.26e+02 2.03e-04  1.38e-03     5s
  27   8.55682777e+01  1.81046098e+02  3.23e+02 1.96e-04  1.38e-03     5s
  28   8.67810586e+01  1.81926064e+02  3.18e+02 1.92e-04  1.36e-03     5s
  29   9.08319070e+01  1.87303514e+02  3.00e+02 1.83e-04  1.25e-03     5s
  30   9.60330965e+01  1.93305218e+02  2.79e+02 1.73e-04  1.15e-03     5s
  31   1.01882095e+02  2.01458356e+02  2.57e+02 1.62e-04  1.04e-03     5s
  32   1.05742603e+02  2.05170303e+02  2.43e+02 1.59e-04  9.70e-04     5s
  33   1.09364127e+02  2.12151159e+02  2.31e+02 1.54e-04  9.13e-04     5s
  34   1.14273608e+02  2.24096101e+02  2.17e+02 1.44e-04  8.52e-04     5s
  35   1.16883073e+02  2.34335998e+02  2.10e+02 1.38e-04  8.32e-04     5s
  36   1.20742846e+02  2.44179028e+02  2.00e+02 1.32e-04  7.83e-04     5s
  37   1.23939270e+02  2.46432901e+02  1.93e+02 1.31e-04  7.38e-04     5s
  38   1.30074834e+02  2.53763147e+02  1.82e+02 1.26e-04  6.88e-04     5s
  39   1.33727681e+02  2.63842919e+02  1.76e+02 1.20e-04  6.68e-04     5s
  40   1.36968833e+02  2.69133658e+02  1.70e+02 1.18e-04  6.46e-04     5s
  41   1.39936315e+02  2.74626067e+02  1.66e+02 1.16e-04  6.22e-04     5s
  42   1.42185214e+02  2.84292203e+02  1.62e+02 1.13e-04  6.07e-04     5s
  43   1.44394616e+02  2.92778653e+02  1.59e+02 1.11e-04  6.04e-04     5s
  44   1.47973883e+02  3.00806451e+02  1.54e+02 1.09e-04  5.67e-04     5s
  45   1.50843862e+02  3.11510378e+02  1.51e+02 1.07e-04  5.62e-04     5s
  46   1.54830265e+02  3.17761801e+02  1.47e+02 1.05e-04  5.45e-04     5s
  47   1.59507431e+02  3.20259324e+02  1.42e+02 1.03e-04  5.25e-04     5s
  48   1.65271180e+02  3.28389515e+02  1.37e+02 9.92e-05  5.07e-04     5s
  49   1.69133754e+02  3.32647022e+02  1.34e+02 9.71e-05  4.94e-04     5s
  50   1.70976593e+02  3.37107577e+02  1.32e+02 9.51e-05  4.90e-04     5s
  51   1.74179090e+02  3.43307190e+02  1.29e+02 9.30e-05  4.78e-04     5s
  52   1.76209722e+02  3.46758407e+02  1.28e+02 9.20e-05  4.71e-04     5s
  53   1.78824286e+02  3.49566082e+02  1.25e+02 9.11e-05  4.61e-04     5s
  54   1.81747909e+02  3.54991646e+02  1.23e+02 8.93e-05  4.52e-04     5s
  55   1.84293122e+02  3.59247218e+02  1.21e+02 8.77e-05  4.47e-04     5s
  56   1.87545017e+02  3.65139256e+02  1.19e+02 8.63e-05  4.35e-04     5s
  57   1.91417296e+02  3.69931700e+02  1.16e+02 8.49e-05  4.25e-04     5s
  58   1.94247088e+02  3.76799831e+02  1.14e+02 8.37e-05  4.14e-04     5s
  59   1.97935436e+02  3.85021988e+02  1.11e+02 8.21e-05  4.03e-04     5s
  60   2.01361835e+02  3.86336843e+02  1.09e+02 8.10e-05  3.94e-04     5s
  61   2.03744889e+02  3.91854246e+02  1.08e+02 7.98e-05  3.88e-04     5s
  62   2.06414174e+02  3.97938119e+02  1.06e+02 7.84e-05  3.82e-04     5s
  63   2.09043420e+02  3.99986831e+02  1.05e+02 7.78e-05  3.77e-04     5s
  64   2.11680211e+02  4.06156190e+02  1.03e+02 7.61e-05  3.72e-04     5s
  65   2.15198019e+02  4.10904821e+02  1.01e+02 7.47e-05  3.65e-04     5s
  66   2.17245866e+02  4.13278516e+02  1.00e+02 7.41e-05  3.60e-04     5s
  67   2.19039527e+02  4.17586830e+02  9.93e+01 7.29e-05  3.60e-04     5s
  68   2.22486059e+02  4.21029513e+02  9.75e+01 7.17e-05  3.55e-04     5s
  69   2.26288831e+02  4.23533979e+02  9.56e+01 7.04e-05  3.47e-04     5s
  70   2.29402932e+02  4.25677433e+02  9.41e+01 6.95e-05  3.42e-04     5s
  71   2.33563057e+02  4.30202338e+02  9.20e+01 6.80e-05  3.36e-04     5s
  72   2.39121826e+02  4.30040086e+02  8.94e+01 6.71e-05  3.25e-04     5s
  73   2.44374713e+02  4.35443559e+02  8.69e+01 6.55e-05  3.15e-04     5s
  74   2.47654204e+02  4.37775974e+02  8.54e+01 6.48e-05  3.08e-04     5s
  75   2.50748655e+02  4.44024126e+02  8.40e+01 6.28e-05  3.03e-04     5s
  76   2.52708892e+02  4.47230433e+02  8.31e+01 6.20e-05  2.99e-04     5s
  77   2.53951794e+02  4.51156775e+02  8.25e+01 6.12e-05  3.00e-04     5s
  78   2.55656440e+02  4.55275051e+02  8.18e+01 6.02e-05  3.00e-04     5s
  79   1.24997566e+02 -5.65025000e+03  8.36e+06 0.00e+00  3.60e+05     5s
  80   3.80946398e+02 -2.16292270e+04  1.31e+06 1.39e+02  3.91e+04     5s
  81   5.61768465e+03 -3.79272350e+04  3.92e+05 1.00e+02  8.81e+03     5s
  82   6.69441747e+03 -7.27802813e+04  1.59e+05 3.31e+01  3.57e+03     5s
  83   7.45836558e+03 -7.96076920e+04  5.75e+04 1.78e+01  1.33e+03     5s
  84   1.04861472e+04 -1.02739680e+05  2.69e+04 1.46e+01  6.65e+02     5s
  85   1.32484330e+04 -1.11050612e+05  6.74e+03 6.09e+00  1.89e+02     5s
  86   1.30945460e+04 -1.03816231e+05  2.32e+03 2.83e+00  7.28e+01     5s
  87   1.22978128e+04 -8.34170817e+04  7.69e+02 1.66e+00  3.17e+01     5s
  88   1.15892547e+04 -6.87245012e+04  3.33e+02 1.10e+00  1.79e+01     5s
  89   1.12794000e+04 -5.05846335e+04  2.03e+02 5.92e-01  1.02e+01     5s

Barrier performed 89 iterations in 5.29 seconds (5.65 work units)
Barrier solve interrupted - model solved by another algorithm


Solved with dual simplex
Extra simplex iterations after uncrush: 4
Iteration    Objective       Primal Inf.    Dual Inf.      Time
    6567    5.3711196e+02   0.000000e+00   0.000000e+00      7s

Solved in 6567 iterations and 6.71 seconds (8.29 work units)
Optimal objective  5.371119638e+02
the solution is feasible and optimal
Solution time: 14.300885677337646
Function combined_sets Took 0.4123 seconds
-----
Constructing full SP model...
Done constructing model.
Time used constructing the model: 93.19579076766968
----------
Solving model...
Set parameter Username
Academic license - for non-commercial use only - expires 2025-09-27
Read LP format model from file C:\Users\sandee\Documents\Github\STraM_ntnu_development\temp\pyomo\tmpmgp470qz.pyomo.lp
Reading time = 15.37 seconds
x1: 4554388 rows, 1834336 columns, 25949584 nonzeros
Set parameter FeasibilityTol to value 0.01
Set parameter MIPGap to value 0.002
Gurobi Optimizer version 11.0.0 build v11.0.0rc2 (win64 - Windows 10.0 (19045.2))

CPU model: Intel(R) Core(TM) i7-10700 CPU @ 2.90GHz, instruction set [SSE2|AVX|AVX2]
Thread count: 8 physical cores, 16 logical processors, using up to 16 threads

Optimize a model with 4554388 rows, 1834336 columns and 25949584 nonzeros
Model fingerprint: 0xb44a864e
Variable types: 1834030 continuous, 306 integer (306 binary)
Coefficient statistics:
  Matrix range     [6e-06, 1e+03]
  Objective range  [8e-02, 3e-01]
  Bounds range     [1e+00, 6e+04]
  RHS range        [1e-03, 9e+01]
Presolve removed 19467 rows and 9 columns (presolve time = 6s) ...
Presolve removed 4353598 rows and 1037358 columns (presolve time = 12s) ...
Presolve removed 4353598 rows and 1037358 columns
Presolve time: 11.64s
Presolved: 200790 rows, 796978 columns, 16447266 nonzeros
Variable types: 796944 continuous, 34 integer (34 binary)
Deterministic concurrent LP optimizer: primal simplex, dual simplex, and barrier
Showing barrier log only...

Root barrier log...

Ordering time: 2.12s

Barrier statistics:
 AA' NZ     : 4.594e+06
 Factor NZ  : 1.191e+07 (roughly 400 MB of memory)
 Factor Ops : 3.039e+09 (less than 1 second per iteration)
 Threads    : 5

                  Objective                Residual
Iter       Primal          Dual         Primal    Dual     Compl     Time
   0   3.62979224e+13 -1.58647767e+13  1.82e+11 7.63e+01  9.88e+09    61s
   1   3.27643798e+13 -1.55210081e+13  1.65e+11 2.23e+02  8.96e+09    62s
   2   1.27452576e+13 -1.46292885e+13  6.30e+10 1.76e+02  3.72e+09    63s
   3   7.12431661e+12 -7.87327576e+12  3.43e+10 3.27e+01  1.98e+09    64s
   4   7.25570020e+11 -4.21137055e+12  1.70e+09 3.11e+00  1.04e+08    65s
   5   4.09313945e+11 -1.87840324e+12  3.79e+08 9.20e-01  2.44e+07    66s
   6   2.34233182e+11 -6.84740440e+11  7.62e+07 3.19e-01  5.38e+06    66s
   7   1.43324789e+11 -1.33497164e+11  2.91e+07 4.65e-02  1.94e+06    67s
   8   5.21883788e+10 -3.27013026e+10  7.43e+06 5.77e-03  5.06e+05    68s
   9   4.21890206e+10 -2.26255748e+10  5.91e+06 2.68e-03  3.99e+05    69s
  10   3.51748279e+10 -2.09302642e+10  4.88e+06 2.29e-03  3.31e+05    70s
  11   3.62979224e+13 -1.58647767e+13  1.82e+11 7.63e+01  9.88e+09    71s
  12   2.97829909e+13 -9.42020866e+12  1.50e+11 1.57e+02  5.64e+09    73s
  13   9.73451022e+12 -6.42344950e+12  4.96e+10 1.01e+02  1.50e+09    74s
  14   4.25298450e+12 -2.13987912e+12  2.18e+10 3.41e+01  3.71e+08    75s
  15   8.69318732e+11 -7.42896453e+11  4.50e+09 1.21e+01  4.57e+07    76s
  16   1.06813208e+11 -1.25293707e+11  4.85e+08 2.19e+00  2.37e+06    78s
  17   2.55285699e+10 -2.63205831e+10  1.03e+08 5.13e-01  3.64e+05    79s
  18   1.11823100e+10 -9.91997384e+09  3.99e+07 2.13e-01  1.22e+05    80s
  19   6.83176806e+09 -4.85677842e+09  2.33e+07 1.10e-01  6.26e+04    80s
  20   4.07373652e+09 -2.05735276e+09  1.35e+07 4.79e-02  3.10e+04    81s
  21   2.25853605e+09 -1.00630088e+09  7.32e+06 2.33e-02  1.51e+04    82s
  22   1.71128341e+09 -6.93687991e+08  5.51e+06 1.53e-02  1.09e+04    83s
  23   1.45164465e+09 -6.30652986e+08  4.62e+06 1.41e-02  9.12e+03    84s
  24   1.07463674e+09 -5.82816211e+08  3.52e+06 1.31e-02  6.98e+03    85s
  25   5.79897840e+08 -1.81625865e+08  1.92e+06 3.23e-03  3.35e+03    88s
  26   3.72617240e+08 -9.26834625e+07  1.25e+06 1.27e-03  2.03e+03    90s
  27   2.31728521e+08 -7.14189615e+07  7.88e+05 9.59e-04  1.26e+03    91s
  28   2.11128509e+08 -5.79542168e+07  7.21e+05 7.44e-04  1.12e+03    92s
  29   1.68541308e+08 -4.14010039e+07  5.80e+05 4.70e-04  8.57e+02    93s
  30   5.23251205e+07 -2.44863121e+07  1.91e+05 1.71e-04  2.60e+02    94s
  31   2.49364251e+07 -1.64697540e+07  9.64e+04 5.09e-05  1.24e+02    95s
  32   1.29738283e+07 -1.01340484e+07  5.36e+04 1.20e-11  5.82e+01    96s
  33   5.61319480e+06 -6.89609455e+06  2.55e+04 1.05e-11  2.54e+01    97s
  34   3.25695084e+06 -4.62438273e+06  1.55e+04 8.83e-12  1.38e+01    98s
  35   2.18597995e+06 -3.03264662e+06  1.08e+04 4.71e-12  8.31e+00    99s
  36   1.83099134e+06 -2.46143679e+06  9.22e+03 3.89e-12  6.56e+00   100s
  37   1.38619743e+06 -2.09943963e+06  7.12e+03 4.99e-12  4.97e+00   102s
  38   1.25235286e+06 -1.90169667e+06  6.48e+03 4.20e-12  4.40e+00   103s
  39   9.60174677e+05 -1.26437960e+06  5.08e+03 3.02e-13  2.98e+00   104s
  40   5.28996469e+05 -7.85994625e+05  2.93e+03 4.01e-13  1.58e+00   105s
  41   2.31460711e+05 -4.16379987e+05  1.30e+03 6.79e-14  6.77e-01   107s
  42   6.59537932e+04 -1.70408718e+05  3.62e+02 1.00e-13  2.10e-01   108s
  43   3.66874460e+04 -1.14826311e+05  1.93e+02 1.02e-13  1.27e-01   109s
  44   2.81076303e+04 -9.34735110e+04  1.43e+02 9.64e-14  9.96e-02   110s
  45   1.90208231e+04 -6.58985248e+04  9.09e+01 7.17e-14  6.79e-02   111s
  46   1.45817540e+04 -5.16081025e+04  6.54e+01 7.34e-14  5.21e-02   111s
  47   1.04978631e+04 -4.04198276e+04  4.24e+01 7.24e-14  3.91e-02   112s
  48   9.20800413e+03 -3.61866409e+04  3.56e+01 2.40e-14  3.46e-02   114s
  49   8.48215168e+03 -3.06205358e+04  3.19e+01 4.27e-14  2.99e-02   115s
  50   8.18793170e+03 -2.86586173e+04  3.05e+01 5.36e-14  2.83e-02   116s
  51   7.33231550e+03 -2.41020207e+04  2.59e+01 8.23e-14  2.41e-02   117s
  52   6.44234392e+03 -2.04774099e+04  2.12e+01 6.85e-14  2.06e-02   118s
  53   5.13673056e+03 -1.71500100e+04  1.46e+01 9.15e-14  1.67e-02   120s
  54   4.83975101e+03 -1.51838150e+04  1.29e+01 9.14e-14  1.50e-02   121s
  55   4.65346683e+03 -1.33187969e+04  1.19e+01 9.54e-14  1.35e-02   122s
  56   4.23253603e+03 -1.07794345e+04  9.47e+00 1.07e-13  1.12e-02   124s
  57   4.03976471e+03 -9.72819481e+03  8.29e+00 1.14e-13  1.03e-02   126s
  58   3.96718384e+03 -9.17009932e+03  7.85e+00 1.31e-13  9.80e-03   127s
  59   3.89754544e+03 -8.88432473e+03  7.43e+00 1.23e-13  9.51e-03   129s
  60   3.78077053e+03 -7.49359570e+03  6.71e+00 1.07e-13  8.43e-03   131s
  61   3.72855262e+03 -7.22047281e+03  6.39e+00 1.65e-13  8.17e-03   133s
  62   3.67436326e+03 -5.71412999e+03  6.01e+00 1.33e-13  7.10e-03   134s
  63   3.54165947e+03 -5.11347032e+03  5.17e+00 1.60e-13  6.50e-03   136s
  64   3.45701695e+03 -4.77683647e+03  4.59e+00 1.62e-13  6.15e-03   137s
  65   3.41962143e+03 -4.33005150e+03  4.34e+00 1.32e-13  5.79e-03   139s
  66   3.37452799e+03 -3.94445224e+03  4.04e+00 1.15e-13  5.47e-03   141s
  67   3.30241850e+03 -3.43850249e+03  3.53e+00 9.24e-14  5.02e-03   143s
  68   3.27745167e+03 -3.15571599e+03  3.35e+00 1.38e-13  4.79e-03   144s
  69   3.25203055e+03 -2.92496041e+03  3.16e+00 1.26e-13  4.60e-03   146s
  70   3.20424030e+03 -2.53561659e+03  2.80e+00 1.18e-13  4.25e-03   148s
  71   3.19424334e+03 -2.29931306e+03  2.71e+00 1.63e-13  4.08e-03   149s
  72   3.18452688e+03 -2.12279270e+03  2.62e+00 1.59e-13  3.94e-03   151s
  73   3.16043040e+03 -1.77340808e+03  2.43e+00 6.49e-13  3.67e-03   153s
  74   3.14890830e+03 -1.53861153e+03  2.34e+00 6.16e-12  3.50e-03   154s
  75   3.14021256e+03 -1.29685972e+03  2.27e+00 3.65e-11  3.32e-03   155s
  76   3.13432256e+03 -1.12847040e+03  2.22e+00 6.12e-11  3.20e-03   157s
  77   3.11788746e+03 -9.26524695e+02  2.08e+00 1.41e-10  3.04e-03   158s
  78   3.10682805e+03 -8.01007605e+02  1.98e+00 1.71e-10  2.93e-03   159s
  79   3.09713533e+03 -5.86321515e+02  1.88e+00 2.60e-10  2.77e-03   160s
  80   3.09176076e+03 -4.23227431e+02  1.83e+00 4.43e-10  2.65e-03   161s
  81   3.08434817e+03 -3.56278065e+02  1.77e+00 5.01e-10  2.59e-03   163s
  82   3.06509569e+03 -1.03271480e+02  1.58e+00 8.32e-10  2.38e-03   164s
  83   3.05947307e+03 -6.47455902e+01  1.52e+00 8.61e-10  2.35e-03   165s
  84   3.05576120e+03 -2.05600358e+01  1.48e+00 8.76e-10  2.31e-03   166s
  85   3.04494825e+03  1.48680498e+02  1.36e+00 1.02e-09  2.17e-03   167s
  86   3.03751186e+03  2.77140284e+02  1.27e+00 1.27e-09  2.06e-03   168s
  87   3.03077549e+03  3.92638783e+02  1.20e+00 1.29e-09  1.97e-03   169s
  88   3.02283047e+03  6.02740782e+02  1.11e+00 1.59e-09  1.81e-03   170s
  89   3.01515514e+03  7.58987761e+02  1.01e+00 1.77e-09  1.69e-03   171s
  90   3.01020921e+03  9.15908573e+02  9.43e-01 2.08e-09  1.57e-03   172s
  91   3.00722366e+03  9.86050872e+02  9.10e-01 2.12e-09  1.51e-03   173s
  92   3.00070417e+03  1.14597885e+03  8.30e-01 2.61e-09  1.39e-03   174s
  93   2.99452348e+03  1.27177685e+03  7.42e-01 3.29e-09  1.29e-03   175s
  94   2.99030043e+03  1.38783938e+03  6.92e-01 3.53e-09  1.20e-03   176s
  95   2.98645563e+03  1.47174050e+03  6.37e-01 3.78e-09  1.13e-03   177s
  96   2.98186752e+03  1.55638685e+03  5.85e-01 3.98e-09  1.06e-03   178s
  97   2.97945268e+03  1.63902161e+03  5.51e-01 4.36e-09  9.97e-04   180s
  98   2.97539502e+03  1.71806892e+03  5.08e-01 4.65e-09  9.34e-04   181s
  99   2.97299723e+03  1.78762976e+03  4.81e-01 4.90e-09  8.81e-04   182s
 100   2.97086637e+03  1.82671713e+03  4.58e-01 4.93e-09  8.50e-04   183s
 101   2.96909450e+03  1.91895167e+03  4.39e-01 5.10e-09  7.84e-04   184s
 102   2.96711670e+03  1.94073102e+03  4.20e-01 5.13e-09  7.64e-04   185s
 103   2.96606681e+03  1.95641966e+03  4.09e-01 5.24e-09  7.51e-04   186s
 104   2.96390933e+03  2.01068013e+03  3.86e-01 5.40e-09  7.10e-04   187s
 105   2.96118220e+03  2.09470117e+03  3.57e-01 6.06e-09  6.47e-04   188s
 106   2.95818405e+03  2.20694828e+03  3.24e-01 6.67e-09  5.64e-04   189s
 107   2.95581389e+03  2.25040255e+03  3.01e-01 7.00e-09  5.29e-04   190s
 108   2.95382243e+03  2.29942615e+03  2.84e-01 7.37e-09  4.92e-04   191s
 109   2.95111660e+03  2.33896235e+03  2.61e-01 7.82e-09  4.59e-04   192s
 110   2.94766182e+03  2.37635240e+03  2.33e-01 8.06e-09  4.27e-04   194s
 111   2.94615658e+03  2.39662012e+03  2.21e-01 8.15e-09  4.10e-04   194s
 112   2.94442098e+03  2.44938413e+03  2.08e-01 8.50e-09  3.71e-04   196s
 113   2.94344660e+03  2.46553843e+03  2.01e-01 8.74e-09  3.58e-04   197s
 114   2.94099802e+03  2.50308454e+03  1.81e-01 9.18e-09  3.28e-04   198s
 115   2.93938639e+03  2.53038255e+03  1.69e-01 9.40e-09  3.06e-04   199s
 116   2.93802250e+03  2.59524801e+03  1.60e-01 1.00e-08  2.60e-04   200s
 117   2.93563360e+03  2.62067300e+03  1.45e-01 1.03e-08  2.39e-04   201s
 118   2.93419861e+03  2.65821946e+03  1.37e-01 1.08e-08  2.11e-04   202s
 119   2.93203768e+03  2.68053895e+03  1.22e-01 1.13e-08  1.92e-04   203s
 120   2.93063717e+03  2.69788827e+03  1.13e-01 1.15e-08  1.78e-04   204s
 121   2.92952635e+03  2.70897229e+03  1.06e-01 1.16e-08  1.68e-04   205s
 122   2.92880526e+03  2.71458022e+03  1.02e-01 1.17e-08  1.63e-04   206s
 123   2.92797338e+03  2.72396961e+03  9.68e-02 1.17e-08  1.56e-04   207s
 124   2.92763141e+03  2.72809351e+03  9.49e-02 1.17e-08  1.52e-04   208s
 125   2.92615638e+03  2.74580666e+03  8.63e-02 1.18e-08  1.38e-04   209s
 126   2.92526450e+03  2.75307134e+03  8.17e-02 1.19e-08  1.31e-04   210s
 127   2.92406021e+03  2.76518310e+03  7.56e-02 1.20e-08  1.21e-04   212s
 128   2.92285711e+03  2.78265167e+03  6.94e-02 1.20e-08  1.08e-04   213s
 129   2.92023491e+03  2.79021155e+03  5.51e-02 1.19e-08  9.79e-05   214s
 130   2.91942010e+03  2.80205605e+03  5.06e-02 1.17e-08  8.86e-05   215s
 131   2.91727430e+03  2.81013942e+03  4.01e-02 1.16e-08  7.96e-05   216s
 132   2.91597017e+03  2.82358554e+03  3.32e-02 1.13e-08  6.84e-05   217s
 133   2.91563810e+03  2.83144861e+03  3.17e-02 1.09e-08  6.27e-05   218s
 134   2.91481262e+03  2.83453854e+03  2.83e-02 1.09e-08  5.93e-05   219s
 135   2.91425428e+03  2.84340913e+03  2.56e-02 1.05e-08  5.25e-05   220s
 136   2.91388329e+03  2.84973988e+03  2.39e-02 1.02e-08  4.77e-05   222s
 137   2.91311786e+03  2.85479902e+03  2.10e-02 1.00e-08  4.32e-05   223s
 138   2.91289656e+03  2.85712816e+03  2.01e-02 9.87e-09  4.14e-05   224s
 139   2.91263795e+03  2.85772884e+03  1.89e-02 9.83e-09  4.05e-05   225s
 140   2.91258987e+03  2.85956811e+03  1.87e-02 9.72e-09  3.93e-05   226s
 141   2.91238277e+03  2.86110943e+03  1.76e-02 9.63e-09  3.79e-05   227s
 142   2.91204241e+03  2.86295053e+03  1.62e-02 9.51e-09  3.61e-05   228s
 143   2.91168605e+03  2.86693294e+03  1.45e-02 9.22e-09  3.29e-05   230s
 144   2.91156790e+03  2.87128479e+03  1.41e-02 8.90e-09  2.99e-05   231s
 145   2.91142887e+03  2.87176670e+03  1.35e-02 8.87e-09  2.93e-05   232s
 146   2.91111623e+03  2.87444619e+03  1.23e-02 8.63e-09  2.71e-05   233s
 147   2.91092684e+03  2.87525646e+03  1.16e-02 8.53e-09  2.63e-05   234s
 148   2.91071482e+03  2.87769397e+03  1.09e-02 8.27e-09  2.44e-05   236s
 149   2.91055213e+03  2.87817790e+03  1.02e-02 8.21e-09  2.38e-05   237s
 150   2.91044704e+03  2.87955621e+03  9.65e-03 8.05e-09  2.27e-05   238s
 151   2.91040984e+03  2.87982424e+03  9.51e-03 8.02e-09  2.25e-05   240s
 152   2.91035597e+03  2.88013357e+03  9.32e-03 7.98e-09  2.22e-05   241s
 153   2.91031865e+03  2.88040374e+03  9.17e-03 7.95e-09  2.20e-05   242s
 154   2.91028232e+03  2.88047637e+03  9.07e-03 7.93e-09  2.19e-05   243s
 155   2.91002881e+03  2.88156034e+03  8.01e-03 7.79e-09  2.07e-05   244s
 156   2.91000241e+03  2.88534061e+03  7.92e-03 7.14e-09  1.82e-05   245s
 157   2.90969729e+03  2.89005423e+03  6.66e-03 6.69e-09  1.46e-05   247s
 158   2.90935583e+03  2.89190175e+03  5.29e-03 6.47e-09  1.28e-05   248s
 159   2.90934987e+03  2.89232898e+03  5.27e-03 6.37e-09  1.25e-05   249s
 160   2.90916744e+03  2.89349260e+03  4.68e-03 6.13e-09  1.15e-05   250s
 161   2.90897711e+03  2.89671375e+03  3.93e-03 5.36e-09  9.04e-06   252s
 162   2.90887817e+03  2.89809692e+03  3.65e-03 4.93e-09  7.99e-06   253s
 163   2.90884260e+03  2.89940170e+03  3.55e-03 4.54e-09  7.08e-06   254s
 164   2.90881584e+03  2.89958982e+03  3.46e-03 4.45e-09  6.91e-06   256s
 165   2.90865655e+03  2.89996692e+03  3.02e-03 4.31e-09  6.46e-06   257s
 166   2.90825560e+03  2.90245799e+03  1.83e-03 2.87e-09  4.27e-06   259s
 167   2.90785933e+03  2.90341725e+03  7.48e-04 2.25e-09  3.12e-06   260s
 168   2.90772869e+03  2.90517162e+03  3.32e-04 1.72e-09  1.77e-06   262s
 169   2.90761923e+03  2.90666860e+03  1.21e-04 1.09e-09  6.61e-07   263s
 170   2.90757538e+03  2.90714417e+03  6.32e-05 1.27e-09  3.03e-07   265s
 171   2.90755273e+03  2.90733218e+03  3.97e-05 1.14e-09  1.57e-07   266s
 172   2.90753175e+03  2.90739735e+03  1.74e-05 7.41e-10  9.44e-08   267s
 173   2.90752340e+03  2.90745862e+03  8.89e-06 3.58e-10  4.56e-08   268s
 174   2.90751742e+03  2.90748960e+03  3.30e-06 3.14e-09  1.95e-08   269s
 175   2.90751524e+03  2.90750212e+03  1.41e-06 2.72e-09  9.16e-09   270s
 176   2.90751499e+03  2.90750758e+03  1.21e-06 2.63e-09  5.37e-09   272s
 177   2.90751433e+03  2.90750906e+03  7.12e-07 2.22e-09  3.79e-09   273s
 178   2.90751423e+03  2.90751004e+03  6.41e-07 1.95e-09  3.03e-09   274s
 179   2.90751419e+03  2.90751023e+03  6.10e-07 1.50e-09  2.86e-09   276s
 180   2.90751379e+03  2.90751170e+03  3.05e-07 2.80e-09  1.50e-09   278s
 181   2.90751377e+03  2.90751199e+03  2.94e-07 2.58e-09  1.29e-09   279s
 182   2.90751376e+03  2.90751210e+03  2.90e-07 2.40e-09  1.21e-09   281s
 183   2.90751375e+03  2.90751240e+03  2.77e-07 6.33e-09  9.88e-10   283s
 184   2.90751373e+03  2.90751276e+03  2.68e-07 2.48e-09  7.31e-10   285s
 185   2.90751373e+03  2.90751301e+03  2.60e-07 6.63e-09  5.44e-10   287s
 186   2.90751371e+03  2.90751307e+03  2.53e-07 6.71e-09  4.94e-10   289s
 187   2.90751371e+03  2.90751307e+03  2.52e-07 6.64e-09  4.92e-10   291s
 188   2.90751371e+03  2.90751307e+03  2.51e-07 4.82e-09  4.90e-10   293s
 189   2.90751371e+03  2.90751307e+03  2.51e-07 1.97e-11  4.90e-10   295s
 190   2.90751371e+03  2.90751311e+03  2.51e-07 1.51e-08  4.69e-10   298s
 191   2.90751371e+03  2.90751316e+03  2.46e-07 1.04e-08  4.26e-10   301s
 192   2.90751368e+03  2.90751335e+03  2.24e-07 5.78e-09  2.70e-10   304s
 193   2.90751366e+03  2.90751337e+03  2.15e-07 8.26e-10  2.45e-10   306s
 194   2.90751366e+03  2.90751337e+03  2.14e-07 4.67e-10  2.42e-10   308s
 195   2.90751363e+03  2.90751337e+03  1.93e-07 8.07e-10  2.18e-10   311s

Barrier solved model in 195 iterations and 310.60 seconds (172.02 work units)
Optimal objective 2.90751363e+03


Root crossover log...

   29817 DPushes remaining with DInf 0.0000000e+00               311s
       0 DPushes remaining with DInf 0.0000000e+00               313s

    1734 PPushes remaining with PInf 6.4542215e+04               313s
     107 PPushes remaining with PInf 1.5930840e+04               313s

  Push phase complete: Pinf 1.5930840e+04, Dinf 1.5189334e+00    313s


Root simplex log...

Iteration    Objective       Primal Inf.    Dual Inf.      Time
   17663    2.5860717e+03   1.593435e+04   0.000000e+00    314s
   19446    2.5881180e+03   5.070524e+02   0.000000e+00    316s
   23581    2.5885317e+03   0.000000e+00   0.000000e+00    320s
Concurrent spin time: 2.14s

Solved with barrier
   29619    2.5832484e+03   0.000000e+00   4.866367e+03    325s
   49396    2.5793722e+03   0.000000e+00   3.091632e+01    330s
   55617    2.5871612e+03   0.000000e+00   0.000000e+00    333s
Extra simplex iterations after uncrush: 32036

Root relaxation: objective 2.587161e+03, 55617 iterations, 287.64 seconds (145.25 work units)

    Nodes    |    Current Node    |     Objective Bounds      |     Work
 Expl Unexpl |  Obj  Depth IntInf | Incumbent    BestBd   Gap | It/Node Time

     0     0 2587.16116    0    3          - 2587.16116      -     -  333s
     0     0 2587.16123    0    3          - 2587.16123      -     -  333s
H    0     0                    2907.2465169 2587.16123  11.0%     -  343s
     0     0 2587.16123    0    3 2907.24652 2587.16123  11.0%     -  371s
     0     0 2587.16845    0    3 2907.24652 2587.16845  11.0%     -  381s
     0     0 2587.16845    0    3 2907.24652 2587.16845  11.0%     -  385s
     0     0 2587.16845    0    3 2907.24652 2587.16845  11.0%     -  393s
     0     0 2587.16845    0    3 2907.24652 2587.16845  11.0%     -  407s
     0     0 2587.16845    0    3 2907.24652 2587.16845  11.0%     -  426s
     0     2 2601.42013    0    3 2907.24652 2601.42013  10.5%     -  445s
     3     4 2601.58258    2    1 2907.24652 2601.42690  10.5%   380  461s
     7     2 2601.91499    3    1 2907.24652 2601.58212  10.5%  7193  473s
    11     0     cutoff    4      2907.24652 2601.91522  10.5% 11470  489s

Cutting planes:
  Implied bound: 38
  MIR: 43
  Flow path: 18
  Relax-and-lift: 11

Explored 13 nodes (207767 simplex iterations) in 491.34 seconds (355.16 work units)
Thread count was 16 (of 16 available processors)

Solution count 2: 2907.25 2907.25 

Optimal solution found (tolerance 2.00e-03)
Warning: max constraint violation (1.0000e-02) exceeds tolerance
Best objective 2.907246516917e+03, best bound 2.907246516917e+03, gap 0.0000%
the solution is feasible and optimal
Solution time: 514.2032587528229
Done solving model.
Time used solving the model: 611.1684591770172
----------Dumping data in pickle file...done.
Dumping results in pickle file.....done.
objective function value:  2907.2465169165193
objective function value normalized (Billion EURO):  290.72
                         2023                                            \
                           OO     OB     OP     BO     BB     BP     PO   
LCOT                    5.323  5.323  5.323  5.323  5.323  5.323  5.323   
LCOT (Empty Trips)      1.040  1.040  1.040  1.040  1.040  1.040  1.040   
Emission                0.455  0.455  0.455  0.455  0.455  0.455  0.455   
Emission (Empty Trips)  0.116  0.116  0.116  0.116  0.116  0.116  0.116   
CO2_Penalty             0.000  0.000  0.000  0.000  0.000  0.000  0.000   
Time value              1.800  1.800  1.800  1.800  1.800  1.800  1.800   
Transfer                2.544  2.544  2.544  2.544  2.544  2.544  2.544   
RailTrack               0.116  0.116  0.116  0.116  0.116  0.116  0.116   
Terminal                0.033  0.033  0.033  0.033  0.033  0.033  0.033   
RailElectr.             0.000  0.000  0.000  0.000  0.000  0.000  0.000   
Charging                0.001  0.001  0.001  0.001  0.001  0.001  0.001   
H2_Filling              0.000  0.000  0.000  0.000  0.000  0.000  0.000   

                                       2028                              \
                           PB     PP     OO     OB     OP     BO     BB   
LCOT                    5.323  5.323  6.418  6.418  6.418  6.418  6.418   
LCOT (Empty Trips)      1.040  1.040  1.289  1.289  1.289  1.289  1.289   
Emission                0.455  0.455  0.772  0.772  0.772  0.772  0.772   
Emission (Empty Trips)  0.116  0.116  0.129  0.129  0.129  0.129  0.129   
CO2_Penalty             0.000  0.000  0.916  0.916  0.916  0.916  0.916   
Time value              1.800  1.800  2.101  2.101  2.101  2.101  2.101   
Transfer                2.544  2.544  3.362  3.362  3.362  3.362  3.362   
RailTrack               0.116  0.116  0.000  0.000  0.000  0.000  0.000   
Terminal                0.033  0.033  0.022  0.022  0.022  0.022  0.022   
RailElectr.             0.000  0.000  0.000  0.000  0.000  0.000  0.000   
Charging                0.001  0.001  0.046  0.046  0.046  0.046  0.046   
H2_Filling              0.000  0.000  0.001  0.001  0.001  0.001  0.001   

                                                     2034                \
                           BP     PO     PB     PP     OO     OB     OP   
LCOT                    6.418  6.418  6.418  6.418  6.812  6.925  7.094   
LCOT (Empty Trips)      1.289  1.289  1.289  1.289  1.397  1.444  1.509   
Emission                0.772  0.772  0.772  0.772  0.526  0.527  0.527   
Emission (Empty Trips)  0.129  0.129  0.129  0.129  0.052  0.051  0.051   
CO2_Penalty             0.916  0.916  0.916  0.916  0.000  0.000  0.000   
Time value              2.101  2.101  2.101  2.101  2.314  2.314  2.312   
Transfer                3.362  3.362  3.362  3.362  3.363  3.363  3.371   
RailTrack               0.000  0.000  0.000  0.000  0.000  0.000  0.000   
Terminal                0.022  0.022  0.022  0.022  0.000  0.000  0.000   
RailElectr.             0.000  0.000  0.000  0.000  0.000  0.000  0.000   
Charging                0.046  0.046  0.046  0.046  0.063  0.064  0.063   
H2_Filling              0.001  0.001  0.001  0.001  0.000  0.000  0.000   

                                                                   2040  \
                           BO     BB     BP     PO     PB     PP     OO   
LCOT                    7.001  7.115  7.282  7.086  7.202  7.369  6.928   
LCOT (Empty Trips)      1.410  1.456  1.522  1.417  1.463  1.530  1.401   
Emission                0.528  0.527  0.527  0.530  0.528  0.528  0.323   
Emission (Empty Trips)  0.050  0.051  0.051  0.049  0.051  0.051  0.039   
CO2_Penalty             0.000  0.000  0.000  0.000  0.000  0.000  0.000   
Time value              2.316  2.315  2.313  2.318  2.314  2.314  2.448   
Transfer                3.364  3.365  3.369  3.362  3.364  3.365  3.182   
RailTrack               0.000  0.000  0.000  0.000  0.000  0.000  0.000   
Terminal                0.000  0.000  0.000  0.000  0.000  0.000  0.009   
RailElectr.             0.000  0.000  0.000  0.000  0.000  0.000  0.000   
Charging                0.063  0.064  0.064  0.063  0.064  0.064  0.101   
H2_Filling              0.000  0.000  0.000  0.000  0.000  0.000  0.001   

                                                                         \
                           OB     OP     BO     BB     BP     PO     PB   
LCOT                    7.113  7.292  7.136  7.252  7.454  7.201  7.374   
LCOT (Empty Trips)      1.438  1.522  1.446  1.471  1.534  1.446  1.507   
Emission                0.311  0.324  0.264  0.321  0.320  0.263  0.264   
Emission (Empty Trips)  0.050  0.037  0.004  0.040  0.041  0.004  0.004   
CO2_Penalty             0.000  0.000  0.000  0.000  0.000  0.000  0.000   
Time value              2.445  2.439  2.446  2.446  2.439  2.446  2.445   
Transfer                3.173  3.152  3.177  3.174  3.154  3.177  3.174   
RailTrack               0.000  0.000  0.000  0.000  0.000  0.000  0.000   
Terminal                0.009  0.008  0.009  0.009  0.008  0.009  0.009   
RailElectr.             0.000  0.000  0.000  0.000  0.000  0.000  0.000   
Charging                0.102  0.102  0.102  0.102  0.102  0.102  0.102   
H2_Filling              0.001  0.001  0.001  0.001  0.001  0.001  0.001   

                                2050                                     \
                           PP     OO     OB     OP     BO     BB     BP   
LCOT                    7.531  7.595  7.852  7.913  7.595  7.861  8.088   
LCOT (Empty Trips)      1.542  1.461  1.509  1.564  1.461  1.509  1.563   
Emission                0.320  0.001  0.010  0.144  0.001  0.001  0.001   
Emission (Empty Trips)  0.041  0.000  0.000  0.000  0.000  0.000  0.000   
CO2_Penalty             0.000  0.000  0.000  0.000  0.000  0.000  0.000   
Time value              2.440  2.813  2.809  2.809  2.813  2.809  2.809   
Transfer                3.156  3.506  3.506  3.502  3.506  3.507  3.503   
RailTrack               0.000  0.000  0.000  0.000  0.000  0.000  0.000   
Terminal                0.008  0.000  0.000  0.000  0.000  0.000  0.000   
RailElectr.             0.000  0.000  0.000  0.000  0.000  0.000  0.000   
Charging                0.102  0.069  0.069  0.069  0.069  0.069  0.069   
H2_Filling              0.001  0.001  0.001  0.001  0.001  0.001  0.001   

                                              2023                 2028  \
                           PO     PB     PP   mean           std   mean   
LCOT                    7.596  7.863  8.089  5.323  0.000000e+00  6.418   
LCOT (Empty Trips)      1.461  1.508  1.564  1.040  0.000000e+00  1.289   
Emission                0.001  0.001  0.001  0.455  5.887847e-17  0.772   
Emission (Empty Trips) -0.000  0.000  0.000  0.116  0.000000e+00  0.129   
CO2_Penalty             0.000  0.000  0.000  0.000  0.000000e+00  0.916   
Time value              2.813  2.809  2.809  1.800  2.355139e-16  2.101   
Transfer                3.505  3.506  3.502  2.544  0.000000e+00  3.362   
RailTrack               0.000  0.000  0.000  0.116  0.000000e+00  0.000   
Terminal                0.000  0.000  0.000  0.033  0.000000e+00  0.022   
RailElectr.             0.000  0.000  0.000  0.000  0.000000e+00  0.000   
Charging                0.069  0.069  0.069  0.001  0.000000e+00  0.046   
H2_Filling              0.001  0.001  0.001  0.000  0.000000e+00  0.001   

                                          2034                2040            \
                                 std      mean       std      mean       std   
LCOT                    0.000000e+00  7.098444  0.173095  7.253444  0.185561   
LCOT (Empty Trips)      0.000000e+00  1.460889  0.049670  1.478556  0.049538   
Emission                0.000000e+00  0.527556  0.001130  0.301111  0.028322   
Emission (Empty Trips)  0.000000e+00  0.050778  0.000833  0.028889  0.019003   
CO2_Penalty             1.177569e-16  0.000000  0.000000  0.000000  0.000000   
Time value              0.000000e+00  2.314444  0.001740  2.443778  0.003456   
Transfer                0.000000e+00  3.365111  0.002977  3.168778  0.011432   
RailTrack               0.000000e+00  0.000000  0.000000  0.000000  0.000000   
Terminal                0.000000e+00  0.000000  0.000000  0.008667  0.000500   
RailElectr.             0.000000e+00  0.000000  0.000000  0.000000  0.000000   
Charging                0.000000e+00  0.063556  0.000527  0.101889  0.000333   
H2_Filling              0.000000e+00  0.000000  0.000000  0.001000  0.000000   

                            2050            
                            mean       std  
LCOT                    7.828000  0.196290  
LCOT (Empty Trips)      1.511111  0.044496  
Emission                0.017889  0.047385  
Emission (Empty Trips)  0.000000  0.000000  
CO2_Penalty             0.000000  0.000000  
Time value              2.810333  0.002000  
Transfer                3.504778  0.001922  
RailTrack               0.000000  0.000000  
Terminal                0.000000  0.000000  
RailElectr.             0.000000  0.000000  
Charging                0.069000  0.000000  
H2_Filling              0.001000  0.000000  
                       2023     2028      2034      2040      2050     
                       mean std mean  std mean  std mean  std mean  std
LCOT                    5.3   0  6.4    0  7.1 0.17  7.2 0.19  7.8  0.2
LCOT (Empty Trips)        1   0  1.3    0  1.5 0.05  1.5 0.05  1.5 0.04
Emission               0.45   0 0.77    0 0.53    0  0.3 0.03 0.02 0.05
Emission (Empty Trips) 0.12   0 0.13    0 0.05    0 0.03 0.02    0    0
CO2_Penalty               0   0 0.92    0    0    0    0    0    0    0
Time value              1.8   0  2.1    0  2.3    0  2.4    0  2.8    0
Transfer                2.5   0  3.4    0  3.4    0  3.2 0.01  3.5    0
RailTrack              0.12   0    0    0    0    0    0    0    0    0
Terminal               0.03   0 0.02    0    0    0 0.01    0    0    0
RailElectr.               0   0    0    0    0    0    0    0    0    0
Charging                  0   0 0.05    0 0.06    0  0.1    0 0.07    0
H2_Filling                0   0    0    0    0    0    0    0    0    0
discount_factor           1   1 0.83 0.83 0.66 0.66 0.53 0.53 0.36 0.36
emissions (MTonnes CO2 eq.):
             AvgEmission    Std  AvgEmission_perc  Std_perc
time_period                                                
2023                 6.8      0             1e+02         0
2028                 4.9      0                73         0
2034                 2.5 0.0023                37     0.034
2040                 1.5   0.25                21       3.6
2050               0.074    0.2               1.1       2.9
----------------
Average transport work in GTONNES*km:
    mode            product time_period TransportArbeid
0   Rail  Break bulk (slow)        2023         0.00013
1   Rail   Container (slow)        2023          0.0044
2   Rail           Dry bulk        2023              11
3   Rail           Neo bulk        2023            0.12
4   Road  Break bulk (fast)        2023             7.2
5   Road  Break bulk (slow)        2023             7.6
6   Road   Container (fast)        2023             3.6
7   Road   Container (slow)        2023             4.9
8   Road           Dry bulk        2023            0.58
9   Road           Neo bulk        2023              14
10   Sea  Break bulk (fast)        2023            0.38
11   Sea  Break bulk (slow)        2023             2.8
12   Sea   Container (fast)        2023            0.19
13   Sea   Container (slow)        2023             1.4
14   Sea           Dry bulk        2023           1e+02
15   Sea           Neo bulk        2023            0.47

