----------------------------
Doing the following analysis: 
FuelScen_carbontaxbase
----------------------------
Reading data...
Number of scenarios:  16
Number of scenarios:  1
Reading and constructing data
Function construct_sets Took 0.0012 seconds
Function construct_network Took 0.0047 seconds
Transport demand in the base year 2018 (in MTonnes):
             product  tot_weight
0           Dry bulk       94.86
1   Container (fast)        4.07
2   Container (slow)        9.23
3  Break bulk (fast)       11.61
4  Break bulk (slow)       15.37
5           Neo bulk       19.28
Function construct_ODD Took 0.4993 seconds
Function construct_vehicles Took 0.5375 seconds
Function construct_emission_transfer Took 0.1690 seconds
Function construct_costs Took 2.6457 seconds
Function construct_time_value Took 0.0010 seconds
Function construct_investments Took 0.0091 seconds
Function construct_charging_edges Took 0.1829 seconds
Function construct_tech_readiness Took 0.0074 seconds
Function construct_path_generation Took 0.1575 seconds
Function construct_param2 Took 0.0602 seconds
Function combined_sets Took 0.7401 seconds
Function combined_sets Took 0.7185 seconds
Done reading data.
Time used reading the base data: 24.592276096343994
Solving the first time period for initialization purposes...
Function combined_sets Took 0.2659 seconds
Set parameter Username
Academic license - for non-commercial use only - expires 2025-09-27
Read LP format model from file C:\Users\sandee\Documents\Github\STraM_ntnu_development\temp\pyomo\tmpde1et90b.pyomo.lp
Reading time = 13.93 seconds
x1: 7288129 rows, 961409 columns, 20561169 nonzeros
Set parameter FeasibilityTol to value 0.0001
Set parameter MIPGap to value 0.002
Gurobi Optimizer version 11.0.0 build v11.0.0rc2 (win64 - Windows 10.0 (19045.2))

CPU model: Intel(R) Core(TM) i7-10700 CPU @ 2.90GHz, instruction set [SSE2|AVX|AVX2]
Thread count: 8 physical cores, 16 logical processors, using up to 16 threads

Optimize a model with 7288129 rows, 961409 columns and 20561169 nonzeros
Model fingerprint: 0x8863e9fe
Coefficient statistics:
  Matrix range     [6e-06, 1e+03]
  Objective range  [4e-02, 3e-01]
  Bounds range     [0e+00, 0e+00]
  RHS range        [1e-03, 9e+01]
Presolve removed 348928 rows and 50000 columns (presolve time = 5s) ...
Presolve removed 1188928 rows and 890000 columns (presolve time = 10s) ...
Presolve removed 7285469 rows and 939130 columns
Presolve time: 14.77s
Presolved: 2660 rows, 23242 columns, 201160 nonzeros

Concurrent LP optimizer: primal simplex, dual simplex, and barrier
Showing barrier log only...

Ordering time: 0.02s

Barrier statistics:
 AA' NZ     : 8.445e+04
 Factor NZ  : 1.919e+05 (roughly 12 MB of memory)
 Factor Ops : 2.716e+07 (less than 1 second per iteration)
 Threads    : 6

                  Objective                Residual
Iter       Primal          Dual         Primal    Dual     Compl     Time
   0   4.38460857e+00 -5.78025000e-01  2.89e+05 0.00e+00  1.26e+00    15s
   1   1.69417326e+00 -6.14992035e-01  7.03e+04 2.13e-02  3.20e-01    15s
   2   9.36071431e-01  1.14589355e+00  1.51e+04 1.11e-02  7.22e-02    15s
   3   1.97255606e+00  6.02764167e+00  5.24e+03 2.97e-03  2.50e-02    15s
   4   4.06952234e+00  1.82687054e+01  3.27e+03 1.41e-03  1.57e-02    15s
   5   4.89424620e+00  2.12974242e+01  2.76e+03 1.35e-03  1.32e-02    15s
   6   5.35300650e+00  3.06726694e+01  2.51e+03 1.16e-03  1.20e-02    15s
   7   1.05651591e+01  3.58911072e+01  2.13e+03 1.09e-03  1.02e-02    15s
   8   1.92385931e+01  4.87283424e+01  1.48e+03 7.10e-04  7.09e-03    15s
   9   2.33231413e+01  7.25761098e+01  1.17e+03 5.07e-04  5.59e-03    15s
  10   2.48845796e+01  7.76659543e+01  1.09e+03 4.87e-04  5.19e-03    15s
  11   2.99768908e+01  8.33327890e+01  9.46e+02 4.61e-04  4.47e-03    15s
  12   3.38623707e+01  8.72752113e+01  8.72e+02 4.36e-04  4.13e-03    15s
  13   3.93271470e+01  1.00859099e+02  7.82e+02 3.38e-04  3.71e-03    15s
  14   4.16475198e+01  1.03240790e+02  7.35e+02 3.31e-04  3.47e-03    15s
  15   4.35338886e+01  1.06293355e+02  7.01e+02 3.22e-04  3.29e-03    15s
  16   4.66435610e+01  1.11475229e+02  6.53e+02 3.10e-04  3.05e-03    15s
  17   4.85789709e+01  1.15787937e+02  6.27e+02 2.99e-04  2.92e-03    15s
  18   5.50013959e+01  1.20400825e+02  5.46e+02 2.81e-04  2.50e-03    15s
  19   5.62181660e+01  1.26173300e+02  5.31e+02 2.68e-04  2.44e-03    15s
  20   5.93005554e+01  1.33596041e+02  4.96e+02 2.54e-04  2.26e-03    15s
  21   6.17189664e+01  1.40624175e+02  4.72e+02 2.45e-04  2.14e-03    15s
  22   6.47690037e+01  1.45631796e+02  4.47e+02 2.35e-04  2.02e-03    15s
  23   6.89884369e+01  1.53259593e+02  4.14e+02 2.22e-04  1.85e-03    15s
  24   7.18740107e+01  1.58880348e+02  3.94e+02 2.14e-04  1.75e-03    15s
  25   7.70683981e+01  1.65721402e+02  3.66e+02 1.98e-04  1.61e-03    15s
  26   8.21919640e+01  1.73285897e+02  3.38e+02 1.87e-04  1.47e-03    15s
  27   8.55108731e+01  1.78635286e+02  3.22e+02 1.82e-04  1.38e-03    15s
  28   8.70768588e+01  1.79710851e+02  3.15e+02 1.79e-04  1.35e-03    15s
  29   9.16564348e+01  1.86426014e+02  2.94e+02 1.69e-04  1.25e-03    15s
  30   9.43108006e+01  1.89856435e+02  2.82e+02 1.66e-04  1.19e-03    15s
  31   9.83783272e+01  1.91826854e+02  2.66e+02 1.64e-04  1.10e-03    15s
  32   1.04212957e+02  2.03134299e+02  2.44e+02 1.52e-04  9.89e-04    15s
  33   1.07351138e+02  2.10950952e+02  2.34e+02 1.46e-04  9.35e-04    15s
  34   1.11474655e+02  2.18907039e+02  2.21e+02 1.40e-04  8.73e-04    15s
  35   1.14720165e+02  2.23939453e+02  2.12e+02 1.37e-04  8.27e-04    15s
  36   1.19211425e+02  2.35343535e+02  2.01e+02 1.31e-04  7.70e-04    15s
  37   1.21564929e+02  2.44488064e+02  1.95e+02 1.26e-04  7.49e-04    15s
  38   1.22283039e+02  2.50291075e+02  1.94e+02 1.22e-04  7.54e-04    15s
  39   1.27532496e+02  2.52077849e+02  1.85e+02 1.20e-04  7.11e-04    15s
  40   1.32098074e+02  2.63769099e+02  1.77e+02 1.14e-04  6.67e-04    15s
  41   1.36296253e+02  2.70432182e+02  1.70e+02 1.11e-04  6.29e-04    15s
  42   1.38539115e+02  2.79113274e+02  1.66e+02 1.08e-04  6.22e-04    15s
  43   1.42129847e+02  2.86643784e+02  1.61e+02 1.06e-04  5.94e-04    15s
  44   1.43791158e+02  2.90028879e+02  1.58e+02 1.05e-04  5.81e-04    15s
  45   1.45547542e+02  2.96177414e+02  1.56e+02 1.03e-04  5.77e-04    16s
  46   1.47169811e+02  3.04702937e+02  1.54e+02 1.01e-04  5.67e-04    16s
  47   1.49153931e+02  3.05922311e+02  1.51e+02 1.00e-04  5.60e-04    16s
  48   1.53553808e+02  3.10963966e+02  1.46e+02 9.87e-05  5.24e-04    16s
  49   1.56693189e+02  3.18968395e+02  1.43e+02 9.68e-05  5.10e-04    16s
  50   1.57369947e+02  3.24259057e+02  1.42e+02 9.48e-05  5.11e-04    16s
  51   1.58630223e+02  3.26533783e+02  1.41e+02 9.31e-05  5.10e-04    16s
  52   1.62616139e+02  3.30053841e+02  1.38e+02 9.12e-05  4.98e-04    16s
  53   1.67836601e+02  3.34398689e+02  1.33e+02 8.96e-05  4.80e-04    16s
  54   1.71268366e+02  3.43752538e+02  1.30e+02 8.57e-05  4.76e-04    16s
  55   1.72511298e+02  3.48183051e+02  1.29e+02 8.43e-05  4.74e-04    16s
  56   1.76265558e+02  3.51939665e+02  1.26e+02 8.32e-05  4.60e-04    16s
  57   1.80440244e+02  3.54306360e+02  1.23e+02 8.20e-05  4.44e-04    16s
  58   1.82647570e+02  3.58682835e+02  1.21e+02 8.11e-05  4.43e-04    16s
  59   1.85013495e+02  3.63933461e+02  1.19e+02 7.96e-05  4.37e-04    16s
  60   1.88318418e+02  3.67475492e+02  1.17e+02 7.86e-05  4.28e-04    16s
  61   1.91071323e+02  3.75352993e+02  1.15e+02 7.64e-05  4.21e-04    16s
  62   1.92858184e+02  3.81317264e+02  1.14e+02 7.51e-05  4.18e-04    16s
  63   1.94104781e+02  3.87135441e+02  1.13e+02 7.42e-05  4.21e-04    16s
  64   1.24996879e+02 -5.78025000e+03  8.22e+06 0.00e+00  3.60e+05    16s
  65   4.09888155e+02 -2.17240808e+04  1.39e+06 1.41e+02  4.19e+04    16s
  66   4.98070669e+03 -4.58173621e+04  3.22e+05 7.29e+01  7.29e+03    16s

Barrier performed 66 iterations in 15.69 seconds (13.86 work units)
Barrier solve interrupted - model solved by another algorithm


Solved with primal simplex
Extra simplex iterations after uncrush: 7
Iteration    Objective       Primal Inf.    Dual Inf.      Time
   12155    5.3711200e+02   0.000000e+00   0.000000e+00     27s

Solved in 12155 iterations and 27.22 seconds (28.62 work units)
Optimal objective  5.371120028e+02
the solution is feasible and optimal
Solution time: 54.14543890953064
Function combined_sets Took 0.8243 seconds
-----
Constructing full SP model...
Done constructing model.
Time used constructing the model: 475.07988810539246
----------
Solving model...
Set parameter Username
Academic license - for non-commercial use only - expires 2025-09-27
Read LP format model from file C:\Users\sandee\Documents\Github\STraM_ntnu_development\temp\pyomo\tmp6hzyrf8u.pyomo.lp
Reading time = 40.14 seconds
x1: 14834657 rows, 3261041 columns, 59608465 nonzeros
Set parameter FeasibilityTol to value 0.01
Set parameter MIPGap to value 0.002
Gurobi Optimizer version 11.0.0 build v11.0.0rc2 (win64 - Windows 10.0 (19045.2))

CPU model: Intel(R) Core(TM) i7-10700 CPU @ 2.90GHz, instruction set [SSE2|AVX|AVX2]
Thread count: 8 physical cores, 16 logical processors, using up to 16 threads

Optimize a model with 14834657 rows, 3261041 columns and 59608465 nonzeros
Model fingerprint: 0x5d0f5117
Variable types: 3260497 continuous, 544 integer (544 binary)
Coefficient statistics:
  Matrix range     [6e-06, 1e+03]
  Objective range  [4e-02, 3e-01]
  Bounds range     [1e+00, 6e+04]
  RHS range        [1e-03, 9e+01]
Presolve removed 0 rows and 0 columns (presolve time = 7s) ...
Presolve removed 34720 rows and 128 columns (presolve time = 10s) ...
Presolve removed 14221977 rows and 1773788 columns (presolve time = 16s) ...
Presolve removed 14477873 rows and 1885254 columns (presolve time = 20s) ...
Presolve removed 14477873 rows and 1885254 columns
Presolve time: 24.55s
Presolved: 356784 rows, 1375787 columns, 29047920 nonzeros
Variable types: 1375753 continuous, 34 integer (34 binary)
Deterministic concurrent LP optimizer: primal simplex, dual simplex, and barrier
Showing barrier log only...

Root barrier log...

Ordering time: 2.65s

Barrier statistics:
 AA' NZ     : 7.701e+06
 Factor NZ  : 2.102e+07 (roughly 800 MB of memory)
 Factor Ops : 7.548e+09 (less than 1 second per iteration)
 Threads    : 5

                  Objective                Residual
Iter       Primal          Dual         Primal    Dual     Compl     Time
   0   1.30489073e+13 -1.95772919e+13  8.67e+10 7.63e+01  2.52e+09   108s
   1   8.61263285e+12 -1.76966728e+13  5.65e+10 1.73e+02  1.66e+09   109s
   2   3.48530919e+12 -9.39577612e+12  2.21e+10 3.00e+01  6.74e+08   111s
   3   3.56633437e+11 -4.62454493e+12  1.19e+09 4.20e-01  3.95e+07   113s
   4   9.76576216e+10 -7.83897171e+11  1.44e+08 1.83e-02  4.99e+06   116s
   5   5.36613144e+10 -3.16514804e+11  6.84e+07 7.17e-03  2.44e+06   117s
   6   1.96700731e+10 -8.75206490e+10  2.04e+07 2.86e-11  7.45e+05   119s
   7   1.25984717e+10 -5.01879136e+10  1.23e+07 6.91e-11  4.48e+05   121s
   8   9.75133093e+09 -3.49439246e+10  9.24e+06 2.05e-11  3.35e+05   123s
   9   8.73932389e+09 -2.89333666e+10  8.20e+06 3.13e-10  2.98e+05   125s
  10   6.82520860e+09 -2.68277496e+10  6.37e+06 2.05e-11  2.33e+05   127s
  11   5.34008889e+09 -1.99747657e+10  4.84e+06 2.68e-11  1.77e+05   129s
  12   4.24633596e+09 -1.47288187e+10  3.77e+06 2.79e-09  1.37e+05   130s
  13   2.80940386e+09 -9.27250520e+09  2.42e+06 8.99e-09  8.89e+04   133s
  14   2.02337409e+09 -7.46181292e+09  1.72e+06 2.95e-09  6.33e+04   135s
  15   1.33886363e+09 -6.38484493e+09  1.14e+06 1.01e-08  4.24e+04   138s
  16   1.14313143e+09 -4.15294099e+09  9.70e+05 8.54e-09  3.63e+04   139s
  17   7.08914587e+08 -2.76338687e+09  6.00e+05 2.04e-08  2.25e+04   141s
  18   1.86321048e+08 -2.20058899e+09  1.33e+05 2.24e-08  5.60e+03   143s
  19   9.02076143e+07 -1.53584887e+09  5.70e+04 1.18e-11  2.58e+03   144s
  20   6.48137951e+07 -7.25395395e+08  3.98e+04 1.46e-11  1.59e+03   145s
  21   3.17994171e+07 -3.32179923e+08  1.83e+04 7.26e-07  6.88e+02   147s
  22   1.21515699e+07 -1.35643132e+08  6.12e+03 1.07e-07  2.24e+02   148s
  23   6.11834972e+06 -5.90586495e+07  2.87e+03 1.81e-08  9.68e+01   150s
  24   2.55484304e+06 -3.21188192e+07  1.07e+03 7.71e-09  3.90e+01   151s
  25   1.44508871e+06 -2.37444837e+07  5.85e+02 5.37e-09  2.34e+01   153s
  26   1.04155459e+06 -1.95551554e+07  4.13e+02 4.31e-09  1.75e+01   155s
  27   8.20263923e+05 -1.68455415e+07  3.20e+02 3.65e-09  1.42e+01   157s
  28   4.66063963e+05 -1.21334131e+07  1.73e+02 2.49e-09  8.75e+00   159s
  29   2.39251479e+05 -8.96605828e+06  8.36e+01 1.78e-09  5.39e+00   161s
  30   1.60169495e+05 -5.85234996e+06  5.30e+01 1.11e-09  3.44e+00   164s
  31   1.37693754e+05 -4.88902986e+06  4.47e+01 9.25e-10  2.86e+00   166s
  32   1.28141587e+05 -4.45878204e+06  4.12e+01 8.40e-10  2.61e+00   168s
  33   1.11170716e+05 -3.73345976e+06  3.53e+01 6.92e-10  2.18e+00   169s
  34   1.02324398e+05 -3.40349618e+06  3.21e+01 6.26e-10  1.98e+00   171s
  35   8.69391221e+04 -2.58611969e+06  2.66e+01 4.66e-10  1.53e+00   173s
  36   6.98484101e+04 -2.34159543e+06  2.09e+01 4.19e-10  1.31e+00   176s
  37   6.51828746e+04 -2.19820990e+06  1.93e+01 3.91e-10  1.22e+00   178s
  38   5.95311070e+04 -2.06480767e+06  1.74e+01 3.67e-10  1.13e+00   181s
  39   5.18885001e+04 -1.85795729e+06  1.48e+01 3.27e-10  9.93e-01   184s
  40   4.53557849e+04 -1.63828681e+06  1.25e+01 2.87e-10  8.60e-01   187s
  41   4.14851733e+04 -1.37916887e+06  1.12e+01 2.39e-10  7.28e-01   190s
  42   4.03603056e+04 -1.32119079e+06  1.08e+01 2.28e-10  6.98e-01   192s
  43   3.31861355e+04 -1.20545007e+06  8.43e+00 2.07e-10  6.08e-01   195s
  44   2.93489852e+04 -1.00153147e+06  7.11e+00 1.70e-10  5.02e-01   197s
  45   2.48671813e+04 -9.21930380e+05  5.64e+00 1.55e-10  4.46e-01   200s
  46   2.31389813e+04 -7.74363519e+05  5.05e+00 1.29e-10  3.76e-01   203s
  47   2.06851865e+04 -6.52372123e+05  4.25e+00 1.07e-10  3.14e-01   206s
  48   1.71451177e+04 -5.62337385e+05  3.10e+00 9.14e-11  2.61e-01   209s
  49   1.61879579e+04 -5.08317348e+05  2.78e+00 8.23e-11  2.34e-01   212s
  50   1.54587719e+04 -4.79508990e+05  2.54e+00 7.74e-11  2.19e-01   214s
  51   1.49580233e+04 -4.51085747e+05  2.38e+00 7.29e-11  2.06e-01   217s
  52   1.42279696e+04 -3.90293718e+05  2.15e+00 6.29e-11  1.78e-01   219s
  53   1.38727510e+04 -3.71140113e+05  2.03e+00 5.97e-11  1.69e-01   222s
  54   1.35742138e+04 -3.39362101e+05  1.94e+00 5.45e-11  1.55e-01   224s
  55   1.26599108e+04 -3.10611769e+05  1.65e+00 4.97e-11  1.40e-01   228s
  56   1.22203663e+04 -2.70943212e+05  1.51e+00 4.33e-11  1.22e-01   231s
  57   1.20557027e+04 -2.52363413e+05  1.46e+00 4.02e-11  1.14e-01   234s
  58   1.10453142e+04 -2.20503386e+05  1.16e+00 3.51e-11  9.84e-02   238s
  59   1.05142235e+04 -1.93870055e+05  1.00e+00 3.07e-11  8.62e-02   241s
  60   1.01061449e+04 -1.78157434e+05  8.84e-01 2.82e-11  7.88e-02   244s
  61   9.26751734e+03 -1.54620794e+05  6.49e-01 2.45e-11  6.73e-02   247s
  62   8.99218115e+03 -1.38258638e+05  5.76e-01 2.19e-11  6.02e-02   251s
  63   8.72127325e+03 -1.26453053e+05  5.08e-01 2.01e-11  5.50e-02   254s
  64   8.33480892e+03 -1.12795840e+05  4.16e-01 1.80e-11  4.88e-02   257s
  65   7.76723183e+03 -8.24146361e+04  2.92e-01 1.32e-11  3.59e-02   261s
  66   7.38936025e+03 -7.17345810e+04  2.22e-01 1.15e-11  3.13e-02   264s
  67   6.87418093e+03 -4.87646178e+04  1.46e-01 7.95e-12  2.18e-02   267s
  68   6.48695449e+03 -3.77288508e+04  1.04e-01 6.26e-12  1.73e-02   270s
  69   6.27599501e+03 -3.17331755e+04  8.75e-02 5.38e-12  1.48e-02   274s
  70   6.07327519e+03 -2.33422587e+04  7.28e-02 4.11e-12  1.14e-02   277s

Barrier performed 70 iterations in 276.81 seconds (168.53 work units)
Barrier solve interrupted - model solved by another algorithm

Concurrent spin time: 0.61s

Solved with dual simplex
Warning: Markowitz tolerance tightened to 0.125

Root simplex log...

Iteration    Objective       Primal Inf.    Dual Inf.      Time
  168710    2.4441586e+03   0.000000e+00   8.225224e+00    280s
  174300    2.4442647e+03   0.000000e+00   0.000000e+00    285s
Extra simplex iterations after uncrush: 10670

Root relaxation: objective 2.444265e+03, 174300 iterations, 198.77 seconds (72.30 work units)

    Nodes    |    Current Node    |     Objective Bounds      |     Work
 Expl Unexpl |  Obj  Depth IntInf | Incumbent    BestBd   Gap | It/Node Time

     0     0 2444.26474    0    3          - 2444.26474      -     -  285s
H    0     0                    2444.2733878 2444.26474  0.00%     -  290s

Explored 1 nodes (174300 simplex iterations) in 294.97 seconds (160.63 work units)
Thread count was 16 (of 16 available processors)

Solution count 2: 2444.27 2444.27 

Optimal solution found (tolerance 2.00e-03)
Warning: max constraint violation (8.6949e-02) exceeds tolerance
Warning: max bound violation (7.9709e-02) exceeds tolerance
Best objective 2.444273387781e+03, best bound 2.444273387781e+03, gap 0.0000%
the solution is feasible and optimal
Solution time: 352.44918417930603
Done solving model.
Time used solving the model: 619.7323982715607
----------Dumping data in pickle file...done.
Dumping results in pickle file.....done.
objective function value:  2444.273387781105
objective function value normalized (Billion EURO):  244.43
                         2023                                            \
                           EE     EO     EP     EN     OE     OO     OP   
LCOT                    4.292  4.292  4.292  4.292  4.292  4.292  4.292   
LCOT (Empty Trips)      1.226  1.226  1.226  1.226  1.226  1.226  1.226   
Emission                0.395  0.395  0.395  0.395  0.395  0.395  0.395   
Emission (Empty Trips)  0.175  0.175  0.175  0.175  0.175  0.175  0.175   
CO2_Penalty             0.000  0.000  0.000  0.000  0.000  0.000  0.000   
Time value              1.345  1.345  1.345  1.345  1.345  1.345  1.345   
Transfer                2.065  2.065  2.065  2.065  2.065  2.065  2.065   
RailTrack               0.116  0.116  0.116  0.116  0.116  0.116  0.116   
Terminal                0.047  0.047  0.047  0.047  0.047  0.047  0.047   
RailElectr.             0.000  0.000  0.000  0.000  0.000  0.000  0.000   
Charging                0.000  0.000  0.000  0.000  0.000  0.000  0.000   
H2_Filling              0.000  0.000  0.000  0.000  0.000  0.000  0.000   

                                                                         \
                           ON     PE     PO     PP     PN     NE     NO   
LCOT                    4.292  4.292  4.292  4.292  4.292  4.292  4.292   
LCOT (Empty Trips)      1.226  1.226  1.226  1.226  1.226  1.226  1.226   
Emission                0.395  0.395  0.395  0.395  0.395  0.395  0.395   
Emission (Empty Trips)  0.175  0.175  0.175  0.175  0.175  0.175  0.175   
CO2_Penalty             0.000  0.000  0.000  0.000  0.000  0.000  0.000   
Time value              1.345  1.345  1.345  1.345  1.345  1.345  1.345   
Transfer                2.065  2.065  2.065  2.065  2.065  2.065  2.065   
RailTrack               0.116  0.116  0.116  0.116  0.116  0.116  0.116   
Terminal                0.047  0.047  0.047  0.047  0.047  0.047  0.047   
RailElectr.             0.000  0.000  0.000  0.000  0.000  0.000  0.000   
Charging                0.000  0.000  0.000  0.000  0.000  0.000  0.000   
H2_Filling              0.000  0.000  0.000  0.000  0.000  0.000  0.000   

                                       2028                              \
                           NP     NN     EE     EO     EP     EN     OE   
LCOT                    4.292  4.292  4.788  4.788  4.788  4.788  4.788   
LCOT (Empty Trips)      1.226  1.226  1.073  1.073  1.073  1.073  1.073   
Emission                0.395  0.395  0.897  0.897  0.897  0.897  0.897   
Emission (Empty Trips)  0.175  0.175  0.248  0.248  0.248  0.248  0.248   
CO2_Penalty             0.000  0.000  0.000  0.000  0.000  0.000  0.000   
Time value              1.345  1.345  1.628  1.628  1.628  1.628  1.628   
Transfer                2.065  2.065  2.616  2.616  2.616  2.616  2.616   
RailTrack               0.116  0.116  0.000  0.000  0.000  0.000  0.000   
Terminal                0.047  0.047  0.021  0.021  0.021  0.021  0.021   
RailElectr.             0.000  0.000  0.000  0.000  0.000  0.000  0.000   
Charging                0.000  0.000  0.006  0.006  0.006  0.006  0.006   
H2_Filling              0.000  0.000  0.000  0.000  0.000  0.000  0.000   

                                                                         \
                           OO     OP     ON     PE     PO     PP     PN   
LCOT                    4.788  4.788  4.788  4.788  4.788  4.788  4.788   
LCOT (Empty Trips)      1.073  1.073  1.073  1.073  1.073  1.073  1.073   
Emission                0.897  0.897  0.897  0.897  0.897  0.897  0.897   
Emission (Empty Trips)  0.248  0.248  0.248  0.248  0.248  0.248  0.248   
CO2_Penalty             0.000  0.000  0.000  0.000  0.000  0.000  0.000   
Time value              1.628  1.628  1.628  1.628  1.628  1.628  1.628   
Transfer                2.616  2.616  2.616  2.616  2.616  2.616  2.616   
RailTrack               0.000  0.000  0.000  0.000  0.000  0.000  0.000   
Terminal                0.021  0.021  0.021  0.021  0.021  0.021  0.021   
RailElectr.             0.000  0.000  0.000  0.000  0.000  0.000  0.000   
Charging                0.006  0.006  0.006  0.006  0.006  0.006  0.006   
H2_Filling              0.000  0.000  0.000  0.000  0.000  0.000  0.000   

                                                     2034                \
                           NE     NO     NP     NN     EE     EO     EP   
LCOT                    4.788  4.788  4.788  4.788  5.312  5.521  5.285   
LCOT (Empty Trips)      1.073  1.073  1.073  1.073  1.167  1.163  1.136   
Emission                0.897  0.897  0.897  0.897  0.856  0.664  0.927   
Emission (Empty Trips)  0.248  0.248  0.248  0.248  0.233  0.233  0.271   
CO2_Penalty             0.000  0.000  0.000  0.000  0.000  0.000  0.000   
Time value              1.628  1.628  1.628  1.628  1.926  1.926  1.927   
Transfer                2.616  2.616  2.616  2.616  3.090  3.091  3.089   
RailTrack               0.000  0.000  0.000  0.000  0.000  0.000  0.000   
Terminal                0.021  0.021  0.021  0.021  0.000  0.000  0.000   
RailElectr.             0.000  0.000  0.000  0.000  0.000  0.000  0.000   
Charging                0.006  0.006  0.006  0.006  0.054  0.054  0.037   
H2_Filling              0.000  0.000  0.000  0.000  0.000  0.000  0.000   

                                                                         \
                           EN     OE     OO     OP     ON     PE     PO   
LCOT                    5.271  4.939  5.057  4.928  4.921  5.795  5.764   
LCOT (Empty Trips)      1.133  1.051  1.076  1.053  1.052  1.357  1.340   
Emission                0.927  1.057  0.927  1.086  1.086  0.664  0.661   
Emission (Empty Trips)  0.271  0.298  0.271  0.298  0.297  0.113  0.112   
CO2_Penalty             0.000  0.000  0.000  0.000  0.000  0.000  0.000   
Time value              1.928  1.926  1.928  1.927  1.929  1.926  1.927   
Transfer                3.090  3.089  3.090  3.091  3.092  3.087  3.091   
RailTrack               0.000  0.000  0.000  0.000  0.000  0.000  0.000   
Terminal                0.001  0.000  0.000  0.000  0.000  0.000  0.000   
RailElectr.             0.000  0.000  0.000  0.000  0.000  0.000  0.000   
Charging                0.037  0.014  0.037  0.010  0.010  0.054  0.054   
H2_Filling              0.000  0.000  0.000  0.000  0.000  0.000  0.000   

                                                                   2040  \
                           PP     PN     NE     NO     NP     NN     EE   
LCOT                    5.924  5.876  5.738  5.704  5.604  5.819  5.715   
LCOT (Empty Trips)      1.267  1.264  1.346  1.332  1.246  1.242  1.191   
Emission                0.664  0.664  0.664  0.664  0.855  0.664  0.551   
Emission (Empty Trips)  0.233  0.232  0.113  0.112  0.233  0.233  0.221   
CO2_Penalty             0.000  0.000  0.000  0.000  0.000  0.000  0.000   
Time value              1.925  1.927  1.927  1.926  1.926  1.925  2.040   
Transfer                3.092  3.092  3.090  3.088  3.093  3.089  3.004   
RailTrack               0.000  0.000  0.000  0.000  0.000  0.000  0.000   
Terminal                0.000  0.000  0.000  0.000  0.000  0.000  0.001   
RailElectr.             0.000  0.000  0.000  0.000  0.000  0.000  0.000   
Charging                0.054  0.054  0.054  0.054  0.054  0.054  0.086   
H2_Filling              0.000  0.000  0.000  0.000  0.000  0.000  0.001   

                                                                         \
                           EO     EP     EN     OE     OO     OP     ON   
LCOT                    5.883  5.509  5.490  5.327  5.319  5.310  5.295   
LCOT (Empty Trips)      1.213  1.185  1.181  1.132  1.131  1.128  1.127   
Emission                0.351  0.816  0.816  0.732  0.733  0.817  0.817   
Emission (Empty Trips)  0.198  0.221  0.222  0.221  0.221  0.222  0.222   
CO2_Penalty             0.000  0.000  0.000  0.000  0.000  0.000  0.000   
Time value              2.040  2.043  2.042  2.040  2.043  2.043  2.042   
Transfer                3.000  2.998  3.004  3.004  2.997  2.997  2.997   
RailTrack               0.000  0.000  0.000  0.000  0.000  0.000  0.000   
Terminal                0.001  0.001  0.001  0.001  0.001  0.001  0.001   
RailElectr.             0.000  0.000  0.000  0.000  0.000  0.000  0.000   
Charging                0.087  0.086  0.086  0.086  0.086  0.086  0.086   
H2_Filling              0.001  0.000  0.000  0.001  0.001  0.000  0.000   

                                                                         \
                           PE     PO     PP     PN     NE     NO     NP   
LCOT                    6.123  6.061  6.359  6.273  6.074  6.014  6.081   
LCOT (Empty Trips)      1.441  1.407  1.320  1.506  1.441  1.411  1.272   
Emission                0.346  0.346  0.353  0.348  0.346  0.346  0.552   
Emission (Empty Trips)  0.004  0.004  0.199  0.004  0.004  0.004  0.222   
CO2_Penalty             0.000  0.000  0.000  0.000  0.000  0.000  0.000   
Time value              2.041  2.041  2.042  2.040  2.039  2.039  2.042   
Transfer                2.992  3.003  2.998  2.992  2.999  2.999  2.993   
RailTrack               0.000  0.000  0.000  0.000  0.000  0.000  0.000   
Terminal                0.001  0.001  0.001  0.001  0.001  0.001  0.001   
RailElectr.             0.000  0.000  0.000  0.000  0.000  0.000  0.000   
Charging                0.087  0.086  0.086  0.087  0.087  0.087  0.086   
H2_Filling              0.001  0.001  0.001  0.001  0.001  0.001  0.001   

                                2050                                     \
                           NN     EE     EO     EP     EN     OE     OO   
LCOT                    6.231  6.561  6.580  6.659  6.597  6.337  6.218   
LCOT (Empty Trips)      1.306  1.466  1.437  1.503  1.480  1.438  1.417   
Emission                0.351  0.248  0.048  0.431  0.430  0.431  0.433   
Emission (Empty Trips)  0.198  0.000 -0.000  0.033  0.033  0.034  0.028   
CO2_Penalty             0.000  0.000  0.000  0.000  0.000  0.000  0.000   
Time value              2.042  2.421  2.418  2.415  2.416  2.420  2.423   
Transfer                2.986  3.282  3.279  3.276  3.281  3.283  3.333   
RailTrack               0.000  0.000  0.000  0.000  0.000  0.000  0.000   
Terminal                0.001  0.000  0.000  0.000  0.000  0.000  0.000   
RailElectr.             0.000  0.000  0.000  0.000  0.000  0.000  0.000   
Charging                0.087  0.060  0.061  0.060  0.060  0.060  0.060   
H2_Filling              0.001  0.001  0.001  0.001  0.001  0.001  0.001   

                                                                         \
                           OP     ON     PE     PO     PP     PN     NE   
LCOT                    6.134  6.114  6.717  6.603  7.049  6.949  6.708   
LCOT (Empty Trips)      1.253  1.250  1.467  1.435  1.535  1.506  1.466   
Emission                0.778  0.777  0.047  0.047  0.048  0.047  0.047   
Emission (Empty Trips)  0.235  0.235  0.000  0.000  0.000  0.000  0.000   
CO2_Penalty             0.000  0.000  0.000  0.000  0.000  0.000  0.000   
Time value              2.416  2.415  2.421  2.419  2.416  2.415  2.421   
Transfer                3.282  3.279  3.282  3.282  3.279  3.282  3.285   
RailTrack               0.000  0.000  0.000  0.000  0.000  0.000  0.000   
Terminal                0.000  0.000  0.000  0.000  0.000  0.000  0.000   
RailElectr.             0.000  0.000  0.000  0.000  0.000  0.000  0.000   
Charging                0.060  0.060  0.060  0.060  0.060  0.060  0.060   
H2_Filling              0.001  0.001  0.001  0.001  0.001  0.001  0.001   

                                              2023        2028           2034  \
                           NO     NP     NN   mean  std   mean  std      mean   
LCOT                    6.599  6.930  6.936  4.292  0.0  4.788  0.0  5.466125   
LCOT (Empty Trips)      1.437  1.533  1.506  1.226  0.0  1.073  0.0  1.201562   
Emission                0.048  0.248  0.048  0.395  0.0  0.897  0.0  0.814375   
Emission (Empty Trips)  0.000  0.000  0.000  0.175  0.0  0.248  0.0  0.222063   
CO2_Penalty             0.000  0.000  0.000  0.000  0.0  0.000  0.0  0.000000   
Time value              2.418  2.416  2.415  1.345  0.0  1.628  0.0  1.926625   
Transfer                3.278  3.282  3.282  2.065  0.0  2.616  0.0  3.090250   
RailTrack               0.000  0.000  0.000  0.116  0.0  0.000  0.0  0.000000   
Terminal                0.000  0.000  0.000  0.047  0.0  0.021  0.0  0.000063   
RailElectr.             0.000  0.000  0.000  0.000  0.0  0.000  0.0  0.000000   
Charging                0.060  0.060  0.060  0.000  0.0  0.006  0.0  0.042813   
H2_Filling              0.001  0.001  0.001  0.000  0.0  0.000  0.0  0.000000   

                                      2040                2050            
                             std      mean       std      mean       std  
LCOT                    0.363152  5.816500  0.386006  6.605688  0.287970  
LCOT (Empty Trips)      0.111818  1.274500  0.131635  1.445563  0.083740  
Emission                0.169248  0.538812  0.211972  0.259750  0.260059  
Emission (Empty Trips)  0.069784  0.149188  0.101482  0.037375  0.078408  
CO2_Penalty             0.000000  0.000000  0.000000  0.000000  0.000000  
Time value              0.001088  2.041188  0.001377  2.417812  0.002689  
Transfer                0.001612  2.997688  0.005043  3.284187  0.013202  
RailTrack               0.000000  0.000000  0.000000  0.000000  0.000000  
Terminal                0.000250  0.001000  0.000000  0.000000  0.000000  
RailElectr.             0.000000  0.000000  0.000000  0.000000  0.000000  
Charging                0.017003  0.086375  0.000500  0.060063  0.000250  
H2_Filling              0.000000  0.000750  0.000447  0.001000  0.000000  
                       2023     2028      2034      2040      2050     
                       mean std mean  std mean  std mean  std mean  std
LCOT                    4.3   0  4.8    0  5.5 0.36  5.8 0.39  6.6 0.29
LCOT (Empty Trips)      1.2   0  1.1    0  1.2 0.11  1.3 0.13  1.4 0.08
Emission               0.39   0  0.9    0 0.81 0.17 0.54 0.21 0.26 0.26
Emission (Empty Trips) 0.17   0 0.25    0 0.22 0.07 0.15  0.1 0.04 0.08
CO2_Penalty               0   0    0    0    0    0    0    0    0    0
Time value              1.3   0  1.6    0  1.9    0    2    0  2.4    0
Transfer                2.1   0  2.6    0  3.1    0    3 0.01  3.3 0.01
RailTrack              0.12   0    0    0    0    0    0    0    0    0
Terminal               0.05   0 0.02    0    0    0    0    0    0    0
RailElectr.               0   0    0    0    0    0    0    0    0    0
Charging                  0   0 0.01    0 0.04 0.02 0.09    0 0.06    0
H2_Filling                0   0    0    0    0    0    0    0    0    0
discount_factor           1   1 0.83 0.83 0.66 0.66 0.53 0.53 0.36 0.36
emissions (MTonnes CO2 eq.):
             AvgEmission     Std  AvgEmission_perc  Std_perc
time_period                                                 
2023                 7.2       0             1e+02         0
2028                 6.6 1.7e-09                91   2.4e-08
2034                 4.9     1.1                68        15
2040                 3.3     1.5                45        20
2050                 1.3     1.6                19        22
----------------
Average transport work in GTONNES*km:
    mode            product time_period TransportArbeid
0   Rail           Dry bulk        2023             9.7
1   Rail           Neo bulk        2023          0.0011
2   Road  Break bulk (fast)        2023             5.5
3   Road  Break bulk (slow)        2023             5.8
4   Road   Container (fast)        2023               2
5   Road   Container (slow)        2023             2.7
6   Road           Dry bulk        2023            0.56
7   Road           Neo bulk        2023              12
8    Sea  Break bulk (fast)        2023           0.091
9    Sea  Break bulk (slow)        2023               1
10   Sea   Container (fast)        2023             0.1
11   Sea   Container (slow)        2023             1.1
12   Sea           Dry bulk        2023              97
13   Sea           Neo bulk        2023            0.26

