----------------------------
Doing the following analysis: 
FuelScen_carbontaxbase_lambda0.3_alpha0.1
----------------------------
Reading data...
Reading and constructing data
Function construct_sets Took 0.0013 seconds
Function construct_network Took 0.0047 seconds
Transport demand in the base year 2018 (in MTonnes):
             product  tot_weight
0           Dry bulk       94.86
1   Container (fast)        4.07
2   Container (slow)        9.23
3  Break bulk (fast)       11.61
4  Break bulk (slow)       15.37
5           Neo bulk       19.28
Function construct_ODD Took 0.5129 seconds
Function construct_vehicles Took 0.5613 seconds
Function construct_emission_transfer Took 0.1587 seconds
Function construct_costs Took 2.3705 seconds
Function construct_time_value Took 0.0011 seconds
Function construct_investments Took 0.0087 seconds
Function construct_charging_edges Took 0.2024 seconds
Function construct_tech_readiness Took 0.0051 seconds
Function construct_path_generation Took 0.1837 seconds
Function construct_param2 Took 0.0641 seconds
Function combined_sets Took 0.4444 seconds
Function combined_sets Took 0.4490 seconds
Done reading data.
Time used reading the base data: 16.734788179397583
Solving the first time period for initialization purposes...
Function combined_sets Took 0.1535 seconds
Set parameter Username
Academic license - for non-commercial use only - expires 2025-09-27
Read LP format model from file C:\Users\sandee\Documents\Github\STraM_ntnu_development\temp\pyomo\tmpataawqvy.pyomo.lp
Reading time = 4.59 seconds
x1: 2206927 rows, 540793 columns, 7780366 nonzeros
Set parameter FeasibilityTol to value 0.0001
Set parameter MIPGap to value 0.002
Gurobi Optimizer version 11.0.0 build v11.0.0rc2 (win64 - Windows 10.0 (19045.2))

CPU model: Intel(R) Core(TM) i7-10700 CPU @ 2.90GHz, instruction set [SSE2|AVX|AVX2]
Thread count: 8 physical cores, 16 logical processors, using up to 16 threads

Optimize a model with 2206927 rows, 540793 columns and 7780366 nonzeros
Model fingerprint: 0x02de2b91
Coefficient statistics:
  Matrix range     [6e-06, 1e+03]
  Objective range  [4e-02, 3e-01]
  Bounds range     [0e+00, 0e+00]
  RHS range        [1e-03, 9e+01]
Presolve removed 2204267 rows and 518514 columns
Presolve time: 4.18s
Presolved: 2660 rows, 23242 columns, 201160 nonzeros

Concurrent LP optimizer: primal simplex, dual simplex, and barrier
Showing barrier log only...

Ordering time: 0.02s

Barrier statistics:
 AA' NZ     : 8.445e+04
 Factor NZ  : 1.876e+05 (roughly 12 MB of memory)
 Factor Ops : 2.571e+07 (less than 1 second per iteration)
 Threads    : 6

                  Objective                Residual
Iter       Primal          Dual         Primal    Dual     Compl     Time
   0   4.26674854e+00 -5.65025000e-01  2.86e+05 0.00e+00  1.23e+00     4s
   1   1.56946924e+00 -6.13247941e-01  6.92e+04 2.27e-02  3.11e-01     4s
   2   7.49592777e-01  6.10723261e-01  1.42e+04 1.52e-02  6.80e-02     4s
   3   8.39325503e-01  7.19825325e+00  5.24e+03 3.39e-03  2.50e-02     4s
   4   4.97431563e+00  3.02919298e+01  2.92e+03 1.40e-03  1.41e-02     4s
   5   8.63115495e+00  4.26087728e+01  2.26e+03 1.30e-03  1.08e-02     4s
   6   1.28086962e+01  3.93930892e+01  2.06e+03 1.23e-03  9.88e-03     4s
   7   2.00399418e+01  4.28764966e+01  1.62e+03 1.11e-03  7.87e-03     4s
   8   2.30447315e+01  6.37755672e+01  1.38e+03 6.43e-04  6.62e-03     4s
   9   2.40925851e+01  7.62454351e+01  1.31e+03 5.05e-04  6.34e-03     4s
  10   2.55667834e+01  8.15729541e+01  1.23e+03 4.87e-04  5.91e-03     4s
  11   2.65231593e+01  8.61681677e+01  1.18e+03 4.58e-04  5.67e-03     4s
  12   3.38662272e+01  8.99111907e+01  8.97e+02 4.11e-04  4.23e-03     4s
  13   3.94848755e+01  9.39287077e+01  7.67e+02 3.93e-04  3.56e-03     4s
  14   4.12391234e+01  1.01268662e+02  7.32e+02 3.70e-04  3.39e-03     4s
  15   4.34513273e+01  1.04288268e+02  6.95e+02 3.64e-04  3.21e-03     4s
  16   4.49496671e+01  1.11403668e+02  6.72e+02 3.48e-04  3.10e-03     4s
  17   4.91139100e+01  1.14265015e+02  6.17e+02 3.32e-04  2.83e-03     4s
  18   5.57584612e+01  1.21761313e+02  5.36e+02 2.94e-04  2.41e-03     4s
  19   5.92407688e+01  1.30553927e+02  4.95e+02 2.78e-04  2.21e-03     4s
  20   6.16149596e+01  1.38437342e+02  4.73e+02 2.68e-04  2.11e-03     4s
  21   6.74765732e+01  1.47734706e+02  4.28e+02 2.48e-04  1.88e-03     4s
  22   7.19208569e+01  1.57330300e+02  3.97e+02 2.35e-04  1.72e-03     4s
  23   7.51818897e+01  1.60312216e+02  3.77e+02 2.26e-04  1.63e-03     5s
  24   7.87565192e+01  1.66108044e+02  3.58e+02 2.16e-04  1.54e-03     5s
  25   8.26350397e+01  1.71847818e+02  3.38e+02 2.08e-04  1.44e-03     5s
  26   8.49121617e+01  1.77158709e+02  3.26e+02 2.03e-04  1.38e-03     5s
  27   8.55682779e+01  1.81046098e+02  3.23e+02 1.96e-04  1.38e-03     5s
  28   8.67810588e+01  1.81926064e+02  3.18e+02 1.92e-04  1.36e-03     5s
  29   9.08319075e+01  1.87303514e+02  3.00e+02 1.83e-04  1.25e-03     5s
  30   9.60330965e+01  1.93305215e+02  2.79e+02 1.73e-04  1.15e-03     5s
  31   1.01882095e+02  2.01458359e+02  2.57e+02 1.62e-04  1.04e-03     5s
  32   1.05742604e+02  2.05170216e+02  2.43e+02 1.59e-04  9.70e-04     5s
  33   1.09364087e+02  2.12151175e+02  2.31e+02 1.54e-04  9.13e-04     5s
  34   1.14273599e+02  2.24096167e+02  2.17e+02 1.44e-04  8.52e-04     5s
  35   1.16883059e+02  2.34335982e+02  2.10e+02 1.38e-04  8.32e-04     5s
  36   1.20742831e+02  2.44179002e+02  2.00e+02 1.32e-04  7.83e-04     5s
  37   1.23939283e+02  2.46432875e+02  1.93e+02 1.31e-04  7.38e-04     5s
  38   1.30074948e+02  2.53763066e+02  1.82e+02 1.26e-04  6.88e-04     5s
  39   1.33727464e+02  2.63842412e+02  1.76e+02 1.20e-04  6.68e-04     5s
  40   1.36968801e+02  2.69133107e+02  1.70e+02 1.18e-04  6.46e-04     5s
  41   1.39936251e+02  2.74624320e+02  1.66e+02 1.16e-04  6.22e-04     5s
  42   1.42184543e+02  2.84291951e+02  1.62e+02 1.13e-04  6.07e-04     5s
  43   1.44392605e+02  2.92779933e+02  1.59e+02 1.11e-04  6.04e-04     5s
  44   1.47986404e+02  3.00803816e+02  1.54e+02 1.09e-04  5.67e-04     5s
  45   1.50856057e+02  3.11505543e+02  1.51e+02 1.07e-04  5.62e-04     5s
  46   1.54834593e+02  3.17769010e+02  1.47e+02 1.05e-04  5.45e-04     5s
  47   1.59510185e+02  3.20228085e+02  1.42e+02 1.03e-04  5.25e-04     5s
  48   1.65291241e+02  3.28388389e+02  1.37e+02 9.92e-05  5.07e-04     5s
  49   1.69173752e+02  3.32663228e+02  1.34e+02 9.71e-05  4.94e-04     5s
  50   1.71020668e+02  3.37102290e+02  1.32e+02 9.52e-05  4.89e-04     5s
  51   1.74056351e+02  3.43300472e+02  1.29e+02 9.30e-05  4.79e-04     5s
  52   1.76076968e+02  3.46673063e+02  1.28e+02 9.20e-05  4.72e-04     5s
  53   1.78659420e+02  3.49083141e+02  1.26e+02 9.12e-05  4.62e-04     5s
  54   1.81673380e+02  3.54966580e+02  1.23e+02 8.94e-05  4.52e-04     5s
  55   1.84077816e+02  3.57314427e+02  1.21e+02 8.79e-05  4.46e-04     5s
  56   1.86961822e+02  3.63940984e+02  1.19e+02 8.63e-05  4.37e-04     5s
  57   1.90330668e+02  3.68103884e+02  1.17e+02 8.52e-05  4.25e-04     5s
  58   1.92168650e+02  3.72035602e+02  1.15e+02 8.43e-05  4.19e-04     5s
  59   1.94794502e+02  3.77628937e+02  1.14e+02 8.30e-05  4.12e-04     5s
  60   1.97454444e+02  3.86108776e+02  1.12e+02 8.09e-05  4.07e-04     5s
  61   2.01119165e+02  3.90173419e+02  1.10e+02 7.96e-05  3.97e-04     5s
  62   2.03392154e+02  3.93895150e+02  1.08e+02 7.84e-05  3.92e-04     5s

Barrier performed 62 iterations in 4.79 seconds (5.47 work units)
Barrier solve interrupted - model solved by another algorithm


Solved with primal simplex
Iteration    Objective       Primal Inf.    Dual Inf.      Time
   11157    5.3711182e+02   6.300000e-03   1.839009e+10      6s
Extra simplex iterations after uncrush: 4
   11161    5.3711205e+02   0.000000e+00   0.000000e+00      6s

Solved in 11161 iterations and 6.19 seconds (7.65 work units)
Optimal objective  5.371120518e+02
the solution is feasible and optimal
Solution time: 13.60378098487854
Function combined_sets Took 0.4200 seconds
-----
Constructing full SP model...
Done constructing model.
Time used constructing the model: 88.19962167739868
----------
Solving model...
Set parameter Username
Academic license - for non-commercial use only - expires 2025-09-27
Read LP format model from file C:\Users\sandee\Documents\Github\STraM_ntnu_development\temp\pyomo\tmpb8995f44.pyomo.lp
Reading time = 14.88 seconds
x1: 4554352 rows, 1834336 columns, 25949476 nonzeros
Set parameter FeasibilityTol to value 0.01
Set parameter MIPGap to value 0.002
Gurobi Optimizer version 11.0.0 build v11.0.0rc2 (win64 - Windows 10.0 (19045.2))

CPU model: Intel(R) Core(TM) i7-10700 CPU @ 2.90GHz, instruction set [SSE2|AVX|AVX2]
Thread count: 8 physical cores, 16 logical processors, using up to 16 threads

Optimize a model with 4554352 rows, 1834336 columns and 25949476 nonzeros
Model fingerprint: 0xd4429f97
Variable types: 1834030 continuous, 306 integer (306 binary)
Coefficient statistics:
  Matrix range     [6e-06, 1e+03]
  Objective range  [4e-02, 3e-01]
  Bounds range     [1e+00, 6e+04]
  RHS range        [1e-03, 9e+01]
Presolve removed 4353589 rows and 1030994 columns (presolve time = 5s) ...
Presolve removed 4353661 rows and 1037449 columns
Presolve time: 7.10s
Presolved: 200691 rows, 796887 columns, 16339455 nonzeros
Variable types: 796853 continuous, 34 integer (34 binary)
Deterministic concurrent LP optimizer: primal simplex, dual simplex, and barrier
Showing barrier log only...

Root barrier log...

Ordering time: 2.07s

Barrier statistics:
 AA' NZ     : 4.448e+06
 Factor NZ  : 1.149e+07 (roughly 400 MB of memory)
 Factor Ops : 2.823e+09 (less than 1 second per iteration)
 Threads    : 5

                  Objective                Residual
Iter       Primal          Dual         Primal    Dual     Compl     Time
   0   1.38201901e+13 -1.10665049e+13  9.14e+10 7.63e+01  2.67e+09    51s
   1   9.47578341e+12 -1.09091639e+13  6.26e+10 2.08e+02  1.85e+09    52s
   2   4.27084155e+12 -9.45802745e+12  2.78e+10 1.54e+02  8.52e+08    53s
   3   9.21641931e+11 -3.97971896e+12  5.23e+09 1.06e+01  1.69e+08    55s
   4   1.96512242e+11 -1.48778662e+12  5.01e+08 1.61e-01  1.84e+07    56s
   5   6.67502596e+10 -3.91560201e+11  1.29e+08 3.72e-02  4.70e+06    56s
   6   3.09512386e+10 -1.66200396e+11  5.06e+07 1.11e-02  1.86e+06    57s
   7   1.24558295e+10 -4.46729730e+10  1.67e+07 2.27e-12  6.19e+05    58s
   8   7.68233968e+09 -1.63106824e+10  9.59e+06 1.64e-09  3.50e+05    59s
   9   6.33150212e+09 -1.42169377e+10  7.87e+06 1.40e-09  2.89e+05    60s
  10   6.18178015e+09 -1.40996572e+10  7.68e+06 1.41e-09  2.82e+05    61s
  11   6.12859060e+09 -1.34364553e+10  7.61e+06 1.17e-09  2.80e+05    62s
  12   5.94763610e+09 -1.29724898e+10  7.39e+06 1.12e-09  2.71e+05    63s
  13   5.25617026e+09 -1.21554168e+10  6.52e+06 8.69e-10  2.39e+05    64s
  14   4.96903157e+09 -9.90900990e+09  6.14e+06 6.84e-10  2.24e+05    65s
  15   2.74964258e+09 -5.65753244e+09  3.31e+06 2.64e-10  1.22e+05    66s
  16   1.65264327e+09 -2.62040163e+09  1.93e+06 4.67e-09  7.18e+04    67s
  17   1.16149113e+09 -2.02685068e+09  1.33e+06 2.64e-09  4.92e+04    68s
  18   1.01464563e+09 -1.43224621e+09  1.16e+06 7.52e-12  4.39e+04    68s
  19   4.17254092e+08 -1.03424224e+09  4.57e+05 6.82e-12  1.76e+04    69s
  20   1.45999767e+08 -9.19899050e+08  1.60e+05 6.37e-12  6.46e+03    70s
  21   1.17129684e+08 -5.90755584e+08  1.25e+05 1.18e-08  4.86e+03    71s
  22   4.83145833e+07 -4.06037588e+08  4.89e+04 4.95e-12  1.96e+03    71s
  23   2.11941172e+07 -1.82647169e+08  1.97e+04 4.91e-09  7.54e+02    72s
  24   6.90960397e+06 -8.83432956e+07  5.66e+03 1.22e-09  2.26e+02    73s
  25   3.83261917e+06 -4.08940234e+07  2.96e+03 1.82e-11  1.07e+02    74s
  26   1.37337475e+06 -1.39370648e+07  9.22e+02 8.19e-12  3.25e+01    75s
  27   6.83158627e+05 -1.03585648e+07  4.43e+02 7.28e-12  1.79e+01    76s
  28   5.01504534e+05 -7.99895774e+06  3.20e+02 4.09e-12  1.31e+01    77s
  29   3.04339419e+05 -5.43953130e+06  1.90e+02 2.64e-12  8.15e+00    78s
  30   2.07307684e+05 -3.94536066e+06  1.25e+02 1.82e-12  5.55e+00    79s
  31   1.24487869e+05 -2.93310597e+06  7.27e+01 1.59e-12  3.60e+00    80s
  32   8.21579547e+04 -2.33310762e+06  4.51e+01 1.36e-12  2.55e+00    80s
  33   7.03652452e+04 -1.77065725e+06  3.77e+01 1.82e-12  1.98e+00    81s
  34   6.24997493e+04 -1.46547457e+06  3.28e+01 1.82e-12  1.66e+00    82s
  35   4.22619372e+04 -1.37680542e+06  2.06e+01 3.64e-12  1.34e+00    83s
  36   3.98047542e+04 -1.18750399e+06  1.91e+01 3.64e-12  1.17e+00    85s
  37   3.49290042e+04 -1.00922459e+06  1.61e+01 2.35e-12  9.84e-01    86s
  38   3.02085230e+04 -8.54797071e+05  1.33e+01 1.82e-12  8.19e-01    87s
  39   2.73115245e+04 -7.62935551e+05  1.16e+01 1.65e-12  7.21e-01    89s
  40   2.35270530e+04 -6.47736144e+05  9.37e+00 2.19e-12  5.97e-01    90s
  41   1.91364386e+04 -5.55973532e+05  6.80e+00 1.36e-12  4.87e-01    92s
  42   1.70333652e+04 -4.47216503e+05  5.52e+00 1.82e-12  3.88e-01    93s
  43   1.56802805e+04 -4.00730211e+05  4.74e+00 1.82e-12  3.43e-01    94s
  44   1.42495734e+04 -3.62961402e+05  3.88e+00 1.82e-12  3.03e-01    95s
  45   1.31637151e+04 -3.25089074e+05  3.26e+00 1.76e-12  2.67e-01    96s

Barrier performed 45 iterations in 96.20 seconds (71.18 work units)
Barrier solve interrupted - model solved by another algorithm

Concurrent spin time: 0.56s

Solved with dual simplex
Warning: Markowitz tolerance tightened to 0.125

Root simplex log...

Iteration    Objective       Primal Inf.    Dual Inf.      Time
   94379    2.4347028e+03   0.000000e+00   8.166026e-01    100s
   95347    2.4349598e+03   0.000000e+00   0.000000e+00    102s
Extra simplex iterations after uncrush: 9353

Root relaxation: objective 2.434960e+03, 95347 iterations, 62.44 seconds (28.96 work units)

    Nodes    |    Current Node    |     Objective Bounds      |     Work
 Expl Unexpl |  Obj  Depth IntInf | Incumbent    BestBd   Gap | It/Node Time

     0     0 2434.95984    0    3          - 2434.95984      -     -  102s
H    0     0                    2434.9736154 2434.95984  0.00%     -  104s

Explored 1 nodes (95347 simplex iterations) in 106.02 seconds (74.63 work units)
Thread count was 16 (of 16 available processors)

Solution count 2: 2434.97 2434.97 

Optimal solution found (tolerance 2.00e-03)
Warning: max constraint violation (8.6949e-02) exceeds tolerance
Warning: max bound violation (7.9709e-02) exceeds tolerance
Best objective 2.434973615418e+03, best bound 2.434973615418e+03, gap 0.0000%
the solution is feasible and optimal
Solution time: 127.87564635276794
Done solving model.
Time used solving the model: 211.75508952140808
----------Dumping data in pickle file...done.
Dumping results in pickle file.....done.
objective function value:  2434.9736154180264
objective function value normalized (Billion EURO):  243.5
                         2023                                            \
                           OO     OB     OP     BO     BB     BP     PO   
LCOT                    4.289  4.289  4.289  4.289  4.289  4.289  4.289   
LCOT (Empty Trips)      1.230  1.230  1.230  1.230  1.230  1.230  1.230   
Emission                0.394  0.394  0.394  0.394  0.394  0.394  0.394   
Emission (Empty Trips)  0.176  0.176  0.176  0.176  0.176  0.176  0.176   
CO2_Penalty             0.000  0.000  0.000  0.000  0.000  0.000  0.000   
Time value              1.343  1.343  1.343  1.343  1.343  1.343  1.343   
Transfer                2.063  2.063  2.063  2.063  2.063  2.063  2.063   
RailTrack               0.116  0.116  0.116  0.116  0.116  0.116  0.116   
Terminal                0.041  0.041  0.041  0.041  0.041  0.041  0.041   
RailElectr.             0.000  0.000  0.000  0.000  0.000  0.000  0.000   
Charging                0.000  0.000  0.000  0.000  0.000  0.000  0.000   
H2_Filling              0.000  0.000  0.000  0.000  0.000  0.000  0.000   

                                       2028                              \
                           PB     PP     OO     OB     OP     BO     BB   
LCOT                    4.289  4.289  4.783  4.783  4.783  4.783  4.783   
LCOT (Empty Trips)      1.230  1.230  1.072  1.072  1.072  1.072  1.072   
Emission                0.394  0.394  0.903  0.903  0.903  0.903  0.903   
Emission (Empty Trips)  0.176  0.176  0.248  0.248  0.248  0.248  0.248   
CO2_Penalty             0.000  0.000  0.000  0.000  0.000  0.000  0.000   
Time value              1.343  1.343  1.629  1.629  1.629  1.629  1.629   
Transfer                2.063  2.063  2.615  2.615  2.615  2.615  2.615   
RailTrack               0.116  0.116  0.000  0.000  0.000  0.000  0.000   
Terminal                0.041  0.041  0.029  0.029  0.029  0.029  0.029   
RailElectr.             0.000  0.000  0.000  0.000  0.000  0.000  0.000   
Charging                0.000  0.000  0.006  0.006  0.006  0.006  0.006   
H2_Filling              0.000  0.000  0.000  0.000  0.000  0.000  0.000   

                                                     2034                \
                           BP     PO     PB     PP     OO     OB     OP   
LCOT                    4.783  4.783  4.783  4.783  5.045  4.902  4.913   
LCOT (Empty Trips)      1.072  1.072  1.072  1.072  1.075  1.050  1.053   
Emission                0.903  0.903  0.903  0.903  0.934  1.093  1.092   
Emission (Empty Trips)  0.248  0.248  0.248  0.248  0.272  0.298  0.297   
CO2_Penalty             0.000  0.000  0.000  0.000  0.000  0.000  0.000   
Time value              1.629  1.629  1.629  1.629  1.929  1.928  1.928   
Transfer                2.615  2.615  2.615  2.615  3.094  3.094  3.093   
RailTrack               0.000  0.000  0.000  0.000  0.000  0.000  0.000   
Terminal                0.029  0.029  0.029  0.029  0.000  0.000  0.000   
RailElectr.             0.000  0.000  0.000  0.000  0.000  0.000  0.000   
Charging                0.006  0.006  0.006  0.006  0.037  0.010  0.010   
H2_Filling              0.000  0.000  0.000  0.000  0.000  0.000  0.000   

                                                                   2040  \
                           BO     BB     BP     PO     PB     PP     OO   
LCOT                    5.642  5.707  5.515  5.760  5.821  5.922  5.318   
LCOT (Empty Trips)      1.304  1.216  1.223  1.339  1.349  1.266  1.132   
Emission                0.671  0.671  0.863  0.668  0.671  0.671  0.732   
Emission (Empty Trips)  0.133  0.233  0.233  0.116  0.132  0.232  0.221   
CO2_Penalty             0.000  0.000  0.000  0.000  0.000  0.000  0.000   
Time value              1.926  1.927  1.928  1.928  1.928  1.928  2.042   
Transfer                3.090  3.092  3.093  3.093  3.098  3.097  2.996   
RailTrack               0.000  0.000  0.000  0.000  0.000  0.000  0.000   
Terminal                0.000  0.000  0.000  0.000  0.000  0.000  0.001   
RailElectr.             0.000  0.000  0.000  0.000  0.000  0.000  0.000   
Charging                0.054  0.053  0.054  0.054  0.054  0.054  0.086   
H2_Filling              0.000  0.000  0.000  0.000  0.000  0.000  0.001   

                                                                         \
                           OB     OP     BO     BB     BP     PO     PB   
LCOT                    5.269  5.305  5.967  6.093  5.857  6.053  6.185   
LCOT (Empty Trips)      1.119  1.128  1.409  1.269  1.242  1.409  1.470   
Emission                0.816  0.817  0.354  0.358  0.672  0.354  0.354   
Emission (Empty Trips)  0.222  0.222  0.004  0.202  0.222  0.004  0.004   
CO2_Penalty             0.000  0.000  0.000  0.000  0.000  0.000  0.000   
Time value              2.041  2.043  2.042  2.042  2.043  2.042  2.041   
Transfer                3.010  3.003  3.004  3.000  3.002  3.004  3.000   
RailTrack               0.000  0.000  0.000  0.000  0.000  0.000  0.000   
Terminal                0.001  0.001  0.001  0.001  0.001  0.001  0.001   
RailElectr.             0.000  0.000  0.000  0.000  0.000  0.000  0.000   
Charging                0.086  0.086  0.086  0.086  0.086  0.086  0.086   
H2_Filling              0.000  0.000  0.001  0.001  0.001  0.001  0.001   

                                2050                                     \
                           PP     OO     OB     OP     BO     BB     BP   
LCOT                    6.341  6.214  6.431  6.140  6.594  6.836  6.804   
LCOT (Empty Trips)      1.316  1.412  1.446  1.254  1.435  1.481  1.533   
Emission                0.360  0.432  0.435  0.779  0.055  0.055  0.369   
Emission (Empty Trips)  0.204  0.029  0.033  0.235  0.000  0.000  0.000   
CO2_Penalty             0.000  0.000  0.000  0.000  0.000  0.000  0.000   
Time value              2.043  2.421  2.415  2.416  2.421  2.415  2.417   
Transfer                3.000  3.336  3.279  3.279  3.278  3.278  3.283   
RailTrack               0.000  0.000  0.000  0.000  0.000  0.000  0.000   
Terminal                0.001  0.000  0.000  0.000  0.000  0.000  0.000   
RailElectr.             0.000  0.000  0.000  0.000  0.000  0.000  0.000   
Charging                0.086  0.060  0.060  0.060  0.060  0.060  0.060   
H2_Filling              0.001  0.001  0.001  0.001  0.001  0.001  0.001   

                                              2023        2028                \
                           PO     PB     PP   mean  std   mean           std   
LCOT                    6.606  6.849  7.042  4.289  0.0  4.783  0.000000e+00   
LCOT (Empty Trips)      1.435  1.481  1.533  1.230  0.0  1.072  0.000000e+00   
Emission                0.055  0.055  0.055  0.394  0.0  0.903  0.000000e+00   
Emission (Empty Trips)  0.000  0.000  0.000  0.176  0.0  0.248  2.943923e-17   
CO2_Penalty             0.000  0.000  0.000  0.000  0.0  0.000  0.000000e+00   
Time value              2.422  2.414  2.415  1.343  0.0  1.629  0.000000e+00   
Transfer                3.281  3.279  3.279  2.063  0.0  2.615  0.000000e+00   
RailTrack               0.000  0.000  0.000  0.116  0.0  0.000  0.000000e+00   
Terminal                0.000  0.000  0.000  0.041  0.0  0.029  0.000000e+00   
RailElectr.             0.000  0.000  0.000  0.000  0.0  0.000  0.000000e+00   
Charging                0.060  0.060  0.060  0.000  0.0  0.006  0.000000e+00   
H2_Filling              0.001  0.001  0.001  0.000  0.0  0.000  0.000000e+00   

                            2034                2040                2050  \
                            mean       std      mean       std      mean   
LCOT                    5.469667  0.405105  5.820889  0.414922  6.612889   
LCOT (Empty Trips)      1.208333  0.120721  1.277111  0.133743  1.445556   
Emission                0.814889  0.185415  0.535222  0.216881  0.254444   
Emission (Empty Trips)  0.216222  0.071763  0.145000  0.106028  0.033000   
CO2_Penalty             0.000000  0.000000  0.000000  0.000000  0.000000   
Time value              1.927778  0.000833  2.042111  0.000782  2.417333   
Transfer                3.093778  0.002438  3.002111  0.003887  3.285778   
RailTrack               0.000000  0.000000  0.000000  0.000000  0.000000   
Terminal                0.000000  0.000000  0.001000  0.000000  0.000000   
RailElectr.             0.000000  0.000000  0.000000  0.000000  0.000000   
Charging                0.042222  0.019084  0.086000  0.000000  0.060000   
H2_Filling              0.000000  0.000000  0.000778  0.000441  0.001000   

                                      
                                 std  
LCOT                    3.046332e-01  
LCOT (Empty Trips)      8.355255e-02  
Emission                2.625115e-01  
Emission (Empty Trips)  7.693666e-02  
CO2_Penalty             0.000000e+00  
Time value              3.122499e-03  
Transfer                1.889959e-02  
RailTrack               0.000000e+00  
Terminal                0.000000e+00  
RailElectr.             0.000000e+00  
Charging                7.359808e-18  
H2_Filling              0.000000e+00  
                       2023     2028      2034      2040      2050     
                       mean std mean  std mean  std mean  std mean  std
LCOT                    4.3   0  4.8    0  5.5 0.41  5.8 0.41  6.6  0.3
LCOT (Empty Trips)      1.2   0  1.1    0  1.2 0.12  1.3 0.13  1.4 0.08
Emission               0.39   0  0.9    0 0.81 0.19 0.54 0.22 0.25 0.26
Emission (Empty Trips) 0.18   0 0.25    0 0.22 0.07 0.14 0.11 0.03 0.08
CO2_Penalty               0   0    0    0    0    0    0    0    0    0
Time value              1.3   0  1.6    0  1.9    0    2    0  2.4    0
Transfer                2.1   0  2.6    0  3.1    0    3    0  3.3 0.02
RailTrack              0.12   0    0    0    0    0    0    0    0    0
Terminal               0.04   0 0.03    0    0    0    0    0    0    0
RailElectr.               0   0    0    0    0    0    0    0    0    0
Charging                  0   0 0.01    0 0.04 0.02 0.09    0 0.06    0
H2_Filling                0   0    0    0    0    0    0    0    0    0
discount_factor           1   1 0.83 0.83 0.66 0.66 0.53 0.53 0.36 0.36
emissions (MTonnes CO2 eq.):
             AvgEmission     Std  AvgEmission_perc  Std_perc
time_period                                                 
2023                 7.2       0             1e+02         0
2028                 6.6 1.4e-09                91     2e-08
2034                 4.9     1.2                68        17
2040                 3.2     1.5                45        21
2050                 1.3     1.6                18        22
----------------
Average transport work in GTONNES*km:
    mode            product time_period TransportArbeid
0   Rail           Dry bulk        2023             9.7
1   Rail           Neo bulk        2023        -0.00049
2   Road  Break bulk (fast)        2023             5.5
3   Road  Break bulk (slow)        2023             5.8
4   Road   Container (fast)        2023               2
5   Road   Container (slow)        2023             2.7
6   Road           Dry bulk        2023            0.56
7   Road           Neo bulk        2023              12
8    Sea  Break bulk (fast)        2023           0.091
9    Sea  Break bulk (slow)        2023            0.99
10   Sea   Container (fast)        2023             0.1
11   Sea   Container (slow)        2023               1
12   Sea           Dry bulk        2023              97
13   Sea           Neo bulk        2023            0.26

