----------------------------
Doing the following analysis: 
FuelScen_carbontaxbase_demand_scaled_0%_risk_rate_3.0
----------------------------
Reading data...
Reading and constructing data
Function construct_sets Took 0.0013 seconds
Function construct_network Took 0.0054 seconds
Transport demand in the base year 2018 (in MTonnes):
             product  tot_weight
0           Dry bulk       94.86
1   Container (fast)        4.07
2   Container (slow)        9.23
3  Break bulk (fast)       11.61
4  Break bulk (slow)       15.37
5           Neo bulk       19.28
Function construct_ODD Took 0.5549 seconds
Function construct_vehicles Took 0.7842 seconds
Function construct_emission_transfer Took 0.1768 seconds
Function construct_costs Took 2.6387 seconds
Function construct_time_value Took 0.0016 seconds
Function construct_investments Took 0.0109 seconds
Function construct_charging_edges Took 0.2618 seconds
Function construct_tech_readiness Took 0.0068 seconds
Function construct_path_generation Took 0.1935 seconds
Function construct_param2 Took 0.0709 seconds
Function combined_sets Took 0.5117 seconds
Function combined_sets Took 0.5046 seconds
Done reading data.
Time used reading the base data: 20.31091856956482
Solving the first time period for initialization purposes...
Function combined_sets Took 0.2512 seconds
Set parameter Username
Academic license - for non-commercial use only - expires 2025-03-01
Read LP format model from file C:\Users\Sander\Documents\Code\Github\Sander\STraM_ntnu_development\temp\pyomo\tmp46foxlyh.pyomo.lp
Reading time = 5.25 seconds
x1: 2206927 rows, 540793 columns, 7780366 nonzeros
Set parameter FeasibilityTol to value 0.0001
Set parameter MIPGap to value 0.002
Gurobi Optimizer version 11.0.0 build v11.0.0rc2 (win64 - Windows 11+.0 (22631.2))

CPU model: Intel(R) Core(TM) i7-10510U CPU @ 1.80GHz, instruction set [SSE2|AVX|AVX2]
Thread count: 4 physical cores, 8 logical processors, using up to 8 threads

Optimize a model with 2206927 rows, 540793 columns and 7780366 nonzeros
Model fingerprint: 0x9f29f661
Coefficient statistics:
  Matrix range     [6e-06, 1e+03]
  Objective range  [8e-02, 3e-01]
  Bounds range     [0e+00, 0e+00]
  RHS range        [1e-03, 9e+01]
Presolve removed 561815 rows and 483568 columns (presolve time = 5s) ...
Presolve removed 2204267 rows and 518514 columns
Presolve time: 5.67s
Presolved: 2660 rows, 23242 columns, 201160 nonzeros

Concurrent LP optimizer: dual simplex and barrier
Showing barrier log only...

Ordering time: 0.02s

Barrier statistics:
 AA' NZ     : 8.445e+04
 Factor NZ  : 1.919e+05 (roughly 12 MB of memory)
 Factor Ops : 2.716e+07 (less than 1 second per iteration)
 Threads    : 3

                  Objective                Residual
Iter       Primal          Dual         Primal    Dual     Compl     Time
   0   4.26678536e+00 -5.65025000e-01  2.86e+05 0.00e+00  1.23e+00     6s
   1   1.56007603e+00 -6.13263184e-01  6.92e+04 2.27e-02  3.11e-01     6s
   2   7.37009641e-01  6.10959992e-01  1.42e+04 1.52e-02  6.80e-02     6s
   3   8.07169033e-01  7.19789727e+00  5.24e+03 3.39e-03  2.50e-02     6s
   4   4.28537390e+00  2.94619373e+01  2.87e+03 1.25e-03  1.38e-02     6s
   5   1.00734292e+01  3.20532412e+01  2.34e+03 1.01e-03  1.11e-02     6s
   6   1.19043318e+01  3.94358991e+01  2.23e+03 9.19e-04  1.05e-02     6s
   7   1.44073955e+01  5.11237391e+01  1.89e+03 7.95e-04  8.93e-03     6s
   8   1.52456496e+01  5.37229841e+01  1.83e+03 7.25e-04  8.64e-03     6s
   9   2.14633784e+01  6.02763279e+01  1.41e+03 5.30e-04  6.60e-03     6s
  10   2.52247311e+01  6.92694161e+01  1.15e+03 4.79e-04  5.33e-03     6s
  11   2.65876357e+01  7.77965728e+01  1.11e+03 4.37e-04  5.16e-03     6s
  12   3.45444837e+01  8.69149066e+01  8.45e+02 4.01e-04  3.82e-03     6s
  13   3.96257183e+01  9.82497432e+01  7.35e+02 3.51e-04  3.28e-03     6s
  14   4.21494186e+01  1.04203520e+02  6.91e+02 3.40e-04  3.07e-03     6s
  15   4.41912754e+01  1.10732556e+02  6.65e+02 3.26e-04  2.95e-03     6s
  16   4.79151540e+01  1.15199042e+02  6.19e+02 3.15e-04  2.72e-03     6s
  17   5.53116689e+01  1.17392906e+02  5.32e+02 2.97e-04  2.36e-03     6s
  18   5.63063581e+01  1.27044238e+02  5.21e+02 2.81e-04  2.32e-03     6s
  19   5.94897343e+01  1.33747020e+02  4.88e+02 2.73e-04  2.15e-03     6s
  20   6.11654039e+01  1.37701721e+02  4.73e+02 2.67e-04  2.08e-03     6s
  21   6.41239217e+01  1.43698633e+02  4.49e+02 2.56e-04  1.96e-03     6s
  22   6.86681403e+01  1.51485040e+02  4.16e+02 2.41e-04  1.80e-03     6s
  23   7.23456463e+01  1.56517829e+02  3.92e+02 2.35e-04  1.68e-03     6s
  24   7.57420247e+01  1.58491993e+02  3.73e+02 2.29e-04  1.59e-03     6s
  25   7.70739261e+01  1.66097645e+02  3.66e+02 2.16e-04  1.56e-03     6s
  26   8.26525555e+01  1.74496502e+02  3.38e+02 2.04e-04  1.43e-03     6s
  27   8.43377372e+01  1.75268020e+02  3.30e+02 2.02e-04  1.39e-03     6s
  28   8.90437905e+01  1.79935131e+02  3.10e+02 1.98e-04  1.29e-03     6s
  29   9.19255225e+01  1.85550422e+02  2.97e+02 1.90e-04  1.23e-03     6s
  30   9.87311775e+01  1.90882193e+02  2.69e+02 1.83e-04  1.07e-03     6s
  31   1.04809999e+02  1.97014859e+02  2.46e+02 1.76e-04  9.57e-04     6s
  32   1.07620052e+02  2.00504916e+02  2.36e+02 1.75e-04  9.16e-04     6s
  33   1.10239098e+02  2.07196350e+02  2.27e+02 1.70e-04  8.76e-04     6s
  34   1.12239570e+02  2.14487847e+02  2.22e+02 1.65e-04  8.65e-04     6s
  35   1.13420596e+02  2.19657946e+02  2.20e+02 1.61e-04  8.74e-04     6s
  36   1.18266103e+02  2.30274748e+02  2.07e+02 1.53e-04  8.19e-04     6s
  37   1.21384957e+02  2.40547720e+02  2.00e+02 1.46e-04  7.64e-04     6s
  38   1.22754598e+02  2.47116878e+02  1.97e+02 1.43e-04  7.58e-04     6s
  39   1.25771231e+02  2.49994765e+02  1.90e+02 1.42e-04  7.15e-04     6s
  40   1.30666649e+02  2.47492351e+02  1.81e+02 1.41e-04  6.59e-04     6s
  41   1.35899350e+02  2.59784256e+02  1.72e+02 1.35e-04  6.26e-04     6s
  42   1.38173428e+02  2.69795865e+02  1.68e+02 1.32e-04  6.17e-04     6s
  43   1.41594553e+02  2.75618071e+02  1.63e+02 1.30e-04  5.87e-04     6s
  44   1.42750847e+02  2.83205142e+02  1.61e+02 1.28e-04  5.91e-04     6s
  45   1.46236721e+02  2.86225583e+02  1.56e+02 1.27e-04  5.52e-04     6s
  46   1.48312465e+02  2.96006461e+02  1.53e+02 1.25e-04  5.40e-04     6s
  47   1.49965667e+02  2.99054596e+02  1.51e+02 1.24e-04  5.31e-04     6s
  48   1.50137795e+02  3.01212158e+02  1.51e+02 1.24e-04  5.29e-04     6s
  49   1.52553126e+02  3.11992898e+02  1.48e+02 1.22e-04  5.17e-04     6s
  50   1.56396881e+02  3.13144286e+02  1.44e+02 1.20e-04  4.99e-04     6s
  51   1.59609973e+02  3.23141097e+02  1.41e+02 1.17e-04  4.86e-04     6s
  52   1.63916614e+02  3.25656748e+02  1.38e+02 1.14e-04  4.80e-04     6s
  53   1.68283563e+02  3.34198289e+02  1.34e+02 1.11e-04  4.64e-04     6s
  54   1.72250525e+02  3.38941070e+02  1.31e+02 1.08e-04  4.52e-04     6s

Barrier performed 54 iterations in 6.37 seconds (5.46 work units)
Barrier solve interrupted - model solved by another algorithm


Solved with dual simplex
Extra simplex iterations after uncrush: 3
Iteration    Objective       Primal Inf.    Dual Inf.      Time
    6165    5.4520263e+02   0.000000e+00   0.000000e+00      9s

Solved in 6165 iterations and 8.65 seconds (10.24 work units)
Optimal objective  5.452026312e+02
the solution is feasible and optimal
Solution time: 17.173720359802246
Function combined_sets Took 0.4597 seconds
-----
Constructing full SP model...
Done constructing model.
Time used constructing the model: 169.48396253585815
----------
Solving model...
Set parameter Username
Academic license - for non-commercial use only - expires 2025-03-01
Read LP format model from file C:\Users\Sander\Documents\Code\Github\Sander\STraM_ntnu_development\temp\pyomo\tmpztvinoo9.pyomo.lp
Reading time = 18.54 seconds
x1: 4554352 rows, 1834336 columns, 25949476 nonzeros
Set parameter FeasibilityTol to value 0.01
Set parameter MIPGap to value 0.002
Gurobi Optimizer version 11.0.0 build v11.0.0rc2 (win64 - Windows 11+.0 (22631.2))

CPU model: Intel(R) Core(TM) i7-10510U CPU @ 1.80GHz, instruction set [SSE2|AVX|AVX2]
Thread count: 4 physical cores, 8 logical processors, using up to 8 threads

Optimize a model with 4554352 rows, 1834336 columns and 25949476 nonzeros
Model fingerprint: 0x37bac106
Variable types: 1834030 continuous, 306 integer (306 binary)
Coefficient statistics:
  Matrix range     [6e-06, 1e+03]
  Objective range  [8e-02, 3e-01]
  Bounds range     [1e+00, 6e+04]
  RHS range        [1e-03, 9e+01]
Presolve removed 543884 rows and 72 columns (presolve time = 5s) ...
Presolve removed 4353661 rows and 1037449 columns (presolve time = 11s) ...
Presolve removed 4353661 rows and 1037449 columns
Presolve time: 10.64s
Presolved: 200691 rows, 796887 columns, 16339455 nonzeros
Variable types: 796853 continuous, 34 integer (34 binary)
Deterministic concurrent LP optimizer: primal simplex, dual simplex, and barrier
Showing barrier log only...

Root barrier log...

Ordering time: 2.52s

Barrier statistics:
 AA' NZ     : 4.448e+06
 Factor NZ  : 1.150e+07 (roughly 400 MB of memory)
 Factor Ops : 2.808e+09 (roughly 1 second per iteration)
 Threads    : 1

                  Objective                Residual
Iter       Primal          Dual         Primal    Dual     Compl     Time
   0   1.43900931e+13 -1.17379639e+13  9.93e+10 7.75e+01  2.67e+09    66s
   1   7.73786543e+12 -1.05931150e+13  5.25e+10 1.68e+02  1.43e+09    67s
   2   3.43861298e+12 -9.67322695e+12  2.24e+10 1.43e+02  6.35e+08    69s
   3   1.10401988e+12 -3.26770405e+12  6.11e+09 7.76e+00  1.83e+08    71s
   4   2.19743990e+11 -1.00615854e+12  3.23e+08 2.54e-01  1.03e+07    73s
   5   5.46908681e+10 -3.81241973e+11  5.02e+07 3.03e-02  1.81e+06    75s
   6   2.24570282e+10 -1.04679050e+11  1.57e+07 2.28e-03  5.66e+05    77s
   7   1.63938235e+10 -5.30827930e+10  1.10e+07 4.83e-04  3.82e+05    79s
   8   1.37661143e+10 -4.62916116e+10  9.13e+06 4.22e-04  3.19e+05    81s
   9   1.30942585e+10 -4.41179722e+10  8.65e+06 3.98e-04  3.03e+05    82s
  10   1.06914958e+10 -4.16485206e+10  6.94e+06 3.64e-04  2.47e+05    83s
  11   7.78566133e+09 -3.00804482e+10  4.97e+06 2.07e-04  1.77e+05    85s
  12   4.18362321e+09 -1.01100656e+10  2.56e+06 2.22e-08  8.75e+04    87s
  13   2.17672340e+09 -6.17800173e+09  1.29e+06 2.39e-08  4.51e+04    89s
  14   5.16550629e+08 -2.84580234e+09  2.94e+05 6.83e-09  1.12e+04    91s
  15   3.91363137e+08 -2.11068531e+09  2.19e+05 5.30e-09  8.22e+03    92s
  16   2.42908342e+08 -1.49010730e+09  1.34e+05 4.71e-09  5.11e+03    94s
  17   1.98937572e+08 -4.54353502e+08  1.09e+05 8.80e-09  3.53e+03    96s
  18   3.09220600e+07 -2.14648474e+08  1.60e+04 7.00e-09  5.98e+02    98s
  19   8.33512302e+06 -7.28141720e+07  3.87e+03 2.00e-11  1.47e+02   100s
  20   2.42966489e+06 -1.82212231e+07  1.03e+03 9.64e-10  3.56e+01   102s
  21   1.47156845e+06 -1.37779969e+07  6.10e+02 8.49e-10  2.28e+01   104s
  22   1.07893264e+06 -1.14121493e+07  4.41e+02 7.04e-10  1.73e+01   105s
  23   7.95843803e+05 -8.23442191e+06  3.22e+02 4.26e-10  1.24e+01   107s
  24   3.71887370e+05 -5.24383097e+06  1.45e+02 2.36e-10  6.52e+00   108s
  25   1.90410711e+05 -3.53953167e+06  7.06e+01 1.48e-10  3.80e+00   109s
  26   1.57325803e+05 -3.08573974e+06  5.72e+01 1.29e-10  3.21e+00   110s

Barrier performed 26 iterations in 110.50 seconds (70.82 work units)
Barrier solve interrupted - model solved by another algorithm

Concurrent spin time: 5.24s

Solved with dual simplex

Root simplex log...

Iteration    Objective       Primal Inf.    Dual Inf.      Time
   85392    2.7563548e+03   0.000000e+00   0.000000e+00    115s
Extra simplex iterations after uncrush: 4658

Root relaxation: objective 2.756355e+03, 85392 iterations, 63.86 seconds (31.30 work units)

    Nodes    |    Current Node    |     Objective Bounds      |     Work
 Expl Unexpl |  Obj  Depth IntInf | Incumbent    BestBd   Gap | It/Node Time

     0     0 2756.35485    0    4          - 2756.35485      -     -  115s
H    0     0                    2756.3663863 2756.35485  0.00%     -  117s

Explored 1 nodes (85392 simplex iterations) in 119.36 seconds (76.67 work units)
Thread count was 8 (of 8 available processors)

Solution count 2: 2756.37 2756.37 

Optimal solution found (tolerance 2.00e-03)
Warning: max constraint violation (7.9740e-02) exceeds tolerance
Warning: max bound violation (7.9009e-02) exceeds tolerance
Best objective 2.756366386289e+03, best bound 2.756366386289e+03, gap 0.0000%
the solution is feasible and optimal
Solution time: 147.07096982002258
Done solving model.
Time used solving the model: 248.84913516044617
----------Dumping data in pickle file...done.
Dumping results in pickle file.....done.
objective function value:  2756.366386288734
objective function value normalized (Billion EURO):  275.64
                         2023                                            \
                           OO     OB     OP     BO     BB     BP     PO   
LCOT                    4.291  4.291  4.291  4.291  4.291  4.291  4.291   
LCOT (Empty Trips)      1.231  1.231  1.231  1.231  1.231  1.231  1.231   
Emission                0.394  0.394  0.394  0.394  0.394  0.394  0.394   
Emission (Empty Trips)  0.176  0.176  0.176  0.176  0.176  0.176  0.176   
CO2_Penalty             0.000  0.000  0.000  0.000  0.000  0.000  0.000   
Time value              1.343  1.343  1.343  1.343  1.343  1.343  1.343   
Transfer                2.061  2.061  2.061  2.061  2.061  2.061  2.061   
RailTrack               0.116  0.116  0.116  0.116  0.116  0.116  0.116   
Terminal                0.048  0.048  0.048  0.048  0.048  0.048  0.048   
RailElectr.             0.000  0.000  0.000  0.000  0.000  0.000  0.000   
Charging                0.000  0.000  0.000  0.000  0.000  0.000  0.000   
H2_Filling              0.000  0.000  0.000  0.000  0.000  0.000  0.000   

                                       2028                              \
                           PB     PP     OO     OB     OP     BO     BB   
LCOT                    4.291  4.291  4.788  4.788  4.788  4.788  4.788   
LCOT (Empty Trips)      1.231  1.231  1.072  1.072  1.072  1.072  1.072   
Emission                0.394  0.394  0.897  0.897  0.897  0.897  0.897   
Emission (Empty Trips)  0.176  0.176  0.249  0.249  0.249  0.249  0.249   
CO2_Penalty             0.000  0.000  0.000  0.000  0.000  0.000  0.000   
Time value              1.343  1.343  1.629  1.629  1.629  1.629  1.629   
Transfer                2.061  2.061  2.613  2.613  2.613  2.613  2.613   
RailTrack               0.116  0.116  0.000  0.000  0.000  0.000  0.000   
Terminal                0.048  0.048  0.025  0.025  0.025  0.025  0.025   
RailElectr.             0.000  0.000  0.000  0.000  0.000  0.000  0.000   
Charging                0.000  0.000  0.007  0.007  0.007  0.007  0.007   
H2_Filling              0.000  0.000  0.000  0.000  0.000  0.000  0.000   

                                                     2034                \
                           BP     PO     PB     PP     OO     OB     OP   
LCOT                    4.788  4.788  4.788  4.788  5.056  4.915  4.927   
LCOT (Empty Trips)      1.072  1.072  1.072  1.072  1.076  1.053  1.053   
Emission                0.897  0.897  0.897  0.897  0.927  1.086  1.086   
Emission (Empty Trips)  0.249  0.249  0.249  0.249  0.271  0.298  0.298   
CO2_Penalty             0.000  0.000  0.000  0.000  0.000  0.000  0.000   
Time value              1.629  1.629  1.629  1.629  1.928  1.929  1.929   
Transfer                2.613  2.613  2.613  2.613  3.093  3.095  3.094   
RailTrack               0.000  0.000  0.000  0.000  0.000  0.000  0.000   
Terminal                0.025  0.025  0.025  0.025  0.000  0.000  0.000   
RailElectr.             0.000  0.000  0.000  0.000  0.000  0.000  0.000   
Charging                0.007  0.007  0.007  0.007  0.041  0.011  0.011   
H2_Filling              0.000  0.000  0.000  0.000  0.000  0.000  0.000   

                                                                   2040  \
                           BO     BB     BP     PO     PB     PP     OO   
LCOT                    5.648  5.715  5.526  5.765  5.828  5.937  5.374   
LCOT (Empty Trips)      1.320  1.218  1.225  1.341  1.371  1.267  1.130   
Emission                0.664  0.664  0.856  0.661  0.664  0.663  0.686   
Emission (Empty Trips)  0.112  0.233  0.233  0.111  0.112  0.234  0.221   
CO2_Penalty             0.000  0.000  0.000  0.000  0.000  0.000  0.000   
Time value              1.930  1.928  1.927  1.930  1.929  1.928  2.041   
Transfer                3.097  3.092  3.094  3.093  3.097  3.095  3.003   
RailTrack               0.000  0.000  0.000  0.000  0.000  0.000  0.000   
Terminal                0.000  0.000  0.000  0.000  0.000  0.000  0.001   
RailElectr.             0.000  0.000  0.000  0.000  0.000  0.000  0.000   
Charging                0.059  0.059  0.059  0.060  0.060  0.059  0.102   
H2_Filling              0.000  0.000  0.000  0.000  0.000  0.000  0.001   

                                                                         \
                           OB     OP     BO     BB     BP     PO     PB   
LCOT                    5.271  5.311  5.972  6.104  5.862  6.060  6.192   
LCOT (Empty Trips)      1.119  1.126  1.409  1.272  1.240  1.408  1.467   
Emission                0.817  0.817  0.346  0.351  0.671  0.346  0.346   
Emission (Empty Trips)  0.222  0.222  0.004  0.198  0.222  0.004  0.004   
CO2_Penalty             0.000  0.000  0.000  0.000  0.000  0.000  0.000   
Time value              2.042  2.044  2.040  2.041  2.043  2.041  2.040   
Transfer                3.008  3.000  3.003  3.002  2.999  3.002  3.002   
RailTrack               0.000  0.000  0.000  0.000  0.000  0.000  0.000   
Terminal                0.001  0.001  0.001  0.001  0.001  0.001  0.001   
RailElectr.             0.000  0.000  0.000  0.000  0.000  0.000  0.000   
Charging                0.101  0.101  0.102  0.102  0.101  0.102  0.102   
H2_Filling              0.000  0.000  0.001  0.001  0.001  0.001  0.001   

                                2050                                     \
                           PP     OO     OB     OP     BO     BB     BP   
LCOT                    6.353  6.255  6.119  6.138  6.596  6.835  6.808   
LCOT (Empty Trips)      1.318  1.435  1.258  1.252  1.434  1.480  1.532   
Emission                0.353  0.386  0.747  0.778  0.047  0.047  0.369   
Emission (Empty Trips)  0.199  0.000  0.221  0.235  0.000  0.000 -0.000   
CO2_Penalty             0.000  0.000  0.000  0.000  0.000  0.000  0.000   
Time value              2.044  2.425  2.418  2.419  2.423  2.417  2.417   
Transfer                2.997  3.336  3.283  3.282  3.280  3.279  3.280   
RailTrack               0.000  0.000  0.000  0.000  0.000  0.000  0.000   
Terminal                0.001  0.000  0.000  0.000  0.000  0.000  0.000   
RailElectr.             0.000  0.000  0.000  0.000  0.000  0.000  0.000   
Charging                0.101  0.077  0.077  0.077  0.077  0.077  0.077   
H2_Filling              0.001  0.001  0.001  0.001  0.001  0.001  0.001   

                                              2023        2028           2034  \
                           PO     PB     PP   mean  std   mean  std      mean   
LCOT                    6.611  6.852  7.048  4.291  0.0  4.788  0.0  5.479667   
LCOT (Empty Trips)      1.436  1.480  1.534  1.231  0.0  1.072  0.0  1.213778   
Emission                0.047  0.047  0.048  0.394  0.0  0.897  0.0  0.807889   
Emission (Empty Trips)  0.000  0.000  0.000  0.176  0.0  0.249  0.0  0.211333   
CO2_Penalty             0.000  0.000  0.000  0.000  0.0  0.000  0.0  0.000000   
Time value              2.422  2.416  2.417  1.343  0.0  1.629  0.0  1.928667   
Transfer                3.278  3.279  3.276  2.061  0.0  2.613  0.0  3.094444   
RailTrack               0.000  0.000  0.000  0.116  0.0  0.000  0.0  0.000000   
Terminal                0.000  0.000  0.000  0.048  0.0  0.025  0.0  0.000000   
RailElectr.             0.000  0.000  0.000  0.000  0.0  0.000  0.0  0.000000   
Charging                0.077  0.077  0.077  0.000  0.0  0.007  0.0  0.046556   
H2_Filling              0.001  0.001  0.001  0.000  0.0  0.000  0.0  0.000000   

                                      2040                2050            
                             std      mean       std      mean       std  
LCOT                    0.403353  5.833222  0.409790  6.584667  0.339954  
LCOT (Empty Trips)      0.125422  1.276556  0.133759  1.426778  0.104566  
Emission                0.185700  0.525889  0.216143  0.279556  0.307455  
Emission (Empty Trips)  0.078927  0.144000  0.105429  0.050667  0.100599  
CO2_Penalty             0.000000  0.000000  0.000000  0.000000  0.000000  
Time value              0.001000  2.041778  0.001563  2.419333  0.003202  
Transfer                0.001740  3.001778  0.003073  3.285889  0.018904  
RailTrack               0.000000  0.000000  0.000000  0.000000  0.000000  
Terminal                0.000000  0.001000  0.000000  0.000000  0.000000  
RailElectr.             0.000000  0.000000  0.000000  0.000000  0.000000  
Charging                0.021036  0.101556  0.000527  0.077000  0.000000  
H2_Filling              0.000000  0.000778  0.000441  0.001000  0.000000  
                       2023     2028      2034      2040      2050     
                       mean std mean  std mean  std mean  std mean  std
LCOT                    4.3   0  4.8    0  5.5  0.4  5.8 0.41  6.6 0.34
LCOT (Empty Trips)      1.2   0  1.1    0  1.2 0.13  1.3 0.13  1.4  0.1
Emission               0.39   0  0.9    0 0.81 0.19 0.53 0.22 0.28 0.31
Emission (Empty Trips) 0.18   0 0.25    0 0.21 0.08 0.14 0.11 0.05  0.1
CO2_Penalty               0   0    0    0    0    0    0    0    0    0
Time value              1.3   0  1.6    0  1.9    0    2    0  2.4    0
Transfer                2.1   0  2.6    0  3.1    0    3    0  3.3 0.02
RailTrack              0.12   0    0    0    0    0    0    0    0    0
Terminal               0.05   0 0.02    0    0    0    0    0    0    0
RailElectr.               0   0    0    0    0    0    0    0    0    0
Charging                  0   0 0.01    0 0.05 0.02  0.1    0 0.08    0
H2_Filling                0   0    0    0    0    0    0    0    0    0
discount_factor           1   1 0.86 0.86 0.72 0.72  0.6  0.6 0.45 0.45
emissions (MTonnes CO2 eq.):
             AvgEmission     Std  AvgEmission_perc  Std_perc
time_period                                                 
2023                 7.2       0             1e+02         0
2028                 6.6 8.5e-09                91   1.2e-07
2034                 4.8     1.2                67        17
2040                 3.2     1.5                44        21
2050                 1.5     1.9                21        27
----------------
Average transport work in GTONNES*km:
    mode            product time_period  TransportArbeid
0   Rail           Dry bulk        2023              9.7
1   Rail           Neo bulk        2023          0.00052
2   Road  Break bulk (fast)        2023              5.5
3   Road  Break bulk (slow)        2023              5.8
4   Road   Container (fast)        2023                2
5   Road   Container (slow)        2023              2.7
6   Road           Dry bulk        2023             0.56
7   Road           Neo bulk        2023               12
8    Sea  Break bulk (fast)        2023            0.091
9    Sea  Break bulk (slow)        2023             0.96
10   Sea   Container (fast)        2023              0.1
11   Sea   Container (slow)        2023              1.1
12   Sea           Dry bulk        2023               97
13   Sea           Neo bulk        2023             0.26

