----------------------------
Doing the following analysis: 
FuelScen_carbontaxbase_emissioncap
----------------------------
Reading data...
Reading and constructing data
Function construct_sets Took 0.0013 seconds
Function construct_network Took 0.0049 seconds
Transport demand in the base year 2018 (in MTonnes):
             product  tot_weight
0           Dry bulk       94.86
1   Container (fast)        4.07
2   Container (slow)        9.23
3  Break bulk (fast)       11.61
4  Break bulk (slow)       15.37
5           Neo bulk       19.28
Function construct_ODD Took 0.5274 seconds
Function construct_vehicles Took 0.5571 seconds
Function construct_emission_transfer Took 0.1570 seconds
Function construct_costs Took 2.3390 seconds
Function construct_time_value Took 0.0012 seconds
Function construct_investments Took 0.0091 seconds
Function construct_charging_edges Took 0.1916 seconds
Function construct_tech_readiness Took 0.0049 seconds
Function construct_path_generation Took 0.1541 seconds
Function construct_param2 Took 0.0610 seconds
Function combined_sets Took 0.4050 seconds
Function combined_sets Took 0.4390 seconds
Done reading data.
Time used reading the base data: 16.2440288066864
Solving the first time period for initialization purposes...
Function combined_sets Took 0.1915 seconds
Set parameter Username
Academic license - for non-commercial use only - expires 2025-09-27
Read LP format model from file C:\Users\sandee\Documents\Github\STraM_ntnu_development\temp\pyomo\tmpmtkljvdr.pyomo.lp
Reading time = 4.66 seconds
x1: 2206927 rows, 540793 columns, 7780366 nonzeros
Set parameter FeasibilityTol to value 0.0001
Set parameter MIPGap to value 0.002
Gurobi Optimizer version 11.0.0 build v11.0.0rc2 (win64 - Windows 10.0 (19045.2))

CPU model: Intel(R) Core(TM) i7-10700 CPU @ 2.90GHz, instruction set [SSE2|AVX|AVX2]
Thread count: 8 physical cores, 16 logical processors, using up to 16 threads

Optimize a model with 2206927 rows, 540793 columns and 7780366 nonzeros
Model fingerprint: 0x7f8ba754
Coefficient statistics:
  Matrix range     [6e-06, 1e+03]
  Objective range  [8e-02, 3e-01]
  Bounds range     [0e+00, 0e+00]
  RHS range        [1e-03, 9e+01]
Presolve removed 2204267 rows and 518514 columns
Presolve time: 4.23s
Presolved: 2660 rows, 23242 columns, 201160 nonzeros

Concurrent LP optimizer: primal simplex, dual simplex, and barrier
Showing barrier log only...

Ordering time: 0.01s

Barrier statistics:
 AA' NZ     : 8.445e+04
 Factor NZ  : 1.880e+05 (roughly 12 MB of memory)
 Factor Ops : 2.596e+07 (less than 1 second per iteration)
 Threads    : 6

                  Objective                Residual
Iter       Primal          Dual         Primal    Dual     Compl     Time
   0   4.26674854e+00 -5.65025000e-01  2.86e+05 0.00e+00  1.23e+00     4s
   1   1.56946924e+00 -6.13247941e-01  6.92e+04 2.27e-02  3.11e-01     4s
   2   7.49592777e-01  6.10723261e-01  1.42e+04 1.52e-02  6.80e-02     4s
   3   8.39325503e-01  7.19825325e+00  5.24e+03 3.39e-03  2.50e-02     4s
   4   4.97431563e+00  3.02919298e+01  2.92e+03 1.40e-03  1.41e-02     4s
   5   8.63115495e+00  4.26087728e+01  2.26e+03 1.30e-03  1.08e-02     4s
   6   1.28086961e+01  3.93930892e+01  2.06e+03 1.23e-03  9.88e-03     4s
   7   2.00399418e+01  4.28764966e+01  1.62e+03 1.11e-03  7.87e-03     4s
   8   2.30447315e+01  6.37755672e+01  1.38e+03 6.43e-04  6.62e-03     4s
   9   2.40925851e+01  7.62454351e+01  1.31e+03 5.05e-04  6.34e-03     4s
  10   2.55667834e+01  8.15729541e+01  1.23e+03 4.87e-04  5.91e-03     4s
  11   2.65231593e+01  8.61681677e+01  1.18e+03 4.58e-04  5.67e-03     4s
  12   3.38662272e+01  8.99111907e+01  8.97e+02 4.11e-04  4.23e-03     4s
  13   3.94848755e+01  9.39287077e+01  7.67e+02 3.93e-04  3.56e-03     4s
  14   4.12391232e+01  1.01268662e+02  7.32e+02 3.70e-04  3.39e-03     4s
  15   4.34513272e+01  1.04288268e+02  6.95e+02 3.64e-04  3.21e-03     4s
  16   4.49496670e+01  1.11403668e+02  6.72e+02 3.48e-04  3.10e-03     4s
  17   4.91139099e+01  1.14265015e+02  6.17e+02 3.32e-04  2.83e-03     4s
  18   5.57584611e+01  1.21761313e+02  5.36e+02 2.94e-04  2.41e-03     4s
  19   5.92407688e+01  1.30553926e+02  4.95e+02 2.78e-04  2.21e-03     4s
  20   6.16149596e+01  1.38437342e+02  4.73e+02 2.68e-04  2.11e-03     4s
  21   6.74765733e+01  1.47734706e+02  4.28e+02 2.48e-04  1.88e-03     4s
  22   7.19208569e+01  1.57330300e+02  3.97e+02 2.35e-04  1.72e-03     4s
  23   7.51818898e+01  1.60312216e+02  3.77e+02 2.26e-04  1.63e-03     5s
  24   7.87565194e+01  1.66108044e+02  3.58e+02 2.16e-04  1.54e-03     5s
  25   8.26350396e+01  1.71847819e+02  3.38e+02 2.08e-04  1.44e-03     5s
  26   8.49121617e+01  1.77158710e+02  3.26e+02 2.03e-04  1.38e-03     5s
  27   8.55682775e+01  1.81046098e+02  3.23e+02 1.96e-04  1.38e-03     5s
  28   8.67810584e+01  1.81926064e+02  3.18e+02 1.92e-04  1.36e-03     5s
  29   9.08319059e+01  1.87303515e+02  3.00e+02 1.83e-04  1.25e-03     5s
  30   9.60330965e+01  1.93305223e+02  2.79e+02 1.73e-04  1.15e-03     5s
  31   1.01882096e+02  2.01458349e+02  2.57e+02 1.62e-04  1.04e-03     5s
  32   1.05742602e+02  2.05170471e+02  2.43e+02 1.59e-04  9.70e-04     5s
  33   1.09364203e+02  2.12151128e+02  2.31e+02 1.54e-04  9.13e-04     5s
  34   1.14273627e+02  2.24095973e+02  2.17e+02 1.44e-04  8.52e-04     5s
  35   1.16883099e+02  2.34336028e+02  2.10e+02 1.38e-04  8.32e-04     5s
  36   1.20742875e+02  2.44179077e+02  2.00e+02 1.32e-04  7.83e-04     5s
  37   1.23939246e+02  2.46432951e+02  1.93e+02 1.31e-04  7.38e-04     5s
  38   1.30074614e+02  2.53763303e+02  1.82e+02 1.26e-04  6.88e-04     5s
  39   1.33728100e+02  2.63843897e+02  1.76e+02 1.20e-04  6.68e-04     5s
  40   1.36968894e+02  2.69134722e+02  1.70e+02 1.18e-04  6.46e-04     5s
  41   1.39936439e+02  2.74629450e+02  1.66e+02 1.16e-04  6.22e-04     5s
  42   1.42186513e+02  2.84292692e+02  1.62e+02 1.13e-04  6.07e-04     5s
  43   1.44398518e+02  2.92776171e+02  1.59e+02 1.11e-04  6.04e-04     5s
  44   1.47949653e+02  3.00811581e+02  1.54e+02 1.09e-04  5.68e-04     5s
  45   1.50820596e+02  3.11520599e+02  1.51e+02 1.07e-04  5.63e-04     5s
  46   1.54821314e+02  3.17744751e+02  1.47e+02 1.05e-04  5.45e-04     5s
  47   1.59501372e+02  3.20317025e+02  1.42e+02 1.03e-04  5.25e-04     5s
  48   1.65233904e+02  3.28390112e+02  1.37e+02 9.92e-05  5.07e-04     5s
  49   1.69034225e+02  3.32617142e+02  1.34e+02 9.71e-05  4.95e-04     5s
  50   1.70873632e+02  3.37157992e+02  1.32e+02 9.51e-05  4.90e-04     5s
  51   1.74267863e+02  3.43352051e+02  1.29e+02 9.30e-05  4.77e-04     5s
  52   1.76326962e+02  3.46858575e+02  1.27e+02 9.19e-05  4.70e-04     5s
  53   1.78802803e+02  3.50607558e+02  1.25e+02 9.07e-05  4.62e-04     5s
  54   1.81839584e+02  3.55450137e+02  1.23e+02 8.91e-05  4.51e-04     5s
  55   1.84266777e+02  3.60229344e+02  1.21e+02 8.75e-05  4.47e-04     5s
  56   1.87712236e+02  3.65264951e+02  1.19e+02 8.63e-05  4.34e-04     5s
  57   1.91399990e+02  3.70539096e+02  1.16e+02 8.47e-05  4.25e-04     5s
  58   1.94434371e+02  3.76877183e+02  1.14e+02 8.36e-05  4.14e-04     5s
  59   1.98284130e+02  3.84214747e+02  1.11e+02 8.22e-05  4.01e-04     5s
  60   2.01433742e+02  3.86741454e+02  1.09e+02 8.09e-05  3.93e-04     5s
  61   2.03948552e+02  3.95268128e+02  1.08e+02 7.91e-05  3.88e-04     5s
  62   2.07850635e+02  3.98655073e+02  1.05e+02 7.82e-05  3.77e-04     5s
  63   2.10814218e+02  4.02868953e+02  1.04e+02 7.72e-05  3.70e-04     5s
  64   2.13889881e+02  4.06577406e+02  1.02e+02 7.64e-05  3.63e-04     5s

Barrier performed 64 iterations in 4.89 seconds (5.48 work units)
Barrier solve interrupted - model solved by another algorithm


Solved with primal simplex
Iteration    Objective       Primal Inf.    Dual Inf.      Time
   11104    5.3711177e+02   9.000000e-04   1.628435e+08      6s
Extra simplex iterations after uncrush: 3
   11110    5.3711200e+02   0.000000e+00   0.000000e+00      7s

Solved in 11110 iterations and 7.07 seconds (9.87 work units)
Optimal objective  5.371120001e+02
the solution is feasible and optimal
Solution time: 15.229470014572144
Function combined_sets Took 0.4084 seconds
-----
Constructing full SP model...
Done constructing model.
Time used constructing the model: 87.8891589641571
----------
Solving model...
Set parameter Username
Academic license - for non-commercial use only - expires 2025-09-27
Read LP format model from file C:\Users\sandee\Documents\Github\STraM_ntnu_development\temp\pyomo\tmpf4v1ralv.pyomo.lp
Reading time = 15.59 seconds
x1: 4554388 rows, 1834336 columns, 25949584 nonzeros
Set parameter FeasibilityTol to value 0.01
Set parameter MIPGap to value 0.002
Gurobi Optimizer version 11.0.0 build v11.0.0rc2 (win64 - Windows 10.0 (19045.2))

CPU model: Intel(R) Core(TM) i7-10700 CPU @ 2.90GHz, instruction set [SSE2|AVX|AVX2]
Thread count: 8 physical cores, 16 logical processors, using up to 16 threads

Optimize a model with 4554388 rows, 1834336 columns and 25949584 nonzeros
Model fingerprint: 0x22221212
Variable types: 1834030 continuous, 306 integer (306 binary)
Coefficient statistics:
  Matrix range     [6e-06, 1e+03]
  Objective range  [8e-02, 3e-01]
  Bounds range     [1e+00, 6e+04]
  RHS range        [1e-03, 9e+01]
Presolve removed 19467 rows and 9 columns (presolve time = 6s) ...
Presolve removed 4353598 rows and 1037358 columns (presolve time = 11s) ...
Presolve removed 4353598 rows and 1037358 columns
Presolve time: 11.15s
Presolved: 200790 rows, 796978 columns, 16447266 nonzeros
Variable types: 796944 continuous, 34 integer (34 binary)
Deterministic concurrent LP optimizer: primal simplex, dual simplex, and barrier
Showing barrier log only...

Root barrier log...

Ordering time: 1.74s

Barrier statistics:
 AA' NZ     : 4.594e+06
 Factor NZ  : 1.188e+07 (roughly 400 MB of memory)
 Factor Ops : 3.019e+09 (less than 1 second per iteration)
 Threads    : 5

                  Objective                Residual
Iter       Primal          Dual         Primal    Dual     Compl     Time
   0   3.62979611e+13 -1.58648070e+13  1.82e+11 7.63e+01  9.88e+09    63s
   1   3.27644141e+13 -1.55210717e+13  1.65e+11 2.23e+02  8.96e+09    63s
   2   1.27452624e+13 -1.46293564e+13  6.30e+10 1.76e+02  3.72e+09    65s
   3   7.12429421e+12 -7.87323889e+12  3.43e+10 3.27e+01  1.98e+09    67s
   4   7.25572379e+11 -4.21140714e+12  1.70e+09 3.11e+00  1.04e+08    69s
   5   4.09322952e+11 -1.87835530e+12  3.79e+08 9.20e-01  2.44e+07    70s
   6   2.34223481e+11 -6.84753070e+11  7.62e+07 3.19e-01  5.38e+06    70s
   7   1.43317489e+11 -1.33692986e+11  2.91e+07 4.66e-02  1.94e+06    71s
   8   5.22107950e+10 -3.27111675e+10  7.43e+06 5.78e-03  5.06e+05    72s
   9   4.22056769e+10 -2.26310923e+10  5.91e+06 2.68e-03  3.99e+05    73s
  10   3.51868352e+10 -2.09361641e+10  4.88e+06 2.29e-03  3.31e+05    74s
  11   3.62979611e+13 -1.58648070e+13  1.82e+11 7.63e+01  9.88e+09    75s
  12   2.97829632e+13 -9.42018033e+12  1.50e+11 1.57e+02  5.63e+09    76s
  13   9.73493089e+12 -6.42387297e+12  4.96e+10 1.01e+02  1.50e+09    78s
  14   4.25388332e+12 -2.14005268e+12  2.18e+10 3.42e+01  3.71e+08    79s
  15   8.69510056e+11 -7.43240639e+11  4.51e+09 1.21e+01  4.58e+07    80s
  16   1.07098942e+11 -1.25364194e+11  4.86e+08 2.19e+00  2.38e+06    82s
  17   2.55392459e+10 -2.63438319e+10  1.03e+08 5.14e-01  3.64e+05    83s
  18   1.12215894e+10 -9.89705646e+09  4.01e+07 2.13e-01  1.23e+05    83s
  19   7.78726643e+09 -4.43844498e+09  2.64e+07 1.02e-01  6.93e+04    84s
  20   4.94275096e+09 -1.71187921e+09  1.65e+07 4.01e-02  3.60e+04    85s
  21   2.50251738e+09 -8.10996822e+08  8.38e+06 1.72e-02  1.60e+04    86s
  22   1.62936131e+09 -4.59630890e+08  5.46e+06 9.38e-03  9.66e+03    87s
  23   1.33267762e+09 -4.09716522e+08  4.38e+06 8.50e-03  7.80e+03    88s
  24   6.87189777e+08 -2.69718888e+08  2.30e+06 5.30e-03  3.99e+03    90s
  25   3.98047964e+08 -6.21753486e+07  1.36e+06 7.75e-04  2.11e+03    91s
  26   2.24122825e+08 -3.77975799e+07  7.85e+05 3.73e-04  1.15e+03    92s
  27   2.10967191e+08 -3.20590335e+07  7.41e+05 2.85e-04  1.05e+03    93s
  28   1.62487049e+08 -2.19683410e+07  5.78e+05 1.28e-04  7.70e+02    94s
  29   1.16187969e+08 -1.88628934e+07  4.22e+05 7.94e-05  5.37e+02    95s
  30   9.96081224e+07 -1.09692218e+07  3.65e+05 7.62e-13  4.12e+02    96s
  31   3.33107219e+07 -1.01221030e+07  1.34e+05 6.49e-13  1.49e+02    97s
  32   1.32866627e+07 -7.16791043e+06  5.92e+04 4.51e-13  5.84e+01    98s
  33   6.71219465e+06 -4.66212818e+06  3.26e+04 3.77e-13  2.67e+01    99s
  34   4.49845016e+06 -3.46816068e+06  2.26e+04 2.08e-13  1.62e+01   100s
  35   2.49489686e+06 -2.09794917e+06  1.36e+04 3.99e-13  7.85e+00   101s
  36   1.72036320e+06 -1.41990101e+06  9.74e+03 1.50e-12  4.77e+00   102s
  37   1.48059297e+06 -1.15701735e+06  8.49e+03 7.69e-13  3.84e+00   103s
  38   1.42677050e+06 -1.00388106e+06  8.20e+03 1.67e-12  3.47e+00   104s
  39   1.10862278e+06 -8.70094060e+05  6.51e+03 1.53e-12  2.68e+00   105s
  40   8.90790302e+05 -6.90822301e+05  5.31e+03 9.48e-13  2.03e+00   106s
  41   7.28378490e+05 -5.67255199e+05  4.39e+03 9.39e-13  1.58e+00   108s
  42   4.94732640e+05 -2.67403208e+05  3.03e+03 1.21e-13  8.37e-01   109s
  43   2.37715549e+05 -1.74460596e+05  1.49e+03 1.64e-13  4.01e-01   111s
  44   1.44771183e+05 -1.05276214e+05  9.18e+02 1.70e-13  2.28e-01   112s
  45   5.34582662e+04 -6.10572922e+04  3.32e+02 9.19e-14  9.41e-02   113s
  46   3.73978942e+04 -4.22641413e+04  2.27e+02 6.98e-14  6.41e-02   115s
  47   2.56407615e+04 -3.42568785e+04  1.52e+02 8.29e-14  4.69e-02   116s
  48   2.42694842e+04 -3.31937153e+04  1.43e+02 1.03e-13  4.48e-02   117s
  49   2.23410893e+04 -3.24620445e+04  1.31e+02 1.18e-13  4.25e-02   118s
  50   1.60638752e+04 -2.71050284e+04  9.20e+01 1.04e-13  3.29e-02   119s
  51   1.25246536e+04 -1.90534717e+04  7.01e+01 1.43e-13  2.41e-02   120s
  52   1.02768194e+04 -1.44566041e+04  5.54e+01 1.55e-13  1.90e-02   121s
  53   8.17355118e+03 -1.15579008e+04  4.22e+01 1.39e-13  1.51e-02   122s
  54   7.10163120e+03 -9.48247032e+03  3.54e+01 1.04e-13  1.28e-02   124s
  55   6.19402990e+03 -8.62194762e+03  2.94e+01 1.43e-13  1.13e-02   125s
  56   5.74008880e+03 -6.32514918e+03  2.63e+01 7.73e-14  9.46e-03   126s
  57   5.05421259e+03 -5.67030040e+03  2.17e+01 6.87e-14  8.37e-03   127s
  58   4.70080982e+03 -5.35223043e+03  1.92e+01 3.30e-14  7.81e-03   128s
  59   4.40841911e+03 -4.01727256e+03  1.70e+01 7.01e-14  6.68e-03   130s
  60   4.19731607e+03 -3.51636151e+03  1.53e+01 3.22e-14  6.15e-03   131s
  61   3.94232853e+03 -3.00573586e+03  1.32e+01 3.26e-14  5.54e-03   132s
  62   3.73696810e+03 -2.51251721e+03  1.15e+01 5.18e-14  4.99e-03   133s
  63   3.67515380e+03 -2.22407270e+03  1.10e+01 4.75e-14  4.74e-03   135s
  64   3.47819071e+03 -1.75727557e+03  9.23e+00 1.01e-11  4.19e-03   136s
  65   3.44779885e+03 -1.63875359e+03  8.91e+00 2.64e-11  4.08e-03   137s
  66   3.30730331e+03 -1.32581778e+03  7.54e+00 5.04e-11  3.69e-03   138s
  67   3.26857820e+03 -1.00485731e+03  7.11e+00 1.22e-10  3.44e-03   140s
  68   3.22050818e+03 -5.64821440e+02  6.56e+00 2.51e-10  3.09e-03   141s
  69   3.16741058e+03 -4.17509077e+02  5.98e+00 3.22e-10  2.92e-03   142s
  70   3.14017926e+03 -2.78538066e+02  5.67e+00 4.04e-10  2.79e-03   143s
  71   3.10331376e+03 -6.02566847e+01  5.22e+00 5.47e-10  2.60e-03   145s
  72   3.07596700e+03  1.21547314e+02  4.88e+00 7.06e-10  2.44e-03   146s
  73   3.06535046e+03  1.60085288e+02  4.73e+00 7.43e-10  2.39e-03   147s
  74   3.05825345e+03  1.95777724e+02  4.63e+00 7.68e-10  2.36e-03   149s
  75   3.04691613e+03  4.46625731e+02  4.46e+00 9.78e-10  2.18e-03   150s
  76   3.02788227e+03  5.95538346e+02  4.19e+00 1.18e-09  2.05e-03   151s
  77   3.00629554e+03  6.76474008e+02  3.87e+00 1.33e-09  1.96e-03   152s
  78   2.99113793e+03  8.12250027e+02  3.64e+00 1.57e-09  1.84e-03   153s
  79   2.97802555e+03  8.68125679e+02  3.42e+00 1.68e-09  1.77e-03   154s
  80   2.96671902e+03  9.73264909e+02  3.23e+00 1.89e-09  1.68e-03   155s
  81   2.95441288e+03  1.04174445e+03  3.00e+00 2.08e-09  1.61e-03   156s
  82   2.94589296e+03  1.16245510e+03  2.83e+00 2.36e-09  1.51e-03   157s
  83   2.93871886e+03  1.22699763e+03  2.67e+00 2.53e-09  1.45e-03   158s
  84   2.93235604e+03  1.30398770e+03  2.54e+00 2.73e-09  1.38e-03   159s
  85   2.92895055e+03  1.37092764e+03  2.46e+00 2.93e-09  1.33e-03   160s
  86   2.92487418e+03  1.42273761e+03  2.34e+00 3.10e-09  1.28e-03   161s
  87   2.92156524e+03  1.46817753e+03  2.25e+00 3.24e-09  1.24e-03   162s
  88   2.92022189e+03  1.51373322e+03  2.20e+00 3.42e-09  1.21e-03   163s
  89   2.91797508e+03  1.55823475e+03  2.12e+00 3.58e-09  1.17e-03   164s
  90   2.91681207e+03  1.61830009e+03  2.08e+00 3.82e-09  1.13e-03   165s
  91   2.91512103e+03  1.66668369e+03  2.00e+00 4.01e-09  1.09e-03   166s
  92   2.91416601e+03  1.68189613e+03  1.94e+00 4.09e-09  1.07e-03   167s
  93   2.91297011e+03  1.73720851e+03  1.87e+00 4.29e-09  1.03e-03   168s
  94   2.91185584e+03  1.77800748e+03  1.81e+00 4.45e-09  9.95e-04   169s
  95   2.90970654e+03  1.82361905e+03  1.70e+00 4.63e-09  9.51e-04   170s
  96   2.90849257e+03  1.88017865e+03  1.61e+00 4.87e-09  9.04e-04   171s
  97   2.90791668e+03  1.91746086e+03  1.55e+00 5.07e-09  8.73e-04   172s
  98   2.90700125e+03  1.94481063e+03  1.46e+00 5.20e-09  8.44e-04   173s
  99   2.90663036e+03  1.95721142e+03  1.43e+00 5.25e-09  8.31e-04   174s
 100   2.90633155e+03  1.98709363e+03  1.38e+00 5.39e-09  8.07e-04   175s
 101   2.90610557e+03  2.01621968e+03  1.32e+00 5.54e-09  7.81e-04   176s
 102   2.90582740e+03  2.05713232e+03  1.27e+00 5.72e-09  7.48e-04   177s
 103   2.90584601e+03  2.07347865e+03  1.23e+00 5.80e-09  7.32e-04   178s
 104   2.90585035e+03  2.10112359e+03  1.18e+00 5.92e-09  7.08e-04   179s
 105   2.90592616e+03  2.12069356e+03  1.13e+00 6.03e-09  6.88e-04   180s
 106   2.90590291e+03  2.16184216e+03  1.07e+00 6.22e-09  6.54e-04   181s
 107   2.90606566e+03  2.17384420e+03  1.04e+00 6.28e-09  6.42e-04   182s
 108   2.90608409e+03  2.20214945e+03  9.89e-01 6.39e-09  6.17e-04   183s
 109   2.90613357e+03  2.23706099e+03  9.54e-01 6.55e-09  5.90e-04   185s
 110   2.90617535e+03  2.28610052e+03  9.36e-01 6.73e-09  5.56e-04   186s
 111   2.90614832e+03  2.32131986e+03  8.94e-01 6.92e-09  5.27e-04   187s
 112   2.90602275e+03  2.36626842e+03  8.32e-01 7.13e-09  4.89e-04   188s
 113   2.90599607e+03  2.39338317e+03  7.69e-01 7.25e-09  4.62e-04   189s
 114   2.90600577e+03  2.43066002e+03  7.13e-01 7.39e-09  4.29e-04   190s
 115   2.90597196e+03  2.46166162e+03  6.76e-01 7.52e-09  4.03e-04   191s
 116   2.90614192e+03  2.48909139e+03  6.29e-01 7.63e-09  3.78e-04   192s
 117   2.90619226e+03  2.50236326e+03  6.02e-01 7.65e-09  3.65e-04   193s
 118   2.90623097e+03  2.50824876e+03  5.84e-01 7.67e-09  3.59e-04   194s
 119   2.90626740e+03  2.54098948e+03  5.42e-01 7.74e-09  3.31e-04   195s
 120   2.90641175e+03  2.56573656e+03  5.10e-01 7.93e-09  3.10e-04   196s
 121   2.90655515e+03  2.57678647e+03  4.81e-01 8.03e-09  2.98e-04   197s
 122   2.90664827e+03  2.59429981e+03  4.63e-01 8.16e-09  2.85e-04   198s
 123   2.90670412e+03  2.61607866e+03  4.35e-01 8.31e-09  2.66e-04   199s
 124   2.90677475e+03  2.62132335e+03  4.25e-01 8.34e-09  2.61e-04   200s
 125   2.90681120e+03  2.63030425e+03  4.13e-01 8.42e-09  2.53e-04   201s
 126   2.90688705e+03  2.63220672e+03  4.08e-01 8.43e-09  2.51e-04   202s
 127   2.90690588e+03  2.63531703e+03  4.04e-01 8.45e-09  2.49e-04   203s
 128   2.90693504e+03  2.64938955e+03  3.99e-01 8.57e-09  2.39e-04   204s
 129   2.90700945e+03  2.65692117e+03  3.89e-01 8.64e-09  2.33e-04   205s
 130   2.90706911e+03  2.68569701e+03  3.62e-01 8.86e-09  2.09e-04   206s
 131   2.90716231e+03  2.69412794e+03  3.32e-01 8.95e-09  1.98e-04   207s
 132   2.90719244e+03  2.71542460e+03  3.17e-01 9.16e-09  1.82e-04   208s
 133   2.90724235e+03  2.72030554e+03  3.06e-01 9.19e-09  1.77e-04   209s
 134   2.90730397e+03  2.72820371e+03  2.89e-01 9.23e-09  1.69e-04   210s
 135   2.90731237e+03  2.73713164e+03  2.74e-01 9.27e-09  1.61e-04   211s
 136   2.90733168e+03  2.74442488e+03  2.63e-01 9.30e-09  1.54e-04   212s
 137   2.90737921e+03  2.75470943e+03  2.45e-01 9.35e-09  1.44e-04   213s
 138   2.90750608e+03  2.76334436e+03  2.31e-01 9.37e-09  1.36e-04   214s
 139   2.90768578e+03  2.76609949e+03  2.12e-01 9.37e-09  1.31e-04   215s
 140   2.90773369e+03  2.77415500e+03  2.06e-01 9.33e-09  1.25e-04   216s
 141   2.90788312e+03  2.77899336e+03  1.92e-01 9.32e-09  1.20e-04   217s
 142   2.90790586e+03  2.78903778e+03  1.86e-01 9.22e-09  1.12e-04   218s
 143   2.90799089e+03  2.79240365e+03  1.78e-01 9.19e-09  1.09e-04   219s
 144   2.90812032e+03  2.79759226e+03  1.66e-01 9.13e-09  1.03e-04   220s
 145   2.90824309e+03  2.80110638e+03  1.55e-01 9.07e-09  9.91e-05   221s
 146   2.90824001e+03  2.81019965e+03  1.45e-01 8.92e-09  9.14e-05   222s
 147   2.90820657e+03  2.81422302e+03  1.38e-01 8.86e-09  8.75e-05   223s
 148   2.90818007e+03  2.81924307e+03  1.28e-01 8.79e-09  8.24e-05   224s
 149   2.90816652e+03  2.82301343e+03  1.22e-01 8.74e-09  7.89e-05   225s
 150   2.90814856e+03  2.82642685e+03  1.20e-01 8.68e-09  7.62e-05   226s
 151   2.90813849e+03  2.83188720e+03  1.13e-01 8.61e-09  7.13e-05   227s
 152   2.90812623e+03  2.83397298e+03  1.11e-01 8.58e-09  6.96e-05   228s
 153   2.90813779e+03  2.83847418e+03  1.08e-01 8.51e-09  6.62e-05   229s
 154   2.90809661e+03  2.84374878e+03  1.01e-01 8.45e-09  6.15e-05   230s
 155   2.90805779e+03  2.84946137e+03  9.67e-02 8.35e-09  5.69e-05   231s
 156   2.90804520e+03  2.85085661e+03  9.48e-02 8.32e-09  5.56e-05   232s
 157   2.90804114e+03  2.85252336e+03  9.42e-02 8.29e-09  5.45e-05   233s
 158   2.90795813e+03  2.85364524e+03  8.63e-02 8.27e-09  5.22e-05   234s
 159   2.90793295e+03  2.85895421e+03  8.24e-02 8.16e-09  4.80e-05   234s
 160   2.90791227e+03  2.86001046e+03  7.78e-02 8.14e-09  4.65e-05   236s
 161   2.90775268e+03  2.86348347e+03  6.84e-02 8.05e-09  4.23e-05   237s
 162   2.90769404e+03  2.86582609e+03  6.15e-02 7.96e-09  3.94e-05   238s
 163   2.90767433e+03  2.86874253e+03  5.70e-02 7.81e-09  3.67e-05   239s
 164   2.90765811e+03  2.87449647e+03  5.26e-02 7.53e-09  3.21e-05   240s
 165   2.90754869e+03  2.87718401e+03  4.62e-02 7.37e-09  2.90e-05   241s
 166   2.90750635e+03  2.88140477e+03  4.16e-02 7.03e-09  2.53e-05   242s
 167   2.90742328e+03  2.88464494e+03  3.71e-02 6.73e-09  2.23e-05   243s
 168   2.90742015e+03  2.88612632e+03  3.65e-02 6.58e-09  2.12e-05   244s
 169   2.90740190e+03  2.88705644e+03  3.53e-02 6.47e-09  2.04e-05   245s
 170   2.90738762e+03  2.88790770e+03  3.41e-02 6.40e-09  1.96e-05   246s
 171   2.90735355e+03  2.88914259e+03  3.09e-02 6.26e-09  1.81e-05   247s
 172   2.90733293e+03  2.88939750e+03  2.84e-02 6.23e-09  1.75e-05   248s
 173   2.90731315e+03  2.89116821e+03  2.67e-02 5.98e-09  1.60e-05   249s
 174   2.90730779e+03  2.89181583e+03  2.58e-02 5.89e-09  1.54e-05   250s
 175   2.90728919e+03  2.89255587e+03  2.36e-02 5.77e-09  1.45e-05   251s
 176   2.90727971e+03  2.89400758e+03  2.23e-02 5.52e-09  1.32e-05   252s
 177   2.90727624e+03  2.89441065e+03  2.10e-02 5.44e-09  1.27e-05   252s
 178   2.90727403e+03  2.89520208e+03  2.02e-02 5.29e-09  1.20e-05   253s
 179   2.90727232e+03  2.89572881e+03  1.89e-02 5.19e-09  1.15e-05   254s
 180   2.90727326e+03  2.89617466e+03  1.84e-02 5.12e-09  1.11e-05   255s
 181   2.90726001e+03  2.89627985e+03  1.78e-02 5.09e-09  1.09e-05   256s
 182   2.90726935e+03  2.89637631e+03  1.76e-02 5.09e-09  1.08e-05   257s
 183   2.90728717e+03  2.89645829e+03  1.72e-02 5.06e-09  1.07e-05   258s
 184   2.90728760e+03  2.89668473e+03  1.72e-02 5.05e-09  1.06e-05   259s
 185   2.90728880e+03  2.89738143e+03  1.62e-02 4.86e-09  9.89e-06   260s
 186   2.90728928e+03  2.89762918e+03  1.54e-02 4.80e-09  9.58e-06   261s
 187   2.90729106e+03  2.89908625e+03  1.45e-02 4.40e-09  8.44e-06   262s
 188   2.90729429e+03  2.89931189e+03  1.41e-02 4.35e-09  8.22e-06   263s
 189   2.90729879e+03  2.89944337e+03  1.38e-02 4.31e-09  8.08e-06   264s
 190   2.90730737e+03  2.89991874e+03  1.34e-02 4.17e-09  7.71e-06   265s
 191   2.90730318e+03  2.90005340e+03  1.32e-02 4.12e-09  7.55e-06   266s
 192   2.90730470e+03  2.90057398e+03  1.28e-02 3.95e-09  7.14e-06   267s
 193   2.90730978e+03  2.90097841e+03  1.23e-02 3.82e-09  6.79e-06   268s
 194   2.90731908e+03  2.90124193e+03  1.14e-02 3.72e-09  6.43e-06   269s
 195   2.90732356e+03  2.90147275e+03  1.08e-02 3.64e-09  6.16e-06   270s
 196   2.90732921e+03  2.90194497e+03  1.03e-02 3.45e-09  5.76e-06   271s
 197   2.90734429e+03  2.90197470e+03  9.91e-03 3.44e-09  5.66e-06   272s
 198   2.90734832e+03  2.90217893e+03  9.80e-03 3.41e-09  5.53e-06   273s
 199   2.90742556e+03  2.90221056e+03  9.50e-03 3.40e-09  5.50e-06   274s
 200   2.90744326e+03  2.90226979e+03  9.41e-03 3.40e-09  5.47e-06   275s
 201   2.90745278e+03  2.90234031e+03  9.31e-03 3.39e-09  5.41e-06   276s
 202   2.90745828e+03  2.90244497e+03  9.16e-03 3.37e-09  5.33e-06   277s
 203   2.90749271e+03  2.90246286e+03  9.03e-03 3.39e-09  5.32e-06   278s
 204   2.90749844e+03  2.90250986e+03  8.75e-03 3.38e-09  5.24e-06   279s
 205   2.90750025e+03  2.90259118e+03  8.66e-03 3.35e-09  5.17e-06   280s
 206   2.90752088e+03  2.90262784e+03  8.08e-03 3.31e-09  5.03e-06   281s
 207   2.90751748e+03  2.90281909e+03  7.61e-03 3.20e-09  4.80e-06   282s
 208   2.90751200e+03  2.90425984e+03  6.80e-03 2.28e-09  3.65e-06   283s
 209   2.90751131e+03  2.90456649e+03  6.53e-03 2.07e-09  3.39e-06   284s
 210   2.90751018e+03  2.90467517e+03  6.33e-03 1.99e-09  3.28e-06   285s
 211   2.90751521e+03  2.90473083e+03  6.19e-03 1.97e-09  3.22e-06   286s
 212   2.90754064e+03  2.90477612e+03  5.91e-03 1.91e-09  3.14e-06   287s
 213   2.90753970e+03  2.90534112e+03  5.79e-03 1.55e-09  2.74e-06   288s

Barrier performed 213 iterations in 288.34 seconds (174.44 work units)
Barrier solve interrupted - model solved by another algorithm

Concurrent spin time: 0.07s

Solved with dual simplex

Root simplex log...

Iteration    Objective       Primal Inf.    Dual Inf.      Time
  227218    2.4933043e+03   1.000000e-02   9.299942e+08    290s
  230228    2.4937022e+03   0.000000e+00   0.000000e+00    292s
Extra simplex iterations after uncrush: 7786

Root relaxation: objective 2.493702e+03, 230228 iterations, 244.35 seconds (131.29 work units)

    Nodes    |    Current Node    |     Objective Bounds      |     Work
 Expl Unexpl |  Obj  Depth IntInf | Incumbent    BestBd   Gap | It/Node Time

     0     0 2493.70219    0    3          - 2493.70219      -     -  292s
H    0     0                    2493.7218196 2493.70219  0.00%     -  294s

Explored 1 nodes (230228 simplex iterations) in 296.16 seconds (177.31 work units)
Thread count was 16 (of 16 available processors)

Solution count 2: 2493.72 2493.72 

Optimal solution found (tolerance 2.00e-03)
Warning: max constraint violation (8.3669e-02) exceeds tolerance
Warning: max bound violation (7.9709e-02) exceeds tolerance
Best objective 2.493721819619e+03, best bound 2.493721819619e+03, gap 0.0000%
the solution is feasible and optimal
Solution time: 319.0167908668518
Done solving model.
Time used solving the model: 403.46111369132996
----------Dumping data in pickle file...done.
Dumping results in pickle file.....done.
objective function value:  2493.7218196188564
objective function value normalized (Billion EURO):  249.37
                         2023                                            \
                           OO     OB     OP     BO     BB     BP     PO   
LCOT                    4.272  4.272  4.272  4.272  4.272  4.272  4.272   
LCOT (Empty Trips)      1.230  1.230  1.230  1.230  1.230  1.230  1.230   
Emission                0.393  0.393  0.393  0.393  0.393  0.393  0.393   
Emission (Empty Trips)  0.179  0.179  0.179  0.179  0.179  0.179  0.179   
CO2_Penalty             0.000  0.000  0.000  0.000  0.000  0.000  0.000   
Time value              1.344  1.344  1.344  1.344  1.344  1.344  1.344   
Transfer                2.084  2.084  2.084  2.084  2.084  2.084  2.084   
RailTrack               0.116  0.116  0.116  0.116  0.116  0.116  0.116   
Terminal                0.052  0.052  0.052  0.052  0.052  0.052  0.052   
RailElectr.             0.000  0.000  0.000  0.000  0.000  0.000  0.000   
Charging                0.000  0.000  0.000  0.000  0.000  0.000  0.000   
H2_Filling              0.000  0.000  0.000  0.000  0.000  0.000  0.000   

                                       2028                              \
                           PB     PP     OO     OB     OP     BO     BB   
LCOT                    4.272  4.272  5.333  5.333  5.333  5.333  5.333   
LCOT (Empty Trips)      1.230  1.230  1.281  1.281  1.281  1.281  1.281   
Emission                0.393  0.393  0.701  0.701  0.701  0.701  0.701   
Emission (Empty Trips)  0.179  0.179  0.135  0.135  0.135  0.135  0.135   
CO2_Penalty             0.000  0.000  0.590  0.590  0.590  0.590  0.590   
Time value              1.344  1.344  1.630  1.630  1.630  1.630  1.630   
Transfer                2.084  2.084  2.730  2.730  2.730  2.730  2.730   
RailTrack               0.116  0.116  0.000  0.000  0.000  0.000  0.000   
Terminal                0.052  0.052  0.021  0.021  0.021  0.021  0.021   
RailElectr.             0.000  0.000  0.000  0.000  0.000  0.000  0.000   
Charging                0.000  0.000  0.036  0.036  0.036  0.036  0.036   
H2_Filling              0.000  0.000  0.001  0.001  0.001  0.001  0.001   

                                                     2034                \
                           BP     PO     PB     PP     OO     OB     OP   
LCOT                    5.333  5.333  5.333  5.333  5.609  5.704  5.848   
LCOT (Empty Trips)      1.281  1.281  1.281  1.281  1.350  1.399  1.454   
Emission                0.701  0.701  0.701  0.701  0.525  0.526  0.527   
Emission (Empty Trips)  0.135  0.135  0.135  0.135  0.053  0.053  0.051   
CO2_Penalty             0.590  0.590  0.590  0.590  0.000  0.000  0.000   
Time value              1.630  1.630  1.630  1.630  1.917  1.918  1.927   
Transfer                2.730  2.730  2.730  2.730  3.044  3.046  3.076   
RailTrack               0.000  0.000  0.000  0.000  0.000  0.000  0.000   
Terminal                0.021  0.021  0.021  0.021  0.000 -0.001  0.000   
RailElectr.             0.000  0.000  0.000  0.000  0.000  0.000  0.000   
Charging                0.036  0.036  0.036  0.036  0.053  0.053  0.053   
H2_Filling              0.001  0.001  0.001  0.001  0.000  0.000  0.000   

                                                                   2040  \
                           BO     BB     BP     PO     PB     PP     OO   
LCOT                    5.800  5.894  6.037  5.883  5.980  6.119  5.812   
LCOT (Empty Trips)      1.369  1.414  1.460  1.373  1.410  1.465  1.331   
Emission                0.525  0.525  0.527  0.529  0.526  0.526  0.304   
Emission (Empty Trips)  0.053  0.053  0.051  0.050  0.052  0.052  0.058   
CO2_Penalty             0.000  0.000  0.000  0.000  0.000  0.000  0.000   
Time value              1.920  1.914  1.923  1.918  1.917  1.917  2.016   
Transfer                3.042  3.046  3.080  3.045  3.056  3.067  2.939   
RailTrack               0.000  0.000  0.000  0.000  0.000  0.000  0.000   
Terminal                0.000  0.000  0.000  0.000  0.000  0.000  0.000   
RailElectr.             0.000  0.000  0.000  0.000  0.000  0.000  0.000   
Charging                0.053  0.053  0.053  0.053  0.053  0.053  0.086   
H2_Filling              0.000  0.000  0.000  0.000  0.000  0.000  0.001   

                                                                         \
                           OB     OP     BO     BB     BP     PO     PB   
LCOT                    5.960  6.057  6.004  6.107  6.269  6.066  6.223   
LCOT (Empty Trips)      1.378  1.483  1.402  1.398  1.447  1.397  1.450   
Emission                0.300  0.339  0.247  0.303  0.304  0.246  0.247   
Emission (Empty Trips)  0.061  0.023  0.004  0.058  0.058  0.004  0.004   
CO2_Penalty             0.000  0.000  0.000  0.000  0.000  0.000  0.000   
Time value              2.018  2.015  2.018  2.020  2.018  2.016  2.018   
Transfer                2.936  2.946  2.939  2.945  2.946  2.939  2.943   
RailTrack               0.000  0.000  0.000  0.000  0.000  0.000  0.000   
Terminal                0.000  0.000  0.000  0.000  0.000  0.000  0.000   
RailElectr.             0.000  0.000  0.000  0.000  0.000  0.000  0.000   
Charging                0.086  0.085  0.086  0.086  0.086  0.086  0.086   
H2_Filling              0.001  0.001  0.001  0.001  0.001  0.001  0.001   

                                2050                                     \
                           PP     OO     OB     OP     BO     BB     BP   
LCOT                    6.343  6.611  6.734  6.891  6.614  6.858  7.082   
LCOT (Empty Trips)      1.461  1.437  1.473  1.536  1.437  1.479  1.535   
Emission                0.304  0.001  0.129  0.144  0.001  0.001  0.001   
Emission (Empty Trips)  0.058  0.000  0.007  0.000  0.000  0.000  0.000   
CO2_Penalty             0.000  0.000  0.000  0.000  0.000  0.000  0.000   
Time value              2.017  2.393  2.385  2.385  2.390  2.386  2.397   
Transfer                2.944  3.160  3.159  3.156  3.158  3.161  3.157   
RailTrack               0.000  0.000  0.000  0.000  0.000  0.000  0.000   
Terminal                0.000  0.000  0.000  0.000  0.000  0.000  0.000   
RailElectr.             0.000  0.000  0.000  0.000  0.000  0.000  0.000   
Charging                0.086  0.061  0.061  0.061  0.061  0.061  0.061   
H2_Filling              0.001  0.001  0.001  0.001  0.001  0.001  0.001   

                                              2023        2028           2034  \
                           PO     PB     PP   mean  std   mean  std      mean   
LCOT                    6.612  6.856  7.070  4.272  0.0  5.333  0.0  5.874889   
LCOT (Empty Trips)      1.438  1.486  1.535  1.230  0.0  1.281  0.0  1.410444   
Emission                0.001  0.001  0.001  0.393  0.0  0.701  0.0  0.526222   
Emission (Empty Trips)  0.000  0.000  0.000  0.179  0.0  0.135  0.0  0.052000   
CO2_Penalty             0.000  0.000  0.000  0.000  0.0  0.590  0.0  0.000000   
Time value              2.390  2.383  2.386  1.344  0.0  1.630  0.0  1.919000   
Transfer                3.158  3.159  3.157  2.084  0.0  2.730  0.0  3.055778   
RailTrack               0.000  0.000  0.000  0.116  0.0  0.000  0.0  0.000000   
Terminal                0.000  0.000  0.000  0.052  0.0  0.021  0.0 -0.000111   
RailElectr.             0.000  0.000  0.000  0.000  0.0  0.000  0.0  0.000000   
Charging                0.061  0.061  0.061  0.000  0.0  0.036  0.0  0.053000   
H2_Filling              0.001  0.001  0.001  0.000  0.0  0.001  0.0  0.000000   

                                      2040                2050                
                             std      mean       std      mean           std  
LCOT                    0.159523  6.093444  0.164760  6.814222  1.855403e-01  
LCOT (Empty Trips)      0.042199  1.416333  0.047671  1.484000  4.270539e-02  
Emission                0.001302  0.288222  0.033286  0.031111  5.986745e-02  
Emission (Empty Trips)  0.001118  0.036444  0.026926  0.000778  2.333333e-03  
CO2_Penalty             0.000000  0.000000  0.000000  0.000000  0.000000e+00  
Time value              0.003873  2.017333  0.001500  2.388333  4.527693e-03  
Transfer                0.014822  2.941889  0.003689  3.158333  1.581139e-03  
RailTrack               0.000000  0.000000  0.000000  0.000000  0.000000e+00  
Terminal                0.000333  0.000000  0.000000  0.000000  0.000000e+00  
RailElectr.             0.000000  0.000000  0.000000  0.000000  0.000000e+00  
Charging                0.000000  0.085889  0.000333  0.061000  7.359808e-18  
H2_Filling              0.000000  0.001000  0.000000  0.001000  0.000000e+00  
                       2023     2028      2034      2040      2050     
                       mean std mean  std mean  std mean  std mean  std
LCOT                    4.3   0  5.3    0  5.9 0.16  6.1 0.16  6.8 0.19
LCOT (Empty Trips)      1.2   0  1.3    0  1.4 0.04  1.4 0.05  1.5 0.04
Emission               0.39   0  0.7    0 0.53    0 0.29 0.03 0.03 0.06
Emission (Empty Trips) 0.18   0 0.14    0 0.05    0 0.04 0.03    0    0
CO2_Penalty               0   0 0.59    0    0    0    0    0    0    0
Time value              1.3   0  1.6    0  1.9    0    2    0  2.4    0
Transfer                2.1   0  2.7    0  3.1 0.01  2.9    0  3.2    0
RailTrack              0.12   0    0    0    0    0    0    0    0    0
Terminal               0.05   0 0.02    0   -0    0    0    0    0    0
RailElectr.               0   0    0    0    0    0    0    0    0    0
Charging                  0   0 0.04    0 0.05    0 0.09    0 0.06    0
H2_Filling                0   0    0    0    0    0    0    0    0    0
discount_factor           1   1 0.83 0.83 0.66 0.66 0.53 0.53 0.36 0.36
emissions (MTonnes CO2 eq.):
             AvgEmission    Std  AvgEmission_perc  Std_perc
time_period                                                
2023                 7.3      0             1e+02         0
2028                 4.6      0                64         0
2034                 2.5 0.0032                35     0.045
2040                 1.4    0.3                20       4.1
2050                0.13   0.26               1.9       3.6
----------------
Average transport work in GTONNES*km:
    mode            product time_period TransportArbeid
0   Rail           Dry bulk        2023              10
1   Rail           Neo bulk        2023           0.014
2   Road  Break bulk (fast)        2023             5.5
3   Road  Break bulk (slow)        2023             5.6
4   Road   Container (fast)        2023               2
5   Road   Container (slow)        2023             2.7
6   Road           Dry bulk        2023            0.56
7   Road           Neo bulk        2023              12
8    Sea  Break bulk (fast)        2023           0.091
9    Sea  Break bulk (slow)        2023             1.2
10   Sea   Container (fast)        2023             0.1
11   Sea   Container (slow)        2023               1
12   Sea           Dry bulk        2023              96
13   Sea           Neo bulk        2023            0.26

