----------------------------
Doing the following analysis: 
FuelDetScen_carbontaxbase_stp2034
single time period:  2034
----------------------------
Reading data...
Reading and constructing data
Function construct_sets Took 0.0038 seconds
Function construct_network Took 0.0144 seconds
Transport demand in the base year 2018 (in MTonnes):
             product  tot_weight
0           Dry bulk       94.86
1   Container (fast)        4.07
2   Container (slow)        9.23
3  Break bulk (fast)       11.61
4  Break bulk (slow)       15.37
5           Neo bulk       19.28
Function construct_ODD Took 3.4147 seconds
Function construct_vehicles Took 1.6461 seconds
Function construct_emission_transfer Took 0.4133 seconds
Function construct_costs Took 5.9671 seconds
Function construct_time_value Took 0.0045 seconds
Function construct_investments Took 0.0369 seconds
Function construct_charging_edges Took 0.6187 seconds
Function construct_tech_readiness Took 0.0081 seconds
Function construct_path_generation Took 0.5242 seconds
Function construct_param2 Took 0.2650 seconds
Function combined_sets Took 0.4029 seconds
Function combined_sets Took 0.1786 seconds
Done reading data.
Time used reading the base data: 25.5944185256958
Function combined_sets Took 0.3237 seconds
-----
Constructing full SP model...
Done constructing model.
Time used constructing the model: 7.632720947265625
----------
Solving model...
Set parameter Username
Academic license - for non-commercial use only - expires 2025-03-01
Read LP format model from file C:\Users\Sander\Documents\Code\Github\Sander\STraM_ntnu_development\temp\pyomo\tmpnt3ckbbo.pyomo.lp
Reading time = 1.22 seconds
x1: 4974 rows, 122939 columns, 505816 nonzeros
Set parameter FeasibilityTol to value 0.01
Set parameter MIPGap to value 0.002
Gurobi Optimizer version 11.0.0 build v11.0.0rc2 (win64 - Windows 11+.0 (22631.2))

CPU model: Intel(R) Core(TM) i7-10510U CPU @ 1.80GHz, instruction set [SSE2|AVX|AVX2]
Thread count: 4 physical cores, 8 logical processors, using up to 8 threads

Optimize a model with 4974 rows, 122939 columns and 505816 nonzeros
Model fingerprint: 0xbfc89c3f
Variable types: 122905 continuous, 34 integer (34 binary)
Coefficient statistics:
  Matrix range     [6e-06, 1e+03]
  Objective range  [3e-01, 2e+00]
  Bounds range     [1e+00, 1e+00]
  RHS range        [1e-03, 9e+01]
Presolve removed 1889 rows and 99160 columns
Presolve time: 2.09s
Presolved: 3085 rows, 23779 columns, 280444 nonzeros
Variable types: 23761 continuous, 18 integer (18 binary)
Deterministic concurrent LP optimizer: primal and dual simplex
Showing primal log only...

Concurrent spin time: 0.06s

Solved with dual simplex
Extra simplex iterations after uncrush: 60

Root relaxation: objective 4.604379e+02, 2182 iterations, 1.15 seconds (0.20 work units)

    Nodes    |    Current Node    |     Objective Bounds      |     Work
 Expl Unexpl |  Obj  Depth IntInf | Incumbent    BestBd   Gap | It/Node Time

     0     0  460.43786    0    1          -  460.43786      -     -    3s
H    0     0                     460.4588976  460.43786  0.00%     -    3s

Explored 1 nodes (2182 simplex iterations) in 3.96 seconds (1.37 work units)
Thread count was 8 (of 8 available processors)

Solution count 1: 460.459 

Optimal solution found (tolerance 2.00e-03)
Warning: max constraint violation (7.9670e-02) exceeds tolerance
Warning: max bound violation (5.7299e-02) exceeds tolerance
Best objective 4.604588975811e+02, best bound 4.604588975811e+02, gap 0.0000%
the solution is feasible and optimal
Solution time: 6.292039394378662
Done solving model.
Time used solving the model: 11.666600465774536
----------Dumping data in pickle file...done.
Dumping results in pickle file.....done.
