----------------------------
Doing the following analysis: 
FuelScen_carbontaxbase_demand_scaled_0%_risk_rate_1.0
----------------------------
Reading data...
Reading and constructing data
Function construct_sets Took 0.0020 seconds
Function construct_network Took 0.0048 seconds
Transport demand in the base year 2018 (in MTonnes):
             product  tot_weight
0           Dry bulk       94.86
1   Container (fast)        4.07
2   Container (slow)        9.23
3  Break bulk (fast)       11.61
4  Break bulk (slow)       15.37
5           Neo bulk       19.28
Function construct_ODD Took 0.5165 seconds
Function construct_vehicles Took 0.7376 seconds
Function construct_emission_transfer Took 0.1677 seconds
Function construct_costs Took 2.4102 seconds
Function construct_time_value Took 0.0022 seconds
Function construct_investments Took 0.0107 seconds
Function construct_charging_edges Took 0.2614 seconds
Function construct_tech_readiness Took 0.0058 seconds
Function construct_path_generation Took 0.2052 seconds
Function construct_param2 Took 0.0707 seconds
Function combined_sets Took 0.5696 seconds
Function combined_sets Took 0.5257 seconds
Done reading data.
Time used reading the base data: 19.423210859298706
Solving the first time period for initialization purposes...
Function combined_sets Took 0.2050 seconds
Set parameter Username
Academic license - for non-commercial use only - expires 2025-03-01
Read LP format model from file C:\Users\Sander\Documents\Code\Github\Sander\STraM_ntnu_development\temp\pyomo\tmpb24d1h7r.pyomo.lp
Reading time = 5.36 seconds
x1: 2206927 rows, 540793 columns, 7780366 nonzeros
Set parameter FeasibilityTol to value 0.0001
Set parameter MIPGap to value 0.002
Gurobi Optimizer version 11.0.0 build v11.0.0rc2 (win64 - Windows 11+.0 (22631.2))

CPU model: Intel(R) Core(TM) i7-10510U CPU @ 1.80GHz, instruction set [SSE2|AVX|AVX2]
Thread count: 4 physical cores, 8 logical processors, using up to 8 threads

Optimize a model with 2206927 rows, 540793 columns and 7780366 nonzeros
Model fingerprint: 0xcbcd81dd
Coefficient statistics:
  Matrix range     [6e-06, 1e+03]
  Objective range  [8e-02, 3e-01]
  Bounds range     [0e+00, 0e+00]
  RHS range        [1e-03, 9e+01]
Presolve removed 561815 rows and 483568 columns (presolve time = 5s) ...
Presolve removed 2204267 rows and 518514 columns
Presolve time: 5.90s
Presolved: 2660 rows, 23242 columns, 201160 nonzeros

Concurrent LP optimizer: dual simplex and barrier
Showing barrier log only...

Ordering time: 0.03s

Barrier statistics:
 AA' NZ     : 8.445e+04
 Factor NZ  : 1.919e+05 (roughly 12 MB of memory)
 Factor Ops : 2.716e+07 (less than 1 second per iteration)
 Threads    : 3

                  Objective                Residual
Iter       Primal          Dual         Primal    Dual     Compl     Time
   0   4.26687764e+00 -5.65025000e-01  2.86e+05 0.00e+00  1.23e+00     6s
   1   1.53676890e+00 -6.13300283e-01  6.92e+04 2.27e-02  3.11e-01     6s
   2   7.06244764e-01  6.11522776e-01  1.42e+04 1.52e-02  6.80e-02     6s
   3   7.32328775e-01  7.19703133e+00  5.24e+03 3.38e-03  2.50e-02     6s
   4   2.09765201e+00  3.05250080e+01  2.88e+03 1.22e-03  1.38e-02     6s
   5   4.91443609e+00  4.81260568e+01  2.29e+03 1.10e-03  1.09e-02     6s
   6   7.60027192e+00  4.48282334e+01  2.10e+03 1.05e-03  1.00e-02     6s
   7   1.42033889e+01  5.32537435e+01  1.79e+03 9.28e-04  8.53e-03     6s
   8   2.03973182e+01  6.24900707e+01  1.42e+03 7.26e-04  6.85e-03     6s
   9   2.35035852e+01  7.33463577e+01  1.23e+03 6.02e-04  5.86e-03     6s
  10   2.44775109e+01  7.73704925e+01  1.20e+03 5.76e-04  5.74e-03     6s
  11   2.75684791e+01  9.05296061e+01  1.13e+03 5.29e-04  5.51e-03     6s
  12   3.62352080e+01  9.70692959e+01  8.73e+02 4.65e-04  4.19e-03     6s
  13   4.31575647e+01  1.05817343e+02  7.35e+02 4.21e-04  3.47e-03     6s
  14   4.47709848e+01  1.12642999e+02  7.10e+02 4.10e-04  3.34e-03     6s
  15   4.80440937e+01  1.18916184e+02  6.68e+02 3.84e-04  3.14e-03     6s
  16   5.47219051e+01  1.23948690e+02  5.86e+02 3.62e-04  2.71e-03     6s
  17   6.06287952e+01  1.36692387e+02  5.17e+02 3.37e-04  2.41e-03     6s
  18   6.35490530e+01  1.40904659e+02  4.87e+02 3.30e-04  2.25e-03     6s
  19   6.65782613e+01  1.46074247e+02  4.62e+02 3.22e-04  2.12e-03     6s
  20   6.91955645e+01  1.55936727e+02  4.41e+02 2.97e-04  2.02e-03     6s
  21   7.22250388e+01  1.60717505e+02  4.19e+02 2.88e-04  1.91e-03     6s
  22   7.35242571e+01  1.62758470e+02  4.11e+02 2.84e-04  1.86e-03     6s
  23   7.86199772e+01  1.69127851e+02  3.82e+02 2.67e-04  1.72e-03     6s
  24   8.33963258e+01  1.77457798e+02  3.57e+02 2.50e-04  1.59e-03     6s
  25   8.59767245e+01  1.85019763e+02  3.44e+02 2.40e-04  1.53e-03     6s
  26   8.92704102e+01  1.86532340e+02  3.28e+02 2.35e-04  1.45e-03     6s
  27   9.39337669e+01  1.93965577e+02  3.09e+02 2.19e-04  1.36e-03     6s
  28   9.56657131e+01  1.96818299e+02  3.01e+02 2.14e-04  1.33e-03     6s
  29   9.80924707e+01  1.98865720e+02  2.91e+02 2.11e-04  1.27e-03     6s
  30   1.01936435e+02  2.04481153e+02  2.76e+02 2.04e-04  1.23e-03     6s
  31   1.04985508e+02  2.12158932e+02  2.65e+02 1.94e-04  1.19e-03     6s
  32   1.09381998e+02  2.20966477e+02  2.50e+02 1.84e-04  1.11e-03     6s
  33   1.13237752e+02  2.28858381e+02  2.38e+02 1.76e-04  1.05e-03     6s
  34   1.18424538e+02  2.33048544e+02  2.24e+02 1.72e-04  9.63e-04     6s
  35   1.23018808e+02  2.40771099e+02  2.12e+02 1.66e-04  8.91e-04     6s
  36   1.28487362e+02  2.53853989e+02  1.98e+02 1.58e-04  8.19e-04     6s
  37   1.32109807e+02  2.60739848e+02  1.91e+02 1.54e-04  7.80e-04     6s
  38   1.36862018e+02  2.62459708e+02  1.82e+02 1.52e-04  7.31e-04     6s
  39   1.40687259e+02  2.75316731e+02  1.76e+02 1.45e-04  7.06e-04     6s
  40   1.44218701e+02  2.86979464e+02  1.70e+02 1.40e-04  6.86e-04     6s
  41   1.47481315e+02  2.94829381e+02  1.65e+02 1.37e-04  6.63e-04     6s
  42   1.49865106e+02  3.03369323e+02  1.62e+02 1.34e-04  6.48e-04     6s
  43   1.53230350e+02  3.13703213e+02  1.57e+02 1.31e-04  6.35e-04     6s
  44   1.55153709e+02  3.23944053e+02  1.55e+02 1.28e-04  6.30e-04     6s
  45   1.59543104e+02  3.31633099e+02  1.50e+02 1.26e-04  5.90e-04     6s
  46   1.60819166e+02  3.33339773e+02  1.49e+02 1.25e-04  5.65e-04     6s
  47   1.64865644e+02  3.37436348e+02  1.45e+02 1.23e-04  5.48e-04     7s
  48   1.68699671e+02  3.41075637e+02  1.42e+02 1.20e-04  5.34e-04     7s
  49   1.71147295e+02  3.46243326e+02  1.39e+02 1.17e-04  5.22e-04     7s
  50   1.74924287e+02  3.50796751e+02  1.36e+02 1.15e-04  5.09e-04     7s
  51   1.77752390e+02  3.54173303e+02  1.34e+02 1.13e-04  4.99e-04     7s
  52   1.80483540e+02  3.57944025e+02  1.32e+02 1.11e-04  4.94e-04     7s
  53   1.83377623e+02  3.67535685e+02  1.29e+02 1.08e-04  4.90e-04     7s
  54   1.84369789e+02  3.67227431e+02  1.28e+02 1.07e-04  4.94e-04     7s
  55   1.24997691e+02 -5.65025000e+03  8.36e+06 0.00e+00  3.60e+05     7s
  56   3.63628854e+02 -2.22137100e+04  1.31e+06 1.37e+02  3.95e+04     7s
  57   5.16797829e+03 -4.44016456e+04  3.23e+05 6.37e+01  7.33e+03     7s
  58   6.23162173e+03 -7.03616651e+04  1.27e+05 3.23e+01  2.95e+03     7s
  59   6.54602959e+03 -8.18342317e+04  5.00e+04 1.22e+01  1.16e+03     7s
  60   9.72760820e+03 -1.06002836e+05  2.33e+04 1.32e+01  5.77e+02     7s
  61   1.23472741e+04 -1.13510474e+05  6.96e+03 5.80e+00  1.87e+02     7s
  62   1.23013333e+04 -1.09306190e+05  2.35e+03 3.14e+00  7.40e+01     7s
  63   1.14151549e+04 -8.91767739e+04  8.46e+02 1.80e+00  3.32e+01     7s
  64   1.08449467e+04 -7.54632878e+04  3.92e+02 1.25e+00  1.95e+01     7s
  65   1.03794596e+04 -6.01016774e+04  1.91e+02 8.27e-01  1.17e+01     7s
  66   9.90898864e+03 -4.13663107e+04  8.75e+01 4.38e-01  6.09e+00     7s
  67   9.28246513e+03 -3.29420593e+04  3.38e+01 3.34e-01  4.07e+00     7s
  68   8.31738450e+03 -2.14978811e+04  9.84e+00 2.04e-01  2.28e+00     7s
  69   7.66227939e+03 -1.01811293e+04  4.75e+00 9.44e-02  1.10e+00     7s
  70   6.13754604e+03 -5.45649632e+03  1.11e+00 5.23e-02  5.73e-01     7s
  71   5.48900812e+03 -3.40457772e+03  7.58e-01 3.60e-02  3.95e-01     7s
  72   5.02110693e+03 -1.89110709e+03  5.63e-01 2.26e-02  2.70e-01     7s
  73   4.61828144e+03 -1.71196884e+03  4.82e-01 2.00e-02  2.37e-01     7s
  74   3.39434951e+03 -1.10772765e+03  2.43e-01 1.44e-02  1.53e-01     7s
  75   2.34405200e+03 -4.24525164e+02  1.03e-01 8.77e-03  8.48e-02     7s
  76   1.57691618e+03 -1.64700845e+02  4.41e-02 6.30e-03  5.04e-02     7s
  77   1.15108051e+03  6.75937790e+01  2.11e-02 4.29e-03  3.01e-02     7s
  78   9.82582042e+02  2.10291542e+02  1.39e-02 3.07e-03  2.09e-02     7s
  79   8.90422665e+02  2.66291239e+02  1.04e-02 2.53e-03  1.67e-02     7s
  80   6.98951934e+02  3.22116533e+02  3.27e-03 2.11e-03  1.02e-02     7s
  81   6.76506005e+02  4.02425578e+02  2.57e-03 1.42e-03  7.34e-03     7s
  82   6.33934537e+02  5.00793948e+02  1.35e-03 6.03e-04  3.48e-03     7s
  83   6.22541668e+02  5.18523293e+02  1.07e-03 4.46e-04  2.69e-03     7s
  84   6.05932129e+02  5.36206201e+02  6.92e-04 2.96e-04  1.80e-03     7s

Barrier performed 84 iterations in 6.86 seconds (5.67 work units)
Barrier solve interrupted - model solved by another algorithm


Solved with dual simplex
Extra simplex iterations after uncrush: 3
Iteration    Objective       Primal Inf.    Dual Inf.      Time
    6899    5.6657587e+02   0.000000e+00   0.000000e+00      8s

Solved in 6899 iterations and 8.41 seconds (8.47 work units)
Optimal objective  5.665758744e+02
the solution is feasible and optimal
Solution time: 17.70219850540161
Function combined_sets Took 0.4858 seconds
-----
Constructing full SP model...
Done constructing model.
Time used constructing the model: 196.94811511039734
----------
Solving model...
Set parameter Username
Academic license - for non-commercial use only - expires 2025-03-01
Read LP format model from file C:\Users\Sander\Documents\Code\Github\Sander\STraM_ntnu_development\temp\pyomo\tmp2a19z80m.pyomo.lp
Reading time = 17.71 seconds
x1: 4554352 rows, 1834336 columns, 25949476 nonzeros
Set parameter FeasibilityTol to value 0.01
Set parameter MIPGap to value 0.002
Gurobi Optimizer version 11.0.0 build v11.0.0rc2 (win64 - Windows 11+.0 (22631.2))

CPU model: Intel(R) Core(TM) i7-10510U CPU @ 1.80GHz, instruction set [SSE2|AVX|AVX2]
Thread count: 4 physical cores, 8 logical processors, using up to 8 threads

Optimize a model with 4554352 rows, 1834336 columns and 25949476 nonzeros
Model fingerprint: 0xbda2a0e2
Variable types: 1834030 continuous, 306 integer (306 binary)
Coefficient statistics:
  Matrix range     [6e-06, 1e+03]
  Objective range  [8e-02, 3e-01]
  Bounds range     [1e+00, 6e+04]
  RHS range        [1e-03, 9e+01]
Presolve removed 19530 rows and 72 columns (presolve time = 5s) ...
Presolve removed 4353661 rows and 1037449 columns (presolve time = 11s) ...
Presolve removed 4353661 rows and 1037449 columns
Presolve time: 10.79s
Presolved: 200691 rows, 796887 columns, 16339455 nonzeros
Variable types: 796853 continuous, 34 integer (34 binary)
Deterministic concurrent LP optimizer: primal simplex, dual simplex, and barrier
Showing barrier log only...

Root barrier log...

Ordering time: 2.61s

Barrier statistics:
 AA' NZ     : 4.448e+06
 Factor NZ  : 1.149e+07 (roughly 400 MB of memory)
 Factor Ops : 2.766e+09 (less than 1 second per iteration)
 Threads    : 1

                  Objective                Residual
Iter       Primal          Dual         Primal    Dual     Compl     Time
   0   1.68518686e+13 -1.65097775e+13  1.22e+11 8.05e+01  3.15e+09    67s
   1   9.65936316e+12 -1.50679703e+13  6.83e+10 1.98e+02  1.79e+09    68s
   2   3.81662413e+12 -9.88745876e+12  2.57e+10 9.27e+01  6.89e+08    70s
   3   7.47409522e+11 -3.16940686e+12  3.30e+09 1.21e+00  9.37e+07    72s
   4   1.38763135e+11 -6.12359863e+11  2.00e+08 2.52e-02  6.08e+06    74s
   5   4.52829583e+10 -1.52839254e+11  5.12e+07 2.31e-03  1.64e+06    76s
   6   2.00727480e+10 -3.51479526e+10  2.07e+07 1.09e-11  6.57e+05    77s
   7   1.28580894e+10 -2.29272737e+10  1.29e+07 9.09e-12  4.14e+05    79s
   8   1.10788808e+10 -2.16413778e+10  1.10e+07 1.46e-11  3.56e+05    81s
   9   9.20376971e+09 -1.79710586e+10  9.08e+06 1.46e-11  2.93e+05    82s
  10   7.52670115e+09 -1.19632201e+10  7.30e+06 4.00e-11  2.36e+05    84s
  11   3.75460337e+09 -8.15146496e+09  3.52e+06 2.91e-11  1.16e+05    85s
  12   2.47479357e+09 -4.86344721e+09  2.26e+06 1.96e-10  7.44e+04    87s
  13   7.79122059e+08 -2.16984386e+09  7.19e+05 5.46e-12  2.41e+04    89s
  14   2.07507129e+08 -1.68466650e+09  1.90e+05 8.22e-12  7.08e+03    91s
  15   6.26176432e+07 -8.49949734e+08  5.25e+04 4.51e-10  2.16e+03    93s
  16   2.95478003e+07 -3.44010523e+08  2.27e+04 9.07e-12  8.60e+02    95s
  17   1.01168166e+07 -1.40266136e+08  7.34e+03 4.77e-12  2.78e+02    96s
  18   3.56650944e+06 -6.56680284e+07  2.34e+03 1.00e-11  9.88e+01    98s
  19   1.57799665e+06 -2.95494282e+07  9.37e+02 5.46e-12  4.05e+01   100s
  20   1.01704251e+06 -2.16953591e+07  5.91e+02 3.18e-12  2.73e+01   102s
  21   6.61900581e+05 -1.70266380e+07  3.74e+02 2.14e-12  1.94e+01   103s
  22   4.08082951e+05 -1.30790890e+07  2.20e+02 1.59e-12  1.33e+01   105s
  23   2.87519413e+05 -9.01484009e+06  1.49e+02 1.39e-12  9.05e+00   107s
  24   1.70069178e+05 -6.54509693e+06  8.20e+01 1.50e-12  5.99e+00   109s
  25   1.20767311e+05 -5.10834048e+06  5.49e+01 1.67e-12  4.46e+00   111s
  26   1.12378530e+05 -3.87208921e+06  5.03e+01 1.32e-12  3.51e+00   113s
  27   8.92012287e+04 -2.73295955e+06  3.80e+01 3.16e-12  2.49e+00   115s
  28   7.63844843e+04 -2.49584963e+06  3.15e+01 6.29e-12  2.21e+00   117s
  29   6.50235030e+04 -2.26551310e+06  2.58e+01 3.51e-12  1.95e+00   119s
  30   5.98711860e+04 -2.00413971e+06  2.31e+01 4.04e-12  1.72e+00   120s

Barrier performed 30 iterations in 120.47 seconds (74.42 work units)
Barrier solve interrupted - model solved by another algorithm

Concurrent spin time: 2.72s

Solved with dual simplex

Root simplex log...

Iteration    Objective       Primal Inf.    Dual Inf.      Time
   99723    4.0180334e+03   1.066026e+03   1.060020e+12    125s
  118671    4.3299901e+03   7.946283e+01   2.985587e+11    130s
  134348    4.6480931e+03   6.582453e+01   6.573763e+10    135s
  146509    5.0330983e+03   2.607494e+01   2.233648e+11    140s
  161039    5.2912800e+03   2.199263e+01   1.071492e+11    145s
  169427    5.2817297e+03   1.317914e+01   2.478550e+10    150s
  186460    9.5462261e+03   1.518204e+01   1.105272e+10    156s
  192237    8.0158102e+03   1.047041e+02   1.287035e+12    162s
  192497    8.1153847e+03   1.475110e+03   2.617060e+13    167s
  192717    7.9222342e+03   2.808578e+03   1.232890e+14    173s
  192937    7.6197319e+03   4.884928e+03   4.409273e+13    178s
  193087    7.3017482e+03   1.029799e+04   5.671278e+14    182s
  193307    7.2566376e+03   1.177443e+04   2.735069e+14    186s
  193537    7.2571707e+03   1.185940e+04   5.531966e+14    193s
  193647    7.2573330e+03   1.158569e+04   9.880510e+14    196s
  193877    7.2102833e+03   1.183330e+04   1.249183e+15    201s
  194117    6.9081762e+03   1.623377e+04   8.722133e+13    207s
  194237    6.1113995e+03   3.159877e+04   1.633561e+14    211s
  194477    7.2174672e+03   1.445986e+04   1.565179e+14    216s
  194717    7.0849903e+03   1.562924e+04   2.220168e+14    222s
  194947    5.9535918e+03   3.498496e+04   2.044508e+14    228s
  195067    5.8824968e+03   3.629894e+04   2.926427e+14    230s
  195307    6.0881336e+03   3.164815e+04   1.849622e+14    236s
  195537    6.0630231e+03   3.206211e+04   1.972679e+14    242s
  195757    5.8719728e+03   3.615007e+04   5.180210e+14    247s
  195997    5.8219904e+03   3.557974e+04   5.060259e+14    252s
  196237    5.5316917e+03   4.264608e+04   1.107125e+15    257s
  196357    4.2584194e+03   1.116351e+05   4.569507e+15    260s
  196597    4.8646986e+03   6.615232e+04   3.316143e+15    265s
  196837    4.4703865e+03   9.320051e+04   1.233022e+17    270s
  197077    4.1346755e+03   1.223620e+05   2.490595e+15    277s
  197217    4.3482594e+03   9.219808e+04   4.290939e+14    280s
  197557    5.5821665e+03   3.812984e+04   4.746333e+15    288s
  197677    5.4758841e+03   4.102626e+04   3.499636e+14    290s
  198941   -2.2895089e+35   3.574056e+37   2.289509e+05    295s
  200956   -7.6969239e+34   8.184035e+37   7.696924e+04    300s
  203742   -4.1294203e+34   3.700517e+36   4.129420e+04    305s
  205680   -3.3360024e+34   1.800025e+36   3.336002e+04    310s
  208737   -1.4560810e+34   1.361652e+36   1.456081e+04    315s
  212858   -4.5882574e+33   1.337369e+35   4.588257e+03    320s
  217212   -7.0934204e+31   8.169545e+34   7.093431e+01    326s
  218439   -2.1225922e+31   2.927477e+33   2.122608e+01    331s
  219609   -1.5463360e+31   1.942846e+33   1.546351e+01    335s
  221199   -1.5462791e+31   4.074302e+33   1.546295e+01    340s
  222809   -1.5459414e+31   3.981182e+32   1.545957e+01    345s
  224479   -1.5438401e+31   1.697466e+33   1.543855e+01    350s
  226229   -1.5384687e+31   2.867357e+33   1.538484e+01    355s
  227929   -1.0465761e+31   6.449421e+32   1.046592e+01    360s
  229649   -1.0361583e+31   8.696331e+33   1.036174e+01    365s
  231119   -5.0648999e+30   3.886803e+32   5.065054e+00    370s
  232789   -5.0635967e+30   1.677469e+32   5.063751e+00    375s
  234519   -4.9975285e+30   1.598075e+32   4.997683e+00    381s
  240956   -2.4006696e+08   1.992185e+10   0.000000e+00    385s
  251028   -4.3734632e+05   2.512424e+07   0.000000e+00    390s
  258953   -1.9243398e+04   1.636604e+07   0.000000e+00    395s
  262435   -7.5050819e+03   5.680791e+07   0.000000e+00    401s
  263285   -7.3262494e+03   3.095937e+08   0.000000e+00    406s
  263975   -7.2674326e+03   2.077117e+09   0.000000e+00    410s
  266220   -4.7994177e+03   5.423581e+09   0.000000e+00    416s
  267359   -4.3837217e+03   2.104688e+09   0.000000e+00    421s
  268256   -4.0239477e+03   3.758032e+09   0.000000e+00    425s
  268926   -3.9135549e+03   8.040891e+08   0.000000e+00    430s
  269706   -3.8204000e+03   2.318467e+08   0.000000e+00    436s
  270406   -3.6699568e+03   5.702441e+08   0.000000e+00    441s
  272105   -2.2526095e+03   1.679047e+08   0.000000e+00    445s
  274911    5.3521918e+02   3.595268e+07   0.000000e+00    450s
  279455    1.1565933e+03   1.192014e+07   0.000000e+00    455s
  282176    1.5373312e+03   2.093919e+07   0.000000e+00    460s
  285151    1.7782110e+03   2.473372e+05   0.000000e+00    465s
  287999    1.9025371e+03   2.411443e+06   0.000000e+00    470s
  290427    2.0177386e+03   9.632528e+05   0.000000e+00    475s
  292040    2.0692186e+03   1.296797e+06   0.000000e+00    480s
  292720    2.0802389e+03   2.423526e+06   0.000000e+00    486s
  293429    2.0949012e+03   4.034903e+06   0.000000e+00    490s
  295648    2.1796311e+03   3.026100e+05   0.000000e+00    495s
  296961    2.2254176e+03   4.296936e+06   0.000000e+00    500s
  299947    2.3216381e+03   1.444299e+06   0.000000e+00    505s
  304274    2.4205422e+03   1.231723e+06   0.000000e+00    510s
  309213    2.6001680e+03   7.537224e+06   0.000000e+00    515s
  315643    2.7668966e+03   4.216728e+06   0.000000e+00    521s
  316343    2.7767396e+03   4.005592e+05   0.000000e+00    525s
  317462    2.7838958e+03   2.622390e+05   0.000000e+00    531s
  318222    2.7891234e+03   1.639314e+05   0.000000e+00    536s
  318672    2.7925217e+03   1.571761e+06   0.000000e+00    540s
  319172    2.7955418e+03   1.149218e+06   0.000000e+00    545s
  319912    2.8008734e+03   4.448062e+06   0.000000e+00    551s
  320522    2.8043731e+03   1.089176e+06   0.000000e+00    555s
  321162    2.8080468e+03   8.183224e+05   0.000000e+00    560s
  321812    2.8116834e+03   2.960482e+06   0.000000e+00    567s
  322242    2.8142649e+03   2.645055e+07   0.000000e+00    572s
  322562    2.8155856e+03   1.883486e+06   0.000000e+00    575s
  323242    2.8190210e+03   1.155259e+06   0.000000e+00    580s
  323812    2.8209021e+03   1.882076e+06   0.000000e+00    585s
  324749    2.8265611e+03   3.695635e+06   0.000000e+00    590s
  325449    2.8293097e+03   8.466884e+05   0.000000e+00    596s
  326129    2.8323364e+03   3.585953e+05   0.000000e+00    602s
  326579    2.8356507e+03   1.286247e+06   0.000000e+00    606s
  327259    2.8386587e+03   3.429212e+06   0.000000e+00    612s
  328443    2.8443325e+03   8.030300e+05   0.000000e+00    616s
  329113    2.8465630e+03   1.715905e+06   0.000000e+00    621s
  329906    2.8506091e+03   1.033033e+07   0.000000e+00    625s
  330496    2.8526870e+03   2.243092e+06   0.000000e+00    630s
  331046    2.8553387e+03   1.691520e+06   0.000000e+00    635s
  331626    2.8580772e+03   1.750301e+06   0.000000e+00    641s
  332076    2.8598051e+03   7.062359e+05   0.000000e+00    645s
  332952    2.8640004e+03   2.158588e+07   0.000000e+00    650s
  333502    2.8659288e+03   6.492848e+05   0.000000e+00    655s
  334142    2.8680022e+03   2.796078e+06   0.000000e+00    661s
  334732    2.8701911e+03   8.561178e+05   0.000000e+00    667s
  335351    2.8732548e+03   1.128637e+06   0.000000e+00    671s
  336018    2.8820140e+03   3.966192e+05   0.000000e+00    676s
  336498    2.8833029e+03   1.152383e+05   0.000000e+00    681s
  337187    2.8857369e+03   1.567861e+06   0.000000e+00    686s
  338489    2.9091218e+03   2.774744e+05   0.000000e+00    690s
  339440    2.9245520e+03   8.695915e+06   0.000000e+00    695s
  341090    2.9506545e+03   2.581849e+07   0.000000e+00    701s
  343028    2.9817773e+03   4.016592e+05   0.000000e+00    706s
  343929    2.9857057e+03   4.422529e+04   0.000000e+00    710s
  344551    2.9899301e+03   3.938223e+05   0.000000e+00    716s
  345390    2.9930383e+03   8.729019e+05   0.000000e+00    720s
  347851    3.0179778e+03   3.540126e+04   0.000000e+00    725s
  348681    3.0206911e+03   1.856617e+05   0.000000e+00    731s
  350580    3.0411100e+03   8.554383e+05   0.000000e+00    735s
  353380    3.0761662e+03   8.391510e+05   0.000000e+00    740s
  356233    3.1059347e+03   6.126321e+03   0.000000e+00    746s
  360251    3.1665171e+03   1.697340e+06   0.000000e+00    750s
  363067    3.1858654e+03   1.159455e+05   0.000000e+00    755s
  364907    3.1998059e+03   1.116464e+04   0.000000e+00    761s
  365774    3.2022919e+03   7.570236e+03   0.000000e+00    765s
  367303    3.2208510e+03   1.333710e+05   0.000000e+00    770s
  367743    3.2213834e+03   8.964360e+04   0.000000e+00    776s
  368586    3.2230049e+03   7.207395e+05   0.000000e+00    780s
  370146    3.2326709e+03   1.440264e+04   0.000000e+00    785s
  371176    3.2342391e+03   1.436131e+05   0.000000e+00    791s
  372046    3.2368049e+03   1.287334e+04   0.000000e+00    795s
  373766    3.2515326e+03   1.938690e+04   0.000000e+00    801s
  374473    3.2521576e+03   2.577123e+04   0.000000e+00    805s
  375560    3.2542590e+03   4.714955e+04   0.000000e+00    812s
  376454    3.2557310e+03   3.751520e+03   0.000000e+00    815s
  377922    3.2579992e+03   1.521076e+04   0.000000e+00    821s
  378946    3.2585078e+03   1.988771e+03   0.000000e+00    825s
  381048    3.2588956e+03   8.690139e-01   0.000000e+00    831s
  381657    4.2610189e+03   0.000000e+00   4.443579e+04    836s
  382417    4.2469317e+03   0.000000e+00   3.249390e+04    840s
  383138    4.2431622e+03   0.000000e+00   1.272575e+07    845s
  384033    4.2425078e+03   0.000000e+00   2.404024e+07    850s
  384672    4.2386438e+03   0.000000e+00   2.194729e+08    856s
  385321    4.2371754e+03   0.000000e+00   1.797282e+08    862s
  385631    4.2352748e+03   0.000000e+00   7.298065e+07    865s
  386201    4.2275801e+03   0.000000e+00   1.041892e+08    872s
  386591    4.2271669e+03   0.000000e+00   1.314357e+08    877s
  386951    4.2267651e+03   0.000000e+00   6.658019e+07    881s
  387761    4.2248492e+03   0.000000e+00   2.577221e+07    886s
  388740    4.2217006e+03   0.000000e+00   1.435457e+06    890s
  389810    4.2193885e+03   0.000000e+00   1.560049e+07    896s
  390500    4.2147980e+03   0.000000e+00   6.041830e+06    900s
  391390    4.2118078e+03   0.000000e+00   4.883050e+06    906s
  392000    4.2112287e+03   0.000000e+00   1.115370e+07    910s
  392610    4.2104596e+03   0.000000e+00   1.491321e+07    915s
  393389    4.2096542e+03   0.000000e+00   7.044246e+06    920s
  394058    4.2093904e+03   0.000000e+00   4.279023e+06    925s
  394857    4.2089847e+03   0.000000e+00   1.144300e+07    930s
  395507    4.2082520e+03   0.000000e+00   2.819548e+06    935s
  396117    4.2078295e+03   0.000000e+00   3.232256e+06    940s
  396857    4.2067448e+03   0.000000e+00   2.188662e+06    946s
  397437    4.2060845e+03   0.000000e+00   9.249136e+06    953s
  397647    4.2057833e+03   0.000000e+00   6.265466e+06    955s
  398147    4.2050292e+03   0.000000e+00   6.697975e+06    960s
  398747    4.2043091e+03   0.000000e+00   3.779387e+06    966s
  399497    4.2034768e+03   0.000000e+00   4.825415e+06    971s
  400208    4.2006717e+03   0.000000e+00   2.870022e+06    975s
  401166    4.1990760e+03   0.000000e+00   2.450617e+05    981s
  401934    4.1985888e+03   0.000000e+00   1.770291e+06    985s
  403216    4.1959942e+03   0.000000e+00   3.502437e+05    990s
  404655    4.1947915e+03   0.000000e+00   1.617403e+06    996s
  405740    4.1932202e+03   0.000000e+00   9.176579e+05   1000s
  406408    4.1931083e+03   0.000000e+00   5.116359e+05   1005s
  406718    4.1930497e+03   0.000000e+00   1.177147e+06   1011s
  407327    4.1926997e+03   0.000000e+00   9.304610e+05   1015s
  408256    4.1917638e+03   0.000000e+00   7.575190e+06   1020s
  409965    4.1896827e+03   0.000000e+00   5.822086e+04   1026s
  412022    4.1873557e+03   0.000000e+00   1.479385e+05   1030s
  413573    4.1855168e+03   0.000000e+00   5.343402e+05   1035s
  414809    4.1832689e+03   0.000000e+00   7.934791e+05   1040s
  415738    4.1818292e+03   0.000000e+00   9.779105e+05   1046s
  416838    4.1801973e+03   0.000000e+00   1.349450e+06   1051s
  417438    4.1791747e+03   0.000000e+00   1.868752e+06   1055s
  418476    4.1738798e+03   0.000000e+00   6.996942e+05   1061s
  419607    4.1701898e+03   0.000000e+00   6.384313e+05   1065s
  420457    4.1665264e+03   0.000000e+00   1.863017e+06   1070s
  421484    4.1657426e+03   0.000000e+00   3.977778e+06   1075s
  422441    4.1654178e+03   0.000000e+00   1.450147e+06   1080s
  423151    4.1647479e+03   0.000000e+00   8.435045e+06   1086s
  423671    4.1639777e+03   0.000000e+00   1.315068e+07   1091s
  424391    4.1628183e+03   0.000000e+00   4.058179e+07   1095s
  425191    4.1611406e+03   0.000000e+00   3.013740e+08   1100s
  426062    4.1557380e+03   0.000000e+00   3.406336e+06   1106s
  426909    4.1519934e+03   0.000000e+00   3.955459e+06   1110s
  427709    4.1461071e+03   0.000000e+00   2.144875e+08   1117s
  428407    4.1443067e+03   0.000000e+00   1.133320e+06   1121s
  429245    4.1415633e+03   0.000000e+00   1.685051e+06   1126s
  429915    4.1373950e+03   0.000000e+00   8.083957e+07   1131s
  430495    4.1341926e+03   0.000000e+00   8.426391e+06   1136s
  431026    4.1306306e+03   0.000000e+00   4.126709e+07   1140s
  431766    4.1294431e+03   0.000000e+00   6.623865e+06   1145s
  432456    4.1275453e+03   0.000000e+00   8.746919e+06   1151s
  433185    4.1262758e+03   0.000000e+00   8.118357e+07   1156s
  434325    4.1234700e+03   0.000000e+00   5.301997e+05   1161s
  435075    4.1232252e+03   0.000000e+00   1.267817e+06   1166s
  435695    4.1230563e+03   0.000000e+00   1.039572e+06   1170s
  436295    4.1224590e+03   0.000000e+00   2.086276e+06   1175s
  436965    4.1219996e+03   0.000000e+00   1.578567e+07   1180s
  437655    4.1213248e+03   0.000000e+00   5.110184e+05   1185s
  438555    4.1200566e+03   0.000000e+00   2.907857e+06   1191s
  439235    4.1195499e+03   0.000000e+00   1.111893e+06   1196s
  439785    4.1190732e+03   0.000000e+00   2.009003e+06   1200s
  440395    4.1187452e+03   0.000000e+00   2.172681e+06   1206s
  441085    4.1179460e+03   0.000000e+00   4.262005e+08   1211s
  441974    4.1164733e+03   0.000000e+00   1.030575e+06   1216s
  442835    4.1160877e+03   0.000000e+00   1.463140e+06   1220s
  443874    4.1142714e+03   0.000000e+00   6.377918e+04   1225s
  445145    4.1135897e+03   0.000000e+00   2.097939e+04   1230s
  446599    4.1125912e+03   0.000000e+00   2.331845e+05   1235s
  447570    4.1121918e+03   0.000000e+00   2.670758e+05   1240s
  449020    4.1115493e+03   0.000000e+00   8.950091e+04   1246s
  449879    4.1113550e+03   0.000000e+00   9.223248e+03   1250s
  451036    4.1112271e+03   0.000000e+00   3.407423e+05   1256s
  452673    4.1105330e+03   0.000000e+00   3.548215e+04   1261s
  455006    4.1084491e+03   0.000000e+00   1.453268e+07   1266s
  456016    4.1060324e+03   0.000000e+00   1.375693e+07   1271s
  457133    4.1037024e+03   0.000000e+00   1.247850e+07   1275s
  458613    4.1011631e+03   0.000000e+00   3.142968e+07   1280s
  459553    4.0966609e+03   0.000000e+00   2.469349e+08   1285s
  460323    4.0892373e+03   0.000000e+00   7.270885e+05   1291s
  460953    4.0858004e+03   0.000000e+00   5.813337e+06   1295s
  461723    4.0812808e+03   0.000000e+00   3.020570e+06   1301s
  462273    4.0806644e+03   0.000000e+00   3.444608e+06   1305s
  462903    4.0798732e+03   0.000000e+00   7.160032e+05   1310s
  463473    4.0794484e+03   0.000000e+00   2.573819e+06   1315s
  464043    4.0789336e+03   0.000000e+00   1.465096e+06   1320s
  464753    4.0775401e+03   0.000000e+00   1.178777e+06   1325s
  465691    4.0749936e+03   0.000000e+00   4.479479e+06   1330s
  466201    4.0741094e+03   0.000000e+00   4.607718e+06   1336s
  466601    4.0723619e+03   0.000000e+00   5.406737e+06   1341s
  467151    4.0717320e+03   0.000000e+00   1.386632e+06   1346s
  467631    4.0713134e+03   0.000000e+00   5.790831e+06   1350s
  468421    4.0702394e+03   0.000000e+00   7.444127e+06   1356s
  469180    4.0699918e+03   0.000000e+00   1.825104e+06   1360s
  469949    4.0696969e+03   0.000000e+00   2.509233e+06   1365s
  470659    4.0694469e+03   0.000000e+00   8.367703e+05   1371s
  471309    4.0691536e+03   0.000000e+00   4.496745e+05   1376s
  471969    4.0688033e+03   0.000000e+00   4.238521e+05   1381s
  472748    4.0686304e+03   0.000000e+00   1.273162e+06   1385s
  473528    4.0684316e+03   0.000000e+00   4.156601e+05   1391s
  474138    4.0681360e+03   0.000000e+00   9.485791e+04   1395s
  475529    4.0667015e+03   0.000000e+00   6.823939e+04   1401s
  476580    4.0654966e+03   0.000000e+00   1.558699e+05   1405s
  477549    4.0649834e+03   0.000000e+00   1.808613e+06   1411s
  478189    4.0648954e+03   0.000000e+00   2.469562e+04   1416s
  478929    4.0647687e+03   0.000000e+00   1.482131e+05   1421s
  479649    4.0645505e+03   0.000000e+00   1.794773e+05   1425s
  480750    4.0638021e+03   0.000000e+00   5.759891e+04   1431s
  481420    4.0636406e+03   0.000000e+00   3.414112e+05   1436s
  482210    4.0633913e+03   0.000000e+00   3.236947e+06   1440s
  483030    4.0631711e+03   0.000000e+00   4.087948e+05   1446s
  484289    4.0627822e+03   0.000000e+00   1.539107e+05   1451s
  485199    4.0624504e+03   0.000000e+00   1.577698e+06   1455s
  486108    4.0617962e+03   0.000000e+00   5.608931e+05   1460s
  487018    4.0607574e+03   0.000000e+00   2.401388e+06   1466s
  488049    4.0595836e+03   0.000000e+00   1.456660e+06   1471s
  488719    4.0589665e+03   0.000000e+00   3.230976e+06   1476s
  489129    4.0586283e+03   0.000000e+00   5.110711e+06   1481s
  489629    4.0584258e+03   0.000000e+00   3.660548e+06   1486s
  490179    4.0575095e+03   0.000000e+00   1.416482e+06   1490s
  491195    4.0561511e+03   0.000000e+00   3.013317e+06   1496s
  491845    4.0559143e+03   0.000000e+00   1.320572e+07   1501s
  492525    4.0554150e+03   0.000000e+00   2.660373e+06   1505s
  493452    4.0510341e+03   0.000000e+00   2.465962e+06   1511s
  494032    4.0494315e+03   0.000000e+00   1.795356e+06   1516s
  494703    4.0461858e+03   0.000000e+00   2.593850e+08   1522s
  495113    4.0446374e+03   0.000000e+00   1.502635e+08   1525s
  495723    4.0394459e+03   0.000000e+00   4.759397e+07   1530s
  496534    4.0357014e+03   0.000000e+00   1.456076e+07   1535s
  497314    4.0335788e+03   0.000000e+00   3.181998e+06   1541s
  498053    4.0316737e+03   0.000000e+00   6.239315e+06   1545s
  498843    4.0291046e+03   0.000000e+00   2.291192e+06   1551s
  499673    4.0266061e+03   0.000000e+00   1.191076e+06   1555s
  500865    4.0241621e+03   0.000000e+00   1.415583e+06   1560s
  501605    4.0236135e+03   0.000000e+00   3.727088e+06   1566s
  502375    4.0232036e+03   0.000000e+00   1.689381e+06   1571s
  503025    4.0225405e+03   0.000000e+00   3.448921e+06   1576s
  503705    4.0219741e+03   0.000000e+00   5.749180e+06   1580s
  504475    4.0215517e+03   0.000000e+00   4.910247e+06   1586s
  505394    4.0209453e+03   0.000000e+00   1.617307e+05   1591s
  506040    4.0206361e+03   0.000000e+00   2.327220e+06   1595s
  506761    4.0202890e+03   0.000000e+00   8.419811e+05   1600s
  507550    4.0198986e+03   0.000000e+00   5.950912e+05   1606s
  508320    4.0195560e+03   0.000000e+00   2.144959e+06   1611s
  508770    4.0193437e+03   0.000000e+00   1.134563e+06   1615s
  509580    4.0189703e+03   0.000000e+00   4.198097e+06   1621s
  510110    4.0186067e+03   0.000000e+00   1.932293e+06   1625s
  510980    4.0173902e+03   0.000000e+00   7.868253e+05   1631s
  511590    4.0171058e+03   0.000000e+00   3.137772e+05   1635s
  512410    4.0169165e+03   0.000000e+00   2.081670e+05   1641s
  513386    4.0162406e+03   0.000000e+00   7.124085e+05   1645s
  514520    4.0157149e+03   0.000000e+00   1.028848e+05   1650s
  516320    4.0150968e+03   0.000000e+00   4.114959e+04   1656s
  518178    4.0146087e+03   0.000000e+00   2.578675e+02   1661s
  520103    4.0137374e+03   0.000000e+00   5.569419e+04   1665s
  521594    4.0132305e+03   0.000000e+00   4.744969e+03   1671s
  522765    4.0128300e+03   0.000000e+00   1.391882e+05   1675s
  524013    4.0110439e+03   0.000000e+00   1.455475e+06   1681s
  524856    4.0108229e+03   0.000000e+00   2.427879e+04   1685s
  525876    4.0083105e+03   0.000000e+00   4.739938e+05   1691s
  526776    4.0076975e+03   0.000000e+00   1.381920e+06   1695s
  527776    4.0072448e+03   0.000000e+00   2.922378e+07   1700s
  528787    4.0063977e+03   0.000000e+00   2.831252e+06   1705s
  530037    4.0057068e+03   0.000000e+00   2.630274e+06   1710s
  531475    4.0050624e+03   0.000000e+00   7.679888e+06   1716s
  532971    4.0021548e+03   0.000000e+00   6.803177e+06   1721s
  534748    3.9975932e+03   0.000000e+00   1.540632e+06   1725s
  535811    3.9954071e+03   0.000000e+00   2.544839e+06   1730s
  536822    3.9946294e+03   0.000000e+00   4.326026e+04   1735s
  538558    3.9917149e+03   0.000000e+00   1.152314e+06   1741s
  539576    3.9913943e+03   0.000000e+00   4.443560e+05   1746s
  540754    3.9910165e+03   0.000000e+00   1.917001e+05   1750s
  542194    3.9895768e+03   0.000000e+00   7.754652e+05   1755s
  543579    3.9860011e+03   0.000000e+00   8.901826e+05   1760s
  544781    3.9853682e+03   0.000000e+00   9.905046e+05   1765s
  545601    3.9851705e+03   0.000000e+00   5.491249e+04   1770s
  546401    3.9850289e+03   0.000000e+00   9.660194e+04   1775s
  547346    3.9846403e+03   0.000000e+00   1.209906e+06   1780s
  548339    3.9843691e+03   0.000000e+00   9.089534e+04   1786s
  549615    3.9841087e+03   0.000000e+00   1.495969e+05   1790s
  550985    3.9836310e+03   0.000000e+00   3.389737e+04   1795s
  552044    3.9833678e+03   0.000000e+00   1.654399e+05   1800s
  553108    3.9828205e+03   0.000000e+00   4.351187e+04   1806s
  554472    3.9825972e+03   0.000000e+00   5.726836e+05   1810s
  555483    3.9823780e+03   0.000000e+00   1.693183e+07   1816s
  556946    3.9817334e+03   0.000000e+00   2.206925e+05   1821s
  558306    3.9812258e+03   0.000000e+00   8.584294e+05   1826s
  559427    3.9809080e+03   0.000000e+00   1.914889e+05   1830s
  561476    3.9796219e+03   0.000000e+00   7.141121e+05   1836s
  562936    3.9792963e+03   0.000000e+00   1.577736e+04   1841s
  564209    3.9772882e+03   0.000000e+00   7.625601e+04   1845s
  566291    3.9744360e+03   0.000000e+00   1.074220e+05   1851s
  567975    3.9604198e+03   0.000000e+00   7.103033e+03   1855s
  569622    3.9472574e+03   0.000000e+00   4.104282e+04   1860s
  570747    3.9468486e+03   0.000000e+00   5.984792e+04   1865s
  571757    3.9409727e+03   0.000000e+00   2.413162e+05   1870s
  573084    3.9387368e+03   0.000000e+00   1.427028e+05   1875s
  574257    3.9385712e+03   0.000000e+00   3.232145e+04   1880s
  576057    3.9355670e+03   0.000000e+00   3.250164e+04   1885s
  578433    3.9303761e+03   0.000000e+00   1.868040e+04   1890s
  580374    3.9275119e+03   0.000000e+00   2.626590e+03   1896s
  582062    3.9233193e+03   0.000000e+00   2.843133e+04   1900s
  584599    3.9185122e+03   0.000000e+00   7.065683e+02   1906s
  586818    3.9119689e+03   0.000000e+00   1.096575e+03   1910s
  589626    3.9015669e+03   0.000000e+00   1.778902e+02   1915s
  593750    3.8923335e+03   0.000000e+00   4.333915e+01   1920s
  599475    3.9097205e+03   0.000000e+00   3.801305e-01   1925s
  599722    3.9097229e+03   0.000000e+00   0.000000e+00   1926s
Extra simplex iterations after uncrush: 506958

Root relaxation: objective 3.909723e+03, 599722 iterations, 1874.00 seconds (2412.82 work units)

    Nodes    |    Current Node    |     Objective Bounds      |     Work
 Expl Unexpl |  Obj  Depth IntInf | Incumbent    BestBd   Gap | It/Node Time

     0     0 3909.72287    0    3          - 3909.72287      -     - 1926s
H    0     0                    3909.7470368 3909.72287  0.00%     - 1929s

Explored 1 nodes (599722 simplex iterations) in 1930.91 seconds (2458.71 work units)
Thread count was 8 (of 8 available processors)

Solution count 2: 3909.75 3909.75 

Optimal solution found (tolerance 2.00e-03)
Warning: max constraint violation (8.4008e-02) exceeds tolerance
Warning: max bound violation (7.9009e-02) exceeds tolerance
Best objective 3.909747036785e+03, best bound 3.909747036785e+03, gap 0.0000%
the solution is feasible and optimal
Solution time: 1957.5434186458588
Done solving model.
Time used solving the model: 2061.1522257328033
----------Dumping data in pickle file...done.
Dumping results in pickle file.....done.
objective function value:  3909.7470367851756
objective function value normalized (Billion EURO):  390.97
                         2023                                            \
                           OO     OB     OP     BO     BB     BP     PO   
LCOT                    4.465  4.465  4.465  4.465  4.465  4.465  4.465   
LCOT (Empty Trips)      1.131  1.131  1.131  1.131  1.131  1.131  1.131   
Emission                0.406  0.406  0.406  0.406  0.406  0.406  0.406   
Emission (Empty Trips)  0.164  0.164  0.164  0.164  0.164  0.164  0.164   
CO2_Penalty             0.000  0.000  0.000  0.000  0.000  0.000  0.000   
Time value              1.367  1.367  1.367  1.367  1.367  1.367  1.367   
Transfer                2.057  2.057  2.057  2.057  2.057  2.057  2.057   
RailTrack               0.128  0.128  0.128  0.128  0.128  0.128  0.128   
Terminal                0.054  0.054  0.054  0.054  0.054  0.054  0.054   
RailElectr.             0.000  0.000  0.000  0.000  0.000  0.000  0.000   
Charging                0.000  0.000  0.000  0.000  0.000  0.000  0.000   
H2_Filling              0.000  0.000  0.000  0.000  0.000  0.000  0.000   

                                       2028                              \
                           PB     PP     OO     OB     OP     BO     BB   
LCOT                    4.465  4.465  4.992  4.992  4.992  4.992  4.992   
LCOT (Empty Trips)      1.131  1.131  1.017  1.017  1.017  1.017  1.017   
Emission                0.406  0.406  0.928  0.928  0.928  0.928  0.928   
Emission (Empty Trips)  0.164  0.164  0.245  0.245  0.245  0.245  0.245   
CO2_Penalty             0.000  0.000  0.000  0.000  0.000  0.000  0.000   
Time value              1.367  1.367  1.737  1.737  1.737  1.737  1.737   
Transfer                2.057  2.057  2.796  2.796  2.796  2.796  2.796   
RailTrack               0.128  0.128  0.000  0.000  0.000  0.000  0.000   
Terminal                0.054  0.054  0.021  0.021  0.021  0.021  0.021   
RailElectr.             0.000  0.000  0.000  0.000  0.000  0.000  0.000   
Charging                0.000  0.000  0.008  0.008  0.008  0.008  0.008   
H2_Filling              0.000  0.000  0.000  0.000  0.000  0.000  0.000   

                                                     2034                \
                           BP     PO     PB     PP     OO     OB     OP   
LCOT                    4.992  4.992  4.992  4.992  5.216  5.091  5.127   
LCOT (Empty Trips)      1.017  1.017  1.017  1.017  1.073  1.032  1.019   
Emission                0.928  0.928  0.928  0.928  0.935  1.103  1.105   
Emission (Empty Trips)  0.245  0.245  0.245  0.245  0.270  0.296  0.295   
CO2_Penalty             0.000  0.000  0.000  0.000  0.000  0.000  0.000   
Time value              1.737  1.737  1.737  1.737  1.927  1.943  1.966   
Transfer                2.796  2.796  2.796  2.796  3.051  3.083  3.134   
RailTrack               0.000  0.000  0.000  0.000  0.000  0.000  0.000   
Terminal                0.021  0.021  0.021  0.021  0.000  0.000  0.000   
RailElectr.             0.000  0.000  0.000  0.000  0.000  0.000  0.000   
Charging                0.008  0.008  0.008  0.008  0.057  0.017  0.017   
H2_Filling              0.000  0.000  0.000  0.000  0.000  0.000  0.000   

                                                                   2040  \
                           BO     BB     BP     PO     PB     PP     OO   
LCOT                    5.846  5.907  5.731  5.902  6.005  6.083  5.567   
LCOT (Empty Trips)      1.282  1.190  1.194  1.311  1.343  1.266  1.117   
Emission                0.683  0.682  0.868  0.677  0.681  0.680  0.687   
Emission (Empty Trips)  0.121  0.232  0.230  0.116  0.121  0.232  0.222   
CO2_Penalty             0.000  0.000  0.000  0.000  0.000  0.000  0.000   
Time value              1.950  1.954  1.954  1.944  1.953  1.958  2.073   
Transfer                3.099  3.096  3.102  3.098  3.096  3.075  2.985   
RailTrack               0.000  0.000  0.000  0.000  0.000  0.000  0.000   
Terminal                0.000  0.000 -0.002  0.000  0.000  0.000  0.003   
RailElectr.             0.000  0.000  0.000  0.000  0.000  0.000  0.000   
Charging                0.079  0.080  0.079  0.079  0.080  0.080  0.159   
H2_Filling              0.000  0.000  0.000  0.000  0.000  0.000  0.002   

                                                                         \
                           OB     OP     BO     BB     BP     PO     PB   
LCOT                    5.381  5.415  6.057  6.252  6.137  6.149  6.308   
LCOT (Empty Trips)      1.131  1.104  1.407  1.252  1.244  1.394  1.451   
Emission                0.824  0.826  0.360  0.363  0.560  0.358  0.360   
Emission (Empty Trips)  0.221  0.223  0.004  0.205  0.221  0.004  0.004   
CO2_Penalty             0.000  0.000  0.000  0.000  0.000  0.000  0.000   
Time value              2.062  2.069  2.054  2.074  2.064  2.083  2.063   
Transfer                2.991  3.038  2.982  2.984  3.002  3.035  2.979   
RailTrack               0.000  0.000  0.000  0.000  0.000  0.000  0.000   
Terminal                0.001  0.001  0.003  0.003  0.003  0.003  0.003   
RailElectr.             0.000  0.000  0.000  0.000  0.000  0.000  0.000   
Charging                0.157  0.156  0.157  0.158  0.158  0.156  0.157   
H2_Filling              0.000  0.000  0.002  0.002  0.002  0.002  0.002   

                                2050                                     \
                           PP     OO     OB     OP     BO     BB     BP   
LCOT                    6.453  6.378  6.484  6.172  6.683  6.906  6.971   
LCOT (Empty Trips)      1.316  1.425  1.452  1.253  1.436  1.470  1.521   
Emission                0.366  0.383  0.438  0.784  0.059  0.058  0.255   
Emission (Empty Trips)  0.207  0.000  0.032  0.236  0.000  0.000  0.000   
CO2_Penalty             0.000  0.000  0.000  0.000  0.000  0.000  0.000   
Time value              2.055  2.447  2.436  2.433  2.454  2.445  2.443   
Transfer                2.975  3.322  3.314  3.311  3.325  3.340  3.343   
RailTrack               0.000  0.000  0.000  0.000  0.000  0.000  0.000   
Terminal                0.002  0.000  0.000  0.000  0.000  0.000  0.000   
RailElectr.             0.000  0.000  0.000  0.000  0.000  0.000  0.000   
Charging                0.157  0.143  0.143  0.143  0.144  0.143  0.143   
H2_Filling              0.002  0.001  0.001  0.001  0.001  0.001  0.001   

                                              2023        2028           2034  \
                           PO     PB     PP   mean  std   mean  std      mean   
LCOT                    6.659  6.882  7.098  4.465  0.0  4.992  0.0  5.656444   
LCOT (Empty Trips)      1.429  1.476  1.530  1.131  0.0  1.017  0.0  1.190000   
Emission                0.056  0.059  0.061  0.406  0.0  0.928  0.0  0.823778   
Emission (Empty Trips)  0.000  0.000  0.000  0.164  0.0  0.245  0.0  0.212556   
CO2_Penalty             0.000  0.000  0.000  0.000  0.0  0.000  0.0  0.000000   
Time value              2.443  2.436  2.438  1.367  0.0  1.737  0.0  1.949889   
Transfer                3.321  3.318  3.321  2.057  0.0  2.796  0.0  3.092667   
RailTrack               0.000  0.000  0.000  0.128  0.0  0.000  0.0  0.000000   
Terminal                0.000  0.000  0.000  0.054  0.0  0.021  0.0 -0.000222   
RailElectr.             0.000  0.000  0.000  0.000  0.0  0.000  0.0  0.000000   
Charging                0.143  0.143  0.143  0.000  0.0  0.008  0.0  0.063111   
H2_Filling              0.001  0.001  0.001  0.000  0.0  0.000  0.0  0.000000   

                                      2040                2050            
                             std      mean       std      mean       std  
LCOT                    0.397183  5.968778  0.404953  6.692556  0.303727  
LCOT (Empty Trips)      0.122577  1.268444  0.132423  1.443556  0.080792  
Emission                0.185033  0.522667  0.206545  0.239222  0.255037  
Emission (Empty Trips)  0.074337  0.145667  0.106447  0.029778  0.078054  
CO2_Penalty             0.000000  0.000000  0.000000  0.000000  0.000000  
Time value              0.011039  2.066333  0.009381  2.441667  0.006595  
Transfer                0.022439  2.996778  0.023800  3.323889  0.010868  
RailTrack               0.000000  0.000000  0.000000  0.000000  0.000000  
Terminal                0.000667  0.002444  0.000882  0.000000  0.000000  
RailElectr.             0.000000  0.000000  0.000000  0.000000  0.000000  
Charging                0.027164  0.157222  0.000972  0.143111  0.000333  
H2_Filling              0.000000  0.001556  0.000882  0.001000  0.000000  
                       2023     2028      2034      2040      2050     
                       mean std mean  std mean  std mean  std mean  std
LCOT                    4.5   0    5    0  5.7  0.4    6  0.4  6.7  0.3
LCOT (Empty Trips)      1.1   0    1    0  1.2 0.12  1.3 0.13  1.4 0.08
Emission               0.41   0 0.93    0 0.82 0.19 0.52 0.21 0.24 0.26
Emission (Empty Trips) 0.16   0 0.25    0 0.21 0.07 0.15 0.11 0.03 0.08
CO2_Penalty               0   0    0    0    0    0    0    0    0    0
Time value              1.4   0  1.7    0  1.9 0.01  2.1 0.01  2.4 0.01
Transfer                2.1   0  2.8    0  3.1 0.02    3 0.02  3.3 0.01
RailTrack              0.13   0    0    0    0    0    0    0    0    0
Terminal               0.05   0 0.02    0   -0    0    0    0    0    0
RailElectr.               0   0    0    0    0    0    0    0    0    0
Charging                  0   0 0.01    0 0.06 0.03 0.16    0 0.14    0
H2_Filling                0   0    0    0    0    0    0    0    0    0
discount_factor           1   1 0.95 0.95  0.9  0.9 0.84 0.84 0.76 0.76
emissions (MTonnes CO2 eq.):
             AvgEmission  Std  AvgEmission_perc  Std_perc
time_period                                              
2023                 7.1    0             1e+02         0
2028                 6.7    0                94         0
2034                 4.9  1.2                68        17
2040                 3.2  1.4                45        20
2050                 1.2  1.5                17        22
----------------
Average transport work in GTONNES*km:
    mode            product time_period  TransportArbeid
0   Rail  Break bulk (fast)        2023         -0.00023
1   Rail  Break bulk (slow)        2023         -0.00013
2   Rail   Container (fast)        2023         -0.00088
3   Rail   Container (slow)        2023          -0.0013
4   Rail           Dry bulk        2023              9.9
5   Rail           Neo bulk        2023          -0.0002
6   Road  Break bulk (fast)        2023              5.5
7   Road  Break bulk (slow)        2023              6.2
8   Road   Container (fast)        2023              2.1
9   Road   Container (slow)        2023              3.7
10  Road           Dry bulk        2023             0.62
11  Road           Neo bulk        2023               12
12   Sea  Break bulk (fast)        2023            0.091
13   Sea  Break bulk (slow)        2023             0.85
14   Sea   Container (fast)        2023              0.1
15   Sea   Container (slow)        2023                1
16   Sea           Dry bulk        2023               99
17   Sea           Neo bulk        2023             0.26

