----------------------------
Doing the following analysis: 
FuelScen_carbontaxbase_lambda0_alpha0.8
----------------------------
Reading data...
Reading and constructing data
Function construct_sets Took 0.0013 seconds
Function construct_network Took 0.0049 seconds
Transport demand in the base year 2018 (in MTonnes):
             product  tot_weight
0           Dry bulk       94.86
1   Container (fast)        4.07
2   Container (slow)        9.23
3  Break bulk (fast)       11.61
4  Break bulk (slow)       15.37
5           Neo bulk       19.28
Function construct_ODD Took 0.5151 seconds
Function construct_vehicles Took 0.5475 seconds
Function construct_emission_transfer Took 0.1639 seconds
Function construct_costs Took 2.3024 seconds
Function construct_time_value Took 0.0011 seconds
Function construct_investments Took 0.0085 seconds
Function construct_charging_edges Took 0.1853 seconds
Function construct_tech_readiness Took 0.0048 seconds
Function construct_path_generation Took 0.1559 seconds
Function construct_param2 Took 0.0599 seconds
Function combined_sets Took 0.4090 seconds
Function combined_sets Took 0.4310 seconds
Done reading data.
Time used reading the base data: 16.303889989852905
Solving the first time period for initialization purposes...
Function combined_sets Took 0.1540 seconds
Set parameter Username
Academic license - for non-commercial use only - expires 2025-09-27
Read LP format model from file C:\Users\sandee\Documents\Github\STraM_ntnu_development\temp\pyomo\tmp1um3_i80.pyomo.lp
Reading time = 4.56 seconds
x1: 2206927 rows, 540793 columns, 7780366 nonzeros
Set parameter FeasibilityTol to value 0.0001
Set parameter MIPGap to value 0.002
Gurobi Optimizer version 11.0.0 build v11.0.0rc2 (win64 - Windows 10.0 (19045.2))

CPU model: Intel(R) Core(TM) i7-10700 CPU @ 2.90GHz, instruction set [SSE2|AVX|AVX2]
Thread count: 8 physical cores, 16 logical processors, using up to 16 threads

Optimize a model with 2206927 rows, 540793 columns and 7780366 nonzeros
Model fingerprint: 0x09551146
Coefficient statistics:
  Matrix range     [6e-06, 1e+03]
  Objective range  [1e-01, 1e-01]
  Bounds range     [0e+00, 0e+00]
  RHS range        [1e-03, 9e+01]
Presolve removed 2204267 rows and 518514 columns
Presolve time: 4.09s
Presolved: 2660 rows, 23242 columns, 201160 nonzeros

Concurrent LP optimizer: primal simplex, dual simplex, and barrier
Showing barrier log only...

Ordering time: 0.02s

Barrier statistics:
 AA' NZ     : 8.445e+04
 Factor NZ  : 1.919e+05 (roughly 12 MB of memory)
 Factor Ops : 2.716e+07 (less than 1 second per iteration)
 Threads    : 6

                  Objective                Residual
Iter       Primal          Dual         Primal    Dual     Compl     Time
   0   4.26674854e+00 -5.65025000e-01  2.86e+05 0.00e+00  1.23e+00     4s
   1   1.56946924e+00 -6.13247941e-01  6.92e+04 2.27e-02  3.11e-01     4s
   2   7.49592777e-01  6.10723261e-01  1.42e+04 1.52e-02  6.80e-02     4s
   3   8.39325503e-01  7.19825325e+00  5.24e+03 3.39e-03  2.50e-02     4s
   4   4.97431563e+00  3.02919298e+01  2.92e+03 1.40e-03  1.41e-02     4s
   5   8.63115495e+00  4.26087728e+01  2.26e+03 1.30e-03  1.08e-02     4s
   6   1.28086961e+01  3.93930892e+01  2.06e+03 1.23e-03  9.88e-03     4s
   7   2.00399418e+01  4.28764966e+01  1.62e+03 1.11e-03  7.87e-03     4s
   8   2.30447315e+01  6.37755672e+01  1.38e+03 6.43e-04  6.62e-03     4s
   9   2.40925851e+01  7.62454351e+01  1.31e+03 5.05e-04  6.34e-03     4s
  10   2.55667834e+01  8.15729541e+01  1.23e+03 4.87e-04  5.91e-03     4s
  11   2.65231593e+01  8.61681677e+01  1.18e+03 4.58e-04  5.67e-03     4s
  12   3.38662272e+01  8.99111907e+01  8.97e+02 4.11e-04  4.23e-03     4s
  13   3.94848755e+01  9.39287077e+01  7.67e+02 3.93e-04  3.56e-03     4s
  14   4.12391232e+01  1.01268662e+02  7.32e+02 3.70e-04  3.39e-03     4s
  15   4.34513272e+01  1.04288268e+02  6.95e+02 3.64e-04  3.21e-03     4s
  16   4.49496670e+01  1.11403668e+02  6.72e+02 3.48e-04  3.10e-03     4s
  17   4.91139099e+01  1.14265015e+02  6.17e+02 3.32e-04  2.83e-03     4s
  18   5.57584611e+01  1.21761313e+02  5.36e+02 2.94e-04  2.41e-03     4s
  19   5.92407688e+01  1.30553926e+02  4.95e+02 2.78e-04  2.21e-03     4s
  20   6.16149596e+01  1.38437342e+02  4.73e+02 2.68e-04  2.11e-03     4s
  21   6.74765733e+01  1.47734706e+02  4.28e+02 2.48e-04  1.88e-03     4s
  22   7.19208569e+01  1.57330300e+02  3.97e+02 2.35e-04  1.72e-03     4s
  23   7.51818898e+01  1.60312216e+02  3.77e+02 2.26e-04  1.63e-03     4s
  24   7.87565193e+01  1.66108044e+02  3.58e+02 2.16e-04  1.54e-03     4s
  25   8.26350396e+01  1.71847819e+02  3.38e+02 2.08e-04  1.44e-03     4s
  26   8.49121617e+01  1.77158710e+02  3.26e+02 2.03e-04  1.38e-03     4s
  27   8.55682776e+01  1.81046098e+02  3.23e+02 1.96e-04  1.38e-03     4s
  28   8.67810585e+01  1.81926064e+02  3.18e+02 1.92e-04  1.36e-03     4s
  29   9.08319064e+01  1.87303515e+02  3.00e+02 1.83e-04  1.25e-03     4s
  30   9.60330965e+01  1.93305220e+02  2.79e+02 1.73e-04  1.15e-03     4s
  31   1.01882095e+02  2.01458353e+02  2.57e+02 1.62e-04  1.04e-03     4s
  32   1.05742603e+02  2.05170387e+02  2.43e+02 1.59e-04  9.70e-04     4s
  33   1.09364165e+02  2.12151143e+02  2.31e+02 1.54e-04  9.13e-04     4s
  34   1.14273618e+02  2.24096037e+02  2.17e+02 1.44e-04  8.52e-04     4s
  35   1.16883086e+02  2.34336013e+02  2.10e+02 1.38e-04  8.32e-04     4s
  36   1.20742860e+02  2.44179053e+02  2.00e+02 1.32e-04  7.83e-04     4s
  37   1.23939258e+02  2.46432926e+02  1.93e+02 1.31e-04  7.38e-04     4s
  38   1.30074724e+02  2.53763225e+02  1.82e+02 1.26e-04  6.88e-04     4s
  39   1.33727891e+02  2.63843408e+02  1.76e+02 1.20e-04  6.68e-04     4s

Barrier performed 39 iterations in 4.49 seconds (5.32 work units)
Barrier solve interrupted - model solved by another algorithm


Solved with primal simplex
Iteration    Objective       Primal Inf.    Dual Inf.      Time
    7288    5.3711178e+02   9.000000e-04   1.628435e+08      5s
Extra simplex iterations after uncrush: 3
    7294    5.3711200e+02   0.000000e+00   0.000000e+00      7s

Solved in 7294 iterations and 6.69 seconds (9.71 work units)
Optimal objective  5.371120028e+02
the solution is feasible and optimal
Solution time: 14.349727869033813
Function combined_sets Took 0.4113 seconds
-----
Constructing full SP model...
Done constructing model.
Time used constructing the model: 86.71995067596436
----------
Solving model...
Set parameter Username
Academic license - for non-commercial use only - expires 2025-09-27
Read LP format model from file C:\Users\sandee\Documents\Github\STraM_ntnu_development\temp\pyomo\tmpn831fvh7.pyomo.lp
Reading time = 14.69 seconds
x1: 4554352 rows, 1834336 columns, 25949476 nonzeros
Set parameter FeasibilityTol to value 0.01
Set parameter MIPGap to value 0.002
Gurobi Optimizer version 11.0.0 build v11.0.0rc2 (win64 - Windows 10.0 (19045.2))

CPU model: Intel(R) Core(TM) i7-10700 CPU @ 2.90GHz, instruction set [SSE2|AVX|AVX2]
Thread count: 8 physical cores, 16 logical processors, using up to 16 threads

Optimize a model with 4554352 rows, 1834336 columns and 25949476 nonzeros
Model fingerprint: 0x50051972
Variable types: 1834030 continuous, 306 integer (306 binary)
Coefficient statistics:
  Matrix range     [6e-06, 1e+03]
  Objective range  [1e-01, 1e-01]
  Bounds range     [1e+00, 6e+04]
  RHS range        [1e-03, 9e+01]
Presolve removed 4353634 rows and 1031040 columns (presolve time = 5s) ...
Presolve removed 4355236 rows and 1039025 columns
Presolve time: 8.10s
Presolved: 199116 rows, 795311 columns, 15515280 nonzeros
Variable types: 795277 continuous, 34 integer (34 binary)
Deterministic concurrent LP optimizer: primal simplex, dual simplex, and barrier
Showing barrier log only...

Root barrier log...

Ordering time: 1.63s

Barrier statistics:
 AA' NZ     : 4.349e+06
 Factor NZ  : 1.140e+07 (roughly 400 MB of memory)
 Factor Ops : 2.801e+09 (less than 1 second per iteration)
 Threads    : 5

                  Objective                Residual
Iter       Primal          Dual         Primal    Dual     Compl     Time
   0   6.37422917e+12 -9.13856669e+12  7.72e+09 7.63e+01  7.07e+08    49s
   1   3.78034068e+12 -7.08789493e+12  4.55e+09 1.52e+02  4.18e+08    50s
   2   1.64148110e+12 -6.75570909e+12  1.89e+09 1.44e+02  1.84e+08    51s
   3   4.22645914e+11 -2.87730882e+12  3.99e+08 4.06e+01  4.38e+07    52s
   4   1.28128239e+11 -3.93578043e+11  4.90e+07 2.69e+00  5.36e+06    53s
   5   6.18439541e+10 -1.59516611e+11  1.62e+07 9.19e-01  1.82e+06    54s
   6   3.15056802e+10 -6.38214085e+10  6.30e+06 2.89e-01  7.18e+05    54s
   7   2.46021635e+10 -3.79699536e+10  4.51e+06 1.45e-01  5.05e+05    55s
   8   1.65876363e+10 -2.55893174e+10  2.78e+06 8.75e-02  3.16e+05    57s
   9   1.58984414e+10 -2.44474070e+10  2.65e+06 8.43e-02  3.01e+05    58s
  10   1.28538179e+10 -2.03176904e+10  2.05e+06 6.23e-02  2.35e+05    59s
  11   9.32043217e+09 -1.28445362e+10  1.39e+06 3.15e-02  1.60e+05    61s
  12   5.87555846e+09 -7.59138150e+09  8.39e+05 7.31e-03  9.58e+04    62s
  13   4.10163848e+09 -2.80889438e+09  5.64e+05 4.77e-12  6.45e+04    63s
  14   2.67396162e+09 -2.07159411e+09  3.61e+05 4.39e-12  4.16e+04    64s
  15   1.20779893e+09 -1.07928354e+09  1.57e+05 6.82e-12  1.85e+04    65s
  16   4.29652342e+08 -6.66744703e+08  5.20e+04 5.76e-12  6.30e+03    66s
  17   3.38830118e+08 -6.24507371e+08  4.09e+04 6.46e-12  5.01e+03    66s
  18   1.81193445e+08 -4.70827059e+08  2.15e+04 8.64e-12  2.70e+03    67s
  19   8.89571472e+07 -3.13109137e+08  1.02e+04 5.82e-10  1.30e+03    68s
  20   3.83311060e+07 -1.69334487e+08  4.29e+03 6.91e-10  5.36e+02    69s
  21   1.79346441e+07 -8.93091886e+07  1.94e+03 2.98e-10  2.33e+02    70s
  22   4.64953967e+06 -3.10694114e+07  4.76e+02 1.09e-11  5.92e+01    71s
  23   2.04463951e+06 -1.46889175e+07  1.99e+02 1.00e-11  2.51e+01    72s
  24   1.31050417e+06 -1.03859660e+07  1.26e+02 6.37e-12  1.65e+01    73s
  25   7.68339475e+05 -7.95936011e+06  7.28e+01 5.00e-12  1.08e+01    74s
  26   4.35455897e+05 -5.43962101e+06  4.02e+01 3.87e-12  6.60e+00    75s
  27   2.83021561e+05 -3.86950306e+06  2.55e+01 2.39e-12  4.43e+00    76s
  28   1.93498952e+05 -3.09560366e+06  1.72e+01 2.05e-12  3.30e+00    77s
  29   1.55019669e+05 -2.71507286e+06  1.36e+01 1.82e-12  2.77e+00    78s
  30   1.20698129e+05 -2.43730579e+06  1.05e+01 2.62e-12  2.36e+00    79s
  31   8.95545959e+04 -2.12350778e+06  7.62e+00 1.87e-12  1.94e+00    80s
  32   7.55205581e+04 -1.78424251e+06  6.29e+00 1.79e-12  1.61e+00    82s
  33   6.51391533e+04 -1.48373714e+06  5.32e+00 1.91e-12  1.34e+00    83s
  34   4.49549474e+04 -1.13367780e+06  3.47e+00 2.19e-12  9.76e-01    84s
  35   3.68763677e+04 -9.32213792e+05  2.72e+00 1.90e-12  7.87e-01    85s
  36   3.00199552e+04 -8.16546386e+05  2.07e+00 1.89e-12  6.68e-01    86s
  37   2.75145459e+04 -6.46744440e+05  1.84e+00 1.77e-12  5.36e-01    87s
  38   2.32585258e+04 -5.65272574e+05  1.45e+00 1.91e-12  4.57e-01    88s
  39   1.94235042e+04 -5.27113188e+05  1.10e+00 1.61e-12  4.13e-01    89s
  40   1.74194472e+04 -5.02490792e+05  9.23e-01 1.86e-12  3.86e-01    90s
  41   1.66783025e+04 -4.54681916e+05  8.57e-01 2.67e-12  3.50e-01    92s
  42   1.47797828e+04 -4.25919886e+05  6.87e-01 2.74e-12  3.22e-01    93s
  43   1.41764114e+04 -3.75892807e+05  6.33e-01 2.25e-12  2.85e-01    94s
  44   1.32276582e+04 -3.37270524e+05  5.47e-01 2.22e-12  2.54e-01    95s
  45   1.18484263e+04 -3.04967521e+05  4.26e-01 2.16e-12  2.26e-01    96s
  46   1.06414053e+04 -2.71082801e+05  3.21e-01 2.49e-12  1.99e-01    97s
  47   9.94391850e+03 -2.41891216e+05  2.61e-01 1.78e-12  1.76e-01    98s
  48   9.60440580e+03 -2.10950723e+05  2.33e-01 2.28e-12  1.54e-01    99s
  49   8.99569896e+03 -1.84669404e+05  1.85e-01 2.42e-12  1.34e-01   101s
  50   8.69065119e+03 -1.69153850e+05  1.62e-01 2.25e-12  1.23e-01   102s
  51   8.06036451e+03 -1.26460290e+05  1.19e-01 1.65e-12  9.24e-02   103s
  52   7.39776877e+03 -1.01377048e+05  7.93e-02 1.94e-12  7.41e-02   104s

Barrier performed 52 iterations in 103.88 seconds (71.38 work units)
Barrier solve interrupted - model solved by another algorithm

Concurrent spin time: 0.22s

Solved with dual simplex

Root simplex log...

Iteration    Objective       Primal Inf.    Dual Inf.      Time
   87011    2.3878549e+03   2.023507e+00   2.655705e+12    105s
Warning: Markowitz tolerance tightened to 0.125
   97077    2.3877515e+03   0.000000e+00   0.000000e+00    109s
Extra simplex iterations after uncrush: 10066

Root relaxation: objective 2.387751e+03, 97077 iterations, 71.21 seconds (31.51 work units)

    Nodes    |    Current Node    |     Objective Bounds      |     Work
 Expl Unexpl |  Obj  Depth IntInf | Incumbent    BestBd   Gap | It/Node Time

     0     0 2387.75146    0    3          - 2387.75146      -     -  109s
H    0     0                    2387.7623477 2387.75146  0.00%     -  111s

Explored 1 nodes (97077 simplex iterations) in 113.27 seconds (73.87 work units)
Thread count was 16 (of 16 available processors)

Solution count 2: 2387.76 2387.76 

Optimal solution found (tolerance 2.00e-03)
Warning: max constraint violation (7.9740e-02) exceeds tolerance
Warning: max bound violation (7.9710e-02) exceeds tolerance
Best objective 2.387762347726e+03, best bound 2.387762347726e+03, gap 0.0000%
the solution is feasible and optimal
Solution time: 135.33368301391602
Done solving model.
Time used solving the model: 218.19487762451172
----------Dumping data in pickle file...done.
Dumping results in pickle file.....done.
objective function value:  2387.7623477261673
objective function value normalized (Billion EURO):  238.78
                         2023                                            \
                           OO     OB     OP     BO     BB     BP     PO   
LCOT                    4.269  4.269  4.269  4.269  4.269  4.269  4.269   
LCOT (Empty Trips)      1.220  1.220  1.220  1.220  1.220  1.220  1.220   
Emission                0.394  0.394  0.394  0.394  0.394  0.394  0.394   
Emission (Empty Trips)  0.176  0.176  0.176  0.176  0.176  0.176  0.176   
CO2_Penalty             0.000  0.000  0.000  0.000  0.000  0.000  0.000   
Time value              1.345  1.345  1.345  1.345  1.345  1.345  1.345   
Transfer                2.086  2.086  2.086  2.086  2.086  2.086  2.086   
RailTrack               0.116  0.116  0.116  0.116  0.116  0.116  0.116   
Terminal                0.049  0.049  0.049  0.049  0.049  0.049  0.049   
RailElectr.             0.000  0.000  0.000  0.000  0.000  0.000  0.000   
Charging                0.000  0.000  0.000  0.000  0.000  0.000  0.000   
H2_Filling              0.000  0.000  0.000  0.000  0.000  0.000  0.000   

                                       2028                              \
                           PB     PP     OO     OB     OP     BO     BB   
LCOT                    4.269  4.269  4.764  4.764  4.764  4.764  4.764   
LCOT (Empty Trips)      1.220  1.220  1.065  1.065  1.065  1.065  1.065   
Emission                0.394  0.394  0.902  0.902  0.902  0.902  0.902   
Emission (Empty Trips)  0.176  0.176  0.248  0.248  0.248  0.248  0.248   
CO2_Penalty             0.000  0.000  0.000  0.000  0.000  0.000  0.000   
Time value              1.345  1.345  1.635  1.635  1.635  1.635  1.635   
Transfer                2.086  2.086  2.645  2.645  2.645  2.645  2.645   
RailTrack               0.116  0.116  0.000  0.000  0.000  0.000  0.000   
Terminal                0.049  0.049  0.024  0.024  0.024  0.024  0.024   
RailElectr.             0.000  0.000  0.000  0.000  0.000  0.000  0.000   
Charging                0.000  0.000  0.006  0.006  0.006  0.006  0.006   
H2_Filling              0.000  0.000  0.000  0.000  0.000  0.000  0.000   

                                                     2034                \
                           BP     PO     PB     PP     OO     OB     OP   
LCOT                    4.764  4.764  4.764  4.764  5.005  4.864  4.873   
LCOT (Empty Trips)      1.065  1.065  1.065  1.065  1.069  1.050  1.049   
Emission                0.902  0.902  0.902  0.902  0.924  1.083  1.082   
Emission (Empty Trips)  0.248  0.248  0.248  0.248  0.270  0.297  0.296   
CO2_Penalty             0.000  0.000  0.000  0.000  0.000  0.000  0.000   
Time value              1.635  1.635  1.635  1.635  1.845  1.844  1.845   
Transfer                2.645  2.645  2.645  2.645  2.835  2.826  2.832   
RailTrack               0.000  0.000  0.000  0.000  0.000  0.000  0.000   
Terminal                0.024  0.024  0.024  0.024  0.000  0.000  0.000   
RailElectr.             0.000  0.000  0.000  0.000  0.000  0.000  0.000   
Charging                0.006  0.006  0.006  0.006  0.037  0.010  0.010   
H2_Filling              0.000  0.000  0.000  0.000  0.000  0.000  0.000   

                                                                   2040  \
                           BO     BB     BP     PO     PB     PP     OO   
LCOT                    5.591  5.653  5.469  5.707  5.764  5.859  5.274   
LCOT (Empty Trips)      1.299  1.209  1.221  1.329  1.351  1.260  1.124   
Emission                0.669  0.669  0.853  0.666  0.669  0.669  0.723   
Emission (Empty Trips)  0.131  0.232  0.231  0.119  0.130  0.231  0.220   
CO2_Penalty             0.000  0.000  0.000  0.000  0.000  0.000  0.000   
Time value              1.844  1.844  1.844  1.844  1.843  1.844  1.946   
Transfer                2.831  2.838  2.833  2.835  2.833  2.838  2.725   
RailTrack               0.000  0.000  0.000  0.000  0.000  0.000  0.000   
Terminal                0.000  0.000  0.000  0.000  0.000  0.000  0.000   
RailElectr.             0.000  0.000  0.000  0.000  0.000  0.000  0.000   
Charging                0.053  0.053  0.053  0.053  0.053  0.053  0.086   
H2_Filling              0.000  0.000  0.000  0.000  0.000  0.000  0.001   

                                                                         \
                           OB     OP     BO     BB     BP     PO     PB   
LCOT                    5.224  5.258  5.910  6.035  5.810  6.002  6.124   
LCOT (Empty Trips)      1.123  1.131  1.402  1.257  1.231  1.402  1.454   
Emission                0.808  0.808  0.357  0.360  0.665  0.357  0.357   
Emission (Empty Trips)  0.221  0.221  0.004  0.206  0.221  0.004  0.004   
CO2_Penalty             0.000  0.000  0.000  0.000  0.000  0.000  0.000   
Time value              1.947  1.948  1.947  1.946  1.947  1.948  1.946   
Transfer                2.733  2.734  2.729  2.736  2.730  2.727  2.741   
RailTrack               0.000  0.000  0.000  0.000  0.000  0.000  0.000   
Terminal                0.000  0.000  0.000  0.000  0.000  0.000  0.000   
RailElectr.             0.000  0.000  0.000  0.000  0.000  0.000  0.000   
Charging                0.086  0.086  0.086  0.086  0.085  0.086  0.086   
H2_Filling              0.000  0.000  0.001  0.001  0.001  0.001  0.001   

                                2050                                     \
                           PP     OO     OB     OP     BO     BB     BP   
LCOT                    6.283  6.193  6.401  6.118  6.565  6.800  6.773   
LCOT (Empty Trips)      1.307  1.422  1.454  1.264  1.444  1.490  1.543   
Emission                0.361  0.427  0.430  0.769  0.060  0.060  0.367   
Emission (Empty Trips)  0.207  0.029  0.034  0.234  0.000  0.000  0.000   
CO2_Penalty             0.000  0.000  0.000  0.000  0.000  0.000  0.000   
Time value              1.949  2.322  2.314  2.315  2.320  2.316  2.315   
Transfer                2.736  3.060  3.003  3.002  3.004  3.001  3.003   
RailTrack               0.000  0.000  0.000  0.000  0.000  0.000  0.000   
Terminal                0.000  0.000  0.000  0.000  0.000  0.000  0.000   
RailElectr.             0.000  0.000  0.000  0.000  0.000  0.000  0.000   
Charging                0.085  0.060  0.061  0.061  0.061  0.061  0.061   
H2_Filling              0.001  0.001  0.001  0.001  0.001  0.001  0.001   

                                              2023        2028                \
                           PO     PB     PP   mean  std   mean           std   
LCOT                    6.581  6.820  7.012  4.269  0.0  4.764  0.000000e+00   
LCOT (Empty Trips)      1.445  1.489  1.542  1.220  0.0  1.065  0.000000e+00   
Emission                0.060  0.061  0.061  0.394  0.0  0.902  0.000000e+00   
Emission (Empty Trips)  0.000  0.000  0.000  0.176  0.0  0.248  2.943923e-17   
CO2_Penalty             0.000  0.000  0.000  0.000  0.0  0.000  0.000000e+00   
Time value              2.320  2.315  2.314  1.345  0.0  1.635  0.000000e+00   
Transfer                3.002  3.003  3.001  2.086  0.0  2.645  0.000000e+00   
RailTrack               0.000  0.000  0.000  0.116  0.0  0.000  0.000000e+00   
Terminal                0.000  0.000  0.000  0.049  0.0  0.024  0.000000e+00   
RailElectr.             0.000  0.000  0.000  0.000  0.0  0.000  0.000000e+00   
Charging                0.061  0.061  0.061  0.000  0.0  0.006  0.000000e+00   
H2_Filling              0.001  0.001  0.001  0.000  0.0  0.000  0.000000e+00   

                            2034                2040                2050  \
                            mean       std      mean       std      mean   
LCOT                    5.420556  0.396851  5.768889  0.409267  6.584778   
LCOT (Empty Trips)      1.204111  0.120247  1.270111  0.129426  1.454778   
Emission                0.809333  0.181526  0.532889  0.211310  0.255000   
Emission (Empty Trips)  0.215222  0.071246  0.145333  0.106160  0.033000   
CO2_Penalty             0.000000  0.000000  0.000000  0.000000  0.000000   
Time value              1.844111  0.000601  1.947111  0.001054  2.316778   
Transfer                2.833444  0.003712  2.732333  0.005050  3.008778   
RailTrack               0.000000  0.000000  0.000000  0.000000  0.000000   
Terminal                0.000000  0.000000  0.000000  0.000000  0.000000   
RailElectr.             0.000000  0.000000  0.000000  0.000000  0.000000   
Charging                0.041667  0.018702  0.085778  0.000441  0.060889   
H2_Filling              0.000000  0.000000  0.000778  0.000441  0.001000   

                                  
                             std  
LCOT                    0.301070  
LCOT (Empty Trips)      0.083281  
Emission                0.256490  
Emission (Empty Trips)  0.076609  
CO2_Penalty             0.000000  
Time value              0.003032  
Transfer                0.019234  
RailTrack               0.000000  
Terminal                0.000000  
RailElectr.             0.000000  
Charging                0.000333  
H2_Filling              0.000000  
                       2023     2028      2034      2040      2050     
                       mean std mean  std mean  std mean  std mean  std
LCOT                    4.3   0  4.8    0  5.4  0.4  5.8 0.41  6.6  0.3
LCOT (Empty Trips)      1.2   0  1.1    0  1.2 0.12  1.3 0.13  1.4 0.08
Emission               0.39   0  0.9    0 0.81 0.18 0.53 0.21 0.26 0.26
Emission (Empty Trips) 0.18   0 0.25    0 0.22 0.07 0.15 0.11 0.03 0.08
CO2_Penalty               0   0    0    0    0    0    0    0    0    0
Time value              1.4   0  1.6    0  1.8    0  1.9    0  2.3    0
Transfer                2.1   0  2.6    0  2.8    0  2.7 0.01    3 0.02
RailTrack              0.12   0    0    0    0    0    0    0    0    0
Terminal               0.05   0 0.02    0    0    0    0    0    0    0
RailElectr.               0   0    0    0    0    0    0    0    0    0
Charging                  0   0 0.01    0 0.04 0.02 0.09    0 0.06    0
H2_Filling                0   0    0    0    0    0    0    0    0    0
discount_factor           1   1 0.83 0.83 0.66 0.66 0.53 0.53 0.36 0.36
emissions (MTonnes CO2 eq.):
             AvgEmission  Std  AvgEmission_perc  Std_perc
time_period                                              
2023                 7.2    0             1e+02         0
2028                 6.6    0                91         0
2034                 4.8  1.2                67        16
2040                 3.2  1.5                45        20
2050                 1.3  1.5                18        21
----------------
Average transport work in GTONNES*km:
    mode            product time_period TransportArbeid
0   Rail  Break bulk (fast)        2023        -0.00045
1   Rail  Break bulk (slow)        2023        -0.00015
2   Rail           Dry bulk        2023             9.7
3   Rail           Neo bulk        2023        -0.00093
4   Road  Break bulk (fast)        2023             5.5
5   Road  Break bulk (slow)        2023             5.6
6   Road   Container (fast)        2023               2
7   Road   Container (slow)        2023             2.7
8   Road           Dry bulk        2023            0.56
9   Road           Neo bulk        2023              12
10   Sea  Break bulk (fast)        2023           0.091
11   Sea  Break bulk (slow)        2023             1.2
12   Sea   Container (fast)        2023             0.1
13   Sea   Container (slow)        2023               1
14   Sea           Dry bulk        2023              97
15   Sea           Neo bulk        2023            0.26

