----------------------------
Doing the following analysis: 
FuelScen_carbontaxbase_lambda1_alpha1
----------------------------
Reading data...
Reading and constructing data
Function construct_sets Took 0.0013 seconds
Function construct_network Took 0.0048 seconds
Transport demand in the base year 2018 (in MTonnes):
             product  tot_weight
0           Dry bulk       94.86
1   Container (fast)        4.07
2   Container (slow)        9.23
3  Break bulk (fast)       11.61
4  Break bulk (slow)       15.37
5           Neo bulk       19.28
Function construct_ODD Took 0.5139 seconds
Function construct_vehicles Took 0.5439 seconds
Function construct_emission_transfer Took 0.1582 seconds
Function construct_costs Took 2.3174 seconds
Function construct_time_value Took 0.0011 seconds
Function construct_investments Took 0.0087 seconds
Function construct_charging_edges Took 0.1866 seconds
Function construct_tech_readiness Took 0.0048 seconds
Function construct_path_generation Took 0.1646 seconds
Function construct_param2 Took 0.0624 seconds
Function combined_sets Took 0.5332 seconds
Function combined_sets Took 0.4365 seconds
Done reading data.
Time used reading the base data: 16.795303106307983
Solving the first time period for initialization purposes...
Function combined_sets Took 0.1571 seconds
ERROR: Rule failed when generating expression for Objective objective_function
with index None: ZeroDivisionError: division by zero
ERROR: Constructing component 'objective_function' from data=None failed:
        ZeroDivisionError: division by zero
