----------------------------
Doing the following analysis: 
FuelScen_carbontaxbase
neutral
----------------------------
Reading data...
Number of scenarios:  9
Number of scenarios:  1
Reading and constructing data
Function construct_sets Took 0.0013 seconds
Function construct_network Took 0.0047 seconds
Transport demand in the base year 2018 (in MTonnes):
             product  tot_weight
0           Dry bulk       94.86
1   Container (fast)        4.07
2   Container (slow)        9.23
3  Break bulk (fast)       11.61
4  Break bulk (slow)       15.37
5           Neo bulk       19.28
Function construct_ODD Took 0.5038 seconds
Function construct_vehicles Took 0.5327 seconds
Function construct_emission_transfer Took 0.1892 seconds
Function construct_costs Took 2.2724 seconds
Function construct_time_value Took 0.0011 seconds
Function construct_investments Took 0.0085 seconds
Function construct_charging_edges Took 0.1814 seconds
Function construct_tech_readiness Took 0.0047 seconds
Function construct_path_generation Took 0.1553 seconds
Function construct_param2 Took 0.0595 seconds
Function combined_sets Took 0.5128 seconds
Function combined_sets Took 0.4372 seconds
Done reading data.
Time used reading the base data: 16.405101776123047
Solving the first time period for initialization purposes...
Function combined_sets Took 0.1746 seconds
Set parameter Username
Academic license - for non-commercial use only - expires 2025-09-27
Read LP format model from file C:\Users\sandee\Documents\Github\STraM_ntnu_development\temp\pyomo\tmpr2bbar7x.pyomo.lp
Reading time = 4.64 seconds
x1: 2206927 rows, 540793 columns, 7780366 nonzeros
Set parameter FeasibilityTol to value 0.0001
Set parameter MIPGap to value 0.002
Gurobi Optimizer version 11.0.0 build v11.0.0rc2 (win64 - Windows 10.0 (19045.2))

CPU model: Intel(R) Core(TM) i7-10700 CPU @ 2.90GHz, instruction set [SSE2|AVX|AVX2]
Thread count: 8 physical cores, 16 logical processors, using up to 16 threads

Optimize a model with 2206927 rows, 540793 columns and 7780366 nonzeros
Model fingerprint: 0xd1f2647f
Coefficient statistics:
  Matrix range     [6e-06, 1e+03]
  Objective range  [1e-01, 1e-01]
  Bounds range     [0e+00, 0e+00]
  RHS range        [1e-03, 9e+01]
Presolve removed 2204267 rows and 518514 columns
Presolve time: 4.28s
Presolved: 2660 rows, 23242 columns, 201160 nonzeros

Concurrent LP optimizer: primal simplex, dual simplex, and barrier
Showing barrier log only...

Ordering time: 0.01s

Barrier statistics:
 AA' NZ     : 8.445e+04
 Factor NZ  : 1.919e+05 (roughly 12 MB of memory)
 Factor Ops : 2.716e+07 (less than 1 second per iteration)
 Threads    : 6

                  Objective                Residual
Iter       Primal          Dual         Primal    Dual     Compl     Time
   0   4.26674854e+00 -5.65025000e-01  2.86e+05 0.00e+00  1.23e+00     4s
   1   1.56946924e+00 -6.13247941e-01  6.92e+04 2.27e-02  3.11e-01     4s
   2   7.49592777e-01  6.10723261e-01  1.42e+04 1.52e-02  6.80e-02     4s
   3   8.39325503e-01  7.19825325e+00  5.24e+03 3.39e-03  2.50e-02     4s
   4   4.97431563e+00  3.02919298e+01  2.92e+03 1.40e-03  1.41e-02     4s
   5   8.63115495e+00  4.26087728e+01  2.26e+03 1.30e-03  1.08e-02     4s
   6   1.28086961e+01  3.93930892e+01  2.06e+03 1.23e-03  9.88e-03     4s
   7   2.00399418e+01  4.28764966e+01  1.62e+03 1.11e-03  7.87e-03     4s
   8   2.30447315e+01  6.37755672e+01  1.38e+03 6.43e-04  6.62e-03     4s
   9   2.40925851e+01  7.62454351e+01  1.31e+03 5.05e-04  6.34e-03     4s
  10   2.55667834e+01  8.15729541e+01  1.23e+03 4.87e-04  5.91e-03     4s
  11   2.65231593e+01  8.61681677e+01  1.18e+03 4.58e-04  5.67e-03     4s
  12   3.38662272e+01  8.99111907e+01  8.97e+02 4.11e-04  4.23e-03     5s
  13   3.94848755e+01  9.39287077e+01  7.67e+02 3.93e-04  3.56e-03     5s
  14   4.12391234e+01  1.01268662e+02  7.32e+02 3.70e-04  3.39e-03     5s
  15   4.34513273e+01  1.04288268e+02  6.95e+02 3.64e-04  3.21e-03     5s
  16   4.49496671e+01  1.11403668e+02  6.72e+02 3.48e-04  3.10e-03     5s
  17   4.91139100e+01  1.14265015e+02  6.17e+02 3.32e-04  2.83e-03     5s
  18   5.57584612e+01  1.21761313e+02  5.36e+02 2.94e-04  2.41e-03     5s
  19   5.92407688e+01  1.30553927e+02  4.95e+02 2.78e-04  2.21e-03     5s
  20   6.16149596e+01  1.38437342e+02  4.73e+02 2.68e-04  2.11e-03     5s
  21   6.74765732e+01  1.47734706e+02  4.28e+02 2.48e-04  1.88e-03     5s
  22   7.19208569e+01  1.57330300e+02  3.97e+02 2.35e-04  1.72e-03     5s
  23   7.51818897e+01  1.60312216e+02  3.77e+02 2.26e-04  1.63e-03     5s
  24   7.87565192e+01  1.66108044e+02  3.58e+02 2.16e-04  1.54e-03     5s
  25   8.26350397e+01  1.71847818e+02  3.38e+02 2.08e-04  1.44e-03     5s
  26   8.49121617e+01  1.77158709e+02  3.26e+02 2.03e-04  1.38e-03     5s
  27   8.55682778e+01  1.81046098e+02  3.23e+02 1.96e-04  1.38e-03     5s
  28   8.67810587e+01  1.81926064e+02  3.18e+02 1.92e-04  1.36e-03     5s
  29   9.08319073e+01  1.87303514e+02  3.00e+02 1.83e-04  1.25e-03     5s
  30   9.60330965e+01  1.93305216e+02  2.79e+02 1.73e-04  1.15e-03     5s
  31   1.01882095e+02  2.01458358e+02  2.57e+02 1.62e-04  1.04e-03     5s
  32   1.05742603e+02  2.05170245e+02  2.43e+02 1.59e-04  9.70e-04     5s
  33   1.09364101e+02  2.12151169e+02  2.31e+02 1.54e-04  9.13e-04     5s
  34   1.14273602e+02  2.24096144e+02  2.17e+02 1.44e-04  8.52e-04     5s
  35   1.16883064e+02  2.34335987e+02  2.10e+02 1.38e-04  8.32e-04     5s
  36   1.20742836e+02  2.44179011e+02  2.00e+02 1.32e-04  7.83e-04     5s
  37   1.23939279e+02  2.46432884e+02  1.93e+02 1.31e-04  7.38e-04     5s
  38   1.30074910e+02  2.53763094e+02  1.82e+02 1.26e-04  6.88e-04     5s
  39   1.33727538e+02  2.63842584e+02  1.76e+02 1.20e-04  6.68e-04     5s
  40   1.36968812e+02  2.69133294e+02  1.70e+02 1.18e-04  6.46e-04     5s
  41   1.39936273e+02  2.74624911e+02  1.66e+02 1.16e-04  6.22e-04     5s
  42   1.42184770e+02  2.84292036e+02  1.62e+02 1.13e-04  6.07e-04     5s
  43   1.44393285e+02  2.92779500e+02  1.59e+02 1.11e-04  6.04e-04     5s
  44   1.47982168e+02  3.00804706e+02  1.54e+02 1.09e-04  5.67e-04     5s
  45   1.50851918e+02  3.11507139e+02  1.51e+02 1.07e-04  5.62e-04     5s
  46   1.54833149e+02  3.17766612e+02  1.47e+02 1.05e-04  5.45e-04     5s
  47   1.59509265e+02  3.20238739e+02  1.42e+02 1.03e-04  5.25e-04     5s
  48   1.65284414e+02  3.28388796e+02  1.37e+02 9.92e-05  5.07e-04     5s
  49   1.69160843e+02  3.32657739e+02  1.34e+02 9.71e-05  4.94e-04     5s
  50   1.71006353e+02  3.37102991e+02  1.32e+02 9.52e-05  4.90e-04     5s
  51   1.74100257e+02  3.43301933e+02  1.29e+02 9.30e-05  4.78e-04     5s
  52   1.76123787e+02  3.46702222e+02  1.28e+02 9.20e-05  4.71e-04     5s
  53   1.78710532e+02  3.49204229e+02  1.26e+02 9.12e-05  4.62e-04     5s
  54   1.81692976e+02  3.55139267e+02  1.23e+02 8.94e-05  4.52e-04     5s
  55   1.84247995e+02  3.59370039e+02  1.21e+02 8.77e-05  4.47e-04     5s
  56   1.87481296e+02  3.65268269e+02  1.19e+02 8.63e-05  4.35e-04     5s
  57   1.91421215e+02  3.70037219e+02  1.16e+02 8.48e-05  4.24e-04     5s
  58   1.94204820e+02  3.76878019e+02  1.14e+02 8.37e-05  4.15e-04     5s
  59   1.97878296e+02  3.85409439e+02  1.12e+02 8.20e-05  4.03e-04     5s
  60   2.01280650e+02  3.86480079e+02  1.09e+02 8.08e-05  3.94e-04     5s
  61   2.03774385e+02  3.91833623e+02  1.08e+02 7.97e-05  3.88e-04     5s
  62   2.06075624e+02  3.98201051e+02  1.06e+02 7.82e-05  3.84e-04     5s
  63   2.09093352e+02  4.00011099e+02  1.05e+02 7.77e-05  3.77e-04     5s
  64   2.11647089e+02  4.05180342e+02  1.03e+02 7.63e-05  3.72e-04     5s

Barrier performed 64 iterations in 5.09 seconds (5.49 work units)
Barrier solve interrupted - model solved by another algorithm


Solved with primal simplex
Extra simplex iterations after uncrush: 2
Iteration    Objective       Primal Inf.    Dual Inf.      Time
   12292    5.3711225e+02   0.000000e+00   0.000000e+00      7s

Solved in 12292 iterations and 7.39 seconds (9.80 work units)
Optimal objective  5.371122520e+02
the solution is feasible and optimal
Solution time: 15.3125159740448
Function combined_sets Took 0.4221 seconds
-----
Constructing full SP model...
Done constructing model.
Time used constructing the model: 101.33991074562073
----------
Solving model...
Set parameter Username
Academic license - for non-commercial use only - expires 2025-09-27
Read LP format model from file C:\Users\sandee\Documents\Github\STraM_ntnu_development\temp\pyomo\tmpmxpjq0sj.pyomo.lp
Reading time = 16.68 seconds
x1: 4554352 rows, 1834336 columns, 25949476 nonzeros
Set parameter FeasibilityTol to value 0.01
Set parameter MIPGap to value 0.002
Gurobi Optimizer version 11.0.0 build v11.0.0rc2 (win64 - Windows 10.0 (19045.2))

CPU model: Intel(R) Core(TM) i7-10700 CPU @ 2.90GHz, instruction set [SSE2|AVX|AVX2]
Thread count: 8 physical cores, 16 logical processors, using up to 16 threads

Optimize a model with 4554352 rows, 1834336 columns and 25949476 nonzeros
Model fingerprint: 0x26e07762
Variable types: 1834030 continuous, 306 integer (306 binary)
Coefficient statistics:
  Matrix range     [6e-06, 1e+03]
  Objective range  [1e-01, 1e-01]
  Bounds range     [1e+00, 6e+04]
  RHS range        [1e-03, 9e+01]
Presolve removed 4275910 rows and 946048 columns (presolve time = 5s) ...
Presolve removed 4355236 rows and 1039025 columns
Presolve time: 8.20s
Presolved: 199116 rows, 795311 columns, 15515280 nonzeros
Variable types: 795277 continuous, 34 integer (34 binary)
Deterministic concurrent LP optimizer: primal simplex, dual simplex, and barrier
Showing barrier log only...

Root barrier log...

Ordering time: 1.74s

Barrier statistics:
 AA' NZ     : 4.349e+06
 Factor NZ  : 1.143e+07 (roughly 400 MB of memory)
 Factor Ops : 2.840e+09 (less than 1 second per iteration)
 Threads    : 5

                  Objective                Residual
Iter       Primal          Dual         Primal    Dual     Compl     Time
   0   6.37333652e+12 -9.13854309e+12  7.72e+09 7.63e+01  7.07e+08    56s
   1   3.77979509e+12 -7.08790411e+12  4.55e+09 1.52e+02  4.18e+08    57s
   2   1.64126437e+12 -6.75570765e+12  1.89e+09 1.44e+02  1.84e+08    58s
   3   4.22600345e+11 -2.87731617e+12  3.99e+08 4.06e+01  4.38e+07    59s
   4   1.28121760e+11 -3.93552012e+11  4.90e+07 2.69e+00  5.36e+06    60s
   5   6.18416541e+10 -1.59505343e+11  1.62e+07 9.19e-01  1.82e+06    61s
   6   3.15049835e+10 -6.38063511e+10  6.30e+06 2.89e-01  7.18e+05    61s
   7   2.46026755e+10 -3.79339705e+10  4.51e+06 1.45e-01  5.05e+05    62s
   8   1.65856185e+10 -2.55626250e+10  2.78e+06 8.74e-02  3.16e+05    64s
   9   1.58960761e+10 -2.44216793e+10  2.65e+06 8.42e-02  3.01e+05    65s
  10   1.28606163e+10 -2.03194758e+10  2.05e+06 6.24e-02  2.35e+05    66s
  11   9.32458674e+09 -1.28042361e+10  1.39e+06 3.14e-02  1.60e+05    67s
  12   5.89098854e+09 -7.53838661e+09  8.42e+05 7.08e-03  9.61e+04    68s
  13   4.10387512e+09 -2.76879952e+09  5.65e+05 1.89e-10  6.45e+04    69s
  14   2.66333109e+09 -2.05095659e+09  3.60e+05 1.69e-09  4.15e+04    70s
  15   1.22097103e+09 -1.06456779e+09  1.59e+05 2.49e-09  1.87e+04    71s
  16   4.30986848e+08 -6.59670502e+08  5.22e+04 2.62e-10  6.32e+03    72s
  17   3.38783895e+08 -6.16832407e+08  4.10e+04 4.22e-10  5.01e+03    73s
  18   1.81067298e+08 -4.63804396e+08  2.15e+04 1.08e-09  2.69e+03    74s
  19   8.97511325e+07 -3.10255768e+08  1.04e+04 2.14e-09  1.31e+03    74s
  20   3.82546401e+07 -1.69250717e+08  4.29e+03 1.86e-09  5.36e+02    76s
  21   1.82783344e+07 -8.93454019e+07  1.98e+03 2.66e-09  2.37e+02    76s
  22   4.36096859e+06 -3.09734391e+07  4.45e+02 1.17e-09  5.67e+01    78s
  23   1.84995812e+06 -1.59086195e+07  1.81e+02 5.93e-10  2.46e+01    79s
  24   1.13656003e+06 -1.15780769e+07  1.11e+02 3.76e-10  1.62e+01    80s
  25   6.69329600e+05 -8.63907351e+06  6.37e+01 2.65e-10  1.06e+01    81s
  26   4.16497690e+05 -5.97817961e+06  3.87e+01 1.69e-10  6.86e+00    81s
  27   2.66234960e+05 -4.49265455e+06  2.41e+01 1.17e-10  4.76e+00    82s
  28   1.88704482e+05 -3.61748088e+06  1.69e+01 9.23e-11  3.63e+00    83s
  29   1.55999898e+05 -3.11462330e+06  1.38e+01 7.87e-11  3.06e+00    85s
  30   1.15907125e+05 -2.71478289e+06  1.01e+01 6.82e-11  2.52e+00    86s
  31   9.24119870e+04 -2.48301440e+06  7.88e+00 6.23e-11  2.21e+00    87s
  32   7.43922609e+04 -2.17830002e+06  6.22e+00 5.46e-11  1.88e+00    89s
  33   6.58993287e+04 -1.77705416e+06  5.44e+00 4.39e-11  1.55e+00    90s
  34   4.92294500e+04 -1.62330717e+06  3.91e+00 3.98e-11  1.34e+00    91s
  35   3.91958532e+04 -1.15002526e+06  2.96e+00 2.80e-11  9.51e-01    92s
  36   2.99198733e+04 -1.05882326e+06  2.07e+00 2.59e-11  8.34e-01    93s
  37   2.53739325e+04 -8.34181319e+05  1.64e+00 2.00e-11  6.53e-01    94s
  38   2.33845412e+04 -7.47451776e+05  1.45e+00 1.81e-11  5.83e-01    95s
  39   1.86746714e+04 -6.96014216e+05  1.03e+00 1.68e-11  5.24e-01    97s

Barrier performed 39 iterations in 96.72 seconds (64.13 work units)
Barrier solve interrupted - model solved by another algorithm

Concurrent spin time: 0.31s

Solved with dual simplex
Warning: Markowitz tolerance tightened to 0.125

Root simplex log...

Iteration    Objective       Primal Inf.    Dual Inf.      Time
   81620    2.3868160e+03   0.000000e+00   2.632069e+00    100s
   83987    2.3874501e+03   0.000000e+00   0.000000e+00    103s
Extra simplex iterations after uncrush: 9471

Root relaxation: objective 2.387450e+03, 83987 iterations, 59.83 seconds (24.38 work units)

    Nodes    |    Current Node    |     Objective Bounds      |     Work
 Expl Unexpl |  Obj  Depth IntInf | Incumbent    BestBd   Gap | It/Node Time

     0     0 2387.45008    0    3          - 2387.45008      -     -  102s
H    0     0                    2387.4616269 2387.45008  0.00%     -  104s

Explored 1 nodes (83987 simplex iterations) in 106.10 seconds (66.78 work units)
Thread count was 16 (of 16 available processors)

Solution count 2: 2387.46 2387.46 

Optimal solution found (tolerance 2.00e-03)
Warning: max constraint violation (8.6949e-02) exceeds tolerance
Warning: max bound violation (7.9710e-02) exceeds tolerance
Best objective 2.387461626906e+03, best bound 2.387461626906e+03, gap 0.0000%
the solution is feasible and optimal
Solution time: 130.5530333518982
Done solving model.
Time used solving the model: 219.9882469177246
----------Dumping data in pickle file...done.
Dumping results in pickle file.....done.
objective function value:  2387.461626906136
objective function value normalized (Billion EURO):  238.75
                         2023                                            \
                           OO     OB     OP     BO     BB     BP     PO   
LCOT                    4.285  4.285  4.285  4.285  4.285  4.285  4.285   
LCOT (Empty Trips)      1.228  1.228  1.228  1.228  1.228  1.228  1.228   
Emission                0.394  0.394  0.394  0.394  0.394  0.394  0.394   
Emission (Empty Trips)  0.176  0.176  0.176  0.176  0.176  0.176  0.176   
CO2_Penalty             0.000  0.000  0.000  0.000  0.000  0.000  0.000   
Time value              1.344  1.344  1.344  1.344  1.344  1.344  1.344   
Transfer                2.066  2.066  2.066  2.066  2.066  2.066  2.066   
RailTrack               0.116  0.116  0.116  0.116  0.116  0.116  0.116   
Terminal                0.044  0.044  0.044  0.044  0.044  0.044  0.044   
RailElectr.             0.000  0.000  0.000  0.000  0.000  0.000  0.000   
Charging                0.000  0.000  0.000  0.000  0.000  0.000  0.000   
H2_Filling              0.000  0.000  0.000  0.000  0.000  0.000  0.000   

                                       2028                              \
                           PB     PP     OO     OB     OP     BO     BB   
LCOT                    4.285  4.285  4.780  4.780  4.780  4.780  4.780   
LCOT (Empty Trips)      1.228  1.228  1.071  1.071  1.071  1.071  1.071   
Emission                0.394  0.394  0.903  0.903  0.903  0.903  0.903   
Emission (Empty Trips)  0.176  0.176  0.248  0.248  0.248  0.248  0.248   
CO2_Penalty             0.000  0.000  0.000  0.000  0.000  0.000  0.000   
Time value              1.344  1.344  1.632  1.632  1.632  1.632  1.632   
Transfer                2.066  2.066  2.622  2.622  2.622  2.622  2.622   
RailTrack               0.116  0.116  0.000  0.000  0.000  0.000  0.000   
Terminal                0.044  0.044  0.028  0.028  0.028  0.028  0.028   
RailElectr.             0.000  0.000  0.000  0.000  0.000  0.000  0.000   
Charging                0.000  0.000  0.006  0.006  0.006  0.006  0.006   
H2_Filling              0.000  0.000  0.000  0.000  0.000  0.000  0.000   

                                                     2034                \
                           BP     PO     PB     PP     OO     OB     OP   
LCOT                    4.780  4.780  4.780  4.780  5.023  4.879  4.890   
LCOT (Empty Trips)      1.071  1.071  1.071  1.071  1.079  1.054  1.058   
Emission                0.903  0.903  0.903  0.903  0.923  1.080  1.081   
Emission (Empty Trips)  0.248  0.248  0.248  0.248  0.270  0.296  0.297   
CO2_Penalty             0.000  0.000  0.000  0.000  0.000  0.000  0.000   
Time value              1.632  1.632  1.632  1.632  1.841  1.839  1.840   
Transfer                2.622  2.622  2.622  2.622  2.812  2.811  2.805   
RailTrack               0.000  0.000  0.000  0.000  0.000  0.000  0.000   
Terminal                0.028  0.028  0.028  0.028  0.000  0.000  0.000   
RailElectr.             0.000  0.000  0.000  0.000  0.000  0.000  0.000   
Charging                0.006  0.006  0.006  0.006  0.037  0.010  0.010   
H2_Filling              0.000  0.000  0.000  0.000  0.000  0.000  0.000   

                                                                   2040  \
                           BO     BB     BP     PO     PB     PP     OO   
LCOT                    5.608  5.667  5.485  5.723  5.782  5.881  5.311   
LCOT (Empty Trips)      1.305  1.216  1.228  1.337  1.356  1.268  1.124   
Emission                0.669  0.669  0.852  0.666  0.668  0.668  0.721   
Emission (Empty Trips)  0.131  0.232  0.232  0.120  0.131  0.230  0.220   
CO2_Penalty             0.000  0.000  0.000  0.000  0.000  0.000  0.000   
Time value              1.840  1.838  1.837  1.839  1.839  1.839  1.945   
Transfer                2.810  2.813  2.814  2.813  2.812  2.815  2.692   
RailTrack               0.000  0.000  0.000  0.000  0.000  0.000  0.000   
Terminal                0.000  0.000  0.000  0.000  0.000  0.000  0.000   
RailElectr.             0.000  0.000  0.000  0.000  0.000  0.000  0.000   
Charging                0.054  0.053  0.053  0.054  0.054  0.054  0.086   
H2_Filling              0.000  0.000  0.000  0.000  0.000  0.000  0.001   

                                                                         \
                           OB     OP     BO     BB     BP     PO     PB   
LCOT                    5.259  5.271  5.943  6.070  5.829  5.998  6.159   
LCOT (Empty Trips)      1.124  1.123  1.402  1.257  1.245  1.402  1.462   
Emission                0.806  0.807  0.357  0.360  0.665  0.356  0.357   
Emission (Empty Trips)  0.220  0.221  0.004  0.206  0.221  0.004  0.004   
CO2_Penalty             0.000  0.000  0.000  0.000  0.000  0.000  0.000   
Time value              1.946  1.948  1.944  1.945  1.945  1.945  1.946   
Transfer                2.697  2.724  2.697  2.697  2.702  2.730  2.697   
RailTrack               0.000  0.000  0.000  0.000  0.000  0.000  0.000   
Terminal                0.000  0.000  0.000  0.000  0.000  0.000  0.000   
RailElectr.             0.000  0.000  0.000  0.000  0.000  0.000  0.000   
Charging                0.086  0.085  0.086  0.086  0.086  0.086  0.086   
H2_Filling              0.000  0.000  0.001  0.001  0.001  0.001  0.001   

                                2050                                     \
                           PP     OO     OB     OP     BO     BB     BP   
LCOT                    6.305  6.194  6.405  6.116  6.564  6.799  6.774   
LCOT (Empty Trips)      1.314  1.423  1.455  1.263  1.444  1.489  1.544   
Emission                0.361  0.426  0.429  0.769  0.061  0.061  0.367   
Emission (Empty Trips)  0.207  0.029  0.033  0.234  0.000  0.000  0.000   
CO2_Penalty             0.000  0.000  0.000  0.000  0.000  0.000  0.000   
Time value              1.945  2.322  2.315  2.316  2.320  2.314  2.315   
Transfer                2.697  3.060  3.004  3.006  3.003  3.002  3.002   
RailTrack               0.000  0.000  0.000  0.000  0.000  0.000  0.000   
Terminal                0.000  0.000  0.000  0.000  0.000  0.000  0.000   
RailElectr.             0.000  0.000  0.000  0.000  0.000  0.000  0.000   
Charging                0.086  0.060  0.061  0.060  0.061  0.061  0.061   
H2_Filling              0.001  0.001  0.001  0.001  0.001  0.001  0.001   

                                              2023        2028                \
                           PO     PB     PP   mean  std   mean           std   
LCOT                    6.580  6.815  7.009  4.285  0.0  4.780  0.000000e+00   
LCOT (Empty Trips)      1.445  1.488  1.543  1.228  0.0  1.071  0.000000e+00   
Emission                0.060  0.061  0.061  0.394  0.0  0.903  0.000000e+00   
Emission (Empty Trips)  0.000  0.000  0.000  0.176  0.0  0.248  2.943923e-17   
CO2_Penalty             0.000  0.000  0.000  0.000  0.0  0.000  0.000000e+00   
Time value              2.320  2.314  2.315  1.344  0.0  1.632  0.000000e+00   
Transfer                3.005  3.003  3.001  2.066  0.0  2.622  0.000000e+00   
RailTrack               0.000  0.000  0.000  0.116  0.0  0.000  0.000000e+00   
Terminal                0.000  0.000  0.000  0.044  0.0  0.028  0.000000e+00   
RailElectr.             0.000  0.000  0.000  0.000  0.0  0.000  0.000000e+00   
Charging                0.061  0.061  0.061  0.000  0.0  0.006  0.000000e+00   
H2_Filling              0.001  0.001  0.001  0.000  0.0  0.000  0.000000e+00   

                            2034                2040                2050  \
                            mean       std      mean       std      mean   
LCOT                    5.437556  0.397550  5.793889  0.407524  6.584000   
LCOT (Empty Trips)      1.211222  0.119782  1.272556  0.131636  1.454889   
Emission                0.808444  0.180858  0.532222  0.210702  0.255000   
Emission (Empty Trips)  0.215444  0.070930  0.145222  0.106072  0.032889   
CO2_Penalty             0.000000  0.000000  0.000000  0.000000  0.000000   
Time value              1.839111  0.001167  1.945444  0.001130  2.316778   
Transfer                2.811667  0.002915  2.703667  0.013546  3.009556   
RailTrack               0.000000  0.000000  0.000000  0.000000  0.000000   
Terminal                0.000000  0.000000  0.000000  0.000000  0.000000   
RailElectr.             0.000000  0.000000  0.000000  0.000000  0.000000   
Charging                0.042111  0.019010  0.085889  0.000333  0.060778   
H2_Filling              0.000000  0.000000  0.000778  0.000441  0.001000   

                                  
                             std  
LCOT                    0.299977  
LCOT (Empty Trips)      0.083680  
Emission                0.256131  
Emission (Empty Trips)  0.076608  
CO2_Penalty             0.000000  
Time value              0.003032  
Transfer                0.018981  
RailTrack               0.000000  
Terminal                0.000000  
RailElectr.             0.000000  
Charging                0.000441  
H2_Filling              0.000000  
                       2023     2028      2034      2040      2050     
                       mean std mean  std mean  std mean  std mean  std
LCOT                    4.3   0  4.8    0  5.4  0.4  5.8 0.41  6.6  0.3
LCOT (Empty Trips)      1.2   0  1.1    0  1.2 0.12  1.3 0.13  1.4 0.08
Emission               0.39   0  0.9    0 0.81 0.18 0.53 0.21 0.26 0.26
Emission (Empty Trips) 0.18   0 0.25    0 0.22 0.07 0.15 0.11 0.03 0.08
CO2_Penalty               0   0    0    0    0    0    0    0    0    0
Time value              1.3   0  1.6    0  1.8    0  1.9    0  2.3    0
Transfer                2.1   0  2.6    0  2.8    0  2.7 0.01    3 0.02
RailTrack              0.12   0    0    0    0    0    0    0    0    0
Terminal               0.04   0 0.03    0    0    0    0    0    0    0
RailElectr.               0   0    0    0    0    0    0    0    0    0
Charging                  0   0 0.01    0 0.04 0.02 0.09    0 0.06    0
H2_Filling                0   0    0    0    0    0    0    0    0    0
discount_factor           1   1 0.83 0.83 0.66 0.66 0.53 0.53 0.36 0.36
emissions (MTonnes CO2 eq.):
             AvgEmission  Std  AvgEmission_perc  Std_perc
time_period                                              
2023                 7.2    0             1e+02         0
2028                 6.6    0                91         0
2034                 4.8  1.2                67        16
2040                 3.2  1.5                45        20
2050                 1.3  1.5                18        21
----------------
Average transport work in GTONNES*km:
    mode            product time_period TransportArbeid
0   Rail  Break bulk (slow)        2023        -0.00015
1   Rail           Dry bulk        2023             9.7
2   Rail           Neo bulk        2023            0.01
3   Road  Break bulk (fast)        2023             5.5
4   Road  Break bulk (slow)        2023             5.8
5   Road   Container (fast)        2023               2
6   Road   Container (slow)        2023             2.7
7   Road           Dry bulk        2023            0.56
8   Road           Neo bulk        2023              12
9    Sea  Break bulk (fast)        2023           0.091
10   Sea  Break bulk (slow)        2023               1
11   Sea   Container (fast)        2023             0.1
12   Sea   Container (slow)        2023               1
13   Sea           Dry bulk        2023              97
14   Sea           Neo bulk        2023            0.26

