----------------------------
Doing the following analysis: 
FuelScen_carbontaxbase_lambda0.3_alpha0.5
----------------------------
Reading data...
Reading and constructing data
Function construct_sets Took 0.0013 seconds
Function construct_network Took 0.0048 seconds
Transport demand in the base year 2018 (in MTonnes):
             product  tot_weight
0           Dry bulk       94.86
1   Container (fast)        4.07
2   Container (slow)        9.23
3  Break bulk (fast)       11.61
4  Break bulk (slow)       15.37
5           Neo bulk       19.28
Function construct_ODD Took 0.5141 seconds
Function construct_vehicles Took 0.5379 seconds
Function construct_emission_transfer Took 0.1543 seconds
Function construct_costs Took 2.3798 seconds
Function construct_time_value Took 0.0013 seconds
Function construct_investments Took 0.0093 seconds
Function construct_charging_edges Took 0.1915 seconds
Function construct_tech_readiness Took 0.0049 seconds
Function construct_path_generation Took 0.1657 seconds
Function construct_param2 Took 0.0950 seconds
Function combined_sets Took 0.4431 seconds
Function combined_sets Took 0.4502 seconds
Done reading data.
Time used reading the base data: 16.822163105010986
Solving the first time period for initialization purposes...
Function combined_sets Took 0.1705 seconds
Set parameter Username
Academic license - for non-commercial use only - expires 2025-09-27
Read LP format model from file C:\Users\sandee\Documents\Github\STraM_ntnu_development\temp\pyomo\tmpyfvrmy1_.pyomo.lp
Reading time = 4.57 seconds
x1: 2206927 rows, 540793 columns, 7780366 nonzeros
Set parameter FeasibilityTol to value 0.0001
Set parameter MIPGap to value 0.002
Gurobi Optimizer version 11.0.0 build v11.0.0rc2 (win64 - Windows 10.0 (19045.2))

CPU model: Intel(R) Core(TM) i7-10700 CPU @ 2.90GHz, instruction set [SSE2|AVX|AVX2]
Thread count: 8 physical cores, 16 logical processors, using up to 16 threads

Optimize a model with 2206927 rows, 540793 columns and 7780366 nonzeros
Model fingerprint: 0x464296fb
Coefficient statistics:
  Matrix range     [6e-06, 1e+03]
  Objective range  [7e-02, 3e-01]
  Bounds range     [0e+00, 0e+00]
  RHS range        [1e-03, 9e+01]
Presolve removed 2204267 rows and 518514 columns
Presolve time: 4.08s
Presolved: 2660 rows, 23242 columns, 201160 nonzeros

Concurrent LP optimizer: primal simplex, dual simplex, and barrier
Showing barrier log only...

Ordering time: 0.02s

Barrier statistics:
 AA' NZ     : 8.445e+04
 Factor NZ  : 1.919e+05 (roughly 12 MB of memory)
 Factor Ops : 2.716e+07 (less than 1 second per iteration)
 Threads    : 6

                  Objective                Residual
Iter       Primal          Dual         Primal    Dual     Compl     Time
   0   4.26674854e+00 -5.65025000e-01  2.86e+05 0.00e+00  1.23e+00     4s
   1   1.56946924e+00 -6.13247941e-01  6.92e+04 2.27e-02  3.11e-01     4s
   2   7.49592777e-01  6.10723261e-01  1.42e+04 1.52e-02  6.80e-02     4s
   3   8.39325503e-01  7.19825325e+00  5.24e+03 3.39e-03  2.50e-02     4s
   4   4.97431563e+00  3.02919298e+01  2.92e+03 1.40e-03  1.41e-02     4s
   5   8.63115495e+00  4.26087728e+01  2.26e+03 1.30e-03  1.08e-02     4s
   6   1.28086961e+01  3.93930892e+01  2.06e+03 1.23e-03  9.88e-03     4s
   7   2.00399418e+01  4.28764966e+01  1.62e+03 1.11e-03  7.87e-03     4s
   8   2.30447315e+01  6.37755672e+01  1.38e+03 6.43e-04  6.62e-03     4s
   9   2.40925851e+01  7.62454351e+01  1.31e+03 5.05e-04  6.34e-03     4s
  10   2.55667834e+01  8.15729541e+01  1.23e+03 4.87e-04  5.91e-03     4s
  11   2.65231593e+01  8.61681677e+01  1.18e+03 4.58e-04  5.67e-03     4s
  12   3.38662272e+01  8.99111907e+01  8.97e+02 4.11e-04  4.23e-03     4s
  13   3.94848755e+01  9.39287077e+01  7.67e+02 3.93e-04  3.56e-03     4s
  14   4.12391234e+01  1.01268662e+02  7.32e+02 3.70e-04  3.39e-03     4s
  15   4.34513273e+01  1.04288268e+02  6.95e+02 3.64e-04  3.21e-03     4s
  16   4.49496671e+01  1.11403668e+02  6.72e+02 3.48e-04  3.10e-03     4s
  17   4.91139100e+01  1.14265015e+02  6.17e+02 3.32e-04  2.83e-03     4s
  18   5.57584612e+01  1.21761313e+02  5.36e+02 2.94e-04  2.41e-03     4s
  19   5.92407688e+01  1.30553927e+02  4.95e+02 2.78e-04  2.21e-03     4s
  20   6.16149596e+01  1.38437342e+02  4.73e+02 2.68e-04  2.11e-03     4s
  21   6.74765732e+01  1.47734706e+02  4.28e+02 2.48e-04  1.88e-03     4s
  22   7.19208569e+01  1.57330300e+02  3.97e+02 2.35e-04  1.72e-03     4s
  23   7.51818897e+01  1.60312216e+02  3.77e+02 2.26e-04  1.63e-03     4s
  24   7.87565192e+01  1.66108044e+02  3.58e+02 2.16e-04  1.54e-03     4s
  25   8.26350397e+01  1.71847818e+02  3.38e+02 2.08e-04  1.44e-03     4s
  26   8.49121617e+01  1.77158709e+02  3.26e+02 2.03e-04  1.38e-03     4s
  27   8.55682780e+01  1.81046098e+02  3.23e+02 1.96e-04  1.38e-03     4s
  28   8.67810589e+01  1.81926064e+02  3.18e+02 1.92e-04  1.36e-03     4s
  29   9.08319079e+01  1.87303514e+02  3.00e+02 1.83e-04  1.25e-03     4s
  30   9.60330965e+01  1.93305213e+02  2.79e+02 1.73e-04  1.15e-03     4s
  31   1.01882094e+02  2.01458362e+02  2.57e+02 1.62e-04  1.04e-03     4s
  32   1.05742604e+02  2.05170160e+02  2.43e+02 1.59e-04  9.70e-04     4s
  33   1.09364062e+02  2.12151185e+02  2.31e+02 1.54e-04  9.13e-04     4s
  34   1.14273592e+02  2.24096208e+02  2.17e+02 1.44e-04  8.52e-04     4s
  35   1.16883050e+02  2.34335972e+02  2.10e+02 1.38e-04  8.32e-04     5s
  36   1.20742821e+02  2.44178985e+02  2.00e+02 1.32e-04  7.83e-04     5s
  37   1.23939291e+02  2.46432859e+02  1.93e+02 1.31e-04  7.38e-04     5s
  38   1.30075021e+02  2.53763015e+02  1.82e+02 1.26e-04  6.88e-04     5s
  39   1.33727327e+02  2.63842091e+02  1.76e+02 1.20e-04  6.68e-04     5s
  40   1.36968780e+02  2.69132757e+02  1.70e+02 1.18e-04  6.46e-04     5s
  41   1.39936210e+02  2.74623213e+02  1.66e+02 1.16e-04  6.22e-04     5s
  42   1.42184117e+02  2.84291791e+02  1.62e+02 1.13e-04  6.07e-04     5s
  43   1.44391332e+02  2.92780743e+02  1.59e+02 1.11e-04  6.04e-04     5s
  44   1.47994344e+02  3.00802153e+02  1.54e+02 1.09e-04  5.67e-04     5s
  45   1.50863848e+02  3.11502677e+02  1.51e+02 1.07e-04  5.62e-04     5s
  46   1.54837243e+02  3.17773473e+02  1.47e+02 1.05e-04  5.45e-04     5s
  47   1.59511890e+02  3.20207905e+02  1.42e+02 1.03e-04  5.25e-04     5s
  48   1.65304119e+02  3.28387585e+02  1.37e+02 9.92e-05  5.07e-04     5s
  49   1.69196674e+02  3.32673477e+02  1.34e+02 9.71e-05  4.94e-04     5s
  50   1.71046193e+02  3.37103252e+02  1.32e+02 9.52e-05  4.89e-04     5s
  51   1.73972416e+02  3.43299424e+02  1.29e+02 9.31e-05  4.79e-04     5s
  52   1.75988758e+02  3.46620822e+02  1.28e+02 9.20e-05  4.72e-04     5s
  53   1.78579502e+02  3.48930935e+02  1.26e+02 9.13e-05  4.62e-04     5s
  54   1.81635230e+02  3.53366207e+02  1.23e+02 8.99e-05  4.51e-04     5s
  55   1.84388302e+02  3.55640136e+02  1.21e+02 8.87e-05  4.42e-04     5s
  56   1.87030877e+02  3.62278174e+02  1.19e+02 8.72e-05  4.33e-04     5s
  57   1.89558149e+02  3.66453745e+02  1.17e+02 8.59e-05  4.31e-04     5s
  58   1.92632209e+02  3.75306581e+02  1.15e+02 8.43e-05  4.27e-04     5s
  59   1.96940410e+02  3.79889856e+02  1.12e+02 8.35e-05  4.09e-04     5s
  60   1.98110178e+02  3.85625548e+02  1.11e+02 8.21e-05  4.13e-04     5s
  61   2.01456928e+02  3.90113958e+02  1.09e+02 8.09e-05  4.04e-04     5s
  62   2.06194844e+02  3.94616984e+02  1.06e+02 7.98e-05  3.89e-04     5s
  63   2.08450337e+02  4.00118442e+02  1.05e+02 7.87e-05  3.87e-04     5s
  64   2.12207570e+02  4.04878311e+02  1.03e+02 7.77e-05  3.82e-04     5s
  65   2.15460758e+02  4.10436588e+02  1.01e+02 7.62e-05  3.77e-04     5s
  66   2.19941955e+02  4.13309577e+02  9.88e+01 7.49e-05  3.68e-04     5s
  67   2.25969282e+02  4.19132733e+02  9.56e+01 7.35e-05  3.53e-04     5s
  68   2.28637767e+02  4.19828567e+02  9.43e+01 7.27e-05  3.49e-04     5s
  69   2.29553812e+02  4.19372957e+02  9.39e+01 7.25e-05  3.48e-04     5s
  70   2.30585352e+02  4.23397783e+02  9.34e+01 7.04e-05  3.50e-04     5s
  71   1.24997566e+02 -5.65025000e+03  8.36e+06 0.00e+00  3.60e+05     5s
  72   3.80946398e+02 -2.16292270e+04  1.31e+06 1.39e+02  3.91e+04     5s
  73   5.61768465e+03 -3.79272350e+04  3.92e+05 1.00e+02  8.81e+03     5s
  74   6.69441747e+03 -7.27802813e+04  1.59e+05 3.31e+01  3.57e+03     5s

Barrier performed 74 iterations in 4.82 seconds (5.56 work units)
Barrier solve interrupted - model solved by another algorithm


Solved with primal simplex
Iteration    Objective       Primal Inf.    Dual Inf.      Time
   12811    5.3711177e+02   6.300000e-03   8.569208e+10      6s
Extra simplex iterations after uncrush: 4
   12819    5.3711200e+02   0.000000e+00   0.000000e+00      7s

Solved in 12819 iterations and 7.02 seconds (9.92 work units)
Optimal objective  5.371120027e+02
the solution is feasible and optimal
Solution time: 14.811285257339478
Function combined_sets Took 0.4101 seconds
-----
Constructing full SP model...
Done constructing model.
Time used constructing the model: 86.85522747039795
----------
Solving model...
Set parameter Username
Academic license - for non-commercial use only - expires 2025-09-27
Read LP format model from file C:\Users\sandee\Documents\Github\STraM_ntnu_development\temp\pyomo\tmpwu3qiuwi.pyomo.lp
Reading time = 14.80 seconds
x1: 4554352 rows, 1834336 columns, 25949476 nonzeros
Set parameter FeasibilityTol to value 0.01
Set parameter MIPGap to value 0.002
Gurobi Optimizer version 11.0.0 build v11.0.0rc2 (win64 - Windows 10.0 (19045.2))

CPU model: Intel(R) Core(TM) i7-10700 CPU @ 2.90GHz, instruction set [SSE2|AVX|AVX2]
Thread count: 8 physical cores, 16 logical processors, using up to 16 threads

Optimize a model with 4554352 rows, 1834336 columns and 25949476 nonzeros
Model fingerprint: 0xdfd42be9
Variable types: 1834030 continuous, 306 integer (306 binary)
Coefficient statistics:
  Matrix range     [6e-06, 1e+03]
  Objective range  [7e-02, 3e-01]
  Bounds range     [1e+00, 6e+04]
  RHS range        [1e-03, 9e+01]
Presolve removed 4275901 rows and 1030994 columns (presolve time = 5s) ...
Presolve removed 4353661 rows and 1037449 columns
Presolve time: 7.53s
Presolved: 200691 rows, 796887 columns, 16339455 nonzeros
Variable types: 796853 continuous, 34 integer (34 binary)
Deterministic concurrent LP optimizer: primal simplex, dual simplex, and barrier
Showing barrier log only...

Root barrier log...

Ordering time: 1.27s

Barrier statistics:
 AA' NZ     : 4.448e+06
 Factor NZ  : 1.147e+07 (roughly 400 MB of memory)
 Factor Ops : 2.790e+09 (less than 1 second per iteration)
 Threads    : 5

                  Objective                Residual
Iter       Primal          Dual         Primal    Dual     Compl     Time
   0   1.38204433e+13 -1.10664380e+13  9.14e+10 7.63e+01  2.67e+09    51s
   1   9.47552628e+12 -1.09100235e+13  6.26e+10 2.08e+02  1.85e+09    52s
   2   4.27148045e+12 -9.45818314e+12  2.78e+10 1.54e+02  8.52e+08    53s
   3   9.22361043e+11 -3.98045166e+12  5.23e+09 1.06e+01  1.69e+08    54s
   4   1.96955940e+11 -1.48689009e+12  5.00e+08 1.61e-01  1.84e+07    55s
   5   6.68957737e+10 -3.91720688e+11  1.29e+08 3.73e-02  4.70e+06    56s
   6   3.10139637e+10 -1.66244208e+11  5.05e+07 1.11e-02  1.86e+06    57s
   7   1.24775802e+10 -4.46635838e+10  1.67e+07 9.09e-12  6.19e+05    58s
   8   7.69783959e+09 -1.63088833e+10  9.59e+06 1.07e-10  3.50e+05    59s
   9   6.34142912e+09 -1.42142724e+10  7.87e+06 1.27e-10  2.89e+05    60s
  10   6.19130810e+09 -1.40965112e+10  7.68e+06 1.38e-10  2.82e+05    61s
  11   6.13805769e+09 -1.34336877e+10  7.61e+06 5.06e-10  2.80e+05    61s
  12   5.95674005e+09 -1.29699128e+10  7.38e+06 7.71e-10  2.71e+05    62s
  13   5.25663365e+09 -1.21487945e+10  6.50e+06 3.59e-09  2.38e+05    63s
  14   4.97195616e+09 -9.89663316e+09  6.13e+06 1.50e-09  2.24e+05    64s
  15   2.85180691e+09 -6.38728106e+09  3.43e+06 6.15e-12  1.27e+05    65s
  16   1.64216401e+09 -3.27097144e+09  1.92e+06 4.15e-12  7.14e+04    66s
  17   9.78532855e+08 -2.10991702e+09  1.12e+06 5.26e-12  4.13e+04    67s
  18   3.72921379e+08 -1.14984700e+09  3.81e+05 8.19e-12  1.47e+04    68s
  19   1.35891363e+08 -1.05439306e+09  1.24e+05 6.82e-12  5.22e+03    69s
  20   6.96867398e+07 -6.58583538e+08  5.93e+04 1.14e-09  2.53e+03    70s
  21   3.56244926e+07 -3.68534860e+08  2.82e+04 5.01e-12  1.19e+03    70s
  22   1.36818689e+07 -1.56025554e+08  9.74e+03 6.88e-10  4.03e+02    71s
  23   7.29362255e+06 -5.94330326e+07  4.93e+03 6.11e-12  1.76e+02    72s
  24   3.50849761e+06 -3.58658676e+07  2.25e+03 3.89e-12  8.34e+01    73s
  25   1.79272305e+06 -1.92437302e+07  1.09e+03 2.73e-12  4.04e+01    74s
  26   9.75874955e+05 -1.41169179e+07  5.78e+02 2.73e-12  2.38e+01    74s
  27   6.73316105e+05 -1.12657816e+07  3.90e+02 2.07e-12  1.71e+01    76s
  28   4.73521984e+05 -9.53497257e+06  2.71e+02 2.20e-12  1.29e+01    76s
  29   2.95339936e+05 -7.19407965e+06  1.63e+02 1.29e-12  8.68e+00    77s
  30   1.61454144e+05 -5.47761892e+06  8.46e+01 1.82e-12  5.63e+00    78s
  31   9.85245764e+04 -3.37651465e+06  4.87e+01 1.43e-12  3.34e+00    79s
  32   8.25775908e+04 -3.05180522e+06  4.01e+01 1.82e-12  2.92e+00    80s
  33   7.65784309e+04 -2.87023384e+06  3.68e+01 1.52e-12  2.72e+00    81s
  34   6.62510972e+04 -2.47662086e+06  3.12e+01 1.82e-12  2.32e+00    82s
  35   6.10308550e+04 -2.17267817e+06  2.83e+01 1.82e-12  2.05e+00    83s
  36   4.78648366e+04 -2.08603608e+06  2.12e+01 1.82e-12  1.84e+00    84s
  37   4.04662950e+04 -1.94361180e+06  1.73e+01 3.64e-12  1.65e+00    85s
  38   3.70766715e+04 -1.84814238e+06  1.54e+01 1.69e-12  1.55e+00    86s
  39   3.27310422e+04 -1.40093362e+06  1.30e+01 1.87e-12  1.19e+00    87s
  40   3.00414011e+04 -1.28730412e+06  1.15e+01 2.73e-12  1.08e+00    88s
  41   2.61428015e+04 -1.01406322e+06  9.38e+00 3.41e-12  8.48e-01    90s
  42   2.22462077e+04 -8.24841718e+05  7.31e+00 2.73e-12  6.79e-01    91s
  43   1.95996650e+04 -6.55546382e+05  5.92e+00 2.73e-12  5.37e-01    92s
  44   1.67611619e+04 -5.16037183e+05  4.46e+00 2.17e-12  4.16e-01    93s
  45   1.53713058e+04 -4.42040072e+05  3.75e+00 1.76e-12  3.53e-01    94s
  46   1.48100164e+04 -3.81402736e+05  3.49e+00 2.73e-12  3.07e-01    95s
  47   1.37363556e+04 -3.32585763e+05  2.98e+00 1.82e-12  2.66e-01    97s
  48   1.31877748e+04 -3.07961731e+05  2.71e+00 3.64e-12  2.45e-01    98s
  49   1.26106960e+04 -2.76085950e+05  2.44e+00 1.82e-12  2.19e-01    99s
  50   1.10896234e+04 -2.39234526e+05  1.74e+00 2.84e-12  1.85e-01   100s
  51   1.06041868e+04 -1.95415171e+05  1.51e+00 3.64e-12  1.52e-01   102s
  52   1.05023269e+04 -1.78022714e+05  1.47e+00 3.64e-12  1.39e-01   103s
  53   9.43985053e+03 -1.45896207e+05  1.02e+00 2.39e-12  1.12e-01   104s
  54   9.24268889e+03 -1.39689449e+05  9.47e-01 2.73e-12  1.07e-01   105s
  55   8.92643195e+03 -1.16120615e+05  8.32e-01 3.64e-12  8.93e-02   107s
  56   8.10165718e+03 -9.05411350e+04  5.48e-01 4.55e-12  6.91e-02   108s
  57   7.57010315e+03 -6.57563111e+04  4.04e-01 2.27e-12  5.09e-02   109s
  58   7.21605023e+03 -5.27018883e+04  3.32e-01 1.36e-12  4.14e-02   111s
  59   6.86477391e+03 -4.17829767e+04  2.71e-01 1.59e-12  3.34e-02   112s
  60   6.41062762e+03 -2.80190587e+04  1.98e-01 1.36e-12  2.35e-02   113s
  61   5.98980619e+03 -2.15011400e+04  1.48e-01 8.38e-13  1.87e-02   114s
  62   5.74258008e+03 -1.60104704e+04  1.23e-01 7.88e-13  1.47e-02   116s
  63   5.51054529e+03 -1.39515716e+04  1.01e-01 6.25e-13  1.32e-02   117s
  64   5.44941607e+03 -1.27062384e+04  9.63e-02 5.68e-13  1.23e-02   118s
  65   5.18541912e+03 -1.06974335e+04  7.60e-02 5.12e-13  1.07e-02   120s
  66   4.93213060e+03 -9.36320468e+03  5.97e-02 3.98e-13  9.61e-03   121s
  67   4.84700771e+03 -8.32441385e+03  5.51e-02 3.35e-12  8.85e-03   123s
  68   4.80558211e+03 -7.67829661e+03  5.31e-02 2.30e-11  8.38e-03   124s
  69   4.67624002e+03 -6.96369603e+03  4.71e-02 5.83e-11  7.81e-03   125s
  70   4.64636664e+03 -6.60882397e+03  4.59e-02 8.78e-11  7.55e-03   127s
  71   4.52420698e+03 -5.58925900e+03  4.11e-02 1.77e-10  6.78e-03   128s
  72   4.31808162e+03 -4.99480962e+03  3.29e-02 3.23e-10  6.23e-03   129s
  73   4.24414281e+03 -3.73185153e+03  3.07e-02 6.31e-10  5.34e-03   131s
  74   4.20613435e+03 -3.10188431e+03  2.94e-02 1.25e-09  4.89e-03   132s
  75   4.15924103e+03 -2.83003914e+03  2.83e-02 1.46e-09  4.68e-03   133s
  76   4.12466204e+03 -2.43991213e+03  2.74e-02 1.75e-09  4.39e-03   134s
  77   3.97505600e+03 -2.01565986e+03  2.33e-02 2.10e-09  4.00e-03   135s
  78   3.93285361e+03 -1.65480221e+03  2.22e-02 2.36e-09  3.73e-03   136s
  79   3.87931356e+03 -1.45236444e+03  2.08e-02 2.64e-09  3.56e-03   137s
  80   3.75362863e+03 -9.15691742e+02  1.75e-02 3.33e-09  3.12e-03   138s
  81   3.65636307e+03 -6.49816092e+02  1.52e-02 3.76e-09  2.87e-03   139s
  82   3.49527846e+03 -3.51582914e+02  1.13e-02 4.09e-09  2.56e-03   141s
  83   3.45486992e+03  1.42271710e+02  1.04e-02 4.59e-09  2.21e-03   142s
  84   3.32841495e+03  5.51911903e+02  7.64e-03 5.09e-09  1.85e-03   143s
  85   3.26181576e+03  8.84262582e+02  6.32e-03 5.40e-09  1.58e-03   144s
  86   3.17630768e+03  1.38888488e+03  4.75e-03 5.98e-09  1.19e-03   144s
  87   3.11374038e+03  1.92206681e+03  3.70e-03 6.90e-09  7.93e-04   145s
  88   3.07063004e+03  2.13592432e+03  3.03e-03 8.41e-09  6.22e-04   146s
  89   3.01694782e+03  2.26957909e+03  2.25e-03 9.14e-09  4.97e-04   147s
  90   2.98903542e+03  2.38541899e+03  1.89e-03 9.74e-09  4.01e-04   148s
  91   2.94332761e+03  2.46359398e+03  1.31e-03 1.01e-08  3.19e-04   149s
  92   2.92294359e+03  2.53756535e+03  1.07e-03 1.04e-08  2.56e-04   150s
  93   2.90270580e+03  2.59287157e+03  8.46e-04 1.04e-08  2.06e-04   151s
  94   2.88561949e+03  2.63135812e+03  6.64e-04 1.02e-08  1.69e-04   152s
  95   2.86487077e+03  2.66774426e+03  4.50e-04 9.80e-09  1.31e-04   152s
  96   2.85407326e+03  2.71060104e+03  3.45e-04 9.03e-09  9.54e-05   153s
  97   2.84489269e+03  2.73663530e+03  2.59e-04 8.34e-09  7.20e-05   154s
  98   2.83613626e+03  2.75257522e+03  1.81e-04 7.47e-09  5.55e-05   155s
  99   2.82922371e+03  2.76887617e+03  1.20e-04 6.52e-09  4.01e-05   156s
 100   2.82526288e+03  2.78252263e+03  8.62e-05 5.02e-09  2.84e-05   157s
 101   2.82231086e+03  2.79357272e+03  6.12e-05 3.42e-09  1.91e-05   158s
 102   2.81911703e+03  2.79987513e+03  3.48e-05 2.33e-09  1.28e-05   159s
 103   2.81762167e+03  2.80441450e+03  2.32e-05 2.29e-09  8.78e-06   160s
 104   2.81614255e+03  2.80715868e+03  1.19e-05 2.30e-09  5.97e-06   160s
 105   2.81570961e+03  2.80875919e+03  8.90e-06 2.11e-09  4.62e-06   161s
 106   2.81532022e+03  2.80987901e+03  6.15e-06 1.93e-09  3.62e-06   162s
 107   2.81496699e+03  2.81101736e+03  3.84e-06 1.66e-09  2.62e-06   162s
 108   2.81471476e+03  2.81180025e+03  2.43e-06 1.40e-09  1.94e-06   163s
 109   2.81452845e+03  2.81230235e+03  1.40e-06 1.19e-09  1.48e-06   164s
 110   2.81438823e+03  2.81263853e+03  5.79e-07 1.03e-09  1.16e-06   164s
 111   2.81431042e+03  2.81322474e+03  2.72e-07 6.96e-10  7.21e-07   165s
 112   2.81426971e+03  2.81368800e+03  1.30e-07 3.95e-10  3.86e-07   166s
 113   2.81423768e+03  2.81396054e+03  5.46e-08 1.97e-10  1.84e-07   167s
 114   2.81422209e+03  2.81406902e+03  3.05e-08 1.15e-10  1.02e-07   167s
 115   2.81421400e+03  2.81412799e+03  1.93e-08 6.60e-11  5.71e-08   168s
 116   2.81420935e+03  2.81417307e+03  1.08e-08 2.76e-11  2.41e-08   169s
 117   2.81420650e+03  2.81419126e+03  5.43e-09 1.15e-11  1.01e-08   169s
 118   2.81420509e+03  2.81419956e+03  3.17e-09 3.72e-12  3.68e-09   169s
 119   2.81420396e+03  2.81420208e+03  1.21e-09 1.48e-12  1.25e-09   170s
 120   2.81420350e+03  2.81420312e+03  4.47e-10 6.01e-13  2.50e-10   170s
 121   2.81420339e+03  2.81420323e+03  2.75e-10 3.28e-13  1.03e-10   170s
 122   2.81420336e+03  2.81420333e+03  2.13e-09 1.40e-13  2.12e-11   171s
 123   2.81420335e+03  2.81420334e+03  4.15e-10 1.71e-13  2.50e-12   171s

Barrier solved model in 123 iterations and 171.26 seconds (108.21 work units)
Optimal objective 2.81420335e+03


Root crossover log...

   27037 DPushes remaining with DInf 1.2324252e-01               172s
       0 DPushes remaining with DInf 5.2734284e-03               172s

    1753 PPushes remaining with PInf 1.2901892e+05               172s
     110 PPushes remaining with PInf 5.3556762e+04               172s

  Push phase complete: Pinf 5.3556762e+04, Dinf 4.4666254e+03    172s


Root simplex log...

Iteration    Objective       Primal Inf.    Dual Inf.      Time
   19323    2.5730765e+03   6.271762e+04   0.000000e+00    172s
   23573    2.5845291e+03   9.736347e+03   0.000000e+00    175s
Concurrent spin time: 10.77s

Solved with dual simplex

Root simplex log...

Iteration    Objective       Primal Inf.    Dual Inf.      Time
  108330    2.4418008e+03   1.342083e+00   1.567948e+12    180s
  116106    2.4417578e+03   0.000000e+00   0.000000e+00    183s
Extra simplex iterations after uncrush: 7776

Root relaxation: objective 2.441758e+03, 116106 iterations, 143.72 seconds (80.78 work units)

    Nodes    |    Current Node    |     Objective Bounds      |     Work
 Expl Unexpl |  Obj  Depth IntInf | Incumbent    BestBd   Gap | It/Node Time

     0     0 2441.75778    0    4          - 2441.75778      -     -  183s
     0     0 2441.75787    0    4          - 2441.75787      -     -  183s
H    0     0                    2441.7674967 2441.75787  0.00%     -  185s

Explored 1 nodes (116117 simplex iterations) in 186.62 seconds (126.58 work units)
Thread count was 16 (of 16 available processors)

Solution count 2: 2441.77 2441.77 

Optimal solution found (tolerance 2.00e-03)
Warning: max constraint violation (8.6949e-02) exceeds tolerance
Warning: max bound violation (7.9709e-02) exceeds tolerance
Best objective 2.441767496657e+03, best bound 2.441767496657e+03, gap 0.0000%
the solution is feasible and optimal
Solution time: 208.46201086044312
Done solving model.
Time used solving the model: 291.43111872673035
----------Dumping data in pickle file...done.
Dumping results in pickle file.....done.
objective function value:  2441.767496657278
objective function value normalized (Billion EURO):  244.18
                         2023                                            \
                           OO     OB     OP     BO     BB     BP     PO   
LCOT                    4.292  4.292  4.292  4.292  4.292  4.292  4.292   
LCOT (Empty Trips)      1.228  1.228  1.228  1.228  1.228  1.228  1.228   
Emission                0.395  0.395  0.395  0.395  0.395  0.395  0.395   
Emission (Empty Trips)  0.175  0.175  0.175  0.175  0.175  0.175  0.175   
CO2_Penalty             0.000  0.000  0.000  0.000  0.000  0.000  0.000   
Time value              1.344  1.344  1.344  1.344  1.344  1.344  1.344   
Transfer                2.062  2.062  2.062  2.062  2.062  2.062  2.062   
RailTrack               0.116  0.116  0.116  0.116  0.116  0.116  0.116   
Terminal                0.042  0.042  0.042  0.042  0.042  0.042  0.042   
RailElectr.             0.000  0.000  0.000  0.000  0.000  0.000  0.000   
Charging                0.000  0.000  0.000  0.000  0.000  0.000  0.000   
H2_Filling              0.000  0.000  0.000  0.000  0.000  0.000  0.000   

                                       2028                              \
                           PB     PP     OO     OB     OP     BO     BB   
LCOT                    4.292  4.292  4.786  4.786  4.786  4.786  4.786   
LCOT (Empty Trips)      1.228  1.228  1.075  1.075  1.075  1.075  1.075   
Emission                0.395  0.395  0.904  0.904  0.904  0.904  0.904   
Emission (Empty Trips)  0.175  0.175  0.249  0.249  0.249  0.249  0.249   
CO2_Penalty             0.000  0.000  0.000  0.000  0.000  0.000  0.000   
Time value              1.344  1.344  1.630  1.630  1.630  1.630  1.630   
Transfer                2.062  2.062  2.617  2.617  2.617  2.617  2.617   
RailTrack               0.116  0.116  0.000  0.000  0.000  0.000  0.000   
Terminal                0.042  0.042  0.030  0.030  0.030  0.030  0.030   
RailElectr.             0.000  0.000  0.000  0.000  0.000  0.000  0.000   
Charging                0.000  0.000  0.006  0.006  0.006  0.006  0.006   
H2_Filling              0.000  0.000 -0.000 -0.000 -0.000 -0.000 -0.000   

                                                     2034                \
                           BP     PO     PB     PP     OO     OB     OP   
LCOT                    4.786  4.786  4.786  4.786  5.047  4.905  4.914   
LCOT (Empty Trips)      1.075  1.075  1.075  1.075  1.077  1.041  1.055   
Emission                0.904  0.904  0.904  0.904  0.935  1.092  1.093   
Emission (Empty Trips)  0.249  0.249  0.249  0.249  0.272  0.297  0.298   
CO2_Penalty             0.000  0.000  0.000  0.000  0.000  0.000  0.000   
Time value              1.630  1.630  1.630  1.630  1.928  1.936  1.928   
Transfer                2.617  2.617  2.617  2.617  3.095  3.118  3.092   
RailTrack               0.000  0.000  0.000  0.000  0.000  0.000  0.000   
Terminal                0.030  0.030  0.030  0.030  0.000  0.000  0.000   
RailElectr.             0.000  0.000  0.000  0.000  0.000  0.000  0.000   
Charging                0.006  0.006  0.006  0.006  0.037  0.011  0.010   
H2_Filling             -0.000 -0.000 -0.000 -0.000  0.000  0.000  0.000   

                                                                   2040  \
                           BO     BB     BP     PO     PB     PP     OO   
LCOT                    5.650  5.707  5.519  5.760  5.823  5.927  5.316   
LCOT (Empty Trips)      1.293  1.218  1.224  1.337  1.355  1.267  1.128   
Emission                0.672  0.672  0.863  0.669  0.672  0.672  0.731   
Emission (Empty Trips)  0.132  0.233  0.233  0.117  0.133  0.233  0.221   
CO2_Penalty             0.000  0.000  0.000  0.000  0.000  0.000  0.000   
Time value              1.935  1.928  1.928  1.927  1.927  1.930  2.042   
Transfer                3.114  3.100  3.093  3.094  3.093  3.099  3.005   
RailTrack               0.000  0.000  0.000  0.000  0.000  0.000  0.000   
Terminal                0.000  0.000 -0.001  0.000  0.000 -0.000  0.001   
RailElectr.             0.000  0.000  0.000  0.000  0.000  0.000  0.000   
Charging                0.054  0.054  0.054  0.054  0.054  0.054  0.086   
H2_Filling              0.000  0.000  0.000  0.000  0.000  0.000  0.001   

                                                                         \
                           OB     OP     BO     BB     BP     PO     PB   
LCOT                    5.271  5.312  5.970  6.094  5.859  6.055  6.194   
LCOT (Empty Trips)      1.120  1.126  1.408  1.271  1.242  1.409  1.470   
Emission                0.817  0.817  0.354  0.359  0.671  0.355  0.354   
Emission (Empty Trips)  0.222  0.223  0.004  0.203  0.223  0.004  0.004   
CO2_Penalty             0.000  0.000  0.000  0.000  0.000  0.000  0.000   
Time value              2.044  2.045  2.041  2.042  2.043  2.040  2.042   
Transfer                3.009  3.003  3.004  3.002  3.016  3.001  2.998   
RailTrack               0.000  0.000  0.000  0.000  0.000  0.000  0.000   
Terminal                0.001  0.001  0.001  0.001  0.001  0.001  0.001   
RailElectr.             0.000  0.000  0.000  0.000  0.000  0.000  0.000   
Charging                0.086  0.086  0.086  0.087  0.086  0.086  0.087   
H2_Filling              0.000  0.000  0.001  0.001  0.001  0.001  0.001   

                                2050                                     \
                           PP     OO     OB     OP     BO     BB     BP   
LCOT                    6.346  6.216  6.117  6.142  6.594  6.836  6.807   
LCOT (Empty Trips)      1.315  1.413  1.260  1.255  1.435  1.479  1.536   
Emission                0.361  0.432  0.747  0.778  0.055  0.056  0.369   
Emission (Empty Trips)  0.204  0.028  0.221  0.235  0.000  0.000  0.000   
CO2_Penalty             0.000  0.000  0.000  0.000  0.000  0.000  0.000   
Time value              2.044  2.423  2.415  2.415  2.422  2.415  2.415   
Transfer                3.004  3.338  3.280  3.278  3.281  3.279  3.278   
RailTrack               0.000  0.000  0.000  0.000  0.000  0.000  0.000   
Terminal                0.001  0.000  0.000  0.000  0.000  0.000  0.000   
RailElectr.             0.000  0.000  0.000  0.000  0.000  0.000  0.000   
Charging                0.086  0.060  0.060  0.060  0.060  0.060  0.060   
H2_Filling              0.001  0.001  0.001  0.001  0.001  0.001  0.001   

                                              2023        2028                \
                           PO     PB     PP   mean  std   mean           std   
LCOT                    6.624  6.854  7.043  4.292  0.0  4.786  0.000000e+00   
LCOT (Empty Trips)      1.436  1.478  1.535  1.228  0.0  1.075  0.000000e+00   
Emission                0.056  0.056  0.056  0.395  0.0  0.904  1.177569e-16   
Emission (Empty Trips)  0.000  0.000  0.000  0.175  0.0  0.249  0.000000e+00   
CO2_Penalty             0.000  0.000  0.000  0.000  0.0  0.000  0.000000e+00   
Time value              2.420  2.415  2.415  1.344  0.0  1.630  0.000000e+00   
Transfer                3.273  3.279  3.276  2.062  0.0  2.617  0.000000e+00   
RailTrack               0.000  0.000  0.000  0.116  0.0  0.000  0.000000e+00   
Terminal                0.000  0.000  0.000  0.042  0.0  0.030  3.679904e-18   
RailElectr.             0.000  0.000  0.000  0.000  0.0  0.000  0.000000e+00   
Charging                0.061  0.060  0.061  0.000  0.0  0.006  0.000000e+00   
H2_Filling              0.001  0.001  0.001  0.000  0.0  0.000  0.000000e+00   

                            2034                2040                2050  \
                            mean       std      mean       std      mean   
LCOT                    5.472444  0.405550  5.824111  0.415963  6.581444   
LCOT (Empty Trips)      1.207444  0.121330  1.276556  0.134252  1.425222   
Emission                0.815556  0.185009  0.535444  0.216545  0.289444   
Emission (Empty Trips)  0.216444  0.071617  0.145333  0.106278  0.053778   
CO2_Penalty             0.000000  0.000000  0.000000  0.000000  0.000000   
Time value              1.929667  0.003428  2.042556  0.001590  2.417222   
Transfer                3.099778  0.009641  3.004667  0.005196  3.284667   
RailTrack               0.000000  0.000000  0.000000  0.000000  0.000000   
Terminal               -0.000111  0.000333  0.001000  0.000000  0.000000   
RailElectr.             0.000000  0.000000  0.000000  0.000000  0.000000   
Charging                0.042444  0.018948  0.086222  0.000441  0.060222   
H2_Filling              0.000000  0.000000  0.000778  0.000441  0.001000   

                                  
                             std  
LCOT                    0.344117  
LCOT (Empty Trips)      0.104065  
Emission                0.305705  
Emission (Empty Trips)  0.099261  
CO2_Penalty             0.000000  
Time value              0.003420  
Transfer                0.020137  
RailTrack               0.000000  
Terminal                0.000000  
RailElectr.             0.000000  
Charging                0.000441  
H2_Filling              0.000000  
                       2023     2028      2034      2040      2050     
                       mean std mean  std mean  std mean  std mean  std
LCOT                    4.3   0  4.8    0  5.5 0.41  5.8 0.42  6.6 0.34
LCOT (Empty Trips)      1.2   0  1.1    0  1.2 0.12  1.3 0.13  1.4  0.1
Emission                0.4   0  0.9    0 0.82 0.19 0.54 0.22 0.29 0.31
Emission (Empty Trips) 0.18   0 0.25    0 0.22 0.07 0.15 0.11 0.05  0.1
CO2_Penalty               0   0    0    0    0    0    0    0    0    0
Time value              1.3   0  1.6    0  1.9    0    2    0  2.4    0
Transfer                2.1   0  2.6    0  3.1 0.01    3 0.01  3.3 0.02
RailTrack              0.12   0    0    0    0    0    0    0    0    0
Terminal               0.04   0 0.03    0   -0    0    0    0    0    0
RailElectr.               0   0    0    0    0    0    0    0    0    0
Charging                  0   0 0.01    0 0.04 0.02 0.09    0 0.06    0
H2_Filling                0   0    0    0    0    0    0    0    0    0
discount_factor           1   1 0.83 0.83 0.66 0.66 0.53 0.53 0.36 0.36
emissions (MTonnes CO2 eq.):
             AvgEmission  Std  AvgEmission_perc  Std_perc
time_period                                              
2023                 7.2    0             1e+02         0
2028                 6.6    0                92         0
2034                 4.9  1.2                68        17
2040                 3.2  1.5                45        21
2050                 1.6  1.9                22        26
----------------
Average transport work in GTONNES*km:
    mode            product time_period TransportArbeid
0   Rail           Dry bulk        2023             9.7
1   Rail           Neo bulk        2023         0.00052
2   Road  Break bulk (fast)        2023             5.5
3   Road  Break bulk (slow)        2023             5.8
4   Road   Container (fast)        2023               2
5   Road   Container (slow)        2023             2.7
6   Road           Dry bulk        2023            0.56
7   Road           Neo bulk        2023              12
8    Sea  Break bulk (fast)        2023           0.091
9    Sea  Break bulk (slow)        2023            0.98
10   Sea   Container (fast)        2023             0.1
11   Sea   Container (slow)        2023             1.1
12   Sea           Dry bulk        2023              97
13   Sea           Neo bulk        2023            0.26

