----------------------------
Doing the following analysis: 
FuelScen_carbontaxbase_lambda1_alpha0.99
----------------------------
Reading data...
Reading and constructing data
Function construct_sets Took 0.0012 seconds
Function construct_network Took 0.0047 seconds
Transport demand in the base year 2018 (in MTonnes):
             product  tot_weight
0           Dry bulk       94.86
1   Container (fast)        4.07
2   Container (slow)        9.23
3  Break bulk (fast)       11.61
4  Break bulk (slow)       15.37
5           Neo bulk       19.28
Function construct_ODD Took 0.5063 seconds
Function construct_vehicles Took 0.5445 seconds
Function construct_emission_transfer Took 0.1511 seconds
Function construct_costs Took 2.2924 seconds
Function construct_time_value Took 0.0011 seconds
Function construct_investments Took 0.0087 seconds
Function construct_charging_edges Took 0.1851 seconds
Function construct_tech_readiness Took 0.0049 seconds
Function construct_path_generation Took 0.1548 seconds
Function construct_param2 Took 0.0595 seconds
Function combined_sets Took 0.4043 seconds
Function combined_sets Took 0.4338 seconds
Done reading data.
Time used reading the base data: 16.228071928024292
Solving the first time period for initialization purposes...
Function combined_sets Took 0.1551 seconds
Set parameter Username
Academic license - for non-commercial use only - expires 2025-09-27
Read LP format model from file C:\Users\sandee\Documents\Github\STraM_ntnu_development\temp\pyomo\tmpngmy0hmt.pyomo.lp
Reading time = 4.59 seconds
x1: 2206927 rows, 540793 columns, 7780366 nonzeros
Set parameter FeasibilityTol to value 0.0001
Set parameter MIPGap to value 0.002
Gurobi Optimizer version 11.0.0 build v11.0.0rc2 (win64 - Windows 10.0 (19045.2))

CPU model: Intel(R) Core(TM) i7-10700 CPU @ 2.90GHz, instruction set [SSE2|AVX|AVX2]
Thread count: 8 physical cores, 16 logical processors, using up to 16 threads

Optimize a model with 2206927 rows, 540793 columns and 7780366 nonzeros
Model fingerprint: 0x7f3585e4
Coefficient statistics:
  Matrix range     [6e-06, 1e+03]
  Objective range  [1e-01, 1e+01]
  Bounds range     [0e+00, 0e+00]
  RHS range        [1e-03, 9e+01]
Presolve removed 2204267 rows and 518514 columns
Presolve time: 4.31s
Presolved: 2660 rows, 23242 columns, 201160 nonzeros

Concurrent LP optimizer: primal simplex, dual simplex, and barrier
Showing barrier log only...

Ordering time: 0.02s

Barrier statistics:
 AA' NZ     : 8.445e+04
 Factor NZ  : 1.919e+05 (roughly 12 MB of memory)
 Factor Ops : 2.716e+07 (less than 1 second per iteration)
 Threads    : 6

                  Objective                Residual
Iter       Primal          Dual         Primal    Dual     Compl     Time
   0   4.26674854e+00 -5.65025000e-01  2.86e+05 0.00e+00  1.23e+00     4s
   1   1.56946924e+00 -6.13247941e-01  6.92e+04 2.27e-02  3.11e-01     4s
   2   7.49592777e-01  6.10723261e-01  1.42e+04 1.52e-02  6.80e-02     4s
   3   8.39325503e-01  7.19825325e+00  5.24e+03 3.39e-03  2.50e-02     4s
   4   4.97431563e+00  3.02919298e+01  2.92e+03 1.40e-03  1.41e-02     4s
   5   8.63115495e+00  4.26087728e+01  2.26e+03 1.30e-03  1.08e-02     4s
   6   1.28086961e+01  3.93930892e+01  2.06e+03 1.23e-03  9.88e-03     4s
   7   2.00399418e+01  4.28764966e+01  1.62e+03 1.11e-03  7.87e-03     4s
   8   2.30447315e+01  6.37755672e+01  1.38e+03 6.43e-04  6.62e-03     4s
   9   2.40925851e+01  7.62454351e+01  1.31e+03 5.05e-04  6.34e-03     4s
  10   2.55667834e+01  8.15729541e+01  1.23e+03 4.87e-04  5.91e-03     4s
  11   2.65231593e+01  8.61681677e+01  1.18e+03 4.58e-04  5.67e-03     4s
  12   3.38662272e+01  8.99111907e+01  8.97e+02 4.11e-04  4.23e-03     5s
  13   3.94848755e+01  9.39287077e+01  7.67e+02 3.93e-04  3.56e-03     5s
  14   4.12391233e+01  1.01268662e+02  7.32e+02 3.70e-04  3.39e-03     5s
  15   4.34513273e+01  1.04288268e+02  6.95e+02 3.64e-04  3.21e-03     5s
  16   4.49496671e+01  1.11403668e+02  6.72e+02 3.48e-04  3.10e-03     5s
  17   4.91139100e+01  1.14265015e+02  6.17e+02 3.32e-04  2.83e-03     5s
  18   5.57584611e+01  1.21761313e+02  5.36e+02 2.94e-04  2.41e-03     5s
  19   5.92407688e+01  1.30553927e+02  4.95e+02 2.78e-04  2.21e-03     5s
  20   6.16149596e+01  1.38437342e+02  4.73e+02 2.68e-04  2.11e-03     5s
  21   6.74765732e+01  1.47734706e+02  4.28e+02 2.48e-04  1.88e-03     5s
  22   7.19208569e+01  1.57330300e+02  3.97e+02 2.35e-04  1.72e-03     5s
  23   7.51818897e+01  1.60312216e+02  3.77e+02 2.26e-04  1.63e-03     5s
  24   7.87565193e+01  1.66108044e+02  3.58e+02 2.16e-04  1.54e-03     5s
  25   8.26350397e+01  1.71847818e+02  3.38e+02 2.08e-04  1.44e-03     5s
  26   8.49121617e+01  1.77158709e+02  3.26e+02 2.03e-04  1.38e-03     5s
  27   8.55682778e+01  1.81046098e+02  3.23e+02 1.96e-04  1.38e-03     5s
  28   8.67810587e+01  1.81926064e+02  3.18e+02 1.92e-04  1.36e-03     5s
  29   9.08319072e+01  1.87303514e+02  3.00e+02 1.83e-04  1.25e-03     5s
  30   9.60330965e+01  1.93305217e+02  2.79e+02 1.73e-04  1.15e-03     5s
  31   1.01882095e+02  2.01458357e+02  2.57e+02 1.62e-04  1.04e-03     5s
  32   1.05742603e+02  2.05170268e+02  2.43e+02 1.59e-04  9.70e-04     5s
  33   1.09364111e+02  2.12151165e+02  2.31e+02 1.54e-04  9.13e-04     5s
  34   1.14273605e+02  2.24096127e+02  2.17e+02 1.44e-04  8.52e-04     5s
  35   1.16883067e+02  2.34335992e+02  2.10e+02 1.38e-04  8.32e-04     5s
  36   1.20742840e+02  2.44179017e+02  2.00e+02 1.32e-04  7.83e-04     5s
  37   1.23939275e+02  2.46432891e+02  1.93e+02 1.31e-04  7.38e-04     5s
  38   1.30074880e+02  2.53763115e+02  1.82e+02 1.26e-04  6.88e-04     5s
  39   1.33727595e+02  2.63842718e+02  1.76e+02 1.20e-04  6.68e-04     5s
  40   1.36968820e+02  2.69133439e+02  1.70e+02 1.18e-04  6.46e-04     5s
  41   1.39936289e+02  2.74625372e+02  1.66e+02 1.16e-04  6.22e-04     5s
  42   1.42184947e+02  2.84292103e+02  1.62e+02 1.13e-04  6.07e-04     5s
  43   1.44393816e+02  2.92779162e+02  1.59e+02 1.11e-04  6.04e-04     5s
  44   1.47978862e+02  3.00805402e+02  1.54e+02 1.09e-04  5.67e-04     5s
  45   1.50848698e+02  3.11508413e+02  1.51e+02 1.07e-04  5.62e-04     5s
  46   1.54832008e+02  3.17764718e+02  1.47e+02 1.05e-04  5.45e-04     5s
  47   1.59508540e+02  3.20246994e+02  1.42e+02 1.03e-04  5.25e-04     5s
  48   1.65279113e+02  3.28389097e+02  1.37e+02 9.92e-05  5.07e-04     5s
  49   1.69150353e+02  3.32653455e+02  1.34e+02 9.71e-05  4.94e-04     5s
  50   1.70994777e+02  3.37104249e+02  1.32e+02 9.51e-05  4.90e-04     5s
  51   1.74133175e+02  3.43303597e+02  1.29e+02 9.30e-05  4.78e-04     5s
  52   1.76159312e+02  3.46725003e+02  1.28e+02 9.20e-05  4.71e-04     5s
  53   1.78754146e+02  3.49325802e+02  1.26e+02 9.11e-05  4.61e-04     5s
  54   1.81711612e+02  3.55075089e+02  1.23e+02 8.94e-05  4.52e-04     5s
  55   1.84266468e+02  3.59292212e+02  1.21e+02 8.77e-05  4.47e-04     5s
  56   1.87500946e+02  3.65215026e+02  1.19e+02 8.63e-05  4.35e-04     5s
  57   1.91421572e+02  3.69987238e+02  1.16e+02 8.49e-05  4.25e-04     5s
  58   1.94217458e+02  3.76847031e+02  1.14e+02 8.37e-05  4.15e-04     5s
  59   1.97895858e+02  3.85302999e+02  1.11e+02 8.20e-05  4.03e-04     5s
  60   2.01295589e+02  3.86489052e+02  1.09e+02 8.08e-05  3.94e-04     5s
  61   2.03834645e+02  3.91795116e+02  1.08e+02 7.97e-05  3.88e-04     5s
  62   2.06234271e+02  3.98048150e+02  1.06e+02 7.83e-05  3.83e-04     5s
  63   2.09120692e+02  3.99918773e+02  1.05e+02 7.77e-05  3.77e-04     5s
  64   2.11711058e+02  4.05647644e+02  1.03e+02 7.62e-05  3.72e-04     5s
  65   2.14948050e+02  4.09511160e+02  1.01e+02 7.51e-05  3.65e-04     5s
  66   2.17042001e+02  4.13192218e+02  1.00e+02 7.42e-05  3.61e-04     5s
  67   2.18729617e+02  4.17855662e+02  9.94e+01 7.27e-05  3.62e-04     5s
  68   2.20300254e+02  4.19947690e+02  9.86e+01 7.16e-05  3.61e-04     5s
  69   1.24997566e+02 -5.65025000e+03  8.36e+06 0.00e+00  3.60e+05     5s
  70   3.80946398e+02 -2.16292270e+04  1.31e+06 1.39e+02  3.91e+04     5s
  71   5.61768465e+03 -3.79272350e+04  3.92e+05 1.00e+02  8.81e+03     5s
  72   6.69441747e+03 -7.27802813e+04  1.59e+05 3.31e+01  3.57e+03     5s
  73   7.45836558e+03 -7.96076920e+04  5.75e+04 1.78e+01  1.33e+03     5s
  74   1.04861472e+04 -1.02739680e+05  2.69e+04 1.46e+01  6.65e+02     5s
  75   1.32484330e+04 -1.11050612e+05  6.74e+03 6.09e+00  1.89e+02     5s
  76   1.30945460e+04 -1.03816231e+05  2.32e+03 2.83e+00  7.28e+01     5s
  77   1.22978128e+04 -8.34170817e+04  7.69e+02 1.66e+00  3.17e+01     5s
  78   1.15892547e+04 -6.87245012e+04  3.33e+02 1.10e+00  1.79e+01     5s
  79   1.12794000e+04 -5.05846335e+04  2.03e+02 5.92e-01  1.02e+01     5s

Barrier performed 79 iterations in 5.00 seconds (5.58 work units)
Barrier solve interrupted - model solved by another algorithm


Solved with dual simplex
Extra simplex iterations after uncrush: 3
Iteration    Objective       Primal Inf.    Dual Inf.      Time
    6309    5.3711196e+02   0.000000e+00   0.000000e+00      6s

Solved in 6309 iterations and 6.43 seconds (8.17 work units)
Optimal objective  5.371119568e+02
the solution is feasible and optimal
Solution time: 13.937710762023926
Function combined_sets Took 0.4114 seconds
-----
Constructing full SP model...
Done constructing model.
Time used constructing the model: 86.98691511154175
----------
Solving model...
Set parameter Username
Academic license - for non-commercial use only - expires 2025-09-27
Read LP format model from file C:\Users\sandee\Documents\Github\STraM_ntnu_development\temp\pyomo\tmp2e4pi30o.pyomo.lp
Reading time = 16.31 seconds
x1: 4554352 rows, 1834336 columns, 25949476 nonzeros
Set parameter FeasibilityTol to value 0.01
Set parameter MIPGap to value 0.002
Gurobi Optimizer version 11.0.0 build v11.0.0rc2 (win64 - Windows 10.0 (19045.2))

CPU model: Intel(R) Core(TM) i7-10700 CPU @ 2.90GHz, instruction set [SSE2|AVX|AVX2]
Thread count: 8 physical cores, 16 logical processors, using up to 16 threads

Optimize a model with 4554352 rows, 1834336 columns and 25949476 nonzeros
Model fingerprint: 0x39e2032b
Variable types: 1834030 continuous, 306 integer (306 binary)
Coefficient statistics:
  Matrix range     [6e-06, 1e+03]
  Objective range  [1e-01, 1e+01]
  Bounds range     [1e+00, 6e+04]
  RHS range        [1e-03, 9e+01]
Presolve removed 0 rows and 0 columns (presolve time = 7s) ...
Presolve removed 4275901 rows and 30072 columns (presolve time = 10s) ...
Presolve removed 4353661 rows and 1037449 columns
Presolve time: 14.44s
Presolved: 200691 rows, 796887 columns, 16339455 nonzeros
Variable types: 796853 continuous, 34 integer (34 binary)
Deterministic concurrent LP optimizer: primal simplex, dual simplex, and barrier
Showing barrier log only...

Root barrier log...

Ordering time: 1.27s

Barrier statistics:
 AA' NZ     : 4.448e+06
 Factor NZ  : 1.147e+07 (roughly 400 MB of memory)
 Factor Ops : 2.764e+09 (less than 1 second per iteration)
 Threads    : 5

                  Objective                Residual
Iter       Primal          Dual         Primal    Dual     Compl     Time
   0   5.51069130e+12 -1.06691582e+13  7.03e+10 7.63e+01  1.51e+09    59s
   1   2.87463914e+12 -9.07541311e+12  3.53e+10 1.56e+02  7.76e+08    59s
   2   1.29195763e+12 -8.30607229e+12  1.48e+10 1.38e+02  3.42e+08    60s
   3   3.66142559e+11 -2.93690046e+12  2.96e+09 1.78e+01  7.48e+07    62s
   4   1.43545101e+11 -5.53489582e+11  2.88e+08 1.50e+00  7.52e+06    63s
   5   8.26144671e+10 -2.92110450e+11  1.06e+08 7.04e-01  2.91e+06    63s
   6   5.14662409e+10 -1.12370573e+11  5.37e+07 2.04e-01  1.44e+06    64s
   7   2.37878930e+10 -5.38978739e+10  1.98e+07 4.29e-02  5.59e+05    65s
   8   1.75064836e+10 -2.75622045e+10  1.36e+07 1.03e-02  3.74e+05    66s
   9   1.49701332e+10 -2.60922545e+10  1.14e+07 9.51e-03  3.17e+05    67s
  10   1.42574555e+10 -2.37149949e+10  1.08e+07 8.44e-03  3.00e+05    68s
  11   1.12196213e+10 -1.87187571e+10  8.17e+06 5.65e-03  2.27e+05    68s
  12   7.77755579e+09 -1.26440811e+10  5.40e+06 1.78e-03  1.52e+05    69s
  13   4.07838665e+09 -3.11033336e+09  2.59e+06 7.38e-12  7.29e+04    70s
  14   2.70113463e+09 -2.20417242e+09  1.69e+06 6.18e-12  4.78e+04    71s
  15   2.31149791e+09 -1.42785550e+09  1.44e+06 4.22e-10  4.02e+04    72s
  16   1.07921847e+09 -9.49246416e+08  6.61e+05 3.13e-10  1.88e+04    73s
  17   9.40147334e+08 -8.23918773e+08  5.74e+05 3.42e-10  1.62e+04    73s
  18   3.84388782e+08 -7.11547547e+08  2.29e+05 1.02e-10  6.70e+03    74s
  19   2.40334483e+08 -6.02651458e+08  1.41e+05 2.91e-11  4.21e+03    75s
  20   1.01179314e+08 -3.58806947e+08  5.77e+04 2.91e-11  1.76e+03    76s
  21   4.07304597e+07 -1.94816761e+08  2.16e+04 3.27e-10  6.68e+02    77s
  22   1.07340592e+07 -8.16643405e+07  5.11e+03 1.09e-11  1.70e+02    78s
  23   4.84877748e+06 -3.43447920e+07  2.22e+03 8.19e-12  6.85e+01    79s
  24   2.10623544e+06 -1.60553594e+07  9.37e+02 4.09e-12  2.89e+01    79s
  25   1.51274217e+06 -1.27083701e+07  6.63e+02 4.09e-12  2.12e+01    80s
  26   8.66117411e+05 -8.39182334e+06  3.72e+02 1.19e-12  1.26e+01    81s
  27   4.03116649e+05 -5.23471412e+06  1.66e+02 1.10e-12  6.56e+00    83s
  28   2.45974454e+05 -3.01366843e+06  9.85e+01 1.03e-12  3.77e+00    84s
  29   1.86691378e+05 -2.84831227e+06  7.38e+01 1.17e-12  3.21e+00    84s
  30   1.68671592e+05 -2.49589332e+06  6.61e+01 9.48e-13  2.82e+00    85s
  31   1.56187148e+05 -2.21041151e+06  6.10e+01 1.03e-12  2.52e+00    86s
  32   1.13596425e+05 -1.98727483e+06  4.34e+01 1.32e-12  2.06e+00    87s
  33   1.02254296e+05 -1.66534308e+06  3.88e+01 1.74e-12  1.75e+00    88s
  34   9.63521666e+04 -1.59751237e+06  3.64e+01 1.77e-12  1.66e+00    89s
  35   8.16145407e+04 -1.38471338e+06  3.02e+01 1.62e-12  1.41e+00    90s
  36   7.03666901e+04 -1.16715757e+06  2.56e+01 3.26e-12  1.18e+00    91s
  37   6.33940783e+04 -1.02442782e+06  2.27e+01 1.66e-12  1.03e+00    92s
  38   4.66490916e+04 -7.18966307e+05  1.58e+01 2.59e-12  7.07e-01    93s
  39   3.32152315e+04 -6.11288358e+05  1.04e+01 2.19e-12  5.54e-01    95s
  40   2.82742228e+04 -4.75794443e+05  8.39e+00 1.67e-12  4.29e-01    96s
  41   2.38494510e+04 -3.95538750e+05  6.60e+00 1.86e-12  3.49e-01    97s
  42   2.08889825e+04 -3.43742652e+05  5.40e+00 1.74e-12  2.97e-01    98s
  43   1.97866159e+04 -3.21579945e+05  4.97e+00 1.41e-12  2.76e-01    99s
  44   1.69125719e+04 -2.90674296e+05  3.85e+00 1.20e-12  2.41e-01   100s
  45   1.62874937e+04 -2.71168899e+05  3.60e+00 1.53e-12  2.24e-01   101s
  46   1.55230440e+04 -2.22685744e+05  3.30e+00 1.36e-12  1.86e-01   102s
  47   1.32951515e+04 -1.88938657e+05  2.45e+00 1.54e-12  1.54e-01   104s
  48   1.24371685e+04 -1.71677940e+05  2.12e+00 1.61e-12  1.39e-01   105s
  49   1.16865913e+04 -1.50749496e+05  1.84e+00 1.98e-12  1.21e-01   106s
  50   1.07787385e+04 -1.39856458e+05  1.51e+00 2.22e-12  1.11e-01   107s
  51   9.74496110e+03 -1.18172764e+05  1.13e+00 2.00e-12  9.23e-02   109s
  52   9.18125082e+03 -1.04101207e+05  9.40e-01 1.95e-12  8.09e-02   110s
  53   8.84201921e+03 -9.93035098e+04  8.29e-01 1.69e-12  7.67e-02   111s
  54   7.95155958e+03 -6.75849875e+04  5.61e-01 1.86e-12  5.28e-02   112s
  55   7.42181391e+03 -5.24011116e+04  4.28e-01 1.44e-12  4.14e-02   114s
  56   6.94541283e+03 -4.08979166e+04  3.22e-01 1.15e-12  3.29e-02   115s
  57   6.40612008e+03 -3.78234503e+04  2.18e-01 1.24e-12  3.01e-02   117s
  58   6.07628733e+03 -3.16988343e+04  1.66e-01 9.32e-13  2.56e-02   118s
  59   5.69588614e+03 -2.41898900e+04  1.16e-01 9.17e-13  2.01e-02   120s
  60   5.40755344e+03 -1.64144758e+04  8.52e-02 7.16e-13  1.47e-02   121s
  61   5.11144816e+03 -1.18095068e+04  5.84e-02 5.40e-13  1.13e-02   123s
  62   4.89751100e+03 -1.09556123e+04  4.46e-02 4.72e-13  1.06e-02   125s
  63   4.72088447e+03 -9.49491173e+03  3.50e-02 4.45e-13  9.50e-03   126s
  64   4.57429140e+03 -7.98121485e+03  2.85e-02 4.75e-13  8.38e-03   128s
  65   4.46087928e+03 -6.71645189e+03  2.49e-02 3.82e-13  7.46e-03   129s
  66   4.43453023e+03 -6.55345281e+03  2.41e-02 4.57e-13  7.33e-03   131s
  67   4.37763655e+03 -5.46422536e+03  2.24e-02 3.94e-13  6.56e-03   132s
  68   4.35344321e+03 -5.04367833e+03  2.18e-02 8.98e-12  6.27e-03   133s
  69   4.23469365e+03 -4.78948067e+03  1.86e-02 3.23e-11  6.01e-03   134s
  70   4.16759008e+03 -4.20113692e+03  1.69e-02 4.38e-11  5.58e-03   135s
  71   4.07702197e+03 -3.67759792e+03  1.48e-02 6.14e-11  5.17e-03   137s
  72   4.01886458e+03 -3.13636622e+03  1.36e-02 6.96e-11  4.77e-03   138s
  73   3.94837265e+03 -2.59414708e+03  1.24e-02 2.05e-10  4.36e-03   139s
  74   3.92114365e+03 -2.35200768e+03  1.19e-02 2.92e-10  4.18e-03   140s
  75   3.83680701e+03 -1.60512828e+03  1.05e-02 7.97e-10  3.62e-03   141s
  76   3.74140840e+03 -1.19124052e+03  9.21e-03 1.33e-09  3.28e-03   143s
  77   3.61963657e+03 -7.72380068e+02  7.74e-03 1.56e-09  2.92e-03   144s
  78   3.54921541e+03 -8.68499670e+01  6.85e-03 2.15e-09  2.42e-03   145s
  79   3.44215760e+03  3.01201876e+02  5.53e-03 2.68e-09  2.09e-03   146s
  80   3.38771461e+03  3.84847803e+02  4.90e-03 2.79e-09  2.00e-03   147s
  81   3.34619193e+03  5.28606547e+02  4.42e-03 2.97e-09  1.87e-03   148s
  82   3.28595268e+03  9.74594710e+02  3.72e-03 3.52e-09  1.54e-03   149s
  83   3.18940496e+03  1.29853659e+03  2.66e-03 4.02e-09  1.26e-03   150s
  84   3.11426706e+03  1.56347816e+03  1.91e-03 3.97e-09  1.03e-03   151s
  85   3.08523806e+03  1.74455333e+03  1.66e-03 3.76e-09  8.91e-04   152s
  86   3.05695811e+03  2.03691974e+03  1.43e-03 3.81e-09  6.78e-04   153s
  87   3.02375978e+03  2.21195216e+03  1.17e-03 3.84e-09  5.40e-04   154s
  88   2.97344341e+03  2.33582558e+03  8.03e-04 4.31e-09  4.24e-04   155s
  89   2.93568658e+03  2.43313809e+03  5.52e-04 4.58e-09  3.34e-04   155s
  90   2.91869824e+03  2.49804970e+03  4.49e-04 4.59e-09  2.80e-04   156s
  91   2.90453192e+03  2.54633036e+03  3.66e-04 4.54e-09  2.38e-04   157s
  92   2.89074333e+03  2.62385431e+03  2.89e-04 4.31e-09  1.77e-04   158s
  93   2.87614341e+03  2.66688148e+03  2.08e-04 4.06e-09  1.39e-04   159s
  94   2.87015537e+03  2.70800146e+03  1.71e-04 3.47e-09  1.08e-04   160s
  95   2.86325798e+03  2.72599235e+03  1.27e-04 3.10e-09  9.12e-05   161s
  96   2.85951284e+03  2.76530821e+03  9.47e-05 2.27e-09  6.26e-05   162s
  97   2.85753332e+03  2.77933567e+03  7.28e-05 1.93e-09  5.20e-05   163s
  98   2.85501449e+03  2.79632682e+03  3.75e-05 2.10e-09  3.90e-05   164s
  99   2.85418472e+03  2.82254976e+03  2.28e-05 2.27e-09  2.10e-05   164s
 100   2.85352334e+03  2.83159077e+03  1.39e-05 1.97e-09  1.46e-05   165s
 101   2.85313921e+03  2.83540267e+03  8.83e-06 1.55e-09  1.18e-05   166s
 102   2.85308991e+03  2.83878952e+03  8.01e-06 1.24e-09  9.50e-06   167s
 103   2.85290657e+03  2.84178839e+03  5.37e-06 9.64e-10  7.39e-06   167s
 104   2.85280656e+03  2.84225352e+03  3.89e-06 9.22e-10  7.01e-06   168s
 105   2.85276068e+03  2.84478923e+03  3.10e-06 6.89e-10  5.30e-06   169s
 106   2.85273583e+03  2.84585163e+03  2.67e-06 5.92e-10  4.57e-06   169s
 107   2.85271914e+03  2.84638888e+03  2.40e-06 5.46e-10  4.21e-06   170s
 108   2.85269450e+03  2.84847939e+03  1.97e-06 3.57e-10  2.80e-06   171s
 109   2.85265121e+03  2.84994342e+03  1.28e-06 2.29e-10  1.80e-06   171s
 110   2.85261362e+03  2.85147581e+03  7.17e-07 9.42e-11  7.56e-07   172s
 111   2.85260248e+03  2.85213159e+03  5.78e-07 3.64e-11  3.13e-07   173s
 112   2.85257292e+03  2.85227037e+03  2.17e-07 2.45e-11  2.01e-07   174s
 113   2.85256585e+03  2.85239848e+03  1.21e-07 1.79e-11  1.11e-07   174s
 114   2.85256018e+03  2.85249426e+03  4.45e-08 1.13e-11  4.38e-08   175s
 115   2.85255833e+03  2.85254022e+03  1.96e-08 7.13e-12  1.20e-08   176s
 116   2.85255712e+03  2.85255366e+03  4.60e-09 4.17e-12  2.30e-09   177s
 117   2.85255682e+03  2.85255650e+03  1.15e-09 3.04e-12  2.09e-10   178s
 118   2.85255675e+03  2.85255671e+03  4.53e-09 6.81e-13  2.65e-11   179s
 119   2.85255675e+03  2.85255675e+03  3.22e-09 1.72e-13  4.75e-13   179s

Barrier solved model in 119 iterations and 179.16 seconds (107.31 work units)
Optimal objective 2.85255675e+03


Root crossover log...

    5988 DPushes remaining with DInf 0.0000000e+00               180s
       0 DPushes remaining with DInf 0.0000000e+00               180s

   47110 PPushes remaining with PInf 6.3114662e+04               180s
   10877 PPushes remaining with PInf 4.1331576e+04               181s

  Push phase complete: Pinf 4.1331576e+04, Dinf 2.3097729e+01    181s


Root simplex log...

Iteration    Objective       Primal Inf.    Dual Inf.      Time
   39832    2.5420743e+03   1.259758e+06   0.000000e+00    181s
   48238    2.5443776e+03   1.393199e+05   0.000000e+00    186s
   55064    2.5444662e+03   1.142899e+04   0.000000e+00    190s
   58504    2.5444759e+03   2.625602e+04   0.000000e+00    195s
   63556    2.5447428e+03   4.264600e+04   0.000000e+00    201s
   66356    2.5447923e+03   1.506755e+04   0.000000e+00    206s
   70976    2.5448334e+03   3.642485e+04   0.000000e+00    210s
   76048    2.5449032e+03   4.843029e+04   0.000000e+00    216s
   78928    2.5449153e+03   1.902063e+04   0.000000e+00    221s
   81118    2.5449193e+03   1.643118e+04   0.000000e+00    225s
   83248    2.5449243e+03   1.571735e+05   0.000000e+00    231s
   85208    2.5449732e+03   1.554747e+05   0.000000e+00    236s
   87148    2.5449876e+03   2.925299e+05   0.000000e+00    241s
   88938    2.5449910e+03   1.376470e+05   0.000000e+00    246s
   90138    2.5449929e+03   9.669000e+05   0.000000e+00    250s
   92038    2.5449979e+03   4.930810e+04   0.000000e+00    256s
   93518    2.5450011e+03   6.461258e+04   0.000000e+00    261s
   95248    2.5450183e+03   5.418148e+04   0.000000e+00    266s
   97508    2.5451023e+03   4.016249e+04   0.000000e+00    271s
   99128    2.5451094e+03   3.765809e+05   0.000000e+00    276s
  101568    2.5452262e+03   3.952458e+04   0.000000e+00    281s
  102788    2.5452307e+03   7.554182e+04   0.000000e+00    286s
  105088    2.5452525e+03   6.794124e+04   0.000000e+00    290s
  106558    2.5452573e+03   2.955521e+04   0.000000e+00    295s
  107818    2.5452640e+03   2.138954e+04   0.000000e+00    301s
  109068    2.5452700e+03   3.118175e+04   0.000000e+00    306s
  109908    2.5452740e+03   2.242819e+04   0.000000e+00    310s
  112018    2.5452909e+03   2.179370e+04   0.000000e+00    316s
  113368    2.5453127e+03   8.276037e+04   0.000000e+00    320s
  114858    2.5453368e+03   2.477402e+04   0.000000e+00    326s
  116058    2.5453497e+03   2.708365e+04   0.000000e+00    330s
  118668    2.5454104e+03   2.927935e+04   0.000000e+00    336s
  119828    2.5454158e+03   5.886362e+05   0.000000e+00    340s
  120908    2.5454205e+03   6.907558e+04   0.000000e+00    346s
  122408    2.5454391e+03   3.921512e+04   0.000000e+00    351s
  123588    2.5454464e+03   4.630119e+04   0.000000e+00    355s
  125508    2.5455129e+03   1.043335e+05   0.000000e+00    361s
  127248    2.5455813e+03   1.029116e+05   0.000000e+00    365s
  128428    2.5455875e+03   1.216879e+05   0.000000e+00    371s
  130398    2.5456923e+03   6.177442e+05   0.000000e+00    375s
  131688    2.5456994e+03   4.028416e+04   0.000000e+00    381s
  132528    2.5457021e+03   1.477920e+04   0.000000e+00    386s
  133298    2.5457061e+03   1.547070e+05   0.000000e+00    390s
  136238    2.5459874e+03   6.440722e+04   0.000000e+00    396s
  136968    2.5459903e+03   2.856481e+04   0.000000e+00    400s
  138238    2.5459945e+03   1.423986e+04   0.000000e+00    406s
  139058    2.5459979e+03   1.691868e+04   0.000000e+00    411s
  139828    2.5460012e+03   4.333200e+04   0.000000e+00    415s
  141218    2.5460119e+03   4.099368e+04   0.000000e+00    421s
  141968    2.5460154e+03   4.608618e+04   0.000000e+00    426s
  143968    2.5461268e+03   1.536453e+04   0.000000e+00    431s
  144928    2.5461308e+03   2.685356e+04   0.000000e+00    436s
  145718    2.5461340e+03   3.172473e+04   0.000000e+00    440s
  146958    2.5461386e+03   2.255017e+04   0.000000e+00    446s
  147798    2.5461411e+03   1.418178e+04   0.000000e+00    451s
  148628    2.5461510e+03   4.423046e+04   0.000000e+00    455s
  149828    2.5461972e+03   1.179814e+04   0.000000e+00    461s
  151368    2.5462188e+03   2.823331e+04   0.000000e+00    465s
  152658    2.5462231e+03   5.678214e+04   0.000000e+00    471s
  153568    2.5462261e+03   6.087734e+04   0.000000e+00    475s
  155008    2.5462299e+03   1.395024e+04   0.000000e+00    481s
  155798    2.5462566e+03   4.803715e+04   0.000000e+00    485s
  156998    2.5462612e+03   2.557795e+04   0.000000e+00    491s
  157868    2.5462660e+03   1.284748e+04   0.000000e+00    495s
  159558    2.5464388e+03   1.024674e+04   0.000000e+00    501s
  160528    2.5464415e+03   4.072914e+04   0.000000e+00    506s
  161318    2.5464450e+03   4.202003e+04   0.000000e+00    510s
  162428    2.5464475e+03   2.807920e+03   0.000000e+00    516s
  163308    2.5464494e+03   5.669420e+03   0.000000e+00    521s
  163978    2.5464509e+03   5.297503e+03   0.000000e+00    525s
  164618    2.5464526e+03   1.338221e+04   0.000000e+00    530s
  165498    2.5464546e+03   8.883380e+03   0.000000e+00    536s
  166548    2.5464718e+03   2.403409e+03   0.000000e+00    541s
  167348    2.5466097e+03   5.543192e+04   0.000000e+00    545s
  168438    2.5466135e+03   3.578497e+03   0.000000e+00    551s
  169178    2.5466147e+03   2.790147e+03   0.000000e+00    556s
  170218    2.5466586e+03   1.344144e+03   0.000000e+00    561s
  170858    2.5466600e+03   2.055278e+03   0.000000e+00    566s
  171598    2.5466609e+03   7.048632e+02   0.000000e+00    571s
  172248    2.5466617e+03   6.467030e+02   0.000000e+00    575s
  173268    2.5467524e+03   4.350646e+02   0.000000e+00    581s
  174008    2.5467530e+03   1.343214e+03   0.000000e+00    586s
  174708    2.5467535e+03   8.999516e+02   0.000000e+00    591s
  175368    2.5467539e+03   7.928948e+02   0.000000e+00    595s
  176278    2.5467550e+03   5.196935e+02   0.000000e+00    601s
  176818    2.5467555e+03   4.748280e+02   0.000000e+00    606s
  177368    2.5467559e+03   4.687815e+02   0.000000e+00    611s
  178058    2.5467567e+03   1.761815e+01   0.000000e+00    615s
  178725    2.5428509e+03   6.734343e+01   0.000000e+00    621s
  178774    2.5428509e+03   0.000000e+00   0.000000e+00    622s
Concurrent spin time: 7.83s

Solved with dual simplex

Root simplex log...

Iteration    Objective       Primal Inf.    Dual Inf.      Time
  218504    2.4590527e+03   6.126140e+00   2.337453e+13    630s
  229519    2.9201976e+03   2.251687e+02   1.453640e+11    635s
  248271    3.3681886e+03   3.794153e+02   9.268734e+10    640s
  263501    3.9408044e+03   2.674591e+02   8.476047e+10    645s
  280227    4.7857602e+03   2.107792e+02   3.783847e+10    650s
  294487    4.9816903e+03   1.869029e+02   5.705124e+10    655s
  306962    4.4638574e+03   2.436643e+03   4.582286e+11    660s
  335589    4.5080055e+03   4.542880e+02   7.491863e+10    665s
  354228    4.5532831e+03   3.880789e+02   4.495484e+10    670s
  378039    4.6964679e+03   3.634462e+02   1.985566e+11    675s
  395184    4.8678263e+03   3.299948e+02   1.123242e+12    680s
  412873    4.9257457e+03   2.499113e+02   9.228082e+10    685s
  428591    4.9472094e+03   2.371243e+02   6.367898e+10    690s
  445052    1.9484153e+06   3.211516e+02   3.695650e+11    695s
  457640   -8.2488312e+30   2.451422e+32   8.249057e+00    700s
  460570   -6.2018252e+29   7.145490e+31   6.208493e-01    705s
  467204   -9.6354253e+05   1.584238e+08   0.000000e+00    710s
  482241   -1.7403329e+04   2.031636e+06   0.000000e+00    715s
  501246    1.2169589e+03   6.462848e+04   0.000000e+00    720s
  520030    1.3693259e+03   4.847607e+04   0.000000e+00    725s
  526630    1.4045817e+03   3.859248e+04   0.000000e+00    730s
  531500    1.4046557e+03   4.584881e+04   0.000000e+00    735s
  536300    1.4058943e+03   6.276430e+04   0.000000e+00    740s
  540710    1.4063213e+03   1.503500e+05   0.000000e+00    745s
  545470    1.4085614e+03   2.486033e+05   0.000000e+00    750s
  550440    1.4340230e+03   8.434908e+06   0.000000e+00    755s
  562277    2.5636705e+03   8.450287e+05   0.000000e+00    760s
  579630    2.8792044e+03   8.572980e+05   0.000000e+00    765s
  584810    2.8878661e+03   1.070703e+06   0.000000e+00    770s
  590110    2.9374982e+03   8.470708e+05   0.000000e+00    775s
  599224    3.0833978e+03   6.033032e+05   0.000000e+00    780s
  602834    3.1053708e+03   5.422041e+05   0.000000e+00    785s
  607374    3.1172408e+03   9.170327e+05   0.000000e+00    790s
  610684    3.1173495e+03   9.434596e+05   0.000000e+00    795s
  612554    3.1174043e+03   9.437528e+05   0.000000e+00    800s
  616484    3.1522039e+03   8.922819e+05   0.000000e+00    805s
  618744    3.1639343e+03   8.606158e+05   0.000000e+00    810s
  620864    3.1646192e+03   8.568928e+05   0.000000e+00    815s
  623754    3.1844854e+03   8.947072e+05   0.000000e+00    820s
  626234    3.1853552e+03   9.366376e+05   0.000000e+00    825s
  629474    3.2081569e+03   8.546468e+05   0.000000e+00    830s
  631574    3.2082546e+03   1.008549e+06   0.000000e+00    835s
  633784    3.2139997e+03   9.427904e+05   0.000000e+00    840s
  635714    3.2167697e+03   6.658557e+05   0.000000e+00    845s
  637504    3.2169881e+03   1.104185e+06   0.000000e+00    850s
  640144    3.2278816e+03   1.556243e+05   0.000000e+00    855s
  641894    3.2280654e+03   1.638167e+05   0.000000e+00    860s
  643774    3.2282990e+03   1.236497e+06   0.000000e+00    866s
  646454    3.2382669e+03   1.613174e+05   0.000000e+00    870s
  648754    3.2415998e+03   1.662842e+05   0.000000e+00    875s
  650534    3.2420119e+03   1.801076e+05   0.000000e+00    880s
  652454    3.2422583e+03   2.609503e+05   0.000000e+00    885s
  654714    3.2425513e+03   3.677100e+05   0.000000e+00    891s
  656514    3.2426431e+03   2.698974e+05   0.000000e+00    895s
  658194    3.2427335e+03   1.897150e+05   0.000000e+00    900s
  660074    3.2431379e+03   4.398364e+05   0.000000e+00    905s
  662504    3.2461474e+03   5.295070e+05   0.000000e+00    910s
  664844    3.2519197e+03   7.731262e+05   0.000000e+00    916s
  667194    3.2582966e+03   8.585481e+05   0.000000e+00    920s
  669534    3.2672322e+03   1.142609e+06   0.000000e+00    925s
  671554    3.2803150e+03   2.176074e+06   0.000000e+00    930s
  674774    3.3171541e+03   3.188726e+06   0.000000e+00    936s
  677484    3.3227733e+03   1.248788e+05   0.000000e+00    940s
  679904    3.3242831e+03   8.940020e+04   0.000000e+00    946s
  681954    3.3245958e+03   2.454424e+04   0.000000e+00    950s
  683874    3.3247785e+03   5.871381e+04   0.000000e+00    955s
  686414    3.3253972e+03   3.296050e+04   0.000000e+00    960s
  688394    3.3254535e+03   6.497582e+04   0.000000e+00    965s
  690174    3.3255884e+03   9.174925e+03   0.000000e+00    970s
  691974    3.3257231e+03   5.064311e+03   0.000000e+00    975s
  693974    3.3258894e+03   3.277562e+04   0.000000e+00    980s
  695454    3.3259780e+03   5.809688e+03   0.000000e+00    985s
  697364    3.3260608e+03   1.472282e+03   0.000000e+00    990s
  699154    3.3261080e+03   8.402935e+02   0.000000e+00    995s
  700672    2.4852992e+03   7.981272e-01   0.000000e+00   1001s
  700676    2.4852992e+03   0.000000e+00   0.000000e+00   1001s
Extra simplex iterations after uncrush: 482172

Root relaxation: objective 2.485299e+03, 700676 iterations, 954.00 seconds (1048.23 work units)

    Nodes    |    Current Node    |     Objective Bounds      |     Work
 Expl Unexpl |  Obj  Depth IntInf | Incumbent    BestBd   Gap | It/Node Time

     0     0 2485.29921    0    2          - 2485.29921      -     - 1001s
H    0     0                    2485.3437033 2485.29921  0.00%     - 1034s

Explored 1 nodes (700676 simplex iterations) in 1035.54 seconds (1139.35 work units)
Thread count was 16 (of 16 available processors)

Solution count 2: 2485.34 2485.34 

Optimal solution found (tolerance 2.00e-03)
Warning: max constraint violation (8.3089e-02) exceeds tolerance
Warning: max bound violation (7.9189e-02) exceeds tolerance
Best objective 2.485343703322e+03, best bound 2.485343703322e+03, gap 0.0000%
the solution is feasible and optimal
Solution time: 1059.44113945961
Done solving model.
Time used solving the model: 1145.0202629566193
----------Dumping data in pickle file...done.
Dumping results in pickle file.....done.
objective function value:  2485.3437033220034
objective function value normalized (Billion EURO):  248.53
                         2023                                            \
                           OO     OB     OP     BO     BB     BP     PO   
LCOT                    4.348  4.348  4.348  4.348  4.348  4.348  4.348   
LCOT (Empty Trips)      1.212  1.212  1.212  1.212  1.212  1.212  1.212   
Emission                0.398  0.398  0.398  0.398  0.398  0.398  0.398   
Emission (Empty Trips)  0.172  0.172  0.172  0.172  0.172  0.172  0.172   
CO2_Penalty             0.000  0.000  0.000  0.000  0.000  0.000  0.000   
Time value              1.360  1.360  1.360  1.360  1.360  1.360  1.360   
Transfer                2.077  2.077  2.077  2.077  2.077  2.077  2.077   
RailTrack               0.116  0.116  0.116  0.116  0.116  0.116  0.116   
Terminal                0.025  0.025  0.025  0.025  0.025  0.025  0.025   
RailElectr.             0.000  0.000  0.000  0.000  0.000  0.000  0.000   
Charging                0.000  0.000  0.000  0.000  0.000  0.000  0.000   
H2_Filling              0.000  0.000  0.000  0.000  0.000  0.000  0.000   

                                       2028                              \
                           PB     PP     OO     OB     OP     BO     BB   
LCOT                    4.348  4.348  4.853  4.853  4.853  4.853  4.853   
LCOT (Empty Trips)      1.212  1.212  1.059  1.059  1.059  1.059  1.059   
Emission                0.398  0.398  0.912  0.912  0.912  0.912  0.912   
Emission (Empty Trips)  0.172  0.172  0.248  0.248  0.248  0.248  0.248   
CO2_Penalty             0.000  0.000  0.000  0.000  0.000  0.000  0.000   
Time value              1.360  1.360  1.659  1.659  1.659  1.659  1.659   
Transfer                2.077  2.077  2.664  2.664  2.664  2.664  2.664   
RailTrack               0.116  0.116  0.000  0.000  0.000  0.000  0.000   
Terminal                0.025  0.025  0.028  0.028  0.028  0.028  0.028   
RailElectr.             0.000  0.000  0.000  0.000  0.000  0.000  0.000   
Charging                0.000  0.000  0.006  0.006  0.006  0.006  0.006   
H2_Filling              0.000  0.000  0.000  0.000  0.000  0.000  0.000   

                                                     2034                \
                           BP     PO     PB     PP     OO     OB     OP   
LCOT                    4.853  4.853  4.853  4.853  5.032  5.004  5.322   
LCOT (Empty Trips)      1.059  1.059  1.059  1.059  1.098  1.050  1.059   
Emission                0.912  0.912  0.912  0.912  1.092  1.252  0.982   
Emission (Empty Trips)  0.248  0.248  0.248  0.248  0.294  0.313  0.267   
CO2_Penalty             0.000  0.000  0.000  0.000  0.000  0.000  0.000   
Time value              1.659  1.659  1.659  1.659  1.933  1.989  1.936   
Transfer                2.664  2.664  2.664  2.664  3.056  3.132  3.515   
RailTrack               0.000  0.000  0.000  0.000  0.000  0.000  0.000   
Terminal                0.028  0.028  0.028  0.028  0.044  0.066  0.000   
RailElectr.             0.000  0.000  0.000  0.000  0.000  0.000  0.000   
Charging                0.006  0.006  0.006  0.006  0.001 -0.000 -0.000   
H2_Filling              0.000  0.000  0.000  0.000  0.000  0.000 -0.000   

                                                                   2040  \
                           BO     BB     BP     PO     PB     PP     OO   
LCOT                    5.747  5.785  5.561  5.945  5.716  5.973  5.479   
LCOT (Empty Trips)      1.236  1.264  1.205  1.221  1.278  1.254  1.028   
Emission                0.757  0.795  0.901  0.767  0.855  0.675  1.133   
Emission (Empty Trips)  0.212  0.215  0.243  0.150  0.229  0.232  0.295   
CO2_Penalty             0.000  0.000  0.000  0.000  0.000  0.000  0.000   
Time value              1.928  1.961  1.960  1.992  1.933  1.930  2.041   
Transfer                3.040  3.020  3.080  3.085  3.015  3.024  3.307   
RailTrack               0.000  0.000  0.000  0.000  0.000  0.000  0.000   
Terminal                0.000  0.037  0.000  0.000  0.000  0.000  0.014   
RailElectr.             0.000  0.000  0.000  0.000  0.000  0.000  0.000   
Charging                0.051  0.037  0.048  0.054  0.055  0.054  0.002   
H2_Filling              0.000  0.000  0.000  0.000  0.000  0.000  0.000   

                                                                         \
                           OB     OP     BO     BB     BP     PO     PB   
LCOT                    5.489  4.771  6.408  6.150  5.784  5.956  5.961   
LCOT (Empty Trips)      1.128  0.918  1.312  1.341  1.260  1.298  1.315   
Emission                1.097  1.165  0.554  0.632  0.821  0.776  0.802   
Emission (Empty Trips)  0.281  0.289  0.201  0.151  0.222  0.204  0.214   
CO2_Penalty             0.000  0.000  0.000  0.000  0.000  0.000  0.000   
Time value              2.035  2.166  2.029  2.036  2.056  2.031  2.031   
Transfer                3.108  3.681  2.930  2.868  2.931  2.918  2.901   
RailTrack               0.000  0.000  0.000  0.000  0.000  0.000  0.000   
Terminal                0.021  0.043  0.002  0.007  0.000  0.003  0.001   
RailElectr.             0.000  0.000  0.000  0.000  0.000  0.000  0.000   
Charging               -0.000 -0.000 -0.000  0.059  0.088  0.087  0.088   
H2_Filling              0.000 -0.000  0.005  0.000  0.000  0.000  0.000   

                                2050                                     \
                           PP     OO     OB     OP     BO     BB     BP   
LCOT                    6.422  6.486  6.942  5.893  6.783  6.921  7.059   
LCOT (Empty Trips)      1.311  1.047  1.154  1.010  1.478  1.296  1.416   
Emission                0.363  1.423  0.843  1.056  0.288  0.194  0.537   
Emission (Empty Trips)  0.206  0.261  0.206  0.182  0.034  0.013  0.206   
CO2_Penalty             0.000  0.000  0.000  0.000  0.000  0.000  0.000   
Time value              2.043  2.515  2.512  2.664  2.425  2.552  2.398   
Transfer                2.942  3.305  3.310  3.975  3.303  3.543  3.153   
RailTrack               0.000  0.000  0.000  0.000  0.000  0.000  0.000   
Terminal                0.002  0.000  0.000  0.000  0.000  0.000  0.000   
RailElectr.             0.000  0.000  0.000  0.000  0.000  0.000  0.000   
Charging                0.087  0.002  0.010  0.054  0.060  0.058  0.062   
H2_Filling              0.001  0.000  0.003  0.000  0.000  0.000  0.000   

                                              2023        2028                \
                           PO     PB     PP   mean  std   mean           std   
LCOT                    6.858  6.894  7.113  4.348  0.0  4.853  0.000000e+00   
LCOT (Empty Trips)      1.451  1.504  1.539  1.212  0.0  1.059  0.000000e+00   
Emission                0.486  0.498  0.058  0.398  0.0  0.912  0.000000e+00   
Emission (Empty Trips)  0.034  0.025  0.000  0.172  0.0  0.248  2.943923e-17   
CO2_Penalty             0.000  0.000  0.000  0.000  0.0  0.000  0.000000e+00   
Time value              2.393  2.397  2.407  1.360  0.0  1.659  0.000000e+00   
Transfer                3.141  3.141  3.181  2.077  0.0  2.664  0.000000e+00   
RailTrack               0.000  0.000  0.000  0.116  0.0  0.000  0.000000e+00   
Terminal                0.000  0.000  0.000  0.025  0.0  0.028  0.000000e+00   
RailElectr.             0.000  0.000  0.000  0.000  0.0  0.000  0.000000e+00   
Charging                0.062  0.062  0.061  0.000  0.0  0.006  0.000000e+00   
H2_Filling              0.000  0.000  0.001  0.000  0.0  0.000  0.000000e+00   

                            2034                2040                2050  \
                            mean       std      mean       std      mean   
LCOT                    5.565000  0.366242  5.824444  0.522349  6.772111   
LCOT (Empty Trips)      1.185000  0.090566  1.212333  0.151698  1.321667   
Emission                0.897333  0.183454  0.815889  0.276311  0.598111   
Emission (Empty Trips)  0.239444  0.048314  0.229222  0.048677  0.106778   
CO2_Penalty             0.000000  0.000000  0.000000  0.000000  0.000000   
Time value              1.951333  0.025367  2.052000  0.043546  2.473667   
Transfer                3.107444  0.157445  3.065111  0.268908  3.339111   
RailTrack               0.000000  0.000000  0.000000  0.000000  0.000000   
Terminal                0.016333  0.025642  0.010333  0.014107  0.000000   
RailElectr.             0.000000  0.000000  0.000000  0.000000  0.000000   
Charging                0.033333  0.025328  0.045667  0.043792  0.047889   
H2_Filling              0.000000  0.000000  0.000667  0.001658  0.000444   

                                  
                             std  
LCOT                    0.375265  
LCOT (Empty Trips)      0.203683  
Emission                0.436978  
Emission (Empty Trips)  0.104049  
CO2_Penalty             0.000000  
Time value              0.093851  
Transfer                0.270964  
RailTrack               0.000000  
Terminal                0.000000  
RailElectr.             0.000000  
Charging                0.023971  
H2_Filling              0.001014  
                       2023     2028      2034      2040      2050     
                       mean std mean  std mean  std mean  std mean  std
LCOT                    4.3   0  4.8    0  5.6 0.37  5.8 0.52  6.8 0.38
LCOT (Empty Trips)      1.2   0  1.1    0  1.2 0.09  1.2 0.15  1.3  0.2
Emission                0.4   0 0.91    0  0.9 0.18 0.82 0.28  0.6 0.44
Emission (Empty Trips) 0.17   0 0.25    0 0.24 0.05 0.23 0.05 0.11  0.1
CO2_Penalty               0   0    0    0    0    0    0    0    0    0
Time value              1.4   0  1.7    0  1.9 0.03    2 0.04  2.5 0.09
Transfer                2.1   0  2.7    0  3.1 0.16  3.1 0.27  3.3 0.27
RailTrack              0.12   0    0    0    0    0    0    0    0    0
Terminal               0.02   0 0.03    0 0.02 0.03 0.01 0.01    0    0
RailElectr.               0   0    0    0    0    0    0    0    0    0
Charging                  0   0 0.01    0 0.03 0.03 0.05 0.04 0.05 0.02
H2_Filling                0   0    0    0    0    0    0    0    0    0
discount_factor           1   1 0.83 0.83 0.66 0.66 0.53 0.53 0.36 0.36
emissions (MTonnes CO2 eq.):
             AvgEmission  Std  AvgEmission_perc  Std_perc
time_period                                              
2023                 7.2    0             1e+02         0
2028                 6.6    0                92         0
2034                 5.4  1.1                75        15
2040                   5  1.4                69        20
2050                 3.2  2.5                45        34
----------------
Average transport work in GTONNES*km:
    mode            product time_period TransportArbeid
0   Rail  Break bulk (fast)        2023        -0.00015
1   Rail   Container (slow)        2023               0
2   Rail           Dry bulk        2023             9.6
3   Rail           Neo bulk        2023        -0.00051
4   Road  Break bulk (fast)        2023             5.6
5   Road  Break bulk (slow)        2023             5.9
6   Road   Container (fast)        2023             2.1
7   Road   Container (slow)        2023             2.8
8   Road           Dry bulk        2023            0.55
9   Road           Neo bulk        2023              12
10   Sea  Break bulk (fast)        2023            0.09
11   Sea  Break bulk (slow)        2023            0.96
12   Sea   Container (fast)        2023             0.1
13   Sea   Container (slow)        2023             1.1
14   Sea           Dry bulk        2023              97
15   Sea           Neo bulk        2023            0.26

